<?xml version="1.0" encoding="utf-8"?>
<CoverageSession xmlns:xsd="http://www.w3.org/2001/XMLSchema" xmlns:xsi="http://www.w3.org/2001/XMLSchema-instance" Version="4.7.922.0">
  <Summary numSequencePoints="263" visitedSequencePoints="16" numBranchPoints="72" visitedBranchPoints="4" sequenceCoverage="6.08" branchCoverage="5.56" maxCyclomaticComplexity="16" minCyclomaticComplexity="1" maxCrapScore="272" minCrapScore="1.00" visitedClasses="2" numClasses="2" visitedMethods="4" numMethods="26" />
  <Modules>
    <Module hash="35-42-95-49-6C-FD-C5-5F-BD-A6-78-44-DA-B6-B8-4B-91-5B-69-69">
      <Summary numSequencePoints="263" visitedSequencePoints="16" numBranchPoints="72" visitedBranchPoints="4" sequenceCoverage="6.08" branchCoverage="5.56" maxCyclomaticComplexity="16" minCyclomaticComplexity="1" maxCrapScore="272" minCrapScore="1.00" visitedClasses="2" numClasses="2" visitedMethods="4" numMethods="26" />
      <ModulePath>C:\Users\Koro\Desktop\Homework\Koro\windowDesign\DrawingProject\DrawingForm\MainFormUITest\bin\Debug\fine-code-coverage\build-output\MainFormUITest.dll</ModulePath>
      <ModuleTime>2021-12-27T08:06:16.0080216Z</ModuleTime>
      <ModuleName>MainFormUITest</ModuleName>
      <Files>
        <File uid="1" fullPath="C:\Users\Koro\Desktop\Homework\Koro\windowDesign\DrawingProject\DrawingForm\MainFormUITest\Robot.cs" />
        <File uid="2" fullPath="C:\Users\Koro\Desktop\Homework\Koro\windowDesign\DrawingProject\DrawingForm\MainFormUITest\GUITest\MainFormUITest.cs" />
      </Files>
      <Classes>
        <Class>
          <Summary numSequencePoints="134" visitedSequencePoints="9" numBranchPoints="66" visitedBranchPoints="2" sequenceCoverage="6.72" branchCoverage="3.03" maxCyclomaticComplexity="16" minCyclomaticComplexity="1" maxCrapScore="272" minCrapScore="1.02" visitedClasses="1" numClasses="1" visitedMethods="2" numMethods="20" />
          <FullName>MainFormUITest.Robot</FullName>
          <Methods>
            <Method visited="true" cyclomaticComplexity="1" nPathComplexity="0" sequenceCoverage="75" branchCoverage="100" crapScore="1.02" isConstructor="true" isStatic="false" isGetter="false" isSetter="false">
              <Summary numSequencePoints="4" visitedSequencePoints="3" numBranchPoints="1" visitedBranchPoints="1" sequenceCoverage="75" branchCoverage="100" maxCyclomaticComplexity="1" minCyclomaticComplexity="1" maxCrapScore="1.02" minCrapScore="1.02" visitedClasses="0" numClasses="0" visitedMethods="1" numMethods="1" />
              <MetadataToken>100663297</MetadataToken>
              <Name>System.Void MainFormUITest.Robot::.ctor(System.String,System.String)</Name>
              <FileRef uid="1" />
              <SequencePoints>
                <SequencePoint vc="2" uspid="1" ordinal="0" offset="0" sl="34" sc="9" el="34" ec="56" bec="0" bev="0" fileid="1" />
                <SequencePoint vc="2" uspid="2" ordinal="1" offset="7" sl="35" sc="9" el="35" ec="10" bec="0" bev="0" fileid="1" />
                <SequencePoint vc="2" uspid="3" ordinal="2" offset="8" sl="36" sc="13" el="36" ec="50" bec="0" bev="0" fileid="1" />
                <SequencePoint vc="0" uspid="4" ordinal="3" offset="17" sl="37" sc="9" el="37" ec="10" bec="0" bev="0" fileid="1" />
              </SequencePoints>
              <BranchPoints />
              <MethodPoint xsi:type="SequencePoint" vc="2" uspid="1" ordinal="0" offset="0" sl="34" sc="9" el="34" ec="56" bec="0" bev="0" fileid="1" />
            </Method>
            <Method visited="true" cyclomaticComplexity="1" nPathComplexity="0" sequenceCoverage="66.67" branchCoverage="100" crapScore="1.04" isConstructor="false" isStatic="false" isGetter="false" isSetter="false">
              <Summary numSequencePoints="9" visitedSequencePoints="6" numBranchPoints="1" visitedBranchPoints="1" sequenceCoverage="66.67" branchCoverage="100" maxCyclomaticComplexity="1" minCyclomaticComplexity="1" maxCrapScore="1.04" minCrapScore="1.04" visitedClasses="0" numClasses="0" visitedMethods="1" numMethods="1" />
              <MetadataToken>100663298</MetadataToken>
              <Name>System.Void MainFormUITest.Robot::Initialize(System.String,System.String)</Name>
              <FileRef uid="1" />
              <SequencePoints>
                <SequencePoint vc="2" uspid="5" ordinal="0" offset="0" sl="41" sc="9" el="41" ec="10" bec="0" bev="0" fileid="1" />
                <SequencePoint vc="2" uspid="6" ordinal="1" offset="1" sl="42" sc="13" el="42" ec="26" bec="0" bev="0" fileid="1" />
                <SequencePoint vc="2" uspid="7" ordinal="2" offset="8" sl="43" sc="13" el="43" ec="47" bec="0" bev="0" fileid="1" />
                <SequencePoint vc="2" uspid="8" ordinal="3" offset="14" sl="44" sc="13" el="44" ec="65" bec="0" bev="0" fileid="1" />
                <SequencePoint vc="2" uspid="9" ordinal="4" offset="27" sl="45" sc="13" el="45" ec="67" bec="0" bev="0" fileid="1" />
                <SequencePoint vc="2" uspid="10" ordinal="5" offset="44" sl="48" sc="13" el="48" ec="95" bec="0" bev="0" fileid="1" />
                <SequencePoint vc="0" uspid="11" ordinal="6" offset="66" sl="49" sc="13" el="49" ec="91" bec="0" bev="0" fileid="1" />
                <SequencePoint vc="0" uspid="12" ordinal="7" offset="102" sl="50" sc="13" el="54" ec="15" bec="0" bev="0" fileid="1" />
                <SequencePoint vc="0" uspid="13" ordinal="8" offset="137" sl="55" sc="9" el="55" ec="10" bec="0" bev="0" fileid="1" />
              </SequencePoints>
              <BranchPoints />
              <MethodPoint xsi:type="SequencePoint" vc="2" uspid="5" ordinal="0" offset="0" sl="41" sc="9" el="41" ec="10" bec="0" bev="0" fileid="1" />
            </Method>
            <Method visited="false" cyclomaticComplexity="1" nPathComplexity="0" sequenceCoverage="0" branchCoverage="0" crapScore="2" isConstructor="false" isStatic="false" isGetter="false" isSetter="false">
              <Summary numSequencePoints="5" visitedSequencePoints="0" numBranchPoints="1" visitedBranchPoints="0" sequenceCoverage="0" branchCoverage="0" maxCyclomaticComplexity="1" minCyclomaticComplexity="1" maxCrapScore="2" minCrapScore="2" visitedClasses="0" numClasses="0" visitedMethods="0" numMethods="1" />
              <MetadataToken>100663299</MetadataToken>
              <Name>System.Void MainFormUITest.Robot::CleanUp()</Name>
              <FileRef uid="1" />
              <SequencePoints>
                <SequencePoint vc="0" uspid="14" ordinal="0" offset="0" sl="59" sc="9" el="59" ec="10" bec="0" bev="0" fileid="1" />
                <SequencePoint vc="0" uspid="15" ordinal="1" offset="1" sl="60" sc="13" el="60" ec="29" bec="0" bev="0" fileid="1" />
                <SequencePoint vc="0" uspid="16" ordinal="2" offset="14" sl="61" sc="13" el="61" ec="32" bec="0" bev="0" fileid="1" />
                <SequencePoint vc="0" uspid="17" ordinal="3" offset="26" sl="62" sc="13" el="62" ec="31" bec="0" bev="0" fileid="1" />
                <SequencePoint vc="0" uspid="18" ordinal="4" offset="38" sl="63" sc="9" el="63" ec="10" bec="0" bev="0" fileid="1" />
              </SequencePoints>
              <BranchPoints />
              <MethodPoint xsi:type="SequencePoint" vc="0" uspid="14" ordinal="0" offset="0" sl="59" sc="9" el="59" ec="10" bec="0" bev="0" fileid="1" />
            </Method>
            <Method visited="false" cyclomaticComplexity="2" nPathComplexity="2" sequenceCoverage="0" branchCoverage="0" crapScore="6" isConstructor="false" isStatic="false" isGetter="false" isSetter="false">
              <Summary numSequencePoints="7" visitedSequencePoints="0" numBranchPoints="3" visitedBranchPoints="0" sequenceCoverage="0" branchCoverage="0" maxCyclomaticComplexity="2" minCyclomaticComplexity="2" maxCrapScore="6" minCrapScore="6" visitedClasses="0" numClasses="0" visitedMethods="0" numMethods="1" />
              <MetadataToken>100663300</MetadataToken>
              <Name>System.Void MainFormUITest.Robot::SwitchTo(System.String)</Name>
              <FileRef uid="1" />
              <SequencePoints>
                <SequencePoint vc="0" uspid="19" ordinal="0" offset="0" sl="67" sc="9" el="67" ec="10" bec="0" bev="0" fileid="1" />
                <SequencePoint vc="0" uspid="20" ordinal="1" offset="1" sl="68" sc="13" el="68" ec="54" bec="2" bev="0" fileid="1" />
                <SequencePoint vc="0" uspid="21" ordinal="2" offset="17" sl="69" sc="17" el="69" ec="69" bec="0" bev="0" fileid="1" />
                <SequencePoint vc="0" uspid="22" ordinal="3" offset="48" sl="71" sc="13" el="71" ec="14" bec="0" bev="0" fileid="1" />
                <SequencePoint vc="0" uspid="23" ordinal="4" offset="49" sl="72" sc="17" el="72" ec="43" bec="0" bev="0" fileid="1" />
                <SequencePoint vc="0" uspid="24" ordinal="5" offset="57" sl="73" sc="13" el="73" ec="14" bec="0" bev="0" fileid="1" />
                <SequencePoint vc="0" uspid="25" ordinal="6" offset="58" sl="74" sc="9" el="74" ec="10" bec="0" bev="0" fileid="1" />
              </SequencePoints>
              <BranchPoints>
                <BranchPoint vc="0" uspid="26" ordinal="0" offset="15" sl="68" path="0" offsetend="17" fileid="1" />
                <BranchPoint vc="0" uspid="27" ordinal="1" offset="15" sl="68" path="1" offsetend="48" fileid="1" />
              </BranchPoints>
              <MethodPoint xsi:type="SequencePoint" vc="0" uspid="19" ordinal="0" offset="0" sl="67" sc="9" el="67" ec="10" bec="0" bev="0" fileid="1" />
            </Method>
            <Method visited="false" cyclomaticComplexity="3" nPathComplexity="0" sequenceCoverage="0" branchCoverage="0" crapScore="12" isConstructor="false" isStatic="false" isGetter="false" isSetter="false">
              <Summary numSequencePoints="16" visitedSequencePoints="0" numBranchPoints="1" visitedBranchPoints="0" sequenceCoverage="0" branchCoverage="0" maxCyclomaticComplexity="3" minCyclomaticComplexity="3" maxCrapScore="12" minCrapScore="12" visitedClasses="0" numClasses="0" visitedMethods="0" numMethods="1" />
              <MetadataToken>100663301</MetadataToken>
              <Name>System.Void MainFormUITest.Robot::ToolForSwitchTo(System.String)</Name>
              <FileRef uid="1" />
              <SequencePoints>
                <SequencePoint vc="0" uspid="28" ordinal="0" offset="0" sl="78" sc="9" el="78" ec="10" bec="0" bev="0" fileid="1" />
                <SequencePoint vc="0" uspid="29" ordinal="1" offset="1" sl="79" sc="13" el="79" ec="20" bec="0" bev="0" fileid="1" />
                <SequencePoint vc="0" uspid="30" ordinal="2" offset="2" sl="79" sc="42" el="79" ec="63" bec="0" bev="0" fileid="1" />
                <SequencePoint vc="0" uspid="31" ordinal="3" offset="21" sl="79" sc="22" el="79" ec="38" bec="0" bev="0" fileid="1" />
                <SequencePoint vc="0" uspid="32" ordinal="4" offset="28" sl="80" sc="13" el="80" ec="14" bec="0" bev="0" fileid="1" />
                <SequencePoint vc="0" uspid="33" ordinal="5" offset="29" sl="81" sc="17" el="81" ec="57" bec="0" bev="0" fileid="1" />
                <SequencePoint vc="0" uspid="34" ordinal="6" offset="47" sl="83" sc="17" el="83" ec="18" bec="0" bev="0" fileid="1" />
                <SequencePoint vc="0" uspid="35" ordinal="7" offset="48" sl="84" sc="21" el="84" ec="68" bec="0" bev="0" fileid="1" />
                <SequencePoint vc="0" uspid="36" ordinal="8" offset="61" sl="85" sc="21" el="85" ec="64" bec="0" bev="0" fileid="1" />
                <SequencePoint vc="0" uspid="37" ordinal="9" offset="75" sl="86" sc="21" el="86" ec="28" bec="0" bev="0" fileid="1" />
                <SequencePoint vc="0" uspid="38" ordinal="10" offset="77" sl="88" sc="17" el="88" ec="22" bec="0" bev="0" fileid="1" />
                <SequencePoint vc="0" uspid="39" ordinal="11" offset="78" sl="89" sc="17" el="89" ec="18" bec="0" bev="0" fileid="1" />
                <SequencePoint vc="0" uspid="40" ordinal="12" offset="79" sl="90" sc="17" el="90" ec="18" bec="0" bev="0" fileid="1" />
                <SequencePoint vc="0" uspid="41" ordinal="13" offset="82" sl="91" sc="13" el="91" ec="14" bec="0" bev="0" fileid="1" />
                <SequencePoint vc="0" uspid="42" ordinal="14" offset="83" sl="79" sc="39" el="79" ec="41" bec="0" bev="0" fileid="1" />
                <SequencePoint vc="0" uspid="43" ordinal="15" offset="104" sl="92" sc="9" el="92" ec="10" bec="0" bev="0" fileid="1" />
              </SequencePoints>
              <BranchPoints />
              <MethodPoint xsi:type="SequencePoint" vc="0" uspid="28" ordinal="0" offset="0" sl="78" sc="9" el="78" ec="10" bec="0" bev="0" fileid="1" />
            </Method>
            <Method visited="false" cyclomaticComplexity="1" nPathComplexity="0" sequenceCoverage="0" branchCoverage="0" crapScore="2" isConstructor="false" isStatic="false" isGetter="false" isSetter="false">
              <Summary numSequencePoints="3" visitedSequencePoints="0" numBranchPoints="1" visitedBranchPoints="0" sequenceCoverage="0" branchCoverage="0" maxCyclomaticComplexity="1" minCyclomaticComplexity="1" maxCrapScore="2" minCrapScore="2" visitedClasses="0" numClasses="0" visitedMethods="0" numMethods="1" />
              <MetadataToken>100663302</MetadataToken>
              <Name>System.Void MainFormUITest.Robot::Sleep(System.Double)</Name>
              <FileRef uid="1" />
              <SequencePoints>
                <SequencePoint vc="0" uspid="46" ordinal="0" offset="0" sl="96" sc="9" el="96" ec="10" bec="0" bev="0" fileid="1" />
                <SequencePoint vc="0" uspid="47" ordinal="1" offset="1" sl="97" sc="13" el="97" ec="54" bec="0" bev="0" fileid="1" />
                <SequencePoint vc="0" uspid="48" ordinal="2" offset="13" sl="98" sc="9" el="98" ec="10" bec="0" bev="0" fileid="1" />
              </SequencePoints>
              <BranchPoints />
              <MethodPoint xsi:type="SequencePoint" vc="0" uspid="46" ordinal="0" offset="0" sl="96" sc="9" el="96" ec="10" bec="0" bev="0" fileid="1" />
            </Method>
            <Method visited="false" cyclomaticComplexity="1" nPathComplexity="0" sequenceCoverage="0" branchCoverage="0" crapScore="2" isConstructor="false" isStatic="false" isGetter="false" isSetter="false">
              <Summary numSequencePoints="3" visitedSequencePoints="0" numBranchPoints="1" visitedBranchPoints="0" sequenceCoverage="0" branchCoverage="0" maxCyclomaticComplexity="1" minCyclomaticComplexity="1" maxCrapScore="2" minCrapScore="2" visitedClasses="0" numClasses="0" visitedMethods="0" numMethods="1" />
              <MetadataToken>100663303</MetadataToken>
              <Name>System.Void MainFormUITest.Robot::ClickButton(System.String)</Name>
              <FileRef uid="1" />
              <SequencePoints>
                <SequencePoint vc="0" uspid="49" ordinal="0" offset="0" sl="102" sc="9" el="102" ec="10" bec="0" bev="0" fileid="1" />
                <SequencePoint vc="0" uspid="50" ordinal="1" offset="1" sl="103" sc="13" el="103" ec="53" bec="0" bev="0" fileid="1" />
                <SequencePoint vc="0" uspid="51" ordinal="2" offset="19" sl="104" sc="9" el="104" ec="10" bec="0" bev="0" fileid="1" />
              </SequencePoints>
              <BranchPoints />
              <MethodPoint xsi:type="SequencePoint" vc="0" uspid="49" ordinal="0" offset="0" sl="102" sc="9" el="102" ec="10" bec="0" bev="0" fileid="1" />
            </Method>
            <Method visited="false" cyclomaticComplexity="4" nPathComplexity="2" sequenceCoverage="0" branchCoverage="0" crapScore="20" isConstructor="false" isStatic="false" isGetter="false" isSetter="false">
              <Summary numSequencePoints="11" visitedSequencePoints="0" numBranchPoints="3" visitedBranchPoints="0" sequenceCoverage="0" branchCoverage="0" maxCyclomaticComplexity="4" minCyclomaticComplexity="4" maxCrapScore="20" minCrapScore="20" visitedClasses="0" numClasses="0" visitedMethods="0" numMethods="1" />
              <MetadataToken>100663304</MetadataToken>
              <Name>System.Void MainFormUITest.Robot::ClickTabControl(System.String)</Name>
              <FileRef uid="1" />
              <SequencePoints>
                <SequencePoint vc="0" uspid="52" ordinal="0" offset="0" sl="108" sc="9" el="108" ec="10" bec="0" bev="0" fileid="1" />
                <SequencePoint vc="0" uspid="53" ordinal="1" offset="1" sl="110" sc="13" el="110" ec="61" bec="0" bev="0" fileid="1" />
                <SequencePoint vc="0" uspid="54" ordinal="2" offset="14" sl="111" sc="13" el="111" ec="20" bec="0" bev="0" fileid="1" />
                <SequencePoint vc="0" uspid="55" ordinal="3" offset="15" sl="111" sc="37" el="111" ec="45" bec="0" bev="0" fileid="1" />
                <SequencePoint vc="0" uspid="56" ordinal="4" offset="24" sl="111" sc="22" el="111" ec="33" bec="0" bev="0" fileid="1" />
                <SequencePoint vc="0" uspid="57" ordinal="5" offset="31" sl="112" sc="13" el="112" ec="14" bec="0" bev="0" fileid="1" />
                <SequencePoint vc="0" uspid="58" ordinal="6" offset="32" sl="113" sc="17" el="113" ec="49" bec="2" bev="0" fileid="1" />
                <SequencePoint vc="0" uspid="59" ordinal="7" offset="52" sl="114" sc="21" el="114" ec="37" bec="0" bev="0" fileid="1" />
                <SequencePoint vc="0" uspid="60" ordinal="8" offset="59" sl="115" sc="13" el="115" ec="14" bec="0" bev="0" fileid="1" />
                <SequencePoint vc="0" uspid="61" ordinal="9" offset="60" sl="111" sc="34" el="111" ec="36" bec="0" bev="0" fileid="1" />
                <SequencePoint vc="0" uspid="62" ordinal="10" offset="81" sl="116" sc="9" el="116" ec="10" bec="0" bev="0" fileid="1" />
              </SequencePoints>
              <BranchPoints>
                <BranchPoint vc="0" uspid="63" ordinal="0" offset="50" sl="113" path="0" offsetend="52" fileid="1" />
                <BranchPoint vc="0" uspid="64" ordinal="1" offset="50" sl="113" path="1" offsetend="59" fileid="1" />
              </BranchPoints>
              <MethodPoint xsi:type="SequencePoint" vc="0" uspid="52" ordinal="0" offset="0" sl="108" sc="9" el="108" ec="10" bec="0" bev="0" fileid="1" />
            </Method>
            <Method visited="false" cyclomaticComplexity="1" nPathComplexity="0" sequenceCoverage="0" branchCoverage="0" crapScore="2" isConstructor="false" isStatic="false" isGetter="false" isSetter="false">
              <Summary numSequencePoints="3" visitedSequencePoints="0" numBranchPoints="1" visitedBranchPoints="0" sequenceCoverage="0" branchCoverage="0" maxCyclomaticComplexity="1" minCyclomaticComplexity="1" maxCrapScore="2" minCrapScore="2" visitedClasses="0" numClasses="0" visitedMethods="0" numMethods="1" />
              <MetadataToken>100663305</MetadataToken>
              <Name>System.Void MainFormUITest.Robot::CloseWindow()</Name>
              <FileRef uid="1" />
              <SequencePoints>
                <SequencePoint vc="0" uspid="67" ordinal="0" offset="0" sl="120" sc="9" el="120" ec="10" bec="0" bev="0" fileid="1" />
                <SequencePoint vc="0" uspid="68" ordinal="1" offset="1" sl="122" sc="13" el="122" ec="38" bec="0" bev="0" fileid="1" />
                <SequencePoint vc="0" uspid="69" ordinal="2" offset="12" sl="123" sc="9" el="123" ec="10" bec="0" bev="0" fileid="1" />
              </SequencePoints>
              <BranchPoints />
              <MethodPoint xsi:type="SequencePoint" vc="0" uspid="67" ordinal="0" offset="0" sl="120" sc="9" el="120" ec="10" bec="0" bev="0" fileid="1" />
            </Method>
            <Method visited="false" cyclomaticComplexity="1" nPathComplexity="0" sequenceCoverage="0" branchCoverage="0" crapScore="2" isConstructor="false" isStatic="false" isGetter="false" isSetter="false">
              <Summary numSequencePoints="3" visitedSequencePoints="0" numBranchPoints="1" visitedBranchPoints="0" sequenceCoverage="0" branchCoverage="0" maxCyclomaticComplexity="1" minCyclomaticComplexity="1" maxCrapScore="2" minCrapScore="2" visitedClasses="0" numClasses="0" visitedMethods="0" numMethods="1" />
              <MetadataToken>100663306</MetadataToken>
              <Name>System.Void MainFormUITest.Robot::CloseMessageBox()</Name>
              <FileRef uid="1" />
              <SequencePoints>
                <SequencePoint vc="0" uspid="70" ordinal="0" offset="0" sl="127" sc="9" el="127" ec="10" bec="0" bev="0" fileid="1" />
                <SequencePoint vc="0" uspid="71" ordinal="1" offset="1" sl="129" sc="13" el="129" ec="53" bec="0" bev="0" fileid="1" />
                <SequencePoint vc="0" uspid="72" ordinal="2" offset="23" sl="130" sc="9" el="130" ec="10" bec="0" bev="0" fileid="1" />
              </SequencePoints>
              <BranchPoints />
              <MethodPoint xsi:type="SequencePoint" vc="0" uspid="70" ordinal="0" offset="0" sl="127" sc="9" el="127" ec="10" bec="0" bev="0" fileid="1" />
            </Method>
            <Method visited="false" cyclomaticComplexity="1" nPathComplexity="0" sequenceCoverage="0" branchCoverage="0" crapScore="2" isConstructor="false" isStatic="false" isGetter="false" isSetter="false">
              <Summary numSequencePoints="4" visitedSequencePoints="0" numBranchPoints="1" visitedBranchPoints="0" sequenceCoverage="0" branchCoverage="0" maxCyclomaticComplexity="1" minCyclomaticComplexity="1" maxCrapScore="2" minCrapScore="2" visitedClasses="0" numClasses="0" visitedMethods="0" numMethods="1" />
              <MetadataToken>100663307</MetadataToken>
              <Name>System.Void MainFormUITest.Robot::ClickDataGridViewCellBy(System.Int32,System.String)</Name>
              <FileRef uid="1" />
              <SequencePoints>
                <SequencePoint vc="0" uspid="73" ordinal="0" offset="0" sl="134" sc="9" el="134" ec="10" bec="0" bev="0" fileid="1" />
                <SequencePoint vc="0" uspid="74" ordinal="1" offset="1" sl="136" sc="13" el="136" ec="134" bec="0" bev="0" fileid="1" />
                <SequencePoint vc="0" uspid="75" ordinal="2" offset="36" sl="137" sc="13" el="137" ec="38" bec="0" bev="0" fileid="1" />
                <SequencePoint vc="0" uspid="76" ordinal="3" offset="43" sl="138" sc="9" el="138" ec="10" bec="0" bev="0" fileid="1" />
              </SequencePoints>
              <BranchPoints />
              <MethodPoint xsi:type="SequencePoint" vc="0" uspid="73" ordinal="0" offset="0" sl="134" sc="9" el="134" ec="10" bec="0" bev="0" fileid="1" />
            </Method>
            <Method visited="false" cyclomaticComplexity="1" nPathComplexity="0" sequenceCoverage="0" branchCoverage="0" crapScore="2" isConstructor="false" isStatic="false" isGetter="false" isSetter="false">
              <Summary numSequencePoints="4" visitedSequencePoints="0" numBranchPoints="1" visitedBranchPoints="0" sequenceCoverage="0" branchCoverage="0" maxCyclomaticComplexity="1" minCyclomaticComplexity="1" maxCrapScore="2" minCrapScore="2" visitedClasses="0" numClasses="0" visitedMethods="0" numMethods="1" />
              <MetadataToken>100663308</MetadataToken>
              <Name>System.Void MainFormUITest.Robot::AssertEnable(System.String,System.Boolean)</Name>
              <FileRef uid="1" />
              <SequencePoints>
                <SequencePoint vc="0" uspid="77" ordinal="0" offset="0" sl="142" sc="9" el="142" ec="10" bec="0" bev="0" fileid="1" />
                <SequencePoint vc="0" uspid="78" ordinal="1" offset="1" sl="143" sc="13" el="143" ec="70" bec="0" bev="0" fileid="1" />
                <SequencePoint vc="0" uspid="79" ordinal="2" offset="14" sl="144" sc="13" el="144" ec="53" bec="0" bev="0" fileid="1" />
                <SequencePoint vc="0" uspid="80" ordinal="3" offset="27" sl="145" sc="9" el="145" ec="10" bec="0" bev="0" fileid="1" />
              </SequencePoints>
              <BranchPoints />
              <MethodPoint xsi:type="SequencePoint" vc="0" uspid="77" ordinal="0" offset="0" sl="142" sc="9" el="142" ec="10" bec="0" bev="0" fileid="1" />
            </Method>
            <Method visited="false" cyclomaticComplexity="1" nPathComplexity="0" sequenceCoverage="0" branchCoverage="0" crapScore="2" isConstructor="false" isStatic="false" isGetter="false" isSetter="false">
              <Summary numSequencePoints="4" visitedSequencePoints="0" numBranchPoints="1" visitedBranchPoints="0" sequenceCoverage="0" branchCoverage="0" maxCyclomaticComplexity="1" minCyclomaticComplexity="1" maxCrapScore="2" minCrapScore="2" visitedClasses="0" numClasses="0" visitedMethods="0" numMethods="1" />
              <MetadataToken>100663309</MetadataToken>
              <Name>System.Void MainFormUITest.Robot::AssertText(System.String,System.String)</Name>
              <FileRef uid="1" />
              <SequencePoints>
                <SequencePoint vc="0" uspid="81" ordinal="0" offset="0" sl="149" sc="9" el="149" ec="10" bec="0" bev="0" fileid="1" />
                <SequencePoint vc="0" uspid="82" ordinal="1" offset="1" sl="150" sc="13" el="150" ec="81" bec="0" bev="0" fileid="1" />
                <SequencePoint vc="0" uspid="83" ordinal="2" offset="14" sl="151" sc="13" el="151" ec="49" bec="0" bev="0" fileid="1" />
                <SequencePoint vc="0" uspid="84" ordinal="3" offset="27" sl="152" sc="9" el="152" ec="10" bec="0" bev="0" fileid="1" />
              </SequencePoints>
              <BranchPoints />
              <MethodPoint xsi:type="SequencePoint" vc="0" uspid="81" ordinal="0" offset="0" sl="149" sc="9" el="149" ec="10" bec="0" bev="0" fileid="1" />
            </Method>
            <Method visited="false" cyclomaticComplexity="2" nPathComplexity="2" sequenceCoverage="0" branchCoverage="0" crapScore="6" isConstructor="false" isStatic="false" isGetter="false" isSetter="false">
              <Summary numSequencePoints="10" visitedSequencePoints="0" numBranchPoints="3" visitedBranchPoints="0" sequenceCoverage="0" branchCoverage="0" maxCyclomaticComplexity="2" minCyclomaticComplexity="2" maxCrapScore="6" minCrapScore="6" visitedClasses="0" numClasses="0" visitedMethods="0" numMethods="1" />
              <MetadataToken>100663310</MetadataToken>
              <Name>System.Void MainFormUITest.Robot::AssertDataGridViewRowDataBy(System.String,System.Int32,System.String[])</Name>
              <FileRef uid="1" />
              <SequencePoints>
                <SequencePoint vc="0" uspid="85" ordinal="0" offset="0" sl="156" sc="9" el="156" ec="10" bec="0" bev="0" fileid="1" />
                <SequencePoint vc="0" uspid="86" ordinal="1" offset="1" sl="157" sc="13" el="157" ec="75" bec="0" bev="0" fileid="1" />
                <SequencePoint vc="0" uspid="87" ordinal="2" offset="14" sl="158" sc="13" el="158" ec="134" bec="0" bev="0" fileid="1" />
                <SequencePoint vc="0" uspid="88" ordinal="3" offset="48" sl="161" sc="18" el="161" ec="27" bec="0" bev="0" fileid="1" />
                <SequencePoint vc="0" uspid="89" ordinal="4" offset="52" sl="162" sc="13" el="162" ec="14" bec="0" bev="0" fileid="1" />
                <SequencePoint vc="0" uspid="90" ordinal="5" offset="53" sl="163" sc="17" el="163" ec="82" bec="0" bev="0" fileid="1" />
                <SequencePoint vc="0" uspid="91" ordinal="6" offset="91" sl="164" sc="13" el="164" ec="14" bec="0" bev="0" fileid="1" />
                <SequencePoint vc="0" uspid="92" ordinal="7" offset="92" sl="161" sc="49" el="161" ec="52" bec="0" bev="0" fileid="1" />
                <SequencePoint vc="0" uspid="93" ordinal="8" offset="96" sl="161" sc="29" el="161" ec="47" bec="2" bev="0" fileid="1" />
                <SequencePoint vc="0" uspid="94" ordinal="9" offset="109" sl="165" sc="9" el="165" ec="10" bec="0" bev="0" fileid="1" />
              </SequencePoints>
              <BranchPoints>
                <BranchPoint vc="0" uspid="95" ordinal="0" offset="107" sl="161" path="0" offsetend="109" fileid="1" />
                <BranchPoint vc="0" uspid="96" ordinal="1" offset="107" sl="161" path="1" offsetend="52" fileid="1" />
              </BranchPoints>
              <MethodPoint xsi:type="SequencePoint" vc="0" uspid="85" ordinal="0" offset="0" sl="156" sc="9" el="156" ec="10" bec="0" bev="0" fileid="1" />
            </Method>
            <Method visited="false" cyclomaticComplexity="5" nPathComplexity="16" sequenceCoverage="0" branchCoverage="0" crapScore="30" isConstructor="false" isStatic="false" isGetter="false" isSetter="false">
              <Summary numSequencePoints="15" visitedSequencePoints="0" numBranchPoints="9" visitedBranchPoints="0" sequenceCoverage="0" branchCoverage="0" maxCyclomaticComplexity="5" minCyclomaticComplexity="5" maxCrapScore="30" minCrapScore="30" visitedClasses="0" numClasses="0" visitedMethods="0" numMethods="1" />
              <MetadataToken>100663311</MetadataToken>
              <Name>System.Void MainFormUITest.Robot::AssertDataGridViewRowCountBy(System.String,System.Int32)</Name>
              <FileRef uid="1" />
              <SequencePoints>
                <SequencePoint vc="0" uspid="97" ordinal="0" offset="0" sl="169" sc="9" el="169" ec="10" bec="0" bev="0" fileid="1" />
                <SequencePoint vc="0" uspid="98" ordinal="1" offset="1" sl="170" sc="13" el="170" ec="75" bec="0" bev="0" fileid="1" />
                <SequencePoint vc="0" uspid="99" ordinal="2" offset="14" sl="171" sc="13" el="171" ec="87" bec="0" bev="0" fileid="1" />
                <SequencePoint vc="0" uspid="100" ordinal="3" offset="51" sl="172" sc="13" el="172" ec="76" bec="0" bev="0" fileid="1" />
                <SequencePoint vc="0" uspid="101" ordinal="4" offset="60" sl="176" sc="13" el="176" ec="14" bec="0" bev="0" fileid="1" />
                <SequencePoint vc="0" uspid="102" ordinal="5" offset="61" sl="177" sc="17" el="177" ec="71" bec="0" bev="0" fileid="1" />
                <SequencePoint vc="0" uspid="103" ordinal="6" offset="73" sl="178" sc="13" el="178" ec="14" bec="0" bev="0" fileid="1" />
                <SequencePoint vc="0" uspid="104" ordinal="7" offset="74" sl="175" sc="13" el="175" ec="105" bec="4" bev="0" fileid="1" />
                <SequencePoint vc="0" uspid="105" ordinal="8" offset="120" sl="179" sc="13" el="179" ec="33" bec="2" bev="0" fileid="1" />
                <SequencePoint vc="0" uspid="106" ordinal="9" offset="133" sl="180" sc="13" el="180" ec="14" bec="0" bev="0" fileid="1" />
                <SequencePoint vc="0" uspid="107" ordinal="10" offset="134" sl="181" sc="17" el="181" ec="105" bec="0" bev="0" fileid="1" />
                <SequencePoint vc="0" uspid="108" ordinal="11" offset="152" sl="183" sc="17" el="183" ec="41" bec="2" bev="0" fileid="1" />
                <SequencePoint vc="0" uspid="109" ordinal="12" offset="163" sl="184" sc="21" el="184" ec="77" bec="0" bev="0" fileid="1" />
                <SequencePoint vc="0" uspid="110" ordinal="13" offset="186" sl="185" sc="13" el="185" ec="14" bec="0" bev="0" fileid="1" />
                <SequencePoint vc="0" uspid="111" ordinal="14" offset="187" sl="186" sc="9" el="186" ec="10" bec="0" bev="0" fileid="1" />
              </SequencePoints>
              <BranchPoints>
                <BranchPoint vc="0" uspid="112" ordinal="0" offset="81" sl="175" path="0" offsetend="83" fileid="1" />
                <BranchPoint vc="0" uspid="113" ordinal="1" offset="81" sl="175" path="1" offsetend="113" fileid="1" />
                <BranchPoint vc="0" uspid="114" ordinal="2" offset="118" sl="175" path="0" offsetend="120" fileid="1" />
                <BranchPoint vc="0" uspid="115" ordinal="3" offset="118" sl="175" path="1" offsetend="60" fileid="1" />
                <BranchPoint vc="0" uspid="116" ordinal="4" offset="131" sl="179" path="0" offsetend="133" fileid="1" />
                <BranchPoint vc="0" uspid="117" ordinal="5" offset="131" sl="179" path="1" offsetend="187" fileid="1" />
                <BranchPoint vc="0" uspid="118" ordinal="6" offset="161" sl="183" path="0" offsetend="163" fileid="1" />
                <BranchPoint vc="0" uspid="119" ordinal="7" offset="161" sl="183" path="1" offsetend="186" fileid="1" />
              </BranchPoints>
              <MethodPoint xsi:type="SequencePoint" vc="0" uspid="97" ordinal="0" offset="0" sl="169" sc="9" el="169" ec="10" bec="0" bev="0" fileid="1" />
            </Method>
            <Method visited="false" cyclomaticComplexity="1" nPathComplexity="0" sequenceCoverage="0" branchCoverage="0" crapScore="2" isConstructor="false" isStatic="false" isGetter="false" isSetter="false">
              <Summary numSequencePoints="3" visitedSequencePoints="0" numBranchPoints="1" visitedBranchPoints="0" sequenceCoverage="0" branchCoverage="0" maxCyclomaticComplexity="1" minCyclomaticComplexity="1" maxCrapScore="2" minCrapScore="2" visitedClasses="0" numClasses="0" visitedMethods="0" numMethods="1" />
              <MetadataToken>100663312</MetadataToken>
              <Name>System.Void MainFormUITest.Robot::ClickOnName(System.String)</Name>
              <FileRef uid="1" />
              <SequencePoints>
                <SequencePoint vc="0" uspid="120" ordinal="0" offset="0" sl="190" sc="9" el="190" ec="10" bec="0" bev="0" fileid="1" />
                <SequencePoint vc="0" uspid="121" ordinal="1" offset="1" sl="191" sc="13" el="191" ec="53" bec="0" bev="0" fileid="1" />
                <SequencePoint vc="0" uspid="122" ordinal="2" offset="19" sl="192" sc="9" el="192" ec="10" bec="0" bev="0" fileid="1" />
              </SequencePoints>
              <BranchPoints />
              <MethodPoint xsi:type="SequencePoint" vc="0" uspid="120" ordinal="0" offset="0" sl="190" sc="9" el="190" ec="10" bec="0" bev="0" fileid="1" />
            </Method>
            <Method visited="false" cyclomaticComplexity="1" nPathComplexity="0" sequenceCoverage="0" branchCoverage="0" crapScore="2" isConstructor="false" isStatic="false" isGetter="false" isSetter="false">
              <Summary numSequencePoints="11" visitedSequencePoints="0" numBranchPoints="1" visitedBranchPoints="0" sequenceCoverage="0" branchCoverage="0" maxCyclomaticComplexity="1" minCyclomaticComplexity="1" maxCrapScore="2" minCrapScore="2" visitedClasses="0" numClasses="0" visitedMethods="0" numMethods="1" />
              <MetadataToken>100663313</MetadataToken>
              <Name>System.Void MainFormUITest.Robot::DragAndDrop(System.String,System.Tuple`2&lt;System.Int32,System.Int32&gt;,System.Tuple`2&lt;System.Int32,System.Int32&gt;)</Name>
              <FileRef uid="1" />
              <SequencePoints>
                <SequencePoint vc="0" uspid="123" ordinal="0" offset="0" sl="196" sc="9" el="196" ec="10" bec="0" bev="0" fileid="1" />
                <SequencePoint vc="0" uspid="124" ordinal="1" offset="1" sl="197" sc="13" el="197" ec="70" bec="0" bev="0" fileid="1" />
                <SequencePoint vc="0" uspid="125" ordinal="2" offset="14" sl="198" sc="13" el="198" ec="47" bec="0" bev="0" fileid="1" />
                <SequencePoint vc="0" uspid="126" ordinal="3" offset="26" sl="199" sc="13" el="199" ec="43" bec="0" bev="0" fileid="1" />
                <SequencePoint vc="0" uspid="127" ordinal="4" offset="34" sl="200" sc="13" el="200" ec="69" bec="0" bev="0" fileid="1" />
                <SequencePoint vc="0" uspid="128" ordinal="5" offset="53" sl="201" sc="13" el="201" ec="35" bec="0" bev="0" fileid="1" />
                <SequencePoint vc="0" uspid="129" ordinal="6" offset="60" sl="202" sc="13" el="202" ec="113" bec="0" bev="0" fileid="1" />
                <SequencePoint vc="0" uspid="130" ordinal="7" offset="93" sl="203" sc="13" el="203" ec="30" bec="0" bev="0" fileid="1" />
                <SequencePoint vc="0" uspid="131" ordinal="8" offset="100" sl="204" sc="13" el="204" ec="28" bec="0" bev="0" fileid="1" />
                <SequencePoint vc="0" uspid="132" ordinal="9" offset="107" sl="205" sc="13" el="205" ec="30" bec="0" bev="0" fileid="1" />
                <SequencePoint vc="0" uspid="133" ordinal="10" offset="114" sl="206" sc="9" el="206" ec="10" bec="0" bev="0" fileid="1" />
              </SequencePoints>
              <BranchPoints />
              <MethodPoint xsi:type="SequencePoint" vc="0" uspid="123" ordinal="0" offset="0" sl="196" sc="9" el="196" ec="10" bec="0" bev="0" fileid="1" />
            </Method>
            <Method visited="false" cyclomaticComplexity="1" nPathComplexity="0" sequenceCoverage="0" branchCoverage="0" crapScore="2" isConstructor="false" isStatic="false" isGetter="false" isSetter="false">
              <Summary numSequencePoints="9" visitedSequencePoints="0" numBranchPoints="1" visitedBranchPoints="0" sequenceCoverage="0" branchCoverage="0" maxCyclomaticComplexity="1" minCyclomaticComplexity="1" maxCrapScore="2" minCrapScore="2" visitedClasses="0" numClasses="0" visitedMethods="0" numMethods="1" />
              <MetadataToken>100663314</MetadataToken>
              <Name>System.Void MainFormUITest.Robot::ClickOnPoint(System.String,System.Tuple`2&lt;System.Int32,System.Int32&gt;)</Name>
              <FileRef uid="1" />
              <SequencePoints>
                <SequencePoint vc="0" uspid="134" ordinal="0" offset="0" sl="210" sc="9" el="210" ec="10" bec="0" bev="0" fileid="1" />
                <SequencePoint vc="0" uspid="135" ordinal="1" offset="1" sl="211" sc="13" el="211" ec="70" bec="0" bev="0" fileid="1" />
                <SequencePoint vc="0" uspid="136" ordinal="2" offset="14" sl="212" sc="13" el="212" ec="47" bec="0" bev="0" fileid="1" />
                <SequencePoint vc="0" uspid="137" ordinal="3" offset="26" sl="213" sc="13" el="213" ec="43" bec="0" bev="0" fileid="1" />
                <SequencePoint vc="0" uspid="138" ordinal="4" offset="34" sl="214" sc="13" el="214" ec="59" bec="0" bev="0" fileid="1" />
                <SequencePoint vc="0" uspid="139" ordinal="5" offset="53" sl="215" sc="13" el="215" ec="28" bec="0" bev="0" fileid="1" />
                <SequencePoint vc="0" uspid="140" ordinal="6" offset="60" sl="216" sc="13" el="216" ec="28" bec="0" bev="0" fileid="1" />
                <SequencePoint vc="0" uspid="141" ordinal="7" offset="67" sl="217" sc="13" el="217" ec="30" bec="0" bev="0" fileid="1" />
                <SequencePoint vc="0" uspid="142" ordinal="8" offset="74" sl="218" sc="9" el="218" ec="10" bec="0" bev="0" fileid="1" />
              </SequencePoints>
              <BranchPoints />
              <MethodPoint xsi:type="SequencePoint" vc="0" uspid="134" ordinal="0" offset="0" sl="210" sc="9" el="210" ec="10" bec="0" bev="0" fileid="1" />
            </Method>
            <Method visited="false" cyclomaticComplexity="2" nPathComplexity="2" sequenceCoverage="0" branchCoverage="0" crapScore="6" isConstructor="false" isStatic="false" isGetter="false" isSetter="false">
              <Summary numSequencePoints="7" visitedSequencePoints="0" numBranchPoints="3" visitedBranchPoints="0" sequenceCoverage="0" branchCoverage="0" maxCyclomaticComplexity="2" minCyclomaticComplexity="2" maxCrapScore="6" minCrapScore="6" visitedClasses="0" numClasses="0" visitedMethods="0" numMethods="1" />
              <MetadataToken>100663315</MetadataToken>
              <Name>System.Boolean MainFormUITest.Robot::AssertPoint(System.String,System.Tuple`2&lt;System.Int32,System.Int32&gt;,System.Tuple`2&lt;System.Int32,System.Int32&gt;,System.String)</Name>
              <FileRef uid="1" />
              <SequencePoints>
                <SequencePoint vc="0" uspid="143" ordinal="0" offset="0" sl="222" sc="9" el="222" ec="10" bec="0" bev="0" fileid="1" />
                <SequencePoint vc="0" uspid="144" ordinal="1" offset="1" sl="224" sc="13" el="224" ec="75" bec="0" bev="0" fileid="1" />
                <SequencePoint vc="0" uspid="145" ordinal="2" offset="19" sl="225" sc="13" el="225" ec="66" bec="2" bev="0" fileid="1" />
                <SequencePoint vc="0" uspid="146" ordinal="3" offset="34" sl="226" sc="13" el="226" ec="14" bec="0" bev="0" fileid="1" />
                <SequencePoint vc="0" uspid="147" ordinal="4" offset="35" sl="227" sc="17" el="227" ec="29" bec="0" bev="0" fileid="1" />
                <SequencePoint vc="0" uspid="148" ordinal="5" offset="39" sl="229" sc="13" el="229" ec="26" bec="0" bev="0" fileid="1" />
                <SequencePoint vc="0" uspid="149" ordinal="6" offset="43" sl="230" sc="9" el="230" ec="10" bec="0" bev="0" fileid="1" />
              </SequencePoints>
              <BranchPoints>
                <BranchPoint vc="0" uspid="150" ordinal="0" offset="32" sl="225" path="0" offsetend="34" fileid="1" />
                <BranchPoint vc="0" uspid="151" ordinal="1" offset="32" sl="225" path="1" offsetend="39" fileid="1" />
              </BranchPoints>
              <MethodPoint xsi:type="SequencePoint" vc="0" uspid="143" ordinal="0" offset="0" sl="222" sc="9" el="222" ec="10" bec="0" bev="0" fileid="1" />
            </Method>
            <Method visited="false" cyclomaticComplexity="16" nPathComplexity="32768" sequenceCoverage="0" branchCoverage="0" crapScore="272" isConstructor="false" isStatic="false" isGetter="false" isSetter="false">
              <Summary numSequencePoints="3" visitedSequencePoints="0" numBranchPoints="31" visitedBranchPoints="0" sequenceCoverage="0" branchCoverage="0" maxCyclomaticComplexity="16" minCyclomaticComplexity="16" maxCrapScore="272" minCrapScore="272" visitedClasses="0" numClasses="0" visitedMethods="0" numMethods="1" />
              <MetadataToken>100663316</MetadataToken>
              <Name>System.Boolean MainFormUITest.Robot::IsNearPoint(System.String,System.Tuple`2&lt;System.Int32,System.Int32&gt;,System.Tuple`2&lt;System.Int32,System.Int32&gt;,System.String)</Name>
              <FileRef uid="1" />
              <SequencePoints>
                <SequencePoint vc="0" uspid="152" ordinal="0" offset="0" sl="234" sc="9" el="234" ec="10" bec="0" bev="0" fileid="1" />
                <SequencePoint vc="0" uspid="153" ordinal="1" offset="1" sl="235" sc="13" el="250" ec="231" bec="16" bev="0" fileid="1" />
                <SequencePoint vc="0" uspid="154" ordinal="2" offset="2258" sl="251" sc="9" el="251" ec="10" bec="0" bev="0" fileid="1" />
              </SequencePoints>
              <BranchPoints>
                <BranchPoint vc="0" uspid="155" ordinal="0" offset="133" sl="235" path="0" offsetend="138" fileid="1" />
                <BranchPoint vc="0" uspid="156" ordinal="1" offset="133" sl="235" path="1" offsetend="2254" fileid="1" />
                <BranchPoint vc="0" uspid="157" ordinal="2" offset="272" sl="235" path="0" offsetend="277" fileid="1" />
                <BranchPoint vc="0" uspid="158" ordinal="3" offset="272" sl="235" path="1" offsetend="2254" fileid="1" />
                <BranchPoint vc="0" uspid="159" ordinal="4" offset="411" sl="235" path="0" offsetend="416" fileid="1" />
                <BranchPoint vc="0" uspid="160" ordinal="5" offset="411" sl="235" path="1" offsetend="2254" fileid="1" />
                <BranchPoint vc="0" uspid="161" ordinal="6" offset="552" sl="235" path="0" offsetend="557" fileid="1" />
                <BranchPoint vc="0" uspid="162" ordinal="7" offset="552" sl="235" path="1" offsetend="2254" fileid="1" />
                <BranchPoint vc="0" uspid="163" ordinal="8" offset="691" sl="235" path="0" offsetend="696" fileid="1" />
                <BranchPoint vc="0" uspid="164" ordinal="9" offset="691" sl="235" path="1" offsetend="2254" fileid="1" />
                <BranchPoint vc="0" uspid="165" ordinal="10" offset="832" sl="235" path="0" offsetend="837" fileid="1" />
                <BranchPoint vc="0" uspid="166" ordinal="11" offset="832" sl="235" path="1" offsetend="2254" fileid="1" />
                <BranchPoint vc="0" uspid="167" ordinal="12" offset="973" sl="235" path="0" offsetend="978" fileid="1" />
                <BranchPoint vc="0" uspid="168" ordinal="13" offset="973" sl="235" path="1" offsetend="2254" fileid="1" />
                <BranchPoint vc="0" uspid="169" ordinal="14" offset="1116" sl="235" path="0" offsetend="1121" fileid="1" />
                <BranchPoint vc="0" uspid="170" ordinal="15" offset="1116" sl="235" path="1" offsetend="2254" fileid="1" />
                <BranchPoint vc="0" uspid="171" ordinal="16" offset="1255" sl="235" path="0" offsetend="1260" fileid="1" />
                <BranchPoint vc="0" uspid="172" ordinal="17" offset="1255" sl="235" path="1" offsetend="2254" fileid="1" />
                <BranchPoint vc="0" uspid="173" ordinal="18" offset="1396" sl="235" path="0" offsetend="1401" fileid="1" />
                <BranchPoint vc="0" uspid="174" ordinal="19" offset="1396" sl="235" path="1" offsetend="2254" fileid="1" />
                <BranchPoint vc="0" uspid="175" ordinal="20" offset="1537" sl="235" path="0" offsetend="1542" fileid="1" />
                <BranchPoint vc="0" uspid="176" ordinal="21" offset="1537" sl="235" path="1" offsetend="2254" fileid="1" />
                <BranchPoint vc="0" uspid="177" ordinal="22" offset="1680" sl="235" path="0" offsetend="1685" fileid="1" />
                <BranchPoint vc="0" uspid="178" ordinal="23" offset="1680" sl="235" path="1" offsetend="2254" fileid="1" />
                <BranchPoint vc="0" uspid="179" ordinal="24" offset="1821" sl="235" path="0" offsetend="1826" fileid="1" />
                <BranchPoint vc="0" uspid="180" ordinal="25" offset="1821" sl="235" path="1" offsetend="2254" fileid="1" />
                <BranchPoint vc="0" uspid="181" ordinal="26" offset="1964" sl="235" path="0" offsetend="1969" fileid="1" />
                <BranchPoint vc="0" uspid="182" ordinal="27" offset="1964" sl="235" path="1" offsetend="2254" fileid="1" />
                <BranchPoint vc="0" uspid="183" ordinal="28" offset="2107" sl="235" path="0" offsetend="2112" fileid="1" />
                <BranchPoint vc="0" uspid="184" ordinal="29" offset="2107" sl="235" path="1" offsetend="2254" fileid="1" />
              </BranchPoints>
              <MethodPoint xsi:type="SequencePoint" vc="0" uspid="152" ordinal="0" offset="0" sl="234" sc="9" el="234" ec="10" bec="0" bev="0" fileid="1" />
            </Method>
          </Methods>
        </Class>
        <Class>
          <Summary numSequencePoints="129" visitedSequencePoints="7" numBranchPoints="6" visitedBranchPoints="2" sequenceCoverage="5.43" branchCoverage="33.33" maxCyclomaticComplexity="1" minCyclomaticComplexity="1" maxCrapScore="2" minCrapScore="1.00" visitedClasses="1" numClasses="1" visitedMethods="2" numMethods="6" />
          <FullName>MainFormUITest.GUITest.MainFormUITest</FullName>
          <Methods>
            <Method visited="true" cyclomaticComplexity="1" nPathComplexity="0" sequenceCoverage="83.33" branchCoverage="100" crapScore="1.00" isConstructor="false" isStatic="false" isGetter="false" isSetter="false">
              <Summary numSequencePoints="6" visitedSequencePoints="5" numBranchPoints="1" visitedBranchPoints="1" sequenceCoverage="83.33" branchCoverage="100" maxCyclomaticComplexity="1" minCyclomaticComplexity="1" maxCrapScore="1.00" minCrapScore="1.00" visitedClasses="0" numClasses="0" visitedMethods="1" numMethods="1" />
              <MetadataToken>100663317</MetadataToken>
              <Name>System.Void MainFormUITest.GUITest.MainFormUITest::Initialize()</Name>
              <FileRef uid="2" />
              <SequencePoints>
                <SequencePoint vc="2" uspid="185" ordinal="0" offset="0" sl="26" sc="9" el="26" ec="10" bec="0" bev="0" fileid="2" />
                <SequencePoint vc="2" uspid="186" ordinal="1" offset="1" sl="27" sc="13" el="27" ec="45" bec="0" bev="0" fileid="2" />
                <SequencePoint vc="2" uspid="187" ordinal="2" offset="7" sl="28" sc="13" el="28" ec="113" bec="0" bev="0" fileid="2" />
                <SequencePoint vc="2" uspid="188" ordinal="3" offset="33" sl="29" sc="13" el="29" ec="113" bec="0" bev="0" fileid="2" />
                <SequencePoint vc="2" uspid="189" ordinal="4" offset="90" sl="30" sc="13" el="30" ec="61" bec="0" bev="0" fileid="2" />
                <SequencePoint vc="0" uspid="190" ordinal="5" offset="112" sl="31" sc="9" el="31" ec="10" bec="0" bev="0" fileid="2" />
              </SequencePoints>
              <BranchPoints />
              <MethodPoint xsi:type="SequencePoint" vc="2" uspid="185" ordinal="0" offset="0" sl="26" sc="9" el="26" ec="10" bec="0" bev="0" fileid="2" />
            </Method>
            <Method visited="true" cyclomaticComplexity="1" nPathComplexity="0" sequenceCoverage="50" branchCoverage="100" crapScore="1.12" isConstructor="false" isStatic="false" isGetter="false" isSetter="false">
              <Summary numSequencePoints="4" visitedSequencePoints="2" numBranchPoints="1" visitedBranchPoints="1" sequenceCoverage="50" branchCoverage="100" maxCyclomaticComplexity="1" minCyclomaticComplexity="1" maxCrapScore="1.12" minCrapScore="1.12" visitedClasses="0" numClasses="0" visitedMethods="1" numMethods="1" />
              <MetadataToken>100663318</MetadataToken>
              <Name>System.Void MainFormUITest.GUITest.MainFormUITest::Cleanup()</Name>
              <FileRef uid="2" />
              <SequencePoints>
                <SequencePoint vc="2" uspid="191" ordinal="0" offset="0" sl="38" sc="9" el="38" ec="10" bec="0" bev="0" fileid="2" />
                <SequencePoint vc="2" uspid="192" ordinal="1" offset="1" sl="39" sc="13" el="39" ec="29" bec="0" bev="0" fileid="2" />
                <SequencePoint vc="0" uspid="193" ordinal="2" offset="22" sl="40" sc="13" el="40" ec="30" bec="0" bev="0" fileid="2" />
                <SequencePoint vc="0" uspid="194" ordinal="3" offset="34" sl="41" sc="9" el="41" ec="10" bec="0" bev="0" fileid="2" />
              </SequencePoints>
              <BranchPoints />
              <MethodPoint xsi:type="SequencePoint" vc="2" uspid="191" ordinal="0" offset="0" sl="38" sc="9" el="38" ec="10" bec="0" bev="0" fileid="2" />
            </Method>
            <Method visited="false" cyclomaticComplexity="1" nPathComplexity="0" sequenceCoverage="0" branchCoverage="0" crapScore="2" isConstructor="false" isStatic="false" isGetter="false" isSetter="false">
              <Summary numSequencePoints="3" visitedSequencePoints="0" numBranchPoints="1" visitedBranchPoints="0" sequenceCoverage="0" branchCoverage="0" maxCyclomaticComplexity="1" minCyclomaticComplexity="1" maxCrapScore="2" minCrapScore="2" visitedClasses="0" numClasses="0" visitedMethods="0" numMethods="1" />
              <MetadataToken>100663319</MetadataToken>
              <Name>System.Void MainFormUITest.GUITest.MainFormUITest::BasicFunctionTest()</Name>
              <FileRef uid="2" />
              <SequencePoints>
                <SequencePoint vc="0" uspid="195" ordinal="0" offset="0" sl="45" sc="9" el="45" ec="10" bec="0" bev="0" fileid="2" />
                <SequencePoint vc="0" uspid="196" ordinal="1" offset="1" sl="46" sc="13" el="46" ec="38" bec="0" bev="0" fileid="2" />
                <SequencePoint vc="0" uspid="197" ordinal="2" offset="8" sl="47" sc="9" el="47" ec="10" bec="0" bev="0" fileid="2" />
              </SequencePoints>
              <BranchPoints />
              <MethodPoint xsi:type="SequencePoint" vc="0" uspid="195" ordinal="0" offset="0" sl="45" sc="9" el="45" ec="10" bec="0" bev="0" fileid="2" />
            </Method>
            <Method visited="false" cyclomaticComplexity="1" nPathComplexity="0" sequenceCoverage="0" branchCoverage="0" crapScore="2" isConstructor="false" isStatic="false" isGetter="false" isSetter="false">
              <Summary numSequencePoints="3" visitedSequencePoints="0" numBranchPoints="1" visitedBranchPoints="0" sequenceCoverage="0" branchCoverage="0" maxCyclomaticComplexity="1" minCyclomaticComplexity="1" maxCrapScore="2" minCrapScore="2" visitedClasses="0" numClasses="0" visitedMethods="0" numMethods="1" />
              <MetadataToken>100663320</MetadataToken>
              <Name>System.Void MainFormUITest.GUITest.MainFormUITest::BulidASnowmanTest()</Name>
              <FileRef uid="2" />
              <SequencePoints>
                <SequencePoint vc="0" uspid="198" ordinal="0" offset="0" sl="51" sc="9" el="51" ec="10" bec="0" bev="0" fileid="2" />
                <SequencePoint vc="0" uspid="199" ordinal="1" offset="1" sl="52" sc="13" el="52" ec="38" bec="0" bev="0" fileid="2" />
                <SequencePoint vc="0" uspid="200" ordinal="2" offset="8" sl="53" sc="9" el="53" ec="10" bec="0" bev="0" fileid="2" />
              </SequencePoints>
              <BranchPoints />
              <MethodPoint xsi:type="SequencePoint" vc="0" uspid="198" ordinal="0" offset="0" sl="51" sc="9" el="51" ec="10" bec="0" bev="0" fileid="2" />
            </Method>
            <Method visited="false" cyclomaticComplexity="1" nPathComplexity="0" sequenceCoverage="0" branchCoverage="0" crapScore="2" isConstructor="false" isStatic="false" isGetter="false" isSetter="false">
              <Summary numSequencePoints="28" visitedSequencePoints="0" numBranchPoints="1" visitedBranchPoints="0" sequenceCoverage="0" branchCoverage="0" maxCyclomaticComplexity="1" minCyclomaticComplexity="1" maxCrapScore="2" minCrapScore="2" visitedClasses="0" numClasses="0" visitedMethods="0" numMethods="1" />
              <MetadataToken>100663321</MetadataToken>
              <Name>System.Void MainFormUITest.GUITest.MainFormUITest::RunScriptBasicFunction()</Name>
              <FileRef uid="2" />
              <SequencePoints>
                <SequencePoint vc="0" uspid="201" ordinal="0" offset="0" sl="57" sc="9" el="57" ec="10" bec="0" bev="0" fileid="2" />
                <SequencePoint vc="0" uspid="202" ordinal="1" offset="1" sl="60" sc="13" el="60" ec="43" bec="0" bev="0" fileid="2" />
                <SequencePoint vc="0" uspid="203" ordinal="2" offset="18" sl="61" sc="13" el="61" ec="45" bec="0" bev="0" fileid="2" />
                <SequencePoint vc="0" uspid="204" ordinal="3" offset="35" sl="62" sc="13" el="62" ec="29" bec="0" bev="0" fileid="2" />
                <SequencePoint vc="0" uspid="205" ordinal="4" offset="56" sl="63" sc="13" el="63" ec="73" bec="0" bev="0" fileid="2" />
                <SequencePoint vc="0" uspid="206" ordinal="5" offset="69" sl="64" sc="13" el="64" ec="72" bec="0" bev="0" fileid="2" />
                <SequencePoint vc="0" uspid="207" ordinal="6" offset="78" sl="65" sc="13" el="65" ec="70" bec="0" bev="0" fileid="2" />
                <SequencePoint vc="0" uspid="208" ordinal="7" offset="97" sl="66" sc="13" el="66" ec="29" bec="0" bev="0" fileid="2" />
                <SequencePoint vc="0" uspid="209" ordinal="8" offset="118" sl="67" sc="13" el="67" ec="43" bec="0" bev="0" fileid="2" />
                <SequencePoint vc="0" uspid="210" ordinal="9" offset="135" sl="68" sc="13" el="68" ec="29" bec="0" bev="0" fileid="2" />
                <SequencePoint vc="0" uspid="211" ordinal="10" offset="156" sl="69" sc="13" el="69" ec="56" bec="0" bev="0" fileid="2" />
                <SequencePoint vc="0" uspid="212" ordinal="11" offset="169" sl="70" sc="13" el="70" ec="58" bec="0" bev="0" fileid="2" />
                <SequencePoint vc="0" uspid="213" ordinal="12" offset="182" sl="71" sc="13" el="71" ec="70" bec="0" bev="0" fileid="2" />
                <SequencePoint vc="0" uspid="214" ordinal="13" offset="201" sl="72" sc="13" el="72" ec="29" bec="0" bev="0" fileid="2" />
                <SequencePoint vc="0" uspid="215" ordinal="14" offset="222" sl="73" sc="13" el="73" ec="40" bec="0" bev="0" fileid="2" />
                <SequencePoint vc="0" uspid="216" ordinal="15" offset="239" sl="74" sc="13" el="74" ec="29" bec="0" bev="0" fileid="2" />
                <SequencePoint vc="0" uspid="217" ordinal="16" offset="260" sl="75" sc="13" el="75" ec="56" bec="0" bev="0" fileid="2" />
                <SequencePoint vc="0" uspid="218" ordinal="17" offset="270" sl="76" sc="13" el="76" ec="57" bec="0" bev="0" fileid="2" />
                <SequencePoint vc="0" uspid="219" ordinal="18" offset="283" sl="77" sc="13" el="77" ec="70" bec="0" bev="0" fileid="2" />
                <SequencePoint vc="0" uspid="220" ordinal="19" offset="302" sl="78" sc="13" el="78" ec="29" bec="0" bev="0" fileid="2" />
                <SequencePoint vc="0" uspid="221" ordinal="20" offset="323" sl="79" sc="13" el="79" ec="55" bec="0" bev="0" fileid="2" />
                <SequencePoint vc="0" uspid="222" ordinal="21" offset="332" sl="80" sc="13" el="80" ec="58" bec="0" bev="0" fileid="2" />
                <SequencePoint vc="0" uspid="223" ordinal="22" offset="350" sl="81" sc="13" el="81" ec="132" bec="0" bev="0" fileid="2" />
                <SequencePoint vc="0" uspid="224" ordinal="23" offset="407" sl="82" sc="13" el="82" ec="54" bec="0" bev="0" fileid="2" />
                <SequencePoint vc="0" uspid="225" ordinal="24" offset="419" sl="83" sc="13" el="83" ec="58" bec="0" bev="0" fileid="2" />
                <SequencePoint vc="0" uspid="226" ordinal="25" offset="437" sl="84" sc="13" el="84" ec="131" bec="0" bev="0" fileid="2" />
                <SequencePoint vc="0" uspid="227" ordinal="26" offset="494" sl="85" sc="13" el="85" ec="41" bec="0" bev="0" fileid="2" />
                <SequencePoint vc="0" uspid="228" ordinal="27" offset="511" sl="86" sc="9" el="86" ec="10" bec="0" bev="0" fileid="2" />
              </SequencePoints>
              <BranchPoints />
              <MethodPoint xsi:type="SequencePoint" vc="0" uspid="201" ordinal="0" offset="0" sl="57" sc="9" el="57" ec="10" bec="0" bev="0" fileid="2" />
            </Method>
            <Method visited="false" cyclomaticComplexity="1" nPathComplexity="0" sequenceCoverage="0" branchCoverage="0" crapScore="2" isConstructor="false" isStatic="false" isGetter="false" isSetter="false">
              <Summary numSequencePoints="85" visitedSequencePoints="0" numBranchPoints="1" visitedBranchPoints="0" sequenceCoverage="0" branchCoverage="0" maxCyclomaticComplexity="1" minCyclomaticComplexity="1" maxCrapScore="2" minCrapScore="2" visitedClasses="0" numClasses="0" visitedMethods="0" numMethods="1" />
              <MetadataToken>100663322</MetadataToken>
              <Name>System.Void MainFormUITest.GUITest.MainFormUITest::RunScriptBuildASnowman()</Name>
              <FileRef uid="2" />
              <SequencePoints>
                <SequencePoint vc="0" uspid="229" ordinal="0" offset="0" sl="90" sc="9" el="90" ec="10" bec="0" bev="0" fileid="2" />
                <SequencePoint vc="0" uspid="230" ordinal="1" offset="1" sl="91" sc="13" el="91" ec="43" bec="0" bev="0" fileid="2" />
                <SequencePoint vc="0" uspid="231" ordinal="2" offset="18" sl="93" sc="13" el="93" ec="43" bec="0" bev="0" fileid="2" />
                <SequencePoint vc="0" uspid="232" ordinal="3" offset="35" sl="94" sc="13" el="94" ec="73" bec="0" bev="0" fileid="2" />
                <SequencePoint vc="0" uspid="233" ordinal="4" offset="48" sl="95" sc="13" el="95" ec="74" bec="0" bev="0" fileid="2" />
                <SequencePoint vc="0" uspid="234" ordinal="5" offset="61" sl="96" sc="13" el="96" ec="70" bec="0" bev="0" fileid="2" />
                <SequencePoint vc="0" uspid="235" ordinal="6" offset="80" sl="97" sc="13" el="97" ec="29" bec="0" bev="0" fileid="2" />
                <SequencePoint vc="0" uspid="236" ordinal="7" offset="101" sl="99" sc="13" el="99" ec="43" bec="0" bev="0" fileid="2" />
                <SequencePoint vc="0" uspid="237" ordinal="8" offset="118" sl="100" sc="13" el="100" ec="56" bec="0" bev="0" fileid="2" />
                <SequencePoint vc="0" uspid="238" ordinal="9" offset="131" sl="101" sc="13" el="101" ec="57" bec="0" bev="0" fileid="2" />
                <SequencePoint vc="0" uspid="239" ordinal="10" offset="144" sl="102" sc="13" el="102" ec="70" bec="0" bev="0" fileid="2" />
                <SequencePoint vc="0" uspid="240" ordinal="11" offset="163" sl="103" sc="13" el="103" ec="29" bec="0" bev="0" fileid="2" />
                <SequencePoint vc="0" uspid="241" ordinal="12" offset="184" sl="106" sc="13" el="106" ec="43" bec="0" bev="0" fileid="2" />
                <SequencePoint vc="0" uspid="242" ordinal="13" offset="201" sl="107" sc="13" el="107" ec="57" bec="0" bev="0" fileid="2" />
                <SequencePoint vc="0" uspid="243" ordinal="14" offset="217" sl="108" sc="13" el="108" ec="55" bec="0" bev="0" fileid="2" />
                <SequencePoint vc="0" uspid="244" ordinal="15" offset="229" sl="109" sc="13" el="109" ec="70" bec="0" bev="0" fileid="2" />
                <SequencePoint vc="0" uspid="245" ordinal="16" offset="248" sl="110" sc="13" el="110" ec="29" bec="0" bev="0" fileid="2" />
                <SequencePoint vc="0" uspid="246" ordinal="17" offset="269" sl="112" sc="13" el="112" ec="40" bec="0" bev="0" fileid="2" />
                <SequencePoint vc="0" uspid="247" ordinal="18" offset="286" sl="113" sc="13" el="113" ec="54" bec="0" bev="0" fileid="2" />
                <SequencePoint vc="0" uspid="248" ordinal="19" offset="298" sl="114" sc="13" el="114" ec="58" bec="0" bev="0" fileid="2" />
                <SequencePoint vc="0" uspid="249" ordinal="20" offset="311" sl="115" sc="13" el="115" ec="70" bec="0" bev="0" fileid="2" />
                <SequencePoint vc="0" uspid="250" ordinal="21" offset="330" sl="116" sc="13" el="116" ec="29" bec="0" bev="0" fileid="2" />
                <SequencePoint vc="0" uspid="251" ordinal="22" offset="351" sl="118" sc="13" el="118" ec="40" bec="0" bev="0" fileid="2" />
                <SequencePoint vc="0" uspid="252" ordinal="23" offset="368" sl="119" sc="13" el="119" ec="54" bec="0" bev="0" fileid="2" />
                <SequencePoint vc="0" uspid="253" ordinal="24" offset="380" sl="120" sc="13" el="120" ec="57" bec="0" bev="0" fileid="2" />
                <SequencePoint vc="0" uspid="254" ordinal="25" offset="393" sl="121" sc="13" el="121" ec="70" bec="0" bev="0" fileid="2" />
                <SequencePoint vc="0" uspid="255" ordinal="26" offset="412" sl="122" sc="13" el="122" ec="29" bec="0" bev="0" fileid="2" />
                <SequencePoint vc="0" uspid="256" ordinal="27" offset="433" sl="124" sc="13" el="124" ec="43" bec="0" bev="0" fileid="2" />
                <SequencePoint vc="0" uspid="257" ordinal="28" offset="450" sl="125" sc="13" el="125" ec="56" bec="0" bev="0" fileid="2" />
                <SequencePoint vc="0" uspid="258" ordinal="29" offset="463" sl="126" sc="13" el="126" ec="56" bec="0" bev="0" fileid="2" />
                <SequencePoint vc="0" uspid="259" ordinal="30" offset="476" sl="127" sc="13" el="127" ec="70" bec="0" bev="0" fileid="2" />
                <SequencePoint vc="0" uspid="260" ordinal="31" offset="495" sl="128" sc="13" el="128" ec="29" bec="0" bev="0" fileid="2" />
                <SequencePoint vc="0" uspid="261" ordinal="32" offset="516" sl="130" sc="13" el="130" ec="43" bec="0" bev="0" fileid="2" />
                <SequencePoint vc="0" uspid="262" ordinal="33" offset="533" sl="131" sc="13" el="131" ec="56" bec="0" bev="0" fileid="2" />
                <SequencePoint vc="0" uspid="263" ordinal="34" offset="543" sl="132" sc="13" el="132" ec="55" bec="0" bev="0" fileid="2" />
                <SequencePoint vc="0" uspid="264" ordinal="35" offset="553" sl="133" sc="13" el="133" ec="70" bec="0" bev="0" fileid="2" />
                <SequencePoint vc="0" uspid="265" ordinal="36" offset="572" sl="134" sc="13" el="134" ec="29" bec="0" bev="0" fileid="2" />
                <SequencePoint vc="0" uspid="266" ordinal="37" offset="593" sl="136" sc="13" el="136" ec="43" bec="0" bev="0" fileid="2" />
                <SequencePoint vc="0" uspid="267" ordinal="38" offset="610" sl="137" sc="13" el="137" ec="57" bec="0" bev="0" fileid="2" />
                <SequencePoint vc="0" uspid="268" ordinal="39" offset="620" sl="138" sc="13" el="138" ec="55" bec="0" bev="0" fileid="2" />
                <SequencePoint vc="0" uspid="269" ordinal="40" offset="630" sl="139" sc="13" el="139" ec="70" bec="0" bev="0" fileid="2" />
                <SequencePoint vc="0" uspid="270" ordinal="41" offset="649" sl="140" sc="13" el="140" ec="29" bec="0" bev="0" fileid="2" />
                <SequencePoint vc="0" uspid="271" ordinal="42" offset="670" sl="142" sc="13" el="142" ec="43" bec="0" bev="0" fileid="2" />
                <SequencePoint vc="0" uspid="272" ordinal="43" offset="687" sl="143" sc="13" el="143" ec="56" bec="0" bev="0" fileid="2" />
                <SequencePoint vc="0" uspid="273" ordinal="44" offset="697" sl="144" sc="13" el="144" ec="57" bec="0" bev="0" fileid="2" />
                <SequencePoint vc="0" uspid="274" ordinal="45" offset="707" sl="145" sc="13" el="145" ec="70" bec="0" bev="0" fileid="2" />
                <SequencePoint vc="0" uspid="275" ordinal="46" offset="726" sl="146" sc="13" el="146" ec="29" bec="0" bev="0" fileid="2" />
                <SequencePoint vc="0" uspid="276" ordinal="47" offset="747" sl="148" sc="13" el="148" ec="43" bec="0" bev="0" fileid="2" />
                <SequencePoint vc="0" uspid="277" ordinal="48" offset="764" sl="149" sc="13" el="149" ec="55" bec="0" bev="0" fileid="2" />
                <SequencePoint vc="0" uspid="278" ordinal="49" offset="774" sl="150" sc="13" el="150" ec="56" bec="0" bev="0" fileid="2" />
                <SequencePoint vc="0" uspid="279" ordinal="50" offset="784" sl="151" sc="13" el="151" ec="70" bec="0" bev="0" fileid="2" />
                <SequencePoint vc="0" uspid="280" ordinal="51" offset="803" sl="152" sc="13" el="152" ec="29" bec="0" bev="0" fileid="2" />
                <SequencePoint vc="0" uspid="281" ordinal="52" offset="824" sl="154" sc="13" el="154" ec="45" bec="0" bev="0" fileid="2" />
                <SequencePoint vc="0" uspid="282" ordinal="53" offset="841" sl="155" sc="13" el="155" ec="56" bec="0" bev="0" fileid="2" />
                <SequencePoint vc="0" uspid="283" ordinal="54" offset="851" sl="156" sc="13" el="156" ec="55" bec="0" bev="0" fileid="2" />
                <SequencePoint vc="0" uspid="284" ordinal="55" offset="861" sl="157" sc="13" el="157" ec="70" bec="0" bev="0" fileid="2" />
                <SequencePoint vc="0" uspid="285" ordinal="56" offset="880" sl="158" sc="13" el="158" ec="29" bec="0" bev="0" fileid="2" />
                <SequencePoint vc="0" uspid="286" ordinal="57" offset="901" sl="161" sc="13" el="161" ec="45" bec="0" bev="0" fileid="2" />
                <SequencePoint vc="0" uspid="287" ordinal="58" offset="918" sl="162" sc="13" el="162" ec="58" bec="0" bev="0" fileid="2" />
                <SequencePoint vc="0" uspid="288" ordinal="59" offset="931" sl="163" sc="13" el="163" ec="58" bec="0" bev="0" fileid="2" />
                <SequencePoint vc="0" uspid="289" ordinal="60" offset="941" sl="164" sc="13" el="164" ec="70" bec="0" bev="0" fileid="2" />
                <SequencePoint vc="0" uspid="290" ordinal="61" offset="960" sl="165" sc="13" el="165" ec="29" bec="0" bev="0" fileid="2" />
                <SequencePoint vc="0" uspid="291" ordinal="62" offset="981" sl="167" sc="13" el="167" ec="45" bec="0" bev="0" fileid="2" />
                <SequencePoint vc="0" uspid="292" ordinal="63" offset="998" sl="168" sc="13" el="168" ec="58" bec="0" bev="0" fileid="2" />
                <SequencePoint vc="0" uspid="293" ordinal="64" offset="1011" sl="169" sc="13" el="169" ec="57" bec="0" bev="0" fileid="2" />
                <SequencePoint vc="0" uspid="294" ordinal="65" offset="1024" sl="170" sc="13" el="170" ec="70" bec="0" bev="0" fileid="2" />
                <SequencePoint vc="0" uspid="295" ordinal="66" offset="1043" sl="171" sc="13" el="171" ec="29" bec="0" bev="0" fileid="2" />
                <SequencePoint vc="0" uspid="296" ordinal="67" offset="1064" sl="178" sc="13" el="178" ec="68" bec="0" bev="0" fileid="2" />
                <SequencePoint vc="0" uspid="297" ordinal="68" offset="1077" sl="179" sc="13" el="179" ec="53" bec="0" bev="0" fileid="2" />
                <SequencePoint vc="0" uspid="298" ordinal="69" offset="1095" sl="180" sc="13" el="180" ec="130" bec="0" bev="0" fileid="2" />
                <SequencePoint vc="0" uspid="299" ordinal="70" offset="1152" sl="182" sc="13" el="182" ec="29" bec="0" bev="0" fileid="2" />
                <SequencePoint vc="0" uspid="300" ordinal="71" offset="1173" sl="185" sc="13" el="185" ec="49" bec="0" bev="0" fileid="2" />
                <SequencePoint vc="0" uspid="301" ordinal="72" offset="1182" sl="186" sc="13" el="186" ec="53" bec="0" bev="0" fileid="2" />
                <SequencePoint vc="0" uspid="302" ordinal="73" offset="1200" sl="187" sc="13" el="187" ec="132" bec="0" bev="0" fileid="2" />
                <SequencePoint vc="0" uspid="303" ordinal="74" offset="1257" sl="189" sc="13" el="189" ec="29" bec="0" bev="0" fileid="2" />
                <SequencePoint vc="0" uspid="304" ordinal="75" offset="1278" sl="192" sc="13" el="192" ec="47" bec="0" bev="0" fileid="2" />
                <SequencePoint vc="0" uspid="305" ordinal="76" offset="1286" sl="193" sc="13" el="193" ec="53" bec="0" bev="0" fileid="2" />
                <SequencePoint vc="0" uspid="306" ordinal="77" offset="1304" sl="194" sc="13" el="194" ec="132" bec="0" bev="0" fileid="2" />
                <SequencePoint vc="0" uspid="307" ordinal="78" offset="1361" sl="196" sc="13" el="196" ec="29" bec="0" bev="0" fileid="2" />
                <SequencePoint vc="0" uspid="308" ordinal="79" offset="1382" sl="199" sc="13" el="199" ec="49" bec="0" bev="0" fileid="2" />
                <SequencePoint vc="0" uspid="309" ordinal="80" offset="1394" sl="200" sc="13" el="200" ec="53" bec="0" bev="0" fileid="2" />
                <SequencePoint vc="0" uspid="310" ordinal="81" offset="1412" sl="201" sc="13" el="201" ec="130" bec="0" bev="0" fileid="2" />
                <SequencePoint vc="0" uspid="311" ordinal="82" offset="1469" sl="203" sc="13" el="203" ec="29" bec="0" bev="0" fileid="2" />
                <SequencePoint vc="0" uspid="312" ordinal="83" offset="1490" sl="206" sc="13" el="206" ec="41" bec="0" bev="0" fileid="2" />
                <SequencePoint vc="0" uspid="313" ordinal="84" offset="1507" sl="207" sc="9" el="207" ec="10" bec="0" bev="0" fileid="2" />
              </SequencePoints>
              <BranchPoints />
              <MethodPoint xsi:type="SequencePoint" vc="0" uspid="229" ordinal="0" offset="0" sl="90" sc="9" el="90" ec="10" bec="0" bev="0" fileid="2" />
            </Method>
            <Method visited="false" cyclomaticComplexity="1" nPathComplexity="0" sequenceCoverage="0" branchCoverage="0" crapScore="2" isConstructor="true" isStatic="false" isGetter="false" isSetter="false">
              <Summary numSequencePoints="0" visitedSequencePoints="0" numBranchPoints="0" visitedBranchPoints="0" sequenceCoverage="0" branchCoverage="0" maxCyclomaticComplexity="1" minCyclomaticComplexity="1" maxCrapScore="2" minCrapScore="2" visitedClasses="0" numClasses="0" visitedMethods="0" numMethods="0" />
              <MetadataToken>100663323</MetadataToken>
              <Name>System.Void MainFormUITest.GUITest.MainFormUITest::.ctor()</Name>
              <SequencePoints />
              <BranchPoints />
              <MethodPoint vc="0" uspid="314" ordinal="0" offset="0" />
            </Method>
          </Methods>
        </Class>
      </Classes>
    </Module>
  </Modules>
</CoverageSession>