<?xml version="1.0" encoding="utf-8"?>
<CoverageSession xmlns:xsd="http://www.w3.org/2001/XMLSchema" xmlns:xsi="http://www.w3.org/2001/XMLSchema-instance" Version="4.7.922.0">
  <Summary numSequencePoints="398" visitedSequencePoints="16" numBranchPoints="107" visitedBranchPoints="4" sequenceCoverage="4.02" branchCoverage="3.74" maxCyclomaticComplexity="16" minCyclomaticComplexity="1" maxCrapScore="272" minCrapScore="1.00" visitedClasses="2" numClasses="2" visitedMethods="4" numMethods="31" />
  <Modules>
    <Module hash="DC-D1-50-28-EB-48-E5-7B-0A-63-BB-C0-EF-EB-89-5F-1F-55-45-ED">
      <Summary numSequencePoints="398" visitedSequencePoints="16" numBranchPoints="107" visitedBranchPoints="4" sequenceCoverage="4.02" branchCoverage="3.74" maxCyclomaticComplexity="16" minCyclomaticComplexity="1" maxCrapScore="272" minCrapScore="1.00" visitedClasses="2" numClasses="2" visitedMethods="4" numMethods="31" />
      <ModulePath>C:\Users\Koro\Desktop\Homework\Koro\windowDesign\DrawingProject\DrawingForm\MainFormUITest\bin\Debug\fine-code-coverage\build-output\MainFormUITest.dll</ModulePath>
      <ModuleTime>2022-01-12T06:59:41.4791297Z</ModuleTime>
      <ModuleName>MainFormUITest</ModuleName>
      <Files>
        <File uid="1" fullPath="C:\Users\Koro\Desktop\Homework\Koro\windowDesign\DrawingProject\DrawingForm\MainFormUITest\Robot.cs" />
        <File uid="2" fullPath="C:\Users\Koro\Desktop\Homework\Koro\windowDesign\DrawingProject\DrawingForm\MainFormUITest\GUITest\MainFormUITest.cs" />
      </Files>
      <Classes>
        <Class>
          <Summary numSequencePoints="137" visitedSequencePoints="9" numBranchPoints="97" visitedBranchPoints="2" sequenceCoverage="6.57" branchCoverage="2.06" maxCyclomaticComplexity="16" minCyclomaticComplexity="1" maxCrapScore="272" minCrapScore="1.02" visitedClasses="1" numClasses="1" visitedMethods="2" numMethods="21" />
          <FullName>MainFormUITest.Robot</FullName>
          <Methods>
            <Method visited="true" cyclomaticComplexity="1" nPathComplexity="0" sequenceCoverage="75" branchCoverage="100" crapScore="1.02" isConstructor="true" isStatic="false" isGetter="false" isSetter="false">
              <Summary numSequencePoints="4" visitedSequencePoints="3" numBranchPoints="1" visitedBranchPoints="1" sequenceCoverage="75" branchCoverage="100" maxCyclomaticComplexity="1" minCyclomaticComplexity="1" maxCrapScore="1.02" minCrapScore="1.02" visitedClasses="0" numClasses="0" visitedMethods="1" numMethods="1" />
              <MetadataToken>100663297</MetadataToken>
              <Name>System.Void MainFormUITest.Robot::.ctor(System.String,System.String)</Name>
              <FileRef uid="1" />
              <SequencePoints>
                <SequencePoint vc="4" uspid="1" ordinal="0" offset="0" sl="34" sc="9" el="34" ec="56" bec="0" bev="0" fileid="1" />
                <SequencePoint vc="4" uspid="2" ordinal="1" offset="7" sl="35" sc="9" el="35" ec="10" bec="0" bev="0" fileid="1" />
                <SequencePoint vc="4" uspid="3" ordinal="2" offset="8" sl="36" sc="13" el="36" ec="50" bec="0" bev="0" fileid="1" />
                <SequencePoint vc="0" uspid="4" ordinal="3" offset="17" sl="37" sc="9" el="37" ec="10" bec="0" bev="0" fileid="1" />
              </SequencePoints>
              <BranchPoints />
              <MethodPoint xsi:type="SequencePoint" vc="4" uspid="1" ordinal="0" offset="0" sl="34" sc="9" el="34" ec="56" bec="0" bev="0" fileid="1" />
            </Method>
            <Method visited="true" cyclomaticComplexity="1" nPathComplexity="0" sequenceCoverage="66.67" branchCoverage="100" crapScore="1.04" isConstructor="false" isStatic="false" isGetter="false" isSetter="false">
              <Summary numSequencePoints="9" visitedSequencePoints="6" numBranchPoints="1" visitedBranchPoints="1" sequenceCoverage="66.67" branchCoverage="100" maxCyclomaticComplexity="1" minCyclomaticComplexity="1" maxCrapScore="1.04" minCrapScore="1.04" visitedClasses="0" numClasses="0" visitedMethods="1" numMethods="1" />
              <MetadataToken>100663298</MetadataToken>
              <Name>System.Void MainFormUITest.Robot::Initialize(System.String,System.String)</Name>
              <FileRef uid="1" />
              <SequencePoints>
                <SequencePoint vc="4" uspid="5" ordinal="0" offset="0" sl="41" sc="9" el="41" ec="10" bec="0" bev="0" fileid="1" />
                <SequencePoint vc="4" uspid="6" ordinal="1" offset="1" sl="42" sc="13" el="42" ec="26" bec="0" bev="0" fileid="1" />
                <SequencePoint vc="4" uspid="7" ordinal="2" offset="8" sl="43" sc="13" el="43" ec="47" bec="0" bev="0" fileid="1" />
                <SequencePoint vc="4" uspid="8" ordinal="3" offset="14" sl="44" sc="13" el="44" ec="65" bec="0" bev="0" fileid="1" />
                <SequencePoint vc="4" uspid="9" ordinal="4" offset="27" sl="45" sc="13" el="45" ec="67" bec="0" bev="0" fileid="1" />
                <SequencePoint vc="4" uspid="10" ordinal="5" offset="44" sl="48" sc="13" el="48" ec="95" bec="0" bev="0" fileid="1" />
                <SequencePoint vc="0" uspid="11" ordinal="6" offset="66" sl="49" sc="13" el="49" ec="91" bec="0" bev="0" fileid="1" />
                <SequencePoint vc="0" uspid="12" ordinal="7" offset="102" sl="50" sc="13" el="54" ec="15" bec="0" bev="0" fileid="1" />
                <SequencePoint vc="0" uspid="13" ordinal="8" offset="137" sl="55" sc="9" el="55" ec="10" bec="0" bev="0" fileid="1" />
              </SequencePoints>
              <BranchPoints />
              <MethodPoint xsi:type="SequencePoint" vc="4" uspid="5" ordinal="0" offset="0" sl="41" sc="9" el="41" ec="10" bec="0" bev="0" fileid="1" />
            </Method>
            <Method visited="false" cyclomaticComplexity="1" nPathComplexity="0" sequenceCoverage="0" branchCoverage="0" crapScore="2" isConstructor="false" isStatic="false" isGetter="false" isSetter="false">
              <Summary numSequencePoints="5" visitedSequencePoints="0" numBranchPoints="1" visitedBranchPoints="0" sequenceCoverage="0" branchCoverage="0" maxCyclomaticComplexity="1" minCyclomaticComplexity="1" maxCrapScore="2" minCrapScore="2" visitedClasses="0" numClasses="0" visitedMethods="0" numMethods="1" />
              <MetadataToken>100663299</MetadataToken>
              <Name>System.Void MainFormUITest.Robot::CleanUp()</Name>
              <FileRef uid="1" />
              <SequencePoints>
                <SequencePoint vc="0" uspid="14" ordinal="0" offset="0" sl="59" sc="9" el="59" ec="10" bec="0" bev="0" fileid="1" />
                <SequencePoint vc="0" uspid="15" ordinal="1" offset="1" sl="60" sc="13" el="60" ec="29" bec="0" bev="0" fileid="1" />
                <SequencePoint vc="0" uspid="16" ordinal="2" offset="14" sl="61" sc="13" el="61" ec="32" bec="0" bev="0" fileid="1" />
                <SequencePoint vc="0" uspid="17" ordinal="3" offset="26" sl="62" sc="13" el="62" ec="31" bec="0" bev="0" fileid="1" />
                <SequencePoint vc="0" uspid="18" ordinal="4" offset="38" sl="63" sc="9" el="63" ec="10" bec="0" bev="0" fileid="1" />
              </SequencePoints>
              <BranchPoints />
              <MethodPoint xsi:type="SequencePoint" vc="0" uspid="14" ordinal="0" offset="0" sl="59" sc="9" el="59" ec="10" bec="0" bev="0" fileid="1" />
            </Method>
            <Method visited="false" cyclomaticComplexity="2" nPathComplexity="2" sequenceCoverage="0" branchCoverage="0" crapScore="6" isConstructor="false" isStatic="false" isGetter="false" isSetter="false">
              <Summary numSequencePoints="7" visitedSequencePoints="0" numBranchPoints="3" visitedBranchPoints="0" sequenceCoverage="0" branchCoverage="0" maxCyclomaticComplexity="2" minCyclomaticComplexity="2" maxCrapScore="6" minCrapScore="6" visitedClasses="0" numClasses="0" visitedMethods="0" numMethods="1" />
              <MetadataToken>100663300</MetadataToken>
              <Name>System.Void MainFormUITest.Robot::SwitchTo(System.String)</Name>
              <FileRef uid="1" />
              <SequencePoints>
                <SequencePoint vc="0" uspid="19" ordinal="0" offset="0" sl="67" sc="9" el="67" ec="10" bec="0" bev="0" fileid="1" />
                <SequencePoint vc="0" uspid="20" ordinal="1" offset="1" sl="68" sc="13" el="68" ec="54" bec="2" bev="0" fileid="1" />
                <SequencePoint vc="0" uspid="21" ordinal="2" offset="17" sl="69" sc="17" el="69" ec="69" bec="0" bev="0" fileid="1" />
                <SequencePoint vc="0" uspid="22" ordinal="3" offset="48" sl="71" sc="13" el="71" ec="14" bec="0" bev="0" fileid="1" />
                <SequencePoint vc="0" uspid="23" ordinal="4" offset="49" sl="72" sc="17" el="72" ec="43" bec="0" bev="0" fileid="1" />
                <SequencePoint vc="0" uspid="24" ordinal="5" offset="57" sl="73" sc="13" el="73" ec="14" bec="0" bev="0" fileid="1" />
                <SequencePoint vc="0" uspid="25" ordinal="6" offset="58" sl="74" sc="9" el="74" ec="10" bec="0" bev="0" fileid="1" />
              </SequencePoints>
              <BranchPoints>
                <BranchPoint vc="0" uspid="26" ordinal="0" offset="15" sl="68" path="0" offsetend="17" fileid="1" />
                <BranchPoint vc="0" uspid="27" ordinal="1" offset="15" sl="68" path="1" offsetend="48" fileid="1" />
              </BranchPoints>
              <MethodPoint xsi:type="SequencePoint" vc="0" uspid="19" ordinal="0" offset="0" sl="67" sc="9" el="67" ec="10" bec="0" bev="0" fileid="1" />
            </Method>
            <Method visited="false" cyclomaticComplexity="3" nPathComplexity="0" sequenceCoverage="0" branchCoverage="0" crapScore="12" isConstructor="false" isStatic="false" isGetter="false" isSetter="false">
              <Summary numSequencePoints="16" visitedSequencePoints="0" numBranchPoints="1" visitedBranchPoints="0" sequenceCoverage="0" branchCoverage="0" maxCyclomaticComplexity="3" minCyclomaticComplexity="3" maxCrapScore="12" minCrapScore="12" visitedClasses="0" numClasses="0" visitedMethods="0" numMethods="1" />
              <MetadataToken>100663301</MetadataToken>
              <Name>System.Void MainFormUITest.Robot::ToolForSwitchTo(System.String)</Name>
              <FileRef uid="1" />
              <SequencePoints>
                <SequencePoint vc="0" uspid="28" ordinal="0" offset="0" sl="78" sc="9" el="78" ec="10" bec="0" bev="0" fileid="1" />
                <SequencePoint vc="0" uspid="29" ordinal="1" offset="1" sl="79" sc="13" el="79" ec="20" bec="0" bev="0" fileid="1" />
                <SequencePoint vc="0" uspid="30" ordinal="2" offset="2" sl="79" sc="42" el="79" ec="63" bec="0" bev="0" fileid="1" />
                <SequencePoint vc="0" uspid="31" ordinal="3" offset="21" sl="79" sc="22" el="79" ec="38" bec="0" bev="0" fileid="1" />
                <SequencePoint vc="0" uspid="32" ordinal="4" offset="28" sl="80" sc="13" el="80" ec="14" bec="0" bev="0" fileid="1" />
                <SequencePoint vc="0" uspid="33" ordinal="5" offset="29" sl="81" sc="17" el="81" ec="57" bec="0" bev="0" fileid="1" />
                <SequencePoint vc="0" uspid="34" ordinal="6" offset="47" sl="83" sc="17" el="83" ec="18" bec="0" bev="0" fileid="1" />
                <SequencePoint vc="0" uspid="35" ordinal="7" offset="48" sl="84" sc="21" el="84" ec="68" bec="0" bev="0" fileid="1" />
                <SequencePoint vc="0" uspid="36" ordinal="8" offset="61" sl="85" sc="21" el="85" ec="64" bec="0" bev="0" fileid="1" />
                <SequencePoint vc="0" uspid="37" ordinal="9" offset="75" sl="86" sc="21" el="86" ec="28" bec="0" bev="0" fileid="1" />
                <SequencePoint vc="0" uspid="38" ordinal="10" offset="77" sl="88" sc="17" el="88" ec="22" bec="0" bev="0" fileid="1" />
                <SequencePoint vc="0" uspid="39" ordinal="11" offset="78" sl="89" sc="17" el="89" ec="18" bec="0" bev="0" fileid="1" />
                <SequencePoint vc="0" uspid="40" ordinal="12" offset="79" sl="90" sc="17" el="90" ec="18" bec="0" bev="0" fileid="1" />
                <SequencePoint vc="0" uspid="41" ordinal="13" offset="82" sl="91" sc="13" el="91" ec="14" bec="0" bev="0" fileid="1" />
                <SequencePoint vc="0" uspid="42" ordinal="14" offset="83" sl="79" sc="39" el="79" ec="41" bec="0" bev="0" fileid="1" />
                <SequencePoint vc="0" uspid="43" ordinal="15" offset="104" sl="92" sc="9" el="92" ec="10" bec="0" bev="0" fileid="1" />
              </SequencePoints>
              <BranchPoints />
              <MethodPoint xsi:type="SequencePoint" vc="0" uspid="28" ordinal="0" offset="0" sl="78" sc="9" el="78" ec="10" bec="0" bev="0" fileid="1" />
            </Method>
            <Method visited="false" cyclomaticComplexity="1" nPathComplexity="0" sequenceCoverage="0" branchCoverage="0" crapScore="2" isConstructor="false" isStatic="false" isGetter="false" isSetter="false">
              <Summary numSequencePoints="3" visitedSequencePoints="0" numBranchPoints="1" visitedBranchPoints="0" sequenceCoverage="0" branchCoverage="0" maxCyclomaticComplexity="1" minCyclomaticComplexity="1" maxCrapScore="2" minCrapScore="2" visitedClasses="0" numClasses="0" visitedMethods="0" numMethods="1" />
              <MetadataToken>100663302</MetadataToken>
              <Name>System.Void MainFormUITest.Robot::Sleep(System.Double)</Name>
              <FileRef uid="1" />
              <SequencePoints>
                <SequencePoint vc="0" uspid="46" ordinal="0" offset="0" sl="96" sc="9" el="96" ec="10" bec="0" bev="0" fileid="1" />
                <SequencePoint vc="0" uspid="47" ordinal="1" offset="1" sl="97" sc="13" el="97" ec="54" bec="0" bev="0" fileid="1" />
                <SequencePoint vc="0" uspid="48" ordinal="2" offset="13" sl="98" sc="9" el="98" ec="10" bec="0" bev="0" fileid="1" />
              </SequencePoints>
              <BranchPoints />
              <MethodPoint xsi:type="SequencePoint" vc="0" uspid="46" ordinal="0" offset="0" sl="96" sc="9" el="96" ec="10" bec="0" bev="0" fileid="1" />
            </Method>
            <Method visited="false" cyclomaticComplexity="1" nPathComplexity="0" sequenceCoverage="0" branchCoverage="0" crapScore="2" isConstructor="false" isStatic="false" isGetter="false" isSetter="false">
              <Summary numSequencePoints="3" visitedSequencePoints="0" numBranchPoints="1" visitedBranchPoints="0" sequenceCoverage="0" branchCoverage="0" maxCyclomaticComplexity="1" minCyclomaticComplexity="1" maxCrapScore="2" minCrapScore="2" visitedClasses="0" numClasses="0" visitedMethods="0" numMethods="1" />
              <MetadataToken>100663303</MetadataToken>
              <Name>System.Void MainFormUITest.Robot::ClickButton(System.String)</Name>
              <FileRef uid="1" />
              <SequencePoints>
                <SequencePoint vc="0" uspid="49" ordinal="0" offset="0" sl="102" sc="9" el="102" ec="10" bec="0" bev="0" fileid="1" />
                <SequencePoint vc="0" uspid="50" ordinal="1" offset="1" sl="103" sc="13" el="103" ec="53" bec="0" bev="0" fileid="1" />
                <SequencePoint vc="0" uspid="51" ordinal="2" offset="19" sl="104" sc="9" el="104" ec="10" bec="0" bev="0" fileid="1" />
              </SequencePoints>
              <BranchPoints />
              <MethodPoint xsi:type="SequencePoint" vc="0" uspid="49" ordinal="0" offset="0" sl="102" sc="9" el="102" ec="10" bec="0" bev="0" fileid="1" />
            </Method>
            <Method visited="false" cyclomaticComplexity="4" nPathComplexity="2" sequenceCoverage="0" branchCoverage="0" crapScore="20" isConstructor="false" isStatic="false" isGetter="false" isSetter="false">
              <Summary numSequencePoints="11" visitedSequencePoints="0" numBranchPoints="3" visitedBranchPoints="0" sequenceCoverage="0" branchCoverage="0" maxCyclomaticComplexity="4" minCyclomaticComplexity="4" maxCrapScore="20" minCrapScore="20" visitedClasses="0" numClasses="0" visitedMethods="0" numMethods="1" />
              <MetadataToken>100663304</MetadataToken>
              <Name>System.Void MainFormUITest.Robot::ClickTabControl(System.String)</Name>
              <FileRef uid="1" />
              <SequencePoints>
                <SequencePoint vc="0" uspid="52" ordinal="0" offset="0" sl="108" sc="9" el="108" ec="10" bec="0" bev="0" fileid="1" />
                <SequencePoint vc="0" uspid="53" ordinal="1" offset="1" sl="110" sc="13" el="110" ec="61" bec="0" bev="0" fileid="1" />
                <SequencePoint vc="0" uspid="54" ordinal="2" offset="14" sl="111" sc="13" el="111" ec="20" bec="0" bev="0" fileid="1" />
                <SequencePoint vc="0" uspid="55" ordinal="3" offset="15" sl="111" sc="37" el="111" ec="45" bec="0" bev="0" fileid="1" />
                <SequencePoint vc="0" uspid="56" ordinal="4" offset="24" sl="111" sc="22" el="111" ec="33" bec="0" bev="0" fileid="1" />
                <SequencePoint vc="0" uspid="57" ordinal="5" offset="31" sl="112" sc="13" el="112" ec="14" bec="0" bev="0" fileid="1" />
                <SequencePoint vc="0" uspid="58" ordinal="6" offset="32" sl="113" sc="17" el="113" ec="49" bec="2" bev="0" fileid="1" />
                <SequencePoint vc="0" uspid="59" ordinal="7" offset="52" sl="114" sc="21" el="114" ec="37" bec="0" bev="0" fileid="1" />
                <SequencePoint vc="0" uspid="60" ordinal="8" offset="59" sl="115" sc="13" el="115" ec="14" bec="0" bev="0" fileid="1" />
                <SequencePoint vc="0" uspid="61" ordinal="9" offset="60" sl="111" sc="34" el="111" ec="36" bec="0" bev="0" fileid="1" />
                <SequencePoint vc="0" uspid="62" ordinal="10" offset="81" sl="116" sc="9" el="116" ec="10" bec="0" bev="0" fileid="1" />
              </SequencePoints>
              <BranchPoints>
                <BranchPoint vc="0" uspid="63" ordinal="0" offset="50" sl="113" path="0" offsetend="52" fileid="1" />
                <BranchPoint vc="0" uspid="64" ordinal="1" offset="50" sl="113" path="1" offsetend="59" fileid="1" />
              </BranchPoints>
              <MethodPoint xsi:type="SequencePoint" vc="0" uspid="52" ordinal="0" offset="0" sl="108" sc="9" el="108" ec="10" bec="0" bev="0" fileid="1" />
            </Method>
            <Method visited="false" cyclomaticComplexity="1" nPathComplexity="0" sequenceCoverage="0" branchCoverage="0" crapScore="2" isConstructor="false" isStatic="false" isGetter="false" isSetter="false">
              <Summary numSequencePoints="3" visitedSequencePoints="0" numBranchPoints="1" visitedBranchPoints="0" sequenceCoverage="0" branchCoverage="0" maxCyclomaticComplexity="1" minCyclomaticComplexity="1" maxCrapScore="2" minCrapScore="2" visitedClasses="0" numClasses="0" visitedMethods="0" numMethods="1" />
              <MetadataToken>100663305</MetadataToken>
              <Name>System.Void MainFormUITest.Robot::CloseWindow()</Name>
              <FileRef uid="1" />
              <SequencePoints>
                <SequencePoint vc="0" uspid="67" ordinal="0" offset="0" sl="120" sc="9" el="120" ec="10" bec="0" bev="0" fileid="1" />
                <SequencePoint vc="0" uspid="68" ordinal="1" offset="1" sl="122" sc="13" el="122" ec="38" bec="0" bev="0" fileid="1" />
                <SequencePoint vc="0" uspid="69" ordinal="2" offset="12" sl="123" sc="9" el="123" ec="10" bec="0" bev="0" fileid="1" />
              </SequencePoints>
              <BranchPoints />
              <MethodPoint xsi:type="SequencePoint" vc="0" uspid="67" ordinal="0" offset="0" sl="120" sc="9" el="120" ec="10" bec="0" bev="0" fileid="1" />
            </Method>
            <Method visited="false" cyclomaticComplexity="1" nPathComplexity="0" sequenceCoverage="0" branchCoverage="0" crapScore="2" isConstructor="false" isStatic="false" isGetter="false" isSetter="false">
              <Summary numSequencePoints="3" visitedSequencePoints="0" numBranchPoints="1" visitedBranchPoints="0" sequenceCoverage="0" branchCoverage="0" maxCyclomaticComplexity="1" minCyclomaticComplexity="1" maxCrapScore="2" minCrapScore="2" visitedClasses="0" numClasses="0" visitedMethods="0" numMethods="1" />
              <MetadataToken>100663306</MetadataToken>
              <Name>System.Void MainFormUITest.Robot::CloseMessageBox()</Name>
              <FileRef uid="1" />
              <SequencePoints>
                <SequencePoint vc="0" uspid="70" ordinal="0" offset="0" sl="127" sc="9" el="127" ec="10" bec="0" bev="0" fileid="1" />
                <SequencePoint vc="0" uspid="71" ordinal="1" offset="1" sl="129" sc="13" el="129" ec="53" bec="0" bev="0" fileid="1" />
                <SequencePoint vc="0" uspid="72" ordinal="2" offset="23" sl="130" sc="9" el="130" ec="10" bec="0" bev="0" fileid="1" />
              </SequencePoints>
              <BranchPoints />
              <MethodPoint xsi:type="SequencePoint" vc="0" uspid="70" ordinal="0" offset="0" sl="127" sc="9" el="127" ec="10" bec="0" bev="0" fileid="1" />
            </Method>
            <Method visited="false" cyclomaticComplexity="1" nPathComplexity="0" sequenceCoverage="0" branchCoverage="0" crapScore="2" isConstructor="false" isStatic="false" isGetter="false" isSetter="false">
              <Summary numSequencePoints="4" visitedSequencePoints="0" numBranchPoints="1" visitedBranchPoints="0" sequenceCoverage="0" branchCoverage="0" maxCyclomaticComplexity="1" minCyclomaticComplexity="1" maxCrapScore="2" minCrapScore="2" visitedClasses="0" numClasses="0" visitedMethods="0" numMethods="1" />
              <MetadataToken>100663307</MetadataToken>
              <Name>System.Void MainFormUITest.Robot::ClickDataGridViewCellBy(System.Int32,System.String)</Name>
              <FileRef uid="1" />
              <SequencePoints>
                <SequencePoint vc="0" uspid="73" ordinal="0" offset="0" sl="134" sc="9" el="134" ec="10" bec="0" bev="0" fileid="1" />
                <SequencePoint vc="0" uspid="74" ordinal="1" offset="1" sl="136" sc="13" el="136" ec="134" bec="0" bev="0" fileid="1" />
                <SequencePoint vc="0" uspid="75" ordinal="2" offset="36" sl="137" sc="13" el="137" ec="38" bec="0" bev="0" fileid="1" />
                <SequencePoint vc="0" uspid="76" ordinal="3" offset="43" sl="138" sc="9" el="138" ec="10" bec="0" bev="0" fileid="1" />
              </SequencePoints>
              <BranchPoints />
              <MethodPoint xsi:type="SequencePoint" vc="0" uspid="73" ordinal="0" offset="0" sl="134" sc="9" el="134" ec="10" bec="0" bev="0" fileid="1" />
            </Method>
            <Method visited="false" cyclomaticComplexity="1" nPathComplexity="0" sequenceCoverage="0" branchCoverage="0" crapScore="2" isConstructor="false" isStatic="false" isGetter="false" isSetter="false">
              <Summary numSequencePoints="4" visitedSequencePoints="0" numBranchPoints="1" visitedBranchPoints="0" sequenceCoverage="0" branchCoverage="0" maxCyclomaticComplexity="1" minCyclomaticComplexity="1" maxCrapScore="2" minCrapScore="2" visitedClasses="0" numClasses="0" visitedMethods="0" numMethods="1" />
              <MetadataToken>100663308</MetadataToken>
              <Name>System.Void MainFormUITest.Robot::AssertEnable(System.String,System.Boolean)</Name>
              <FileRef uid="1" />
              <SequencePoints>
                <SequencePoint vc="0" uspid="77" ordinal="0" offset="0" sl="142" sc="9" el="142" ec="10" bec="0" bev="0" fileid="1" />
                <SequencePoint vc="0" uspid="78" ordinal="1" offset="1" sl="143" sc="13" el="143" ec="70" bec="0" bev="0" fileid="1" />
                <SequencePoint vc="0" uspid="79" ordinal="2" offset="14" sl="144" sc="13" el="144" ec="53" bec="0" bev="0" fileid="1" />
                <SequencePoint vc="0" uspid="80" ordinal="3" offset="27" sl="145" sc="9" el="145" ec="10" bec="0" bev="0" fileid="1" />
              </SequencePoints>
              <BranchPoints />
              <MethodPoint xsi:type="SequencePoint" vc="0" uspid="77" ordinal="0" offset="0" sl="142" sc="9" el="142" ec="10" bec="0" bev="0" fileid="1" />
            </Method>
            <Method visited="false" cyclomaticComplexity="1" nPathComplexity="0" sequenceCoverage="0" branchCoverage="0" crapScore="2" isConstructor="false" isStatic="false" isGetter="false" isSetter="false">
              <Summary numSequencePoints="4" visitedSequencePoints="0" numBranchPoints="1" visitedBranchPoints="0" sequenceCoverage="0" branchCoverage="0" maxCyclomaticComplexity="1" minCyclomaticComplexity="1" maxCrapScore="2" minCrapScore="2" visitedClasses="0" numClasses="0" visitedMethods="0" numMethods="1" />
              <MetadataToken>100663309</MetadataToken>
              <Name>System.Void MainFormUITest.Robot::AssertText(System.String,System.String)</Name>
              <FileRef uid="1" />
              <SequencePoints>
                <SequencePoint vc="0" uspid="81" ordinal="0" offset="0" sl="149" sc="9" el="149" ec="10" bec="0" bev="0" fileid="1" />
                <SequencePoint vc="0" uspid="82" ordinal="1" offset="1" sl="150" sc="13" el="150" ec="81" bec="0" bev="0" fileid="1" />
                <SequencePoint vc="0" uspid="83" ordinal="2" offset="14" sl="151" sc="13" el="151" ec="49" bec="0" bev="0" fileid="1" />
                <SequencePoint vc="0" uspid="84" ordinal="3" offset="27" sl="152" sc="9" el="152" ec="10" bec="0" bev="0" fileid="1" />
              </SequencePoints>
              <BranchPoints />
              <MethodPoint xsi:type="SequencePoint" vc="0" uspid="81" ordinal="0" offset="0" sl="149" sc="9" el="149" ec="10" bec="0" bev="0" fileid="1" />
            </Method>
            <Method visited="false" cyclomaticComplexity="2" nPathComplexity="2" sequenceCoverage="0" branchCoverage="0" crapScore="6" isConstructor="false" isStatic="false" isGetter="false" isSetter="false">
              <Summary numSequencePoints="10" visitedSequencePoints="0" numBranchPoints="3" visitedBranchPoints="0" sequenceCoverage="0" branchCoverage="0" maxCyclomaticComplexity="2" minCyclomaticComplexity="2" maxCrapScore="6" minCrapScore="6" visitedClasses="0" numClasses="0" visitedMethods="0" numMethods="1" />
              <MetadataToken>100663310</MetadataToken>
              <Name>System.Void MainFormUITest.Robot::AssertDataGridViewRowDataBy(System.String,System.Int32,System.String[])</Name>
              <FileRef uid="1" />
              <SequencePoints>
                <SequencePoint vc="0" uspid="85" ordinal="0" offset="0" sl="156" sc="9" el="156" ec="10" bec="0" bev="0" fileid="1" />
                <SequencePoint vc="0" uspid="86" ordinal="1" offset="1" sl="157" sc="13" el="157" ec="75" bec="0" bev="0" fileid="1" />
                <SequencePoint vc="0" uspid="87" ordinal="2" offset="14" sl="158" sc="13" el="158" ec="134" bec="0" bev="0" fileid="1" />
                <SequencePoint vc="0" uspid="88" ordinal="3" offset="48" sl="161" sc="18" el="161" ec="27" bec="0" bev="0" fileid="1" />
                <SequencePoint vc="0" uspid="89" ordinal="4" offset="52" sl="162" sc="13" el="162" ec="14" bec="0" bev="0" fileid="1" />
                <SequencePoint vc="0" uspid="90" ordinal="5" offset="53" sl="163" sc="17" el="163" ec="82" bec="0" bev="0" fileid="1" />
                <SequencePoint vc="0" uspid="91" ordinal="6" offset="91" sl="164" sc="13" el="164" ec="14" bec="0" bev="0" fileid="1" />
                <SequencePoint vc="0" uspid="92" ordinal="7" offset="92" sl="161" sc="49" el="161" ec="52" bec="0" bev="0" fileid="1" />
                <SequencePoint vc="0" uspid="93" ordinal="8" offset="96" sl="161" sc="29" el="161" ec="47" bec="2" bev="0" fileid="1" />
                <SequencePoint vc="0" uspid="94" ordinal="9" offset="109" sl="165" sc="9" el="165" ec="10" bec="0" bev="0" fileid="1" />
              </SequencePoints>
              <BranchPoints>
                <BranchPoint vc="0" uspid="95" ordinal="0" offset="107" sl="161" path="0" offsetend="109" fileid="1" />
                <BranchPoint vc="0" uspid="96" ordinal="1" offset="107" sl="161" path="1" offsetend="52" fileid="1" />
              </BranchPoints>
              <MethodPoint xsi:type="SequencePoint" vc="0" uspid="85" ordinal="0" offset="0" sl="156" sc="9" el="156" ec="10" bec="0" bev="0" fileid="1" />
            </Method>
            <Method visited="false" cyclomaticComplexity="5" nPathComplexity="16" sequenceCoverage="0" branchCoverage="0" crapScore="30" isConstructor="false" isStatic="false" isGetter="false" isSetter="false">
              <Summary numSequencePoints="15" visitedSequencePoints="0" numBranchPoints="9" visitedBranchPoints="0" sequenceCoverage="0" branchCoverage="0" maxCyclomaticComplexity="5" minCyclomaticComplexity="5" maxCrapScore="30" minCrapScore="30" visitedClasses="0" numClasses="0" visitedMethods="0" numMethods="1" />
              <MetadataToken>100663311</MetadataToken>
              <Name>System.Void MainFormUITest.Robot::AssertDataGridViewRowCountBy(System.String,System.Int32)</Name>
              <FileRef uid="1" />
              <SequencePoints>
                <SequencePoint vc="0" uspid="97" ordinal="0" offset="0" sl="169" sc="9" el="169" ec="10" bec="0" bev="0" fileid="1" />
                <SequencePoint vc="0" uspid="98" ordinal="1" offset="1" sl="170" sc="13" el="170" ec="75" bec="0" bev="0" fileid="1" />
                <SequencePoint vc="0" uspid="99" ordinal="2" offset="14" sl="171" sc="13" el="171" ec="87" bec="0" bev="0" fileid="1" />
                <SequencePoint vc="0" uspid="100" ordinal="3" offset="51" sl="172" sc="13" el="172" ec="76" bec="0" bev="0" fileid="1" />
                <SequencePoint vc="0" uspid="101" ordinal="4" offset="60" sl="176" sc="13" el="176" ec="14" bec="0" bev="0" fileid="1" />
                <SequencePoint vc="0" uspid="102" ordinal="5" offset="61" sl="177" sc="17" el="177" ec="71" bec="0" bev="0" fileid="1" />
                <SequencePoint vc="0" uspid="103" ordinal="6" offset="73" sl="178" sc="13" el="178" ec="14" bec="0" bev="0" fileid="1" />
                <SequencePoint vc="0" uspid="104" ordinal="7" offset="74" sl="175" sc="13" el="175" ec="105" bec="4" bev="0" fileid="1" />
                <SequencePoint vc="0" uspid="105" ordinal="8" offset="120" sl="179" sc="13" el="179" ec="33" bec="2" bev="0" fileid="1" />
                <SequencePoint vc="0" uspid="106" ordinal="9" offset="133" sl="180" sc="13" el="180" ec="14" bec="0" bev="0" fileid="1" />
                <SequencePoint vc="0" uspid="107" ordinal="10" offset="134" sl="181" sc="17" el="181" ec="105" bec="0" bev="0" fileid="1" />
                <SequencePoint vc="0" uspid="108" ordinal="11" offset="152" sl="183" sc="17" el="183" ec="41" bec="2" bev="0" fileid="1" />
                <SequencePoint vc="0" uspid="109" ordinal="12" offset="163" sl="184" sc="21" el="184" ec="77" bec="0" bev="0" fileid="1" />
                <SequencePoint vc="0" uspid="110" ordinal="13" offset="186" sl="185" sc="13" el="185" ec="14" bec="0" bev="0" fileid="1" />
                <SequencePoint vc="0" uspid="111" ordinal="14" offset="187" sl="186" sc="9" el="186" ec="10" bec="0" bev="0" fileid="1" />
              </SequencePoints>
              <BranchPoints>
                <BranchPoint vc="0" uspid="112" ordinal="0" offset="81" sl="175" path="0" offsetend="83" fileid="1" />
                <BranchPoint vc="0" uspid="113" ordinal="1" offset="81" sl="175" path="1" offsetend="113" fileid="1" />
                <BranchPoint vc="0" uspid="114" ordinal="2" offset="118" sl="175" path="0" offsetend="120" fileid="1" />
                <BranchPoint vc="0" uspid="115" ordinal="3" offset="118" sl="175" path="1" offsetend="60" fileid="1" />
                <BranchPoint vc="0" uspid="116" ordinal="4" offset="131" sl="179" path="0" offsetend="133" fileid="1" />
                <BranchPoint vc="0" uspid="117" ordinal="5" offset="131" sl="179" path="1" offsetend="187" fileid="1" />
                <BranchPoint vc="0" uspid="118" ordinal="6" offset="161" sl="183" path="0" offsetend="163" fileid="1" />
                <BranchPoint vc="0" uspid="119" ordinal="7" offset="161" sl="183" path="1" offsetend="186" fileid="1" />
              </BranchPoints>
              <MethodPoint xsi:type="SequencePoint" vc="0" uspid="97" ordinal="0" offset="0" sl="169" sc="9" el="169" ec="10" bec="0" bev="0" fileid="1" />
            </Method>
            <Method visited="false" cyclomaticComplexity="1" nPathComplexity="0" sequenceCoverage="0" branchCoverage="0" crapScore="2" isConstructor="false" isStatic="false" isGetter="false" isSetter="false">
              <Summary numSequencePoints="3" visitedSequencePoints="0" numBranchPoints="1" visitedBranchPoints="0" sequenceCoverage="0" branchCoverage="0" maxCyclomaticComplexity="1" minCyclomaticComplexity="1" maxCrapScore="2" minCrapScore="2" visitedClasses="0" numClasses="0" visitedMethods="0" numMethods="1" />
              <MetadataToken>100663312</MetadataToken>
              <Name>System.Void MainFormUITest.Robot::ClickOnName(System.String)</Name>
              <FileRef uid="1" />
              <SequencePoints>
                <SequencePoint vc="0" uspid="120" ordinal="0" offset="0" sl="190" sc="9" el="190" ec="10" bec="0" bev="0" fileid="1" />
                <SequencePoint vc="0" uspid="121" ordinal="1" offset="1" sl="191" sc="13" el="191" ec="53" bec="0" bev="0" fileid="1" />
                <SequencePoint vc="0" uspid="122" ordinal="2" offset="19" sl="192" sc="9" el="192" ec="10" bec="0" bev="0" fileid="1" />
              </SequencePoints>
              <BranchPoints />
              <MethodPoint xsi:type="SequencePoint" vc="0" uspid="120" ordinal="0" offset="0" sl="190" sc="9" el="190" ec="10" bec="0" bev="0" fileid="1" />
            </Method>
            <Method visited="false" cyclomaticComplexity="1" nPathComplexity="0" sequenceCoverage="0" branchCoverage="0" crapScore="2" isConstructor="false" isStatic="false" isGetter="false" isSetter="false">
              <Summary numSequencePoints="11" visitedSequencePoints="0" numBranchPoints="1" visitedBranchPoints="0" sequenceCoverage="0" branchCoverage="0" maxCyclomaticComplexity="1" minCyclomaticComplexity="1" maxCrapScore="2" minCrapScore="2" visitedClasses="0" numClasses="0" visitedMethods="0" numMethods="1" />
              <MetadataToken>100663313</MetadataToken>
              <Name>System.Void MainFormUITest.Robot::DragAndDrop(System.String,System.Tuple`2&lt;System.Int32,System.Int32&gt;,System.Tuple`2&lt;System.Int32,System.Int32&gt;)</Name>
              <FileRef uid="1" />
              <SequencePoints>
                <SequencePoint vc="0" uspid="123" ordinal="0" offset="0" sl="196" sc="9" el="196" ec="10" bec="0" bev="0" fileid="1" />
                <SequencePoint vc="0" uspid="124" ordinal="1" offset="1" sl="197" sc="13" el="197" ec="70" bec="0" bev="0" fileid="1" />
                <SequencePoint vc="0" uspid="125" ordinal="2" offset="14" sl="198" sc="13" el="198" ec="47" bec="0" bev="0" fileid="1" />
                <SequencePoint vc="0" uspid="126" ordinal="3" offset="26" sl="199" sc="13" el="199" ec="43" bec="0" bev="0" fileid="1" />
                <SequencePoint vc="0" uspid="127" ordinal="4" offset="34" sl="200" sc="13" el="200" ec="69" bec="0" bev="0" fileid="1" />
                <SequencePoint vc="0" uspid="128" ordinal="5" offset="53" sl="201" sc="13" el="201" ec="35" bec="0" bev="0" fileid="1" />
                <SequencePoint vc="0" uspid="129" ordinal="6" offset="60" sl="202" sc="13" el="202" ec="113" bec="0" bev="0" fileid="1" />
                <SequencePoint vc="0" uspid="130" ordinal="7" offset="93" sl="203" sc="13" el="203" ec="30" bec="0" bev="0" fileid="1" />
                <SequencePoint vc="0" uspid="131" ordinal="8" offset="100" sl="204" sc="13" el="204" ec="28" bec="0" bev="0" fileid="1" />
                <SequencePoint vc="0" uspid="132" ordinal="9" offset="107" sl="205" sc="13" el="205" ec="30" bec="0" bev="0" fileid="1" />
                <SequencePoint vc="0" uspid="133" ordinal="10" offset="114" sl="206" sc="9" el="206" ec="10" bec="0" bev="0" fileid="1" />
              </SequencePoints>
              <BranchPoints />
              <MethodPoint xsi:type="SequencePoint" vc="0" uspid="123" ordinal="0" offset="0" sl="196" sc="9" el="196" ec="10" bec="0" bev="0" fileid="1" />
            </Method>
            <Method visited="false" cyclomaticComplexity="1" nPathComplexity="0" sequenceCoverage="0" branchCoverage="0" crapScore="2" isConstructor="false" isStatic="false" isGetter="false" isSetter="false">
              <Summary numSequencePoints="9" visitedSequencePoints="0" numBranchPoints="1" visitedBranchPoints="0" sequenceCoverage="0" branchCoverage="0" maxCyclomaticComplexity="1" minCyclomaticComplexity="1" maxCrapScore="2" minCrapScore="2" visitedClasses="0" numClasses="0" visitedMethods="0" numMethods="1" />
              <MetadataToken>100663314</MetadataToken>
              <Name>System.Void MainFormUITest.Robot::ClickOnPoint(System.String,System.Tuple`2&lt;System.Int32,System.Int32&gt;)</Name>
              <FileRef uid="1" />
              <SequencePoints>
                <SequencePoint vc="0" uspid="134" ordinal="0" offset="0" sl="210" sc="9" el="210" ec="10" bec="0" bev="0" fileid="1" />
                <SequencePoint vc="0" uspid="135" ordinal="1" offset="1" sl="211" sc="13" el="211" ec="70" bec="0" bev="0" fileid="1" />
                <SequencePoint vc="0" uspid="136" ordinal="2" offset="14" sl="212" sc="13" el="212" ec="47" bec="0" bev="0" fileid="1" />
                <SequencePoint vc="0" uspid="137" ordinal="3" offset="26" sl="213" sc="13" el="213" ec="43" bec="0" bev="0" fileid="1" />
                <SequencePoint vc="0" uspid="138" ordinal="4" offset="34" sl="214" sc="13" el="214" ec="59" bec="0" bev="0" fileid="1" />
                <SequencePoint vc="0" uspid="139" ordinal="5" offset="53" sl="215" sc="13" el="215" ec="28" bec="0" bev="0" fileid="1" />
                <SequencePoint vc="0" uspid="140" ordinal="6" offset="60" sl="216" sc="13" el="216" ec="28" bec="0" bev="0" fileid="1" />
                <SequencePoint vc="0" uspid="141" ordinal="7" offset="67" sl="217" sc="13" el="217" ec="30" bec="0" bev="0" fileid="1" />
                <SequencePoint vc="0" uspid="142" ordinal="8" offset="74" sl="218" sc="9" el="218" ec="10" bec="0" bev="0" fileid="1" />
              </SequencePoints>
              <BranchPoints />
              <MethodPoint xsi:type="SequencePoint" vc="0" uspid="134" ordinal="0" offset="0" sl="210" sc="9" el="210" ec="10" bec="0" bev="0" fileid="1" />
            </Method>
            <Method visited="false" cyclomaticComplexity="2" nPathComplexity="2" sequenceCoverage="0" branchCoverage="0" crapScore="6" isConstructor="false" isStatic="false" isGetter="false" isSetter="false">
              <Summary numSequencePoints="7" visitedSequencePoints="0" numBranchPoints="3" visitedBranchPoints="0" sequenceCoverage="0" branchCoverage="0" maxCyclomaticComplexity="2" minCyclomaticComplexity="2" maxCrapScore="6" minCrapScore="6" visitedClasses="0" numClasses="0" visitedMethods="0" numMethods="1" />
              <MetadataToken>100663315</MetadataToken>
              <Name>System.Boolean MainFormUITest.Robot::AssertPoint(System.String,System.Tuple`2&lt;System.Int32,System.Int32&gt;,System.Tuple`2&lt;System.Int32,System.Int32&gt;,System.String)</Name>
              <FileRef uid="1" />
              <SequencePoints>
                <SequencePoint vc="0" uspid="143" ordinal="0" offset="0" sl="222" sc="9" el="222" ec="10" bec="0" bev="0" fileid="1" />
                <SequencePoint vc="0" uspid="144" ordinal="1" offset="1" sl="224" sc="13" el="224" ec="75" bec="0" bev="0" fileid="1" />
                <SequencePoint vc="0" uspid="145" ordinal="2" offset="19" sl="225" sc="13" el="225" ec="66" bec="2" bev="0" fileid="1" />
                <SequencePoint vc="0" uspid="146" ordinal="3" offset="34" sl="226" sc="13" el="226" ec="14" bec="0" bev="0" fileid="1" />
                <SequencePoint vc="0" uspid="147" ordinal="4" offset="35" sl="227" sc="17" el="227" ec="29" bec="0" bev="0" fileid="1" />
                <SequencePoint vc="0" uspid="148" ordinal="5" offset="39" sl="229" sc="13" el="229" ec="26" bec="0" bev="0" fileid="1" />
                <SequencePoint vc="0" uspid="149" ordinal="6" offset="43" sl="230" sc="9" el="230" ec="10" bec="0" bev="0" fileid="1" />
              </SequencePoints>
              <BranchPoints>
                <BranchPoint vc="0" uspid="150" ordinal="0" offset="32" sl="225" path="0" offsetend="34" fileid="1" />
                <BranchPoint vc="0" uspid="151" ordinal="1" offset="32" sl="225" path="1" offsetend="39" fileid="1" />
              </BranchPoints>
              <MethodPoint xsi:type="SequencePoint" vc="0" uspid="143" ordinal="0" offset="0" sl="222" sc="9" el="222" ec="10" bec="0" bev="0" fileid="1" />
            </Method>
            <Method visited="false" cyclomaticComplexity="16" nPathComplexity="32768" sequenceCoverage="0" branchCoverage="0" crapScore="272" isConstructor="false" isStatic="false" isGetter="false" isSetter="false">
              <Summary numSequencePoints="3" visitedSequencePoints="0" numBranchPoints="31" visitedBranchPoints="0" sequenceCoverage="0" branchCoverage="0" maxCyclomaticComplexity="16" minCyclomaticComplexity="16" maxCrapScore="272" minCrapScore="272" visitedClasses="0" numClasses="0" visitedMethods="0" numMethods="1" />
              <MetadataToken>100663316</MetadataToken>
              <Name>System.Boolean MainFormUITest.Robot::IsNearPoint(System.String,System.Tuple`2&lt;System.Int32,System.Int32&gt;,System.Tuple`2&lt;System.Int32,System.Int32&gt;,System.String)</Name>
              <FileRef uid="1" />
              <SequencePoints>
                <SequencePoint vc="0" uspid="152" ordinal="0" offset="0" sl="234" sc="9" el="234" ec="10" bec="0" bev="0" fileid="1" />
                <SequencePoint vc="0" uspid="153" ordinal="1" offset="1" sl="235" sc="13" el="250" ec="74" bec="16" bev="0" fileid="1" />
                <SequencePoint vc="0" uspid="154" ordinal="2" offset="2134" sl="251" sc="9" el="251" ec="10" bec="0" bev="0" fileid="1" />
              </SequencePoints>
              <BranchPoints>
                <BranchPoint vc="0" uspid="155" ordinal="0" offset="135" sl="235" path="0" offsetend="140" fileid="1" />
                <BranchPoint vc="0" uspid="156" ordinal="1" offset="135" sl="235" path="1" offsetend="2130" fileid="1" />
                <BranchPoint vc="0" uspid="157" ordinal="2" offset="274" sl="235" path="0" offsetend="279" fileid="1" />
                <BranchPoint vc="0" uspid="158" ordinal="3" offset="274" sl="235" path="1" offsetend="2130" fileid="1" />
                <BranchPoint vc="0" uspid="159" ordinal="4" offset="415" sl="235" path="0" offsetend="420" fileid="1" />
                <BranchPoint vc="0" uspid="160" ordinal="5" offset="415" sl="235" path="1" offsetend="2130" fileid="1" />
                <BranchPoint vc="0" uspid="161" ordinal="6" offset="554" sl="235" path="0" offsetend="559" fileid="1" />
                <BranchPoint vc="0" uspid="162" ordinal="7" offset="554" sl="235" path="1" offsetend="2130" fileid="1" />
                <BranchPoint vc="0" uspid="163" ordinal="8" offset="695" sl="235" path="0" offsetend="700" fileid="1" />
                <BranchPoint vc="0" uspid="164" ordinal="9" offset="695" sl="235" path="1" offsetend="2130" fileid="1" />
                <BranchPoint vc="0" uspid="165" ordinal="10" offset="836" sl="235" path="0" offsetend="841" fileid="1" />
                <BranchPoint vc="0" uspid="166" ordinal="11" offset="836" sl="235" path="1" offsetend="2130" fileid="1" />
                <BranchPoint vc="0" uspid="167" ordinal="12" offset="979" sl="235" path="0" offsetend="984" fileid="1" />
                <BranchPoint vc="0" uspid="168" ordinal="13" offset="979" sl="235" path="1" offsetend="2130" fileid="1" />
                <BranchPoint vc="0" uspid="169" ordinal="14" offset="1118" sl="235" path="0" offsetend="1123" fileid="1" />
                <BranchPoint vc="0" uspid="170" ordinal="15" offset="1118" sl="235" path="1" offsetend="2130" fileid="1" />
                <BranchPoint vc="0" uspid="171" ordinal="16" offset="1259" sl="235" path="0" offsetend="1264" fileid="1" />
                <BranchPoint vc="0" uspid="172" ordinal="17" offset="1259" sl="235" path="1" offsetend="2130" fileid="1" />
                <BranchPoint vc="0" uspid="173" ordinal="18" offset="1400" sl="235" path="0" offsetend="1405" fileid="1" />
                <BranchPoint vc="0" uspid="174" ordinal="19" offset="1400" sl="235" path="1" offsetend="2130" fileid="1" />
                <BranchPoint vc="0" uspid="175" ordinal="20" offset="1543" sl="235" path="0" offsetend="1548" fileid="1" />
                <BranchPoint vc="0" uspid="176" ordinal="21" offset="1543" sl="235" path="1" offsetend="2130" fileid="1" />
                <BranchPoint vc="0" uspid="177" ordinal="22" offset="1684" sl="235" path="0" offsetend="1689" fileid="1" />
                <BranchPoint vc="0" uspid="178" ordinal="23" offset="1684" sl="235" path="1" offsetend="2130" fileid="1" />
                <BranchPoint vc="0" uspid="179" ordinal="24" offset="1827" sl="235" path="0" offsetend="1832" fileid="1" />
                <BranchPoint vc="0" uspid="180" ordinal="25" offset="1827" sl="235" path="1" offsetend="2130" fileid="1" />
                <BranchPoint vc="0" uspid="181" ordinal="26" offset="1970" sl="235" path="0" offsetend="1975" fileid="1" />
                <BranchPoint vc="0" uspid="182" ordinal="27" offset="1970" sl="235" path="1" offsetend="2130" fileid="1" />
                <BranchPoint vc="0" uspid="183" ordinal="28" offset="2115" sl="235" path="0" offsetend="2117" fileid="1" />
                <BranchPoint vc="0" uspid="184" ordinal="29" offset="2115" sl="235" path="1" offsetend="2130" fileid="1" />
              </BranchPoints>
              <MethodPoint xsi:type="SequencePoint" vc="0" uspid="152" ordinal="0" offset="0" sl="234" sc="9" el="234" ec="10" bec="0" bev="0" fileid="1" />
            </Method>
            <Method visited="false" cyclomaticComplexity="16" nPathComplexity="32768" sequenceCoverage="0" branchCoverage="0" crapScore="272" isConstructor="false" isStatic="false" isGetter="false" isSetter="false">
              <Summary numSequencePoints="3" visitedSequencePoints="0" numBranchPoints="31" visitedBranchPoints="0" sequenceCoverage="0" branchCoverage="0" maxCyclomaticComplexity="16" minCyclomaticComplexity="16" maxCrapScore="272" minCrapScore="272" visitedClasses="0" numClasses="0" visitedMethods="0" numMethods="1" />
              <MetadataToken>100663317</MetadataToken>
              <Name>System.Boolean MainFormUITest.Robot::IsNearPointNegitive(System.String,System.Tuple`2&lt;System.Int32,System.Int32&gt;,System.Tuple`2&lt;System.Int32,System.Int32&gt;,System.String)</Name>
              <FileRef uid="1" />
              <SequencePoints>
                <SequencePoint vc="0" uspid="185" ordinal="0" offset="0" sl="255" sc="9" el="255" ec="10" bec="0" bev="0" fileid="1" />
                <SequencePoint vc="0" uspid="186" ordinal="1" offset="1" sl="256" sc="13" el="271" ec="230" bec="16" bev="0" fileid="1" />
                <SequencePoint vc="0" uspid="187" ordinal="2" offset="2258" sl="272" sc="9" el="272" ec="10" bec="0" bev="0" fileid="1" />
              </SequencePoints>
              <BranchPoints>
                <BranchPoint vc="0" uspid="188" ordinal="0" offset="133" sl="256" path="0" offsetend="138" fileid="1" />
                <BranchPoint vc="0" uspid="189" ordinal="1" offset="133" sl="256" path="1" offsetend="2254" fileid="1" />
                <BranchPoint vc="0" uspid="190" ordinal="2" offset="272" sl="256" path="0" offsetend="277" fileid="1" />
                <BranchPoint vc="0" uspid="191" ordinal="3" offset="272" sl="256" path="1" offsetend="2254" fileid="1" />
                <BranchPoint vc="0" uspid="192" ordinal="4" offset="411" sl="256" path="0" offsetend="416" fileid="1" />
                <BranchPoint vc="0" uspid="193" ordinal="5" offset="411" sl="256" path="1" offsetend="2254" fileid="1" />
                <BranchPoint vc="0" uspid="194" ordinal="6" offset="552" sl="256" path="0" offsetend="557" fileid="1" />
                <BranchPoint vc="0" uspid="195" ordinal="7" offset="552" sl="256" path="1" offsetend="2254" fileid="1" />
                <BranchPoint vc="0" uspid="196" ordinal="8" offset="691" sl="256" path="0" offsetend="696" fileid="1" />
                <BranchPoint vc="0" uspid="197" ordinal="9" offset="691" sl="256" path="1" offsetend="2254" fileid="1" />
                <BranchPoint vc="0" uspid="198" ordinal="10" offset="832" sl="256" path="0" offsetend="837" fileid="1" />
                <BranchPoint vc="0" uspid="199" ordinal="11" offset="832" sl="256" path="1" offsetend="2254" fileid="1" />
                <BranchPoint vc="0" uspid="200" ordinal="12" offset="973" sl="256" path="0" offsetend="978" fileid="1" />
                <BranchPoint vc="0" uspid="201" ordinal="13" offset="973" sl="256" path="1" offsetend="2254" fileid="1" />
                <BranchPoint vc="0" uspid="202" ordinal="14" offset="1116" sl="256" path="0" offsetend="1121" fileid="1" />
                <BranchPoint vc="0" uspid="203" ordinal="15" offset="1116" sl="256" path="1" offsetend="2254" fileid="1" />
                <BranchPoint vc="0" uspid="204" ordinal="16" offset="1255" sl="256" path="0" offsetend="1260" fileid="1" />
                <BranchPoint vc="0" uspid="205" ordinal="17" offset="1255" sl="256" path="1" offsetend="2254" fileid="1" />
                <BranchPoint vc="0" uspid="206" ordinal="18" offset="1396" sl="256" path="0" offsetend="1401" fileid="1" />
                <BranchPoint vc="0" uspid="207" ordinal="19" offset="1396" sl="256" path="1" offsetend="2254" fileid="1" />
                <BranchPoint vc="0" uspid="208" ordinal="20" offset="1537" sl="256" path="0" offsetend="1542" fileid="1" />
                <BranchPoint vc="0" uspid="209" ordinal="21" offset="1537" sl="256" path="1" offsetend="2254" fileid="1" />
                <BranchPoint vc="0" uspid="210" ordinal="22" offset="1680" sl="256" path="0" offsetend="1685" fileid="1" />
                <BranchPoint vc="0" uspid="211" ordinal="23" offset="1680" sl="256" path="1" offsetend="2254" fileid="1" />
                <BranchPoint vc="0" uspid="212" ordinal="24" offset="1821" sl="256" path="0" offsetend="1826" fileid="1" />
                <BranchPoint vc="0" uspid="213" ordinal="25" offset="1821" sl="256" path="1" offsetend="2254" fileid="1" />
                <BranchPoint vc="0" uspid="214" ordinal="26" offset="1964" sl="256" path="0" offsetend="1969" fileid="1" />
                <BranchPoint vc="0" uspid="215" ordinal="27" offset="1964" sl="256" path="1" offsetend="2254" fileid="1" />
                <BranchPoint vc="0" uspid="216" ordinal="28" offset="2107" sl="256" path="0" offsetend="2112" fileid="1" />
                <BranchPoint vc="0" uspid="217" ordinal="29" offset="2107" sl="256" path="1" offsetend="2254" fileid="1" />
              </BranchPoints>
              <MethodPoint xsi:type="SequencePoint" vc="0" uspid="185" ordinal="0" offset="0" sl="255" sc="9" el="255" ec="10" bec="0" bev="0" fileid="1" />
            </Method>
          </Methods>
        </Class>
        <Class>
          <Summary numSequencePoints="261" visitedSequencePoints="7" numBranchPoints="10" visitedBranchPoints="2" sequenceCoverage="2.68" branchCoverage="20" maxCyclomaticComplexity="1" minCyclomaticComplexity="1" maxCrapScore="2" minCrapScore="1.00" visitedClasses="1" numClasses="1" visitedMethods="2" numMethods="10" />
          <FullName>MainFormUITest.GUITest.MainFormUITest</FullName>
          <Methods>
            <Method visited="true" cyclomaticComplexity="1" nPathComplexity="0" sequenceCoverage="83.33" branchCoverage="100" crapScore="1.00" isConstructor="false" isStatic="false" isGetter="false" isSetter="false">
              <Summary numSequencePoints="6" visitedSequencePoints="5" numBranchPoints="1" visitedBranchPoints="1" sequenceCoverage="83.33" branchCoverage="100" maxCyclomaticComplexity="1" minCyclomaticComplexity="1" maxCrapScore="1.00" minCrapScore="1.00" visitedClasses="0" numClasses="0" visitedMethods="1" numMethods="1" />
              <MetadataToken>100663318</MetadataToken>
              <Name>System.Void MainFormUITest.GUITest.MainFormUITest::Initialize()</Name>
              <FileRef uid="2" />
              <SequencePoints>
                <SequencePoint vc="4" uspid="218" ordinal="0" offset="0" sl="26" sc="9" el="26" ec="10" bec="0" bev="0" fileid="2" />
                <SequencePoint vc="4" uspid="219" ordinal="1" offset="1" sl="27" sc="13" el="27" ec="45" bec="0" bev="0" fileid="2" />
                <SequencePoint vc="4" uspid="220" ordinal="2" offset="7" sl="28" sc="13" el="28" ec="113" bec="0" bev="0" fileid="2" />
                <SequencePoint vc="4" uspid="221" ordinal="3" offset="33" sl="29" sc="13" el="29" ec="113" bec="0" bev="0" fileid="2" />
                <SequencePoint vc="4" uspid="222" ordinal="4" offset="90" sl="30" sc="13" el="30" ec="61" bec="0" bev="0" fileid="2" />
                <SequencePoint vc="0" uspid="223" ordinal="5" offset="112" sl="31" sc="9" el="31" ec="10" bec="0" bev="0" fileid="2" />
              </SequencePoints>
              <BranchPoints />
              <MethodPoint xsi:type="SequencePoint" vc="4" uspid="218" ordinal="0" offset="0" sl="26" sc="9" el="26" ec="10" bec="0" bev="0" fileid="2" />
            </Method>
            <Method visited="true" cyclomaticComplexity="1" nPathComplexity="0" sequenceCoverage="50" branchCoverage="100" crapScore="1.12" isConstructor="false" isStatic="false" isGetter="false" isSetter="false">
              <Summary numSequencePoints="4" visitedSequencePoints="2" numBranchPoints="1" visitedBranchPoints="1" sequenceCoverage="50" branchCoverage="100" maxCyclomaticComplexity="1" minCyclomaticComplexity="1" maxCrapScore="1.12" minCrapScore="1.12" visitedClasses="0" numClasses="0" visitedMethods="1" numMethods="1" />
              <MetadataToken>100663319</MetadataToken>
              <Name>System.Void MainFormUITest.GUITest.MainFormUITest::Cleanup()</Name>
              <FileRef uid="2" />
              <SequencePoints>
                <SequencePoint vc="4" uspid="224" ordinal="0" offset="0" sl="38" sc="9" el="38" ec="10" bec="0" bev="0" fileid="2" />
                <SequencePoint vc="4" uspid="225" ordinal="1" offset="1" sl="39" sc="13" el="39" ec="29" bec="0" bev="0" fileid="2" />
                <SequencePoint vc="0" uspid="226" ordinal="2" offset="22" sl="40" sc="13" el="40" ec="30" bec="0" bev="0" fileid="2" />
                <SequencePoint vc="0" uspid="227" ordinal="3" offset="34" sl="41" sc="9" el="41" ec="10" bec="0" bev="0" fileid="2" />
              </SequencePoints>
              <BranchPoints />
              <MethodPoint xsi:type="SequencePoint" vc="4" uspid="224" ordinal="0" offset="0" sl="38" sc="9" el="38" ec="10" bec="0" bev="0" fileid="2" />
            </Method>
            <Method visited="false" cyclomaticComplexity="1" nPathComplexity="0" sequenceCoverage="0" branchCoverage="0" crapScore="2" isConstructor="false" isStatic="false" isGetter="false" isSetter="false">
              <Summary numSequencePoints="3" visitedSequencePoints="0" numBranchPoints="1" visitedBranchPoints="0" sequenceCoverage="0" branchCoverage="0" maxCyclomaticComplexity="1" minCyclomaticComplexity="1" maxCrapScore="2" minCrapScore="2" visitedClasses="0" numClasses="0" visitedMethods="0" numMethods="1" />
              <MetadataToken>100663320</MetadataToken>
              <Name>System.Void MainFormUITest.GUITest.MainFormUITest::BasicFunctionTest()</Name>
              <FileRef uid="2" />
              <SequencePoints>
                <SequencePoint vc="0" uspid="228" ordinal="0" offset="0" sl="45" sc="9" el="45" ec="10" bec="0" bev="0" fileid="2" />
                <SequencePoint vc="0" uspid="229" ordinal="1" offset="1" sl="46" sc="13" el="46" ec="38" bec="0" bev="0" fileid="2" />
                <SequencePoint vc="0" uspid="230" ordinal="2" offset="8" sl="47" sc="9" el="47" ec="10" bec="0" bev="0" fileid="2" />
              </SequencePoints>
              <BranchPoints />
              <MethodPoint xsi:type="SequencePoint" vc="0" uspid="228" ordinal="0" offset="0" sl="45" sc="9" el="45" ec="10" bec="0" bev="0" fileid="2" />
            </Method>
            <Method visited="false" cyclomaticComplexity="1" nPathComplexity="0" sequenceCoverage="0" branchCoverage="0" crapScore="2" isConstructor="false" isStatic="false" isGetter="false" isSetter="false">
              <Summary numSequencePoints="3" visitedSequencePoints="0" numBranchPoints="1" visitedBranchPoints="0" sequenceCoverage="0" branchCoverage="0" maxCyclomaticComplexity="1" minCyclomaticComplexity="1" maxCrapScore="2" minCrapScore="2" visitedClasses="0" numClasses="0" visitedMethods="0" numMethods="1" />
              <MetadataToken>100663321</MetadataToken>
              <Name>System.Void MainFormUITest.GUITest.MainFormUITest::MoveShapeTest()</Name>
              <FileRef uid="2" />
              <SequencePoints>
                <SequencePoint vc="0" uspid="231" ordinal="0" offset="0" sl="51" sc="9" el="51" ec="10" bec="0" bev="0" fileid="2" />
                <SequencePoint vc="0" uspid="232" ordinal="1" offset="1" sl="52" sc="13" el="52" ec="34" bec="0" bev="0" fileid="2" />
                <SequencePoint vc="0" uspid="233" ordinal="2" offset="8" sl="53" sc="9" el="53" ec="10" bec="0" bev="0" fileid="2" />
              </SequencePoints>
              <BranchPoints />
              <MethodPoint xsi:type="SequencePoint" vc="0" uspid="231" ordinal="0" offset="0" sl="51" sc="9" el="51" ec="10" bec="0" bev="0" fileid="2" />
            </Method>
            <Method visited="false" cyclomaticComplexity="1" nPathComplexity="0" sequenceCoverage="0" branchCoverage="0" crapScore="2" isConstructor="false" isStatic="false" isGetter="false" isSetter="false">
              <Summary numSequencePoints="3" visitedSequencePoints="0" numBranchPoints="1" visitedBranchPoints="0" sequenceCoverage="0" branchCoverage="0" maxCyclomaticComplexity="1" minCyclomaticComplexity="1" maxCrapScore="2" minCrapScore="2" visitedClasses="0" numClasses="0" visitedMethods="0" numMethods="1" />
              <MetadataToken>100663322</MetadataToken>
              <Name>System.Void MainFormUITest.GUITest.MainFormUITest::RedoAndUndoTest()</Name>
              <FileRef uid="2" />
              <SequencePoints>
                <SequencePoint vc="0" uspid="234" ordinal="0" offset="0" sl="57" sc="9" el="57" ec="10" bec="0" bev="0" fileid="2" />
                <SequencePoint vc="0" uspid="235" ordinal="1" offset="1" sl="58" sc="13" el="58" ec="36" bec="0" bev="0" fileid="2" />
                <SequencePoint vc="0" uspid="236" ordinal="2" offset="8" sl="59" sc="9" el="59" ec="10" bec="0" bev="0" fileid="2" />
              </SequencePoints>
              <BranchPoints />
              <MethodPoint xsi:type="SequencePoint" vc="0" uspid="234" ordinal="0" offset="0" sl="57" sc="9" el="57" ec="10" bec="0" bev="0" fileid="2" />
            </Method>
            <Method visited="false" cyclomaticComplexity="1" nPathComplexity="0" sequenceCoverage="0" branchCoverage="0" crapScore="2" isConstructor="false" isStatic="false" isGetter="false" isSetter="false">
              <Summary numSequencePoints="3" visitedSequencePoints="0" numBranchPoints="1" visitedBranchPoints="0" sequenceCoverage="0" branchCoverage="0" maxCyclomaticComplexity="1" minCyclomaticComplexity="1" maxCrapScore="2" minCrapScore="2" visitedClasses="0" numClasses="0" visitedMethods="0" numMethods="1" />
              <MetadataToken>100663323</MetadataToken>
              <Name>System.Void MainFormUITest.GUITest.MainFormUITest::BulidASnowmanAndWavingHandsTest()</Name>
              <FileRef uid="2" />
              <SequencePoints>
                <SequencePoint vc="0" uspid="237" ordinal="0" offset="0" sl="63" sc="9" el="63" ec="10" bec="0" bev="0" fileid="2" />
                <SequencePoint vc="0" uspid="238" ordinal="1" offset="1" sl="64" sc="13" el="64" ec="52" bec="0" bev="0" fileid="2" />
                <SequencePoint vc="0" uspid="239" ordinal="2" offset="8" sl="65" sc="9" el="65" ec="10" bec="0" bev="0" fileid="2" />
              </SequencePoints>
              <BranchPoints />
              <MethodPoint xsi:type="SequencePoint" vc="0" uspid="237" ordinal="0" offset="0" sl="63" sc="9" el="63" ec="10" bec="0" bev="0" fileid="2" />
            </Method>
            <Method visited="false" cyclomaticComplexity="1" nPathComplexity="0" sequenceCoverage="0" branchCoverage="0" crapScore="2" isConstructor="false" isStatic="false" isGetter="false" isSetter="false">
              <Summary numSequencePoints="28" visitedSequencePoints="0" numBranchPoints="1" visitedBranchPoints="0" sequenceCoverage="0" branchCoverage="0" maxCyclomaticComplexity="1" minCyclomaticComplexity="1" maxCrapScore="2" minCrapScore="2" visitedClasses="0" numClasses="0" visitedMethods="0" numMethods="1" />
              <MetadataToken>100663324</MetadataToken>
              <Name>System.Void MainFormUITest.GUITest.MainFormUITest::RunScriptBasicFunction()</Name>
              <FileRef uid="2" />
              <SequencePoints>
                <SequencePoint vc="0" uspid="240" ordinal="0" offset="0" sl="69" sc="9" el="69" ec="10" bec="0" bev="0" fileid="2" />
                <SequencePoint vc="0" uspid="241" ordinal="1" offset="1" sl="72" sc="13" el="72" ec="43" bec="0" bev="0" fileid="2" />
                <SequencePoint vc="0" uspid="242" ordinal="2" offset="18" sl="73" sc="13" el="73" ec="45" bec="0" bev="0" fileid="2" />
                <SequencePoint vc="0" uspid="243" ordinal="3" offset="35" sl="74" sc="13" el="74" ec="29" bec="0" bev="0" fileid="2" />
                <SequencePoint vc="0" uspid="244" ordinal="4" offset="56" sl="75" sc="13" el="75" ec="73" bec="0" bev="0" fileid="2" />
                <SequencePoint vc="0" uspid="245" ordinal="5" offset="69" sl="76" sc="13" el="76" ec="72" bec="0" bev="0" fileid="2" />
                <SequencePoint vc="0" uspid="246" ordinal="6" offset="78" sl="77" sc="13" el="77" ec="70" bec="0" bev="0" fileid="2" />
                <SequencePoint vc="0" uspid="247" ordinal="7" offset="97" sl="78" sc="13" el="78" ec="29" bec="0" bev="0" fileid="2" />
                <SequencePoint vc="0" uspid="248" ordinal="8" offset="118" sl="79" sc="13" el="79" ec="43" bec="0" bev="0" fileid="2" />
                <SequencePoint vc="0" uspid="249" ordinal="9" offset="135" sl="80" sc="13" el="80" ec="29" bec="0" bev="0" fileid="2" />
                <SequencePoint vc="0" uspid="250" ordinal="10" offset="156" sl="81" sc="13" el="81" ec="56" bec="0" bev="0" fileid="2" />
                <SequencePoint vc="0" uspid="251" ordinal="11" offset="169" sl="82" sc="13" el="82" ec="58" bec="0" bev="0" fileid="2" />
                <SequencePoint vc="0" uspid="252" ordinal="12" offset="182" sl="83" sc="13" el="83" ec="70" bec="0" bev="0" fileid="2" />
                <SequencePoint vc="0" uspid="253" ordinal="13" offset="201" sl="84" sc="13" el="84" ec="29" bec="0" bev="0" fileid="2" />
                <SequencePoint vc="0" uspid="254" ordinal="14" offset="222" sl="85" sc="13" el="85" ec="40" bec="0" bev="0" fileid="2" />
                <SequencePoint vc="0" uspid="255" ordinal="15" offset="239" sl="86" sc="13" el="86" ec="29" bec="0" bev="0" fileid="2" />
                <SequencePoint vc="0" uspid="256" ordinal="16" offset="260" sl="87" sc="13" el="87" ec="56" bec="0" bev="0" fileid="2" />
                <SequencePoint vc="0" uspid="257" ordinal="17" offset="270" sl="88" sc="13" el="88" ec="57" bec="0" bev="0" fileid="2" />
                <SequencePoint vc="0" uspid="258" ordinal="18" offset="283" sl="89" sc="13" el="89" ec="70" bec="0" bev="0" fileid="2" />
                <SequencePoint vc="0" uspid="259" ordinal="19" offset="302" sl="90" sc="13" el="90" ec="29" bec="0" bev="0" fileid="2" />
                <SequencePoint vc="0" uspid="260" ordinal="20" offset="323" sl="92" sc="13" el="92" ec="55" bec="0" bev="0" fileid="2" />
                <SequencePoint vc="0" uspid="261" ordinal="21" offset="332" sl="93" sc="13" el="93" ec="58" bec="0" bev="0" fileid="2" />
                <SequencePoint vc="0" uspid="262" ordinal="22" offset="350" sl="94" sc="13" el="94" ec="132" bec="0" bev="0" fileid="2" />
                <SequencePoint vc="0" uspid="263" ordinal="23" offset="407" sl="95" sc="13" el="95" ec="54" bec="0" bev="0" fileid="2" />
                <SequencePoint vc="0" uspid="264" ordinal="24" offset="419" sl="96" sc="13" el="96" ec="58" bec="0" bev="0" fileid="2" />
                <SequencePoint vc="0" uspid="265" ordinal="25" offset="437" sl="97" sc="13" el="97" ec="131" bec="0" bev="0" fileid="2" />
                <SequencePoint vc="0" uspid="266" ordinal="26" offset="494" sl="99" sc="13" el="99" ec="41" bec="0" bev="0" fileid="2" />
                <SequencePoint vc="0" uspid="267" ordinal="27" offset="511" sl="100" sc="9" el="100" ec="10" bec="0" bev="0" fileid="2" />
              </SequencePoints>
              <BranchPoints />
              <MethodPoint xsi:type="SequencePoint" vc="0" uspid="240" ordinal="0" offset="0" sl="69" sc="9" el="69" ec="10" bec="0" bev="0" fileid="2" />
            </Method>
            <Method visited="false" cyclomaticComplexity="1" nPathComplexity="0" sequenceCoverage="0" branchCoverage="0" crapScore="2" isConstructor="false" isStatic="false" isGetter="false" isSetter="false">
              <Summary numSequencePoints="35" visitedSequencePoints="0" numBranchPoints="1" visitedBranchPoints="0" sequenceCoverage="0" branchCoverage="0" maxCyclomaticComplexity="1" minCyclomaticComplexity="1" maxCrapScore="2" minCrapScore="2" visitedClasses="0" numClasses="0" visitedMethods="0" numMethods="1" />
              <MetadataToken>100663325</MetadataToken>
              <Name>System.Void MainFormUITest.GUITest.MainFormUITest::RunScriptMoveShape()</Name>
              <FileRef uid="2" />
              <SequencePoints>
                <SequencePoint vc="0" uspid="268" ordinal="0" offset="0" sl="104" sc="9" el="104" ec="10" bec="0" bev="0" fileid="2" />
                <SequencePoint vc="0" uspid="269" ordinal="1" offset="1" sl="106" sc="13" el="106" ec="43" bec="0" bev="0" fileid="2" />
                <SequencePoint vc="0" uspid="270" ordinal="2" offset="18" sl="107" sc="13" el="107" ec="45" bec="0" bev="0" fileid="2" />
                <SequencePoint vc="0" uspid="271" ordinal="3" offset="35" sl="108" sc="13" el="108" ec="29" bec="0" bev="0" fileid="2" />
                <SequencePoint vc="0" uspid="272" ordinal="4" offset="56" sl="109" sc="13" el="109" ec="73" bec="0" bev="0" fileid="2" />
                <SequencePoint vc="0" uspid="273" ordinal="5" offset="69" sl="110" sc="13" el="110" ec="72" bec="0" bev="0" fileid="2" />
                <SequencePoint vc="0" uspid="274" ordinal="6" offset="78" sl="111" sc="13" el="111" ec="70" bec="0" bev="0" fileid="2" />
                <SequencePoint vc="0" uspid="275" ordinal="7" offset="97" sl="112" sc="13" el="112" ec="29" bec="0" bev="0" fileid="2" />
                <SequencePoint vc="0" uspid="276" ordinal="8" offset="118" sl="113" sc="13" el="113" ec="43" bec="0" bev="0" fileid="2" />
                <SequencePoint vc="0" uspid="277" ordinal="9" offset="135" sl="114" sc="13" el="114" ec="29" bec="0" bev="0" fileid="2" />
                <SequencePoint vc="0" uspid="278" ordinal="10" offset="156" sl="115" sc="13" el="115" ec="56" bec="0" bev="0" fileid="2" />
                <SequencePoint vc="0" uspid="279" ordinal="11" offset="169" sl="116" sc="13" el="116" ec="58" bec="0" bev="0" fileid="2" />
                <SequencePoint vc="0" uspid="280" ordinal="12" offset="182" sl="117" sc="13" el="117" ec="70" bec="0" bev="0" fileid="2" />
                <SequencePoint vc="0" uspid="281" ordinal="13" offset="201" sl="118" sc="13" el="118" ec="29" bec="0" bev="0" fileid="2" />
                <SequencePoint vc="0" uspid="282" ordinal="14" offset="222" sl="119" sc="13" el="119" ec="40" bec="0" bev="0" fileid="2" />
                <SequencePoint vc="0" uspid="283" ordinal="15" offset="239" sl="120" sc="13" el="120" ec="29" bec="0" bev="0" fileid="2" />
                <SequencePoint vc="0" uspid="284" ordinal="16" offset="260" sl="121" sc="13" el="121" ec="56" bec="0" bev="0" fileid="2" />
                <SequencePoint vc="0" uspid="285" ordinal="17" offset="270" sl="122" sc="13" el="122" ec="57" bec="0" bev="0" fileid="2" />
                <SequencePoint vc="0" uspid="286" ordinal="18" offset="283" sl="123" sc="13" el="123" ec="70" bec="0" bev="0" fileid="2" />
                <SequencePoint vc="0" uspid="287" ordinal="19" offset="302" sl="124" sc="13" el="124" ec="29" bec="0" bev="0" fileid="2" />
                <SequencePoint vc="0" uspid="288" ordinal="20" offset="323" sl="127" sc="13" el="127" ec="55" bec="0" bev="0" fileid="2" />
                <SequencePoint vc="0" uspid="289" ordinal="21" offset="332" sl="128" sc="13" el="128" ec="58" bec="0" bev="0" fileid="2" />
                <SequencePoint vc="0" uspid="290" ordinal="22" offset="350" sl="129" sc="13" el="129" ec="132" bec="0" bev="0" fileid="2" />
                <SequencePoint vc="0" uspid="291" ordinal="23" offset="407" sl="131" sc="13" el="131" ec="29" bec="0" bev="0" fileid="2" />
                <SequencePoint vc="0" uspid="292" ordinal="24" offset="428" sl="133" sc="13" el="133" ec="55" bec="0" bev="0" fileid="2" />
                <SequencePoint vc="0" uspid="293" ordinal="25" offset="437" sl="134" sc="13" el="134" ec="58" bec="0" bev="0" fileid="2" />
                <SequencePoint vc="0" uspid="294" ordinal="26" offset="455" sl="135" sc="13" el="135" ec="55" bec="0" bev="0" fileid="2" />
                <SequencePoint vc="0" uspid="295" ordinal="27" offset="464" sl="136" sc="13" el="136" ec="58" bec="0" bev="0" fileid="2" />
                <SequencePoint vc="0" uspid="296" ordinal="28" offset="480" sl="137" sc="13" el="137" ec="70" bec="0" bev="0" fileid="2" />
                <SequencePoint vc="0" uspid="297" ordinal="29" offset="499" sl="138" sc="13" el="138" ec="29" bec="0" bev="0" fileid="2" />
                <SequencePoint vc="0" uspid="298" ordinal="30" offset="520" sl="141" sc="13" el="141" ec="57" bec="0" bev="0" fileid="2" />
                <SequencePoint vc="0" uspid="299" ordinal="31" offset="536" sl="142" sc="13" el="142" ec="58" bec="0" bev="0" fileid="2" />
                <SequencePoint vc="0" uspid="300" ordinal="32" offset="554" sl="143" sc="13" el="143" ec="132" bec="0" bev="0" fileid="2" />
                <SequencePoint vc="0" uspid="301" ordinal="33" offset="611" sl="145" sc="13" el="145" ec="41" bec="0" bev="0" fileid="2" />
                <SequencePoint vc="0" uspid="302" ordinal="34" offset="628" sl="146" sc="9" el="146" ec="10" bec="0" bev="0" fileid="2" />
              </SequencePoints>
              <BranchPoints />
              <MethodPoint xsi:type="SequencePoint" vc="0" uspid="268" ordinal="0" offset="0" sl="104" sc="9" el="104" ec="10" bec="0" bev="0" fileid="2" />
            </Method>
            <Method visited="false" cyclomaticComplexity="1" nPathComplexity="0" sequenceCoverage="0" branchCoverage="0" crapScore="2" isConstructor="false" isStatic="false" isGetter="false" isSetter="false">
              <Summary numSequencePoints="46" visitedSequencePoints="0" numBranchPoints="1" visitedBranchPoints="0" sequenceCoverage="0" branchCoverage="0" maxCyclomaticComplexity="1" minCyclomaticComplexity="1" maxCrapScore="2" minCrapScore="2" visitedClasses="0" numClasses="0" visitedMethods="0" numMethods="1" />
              <MetadataToken>100663326</MetadataToken>
              <Name>System.Void MainFormUITest.GUITest.MainFormUITest::RunScriptRedoAndUndo()</Name>
              <FileRef uid="2" />
              <SequencePoints>
                <SequencePoint vc="0" uspid="303" ordinal="0" offset="0" sl="150" sc="9" el="150" ec="10" bec="0" bev="0" fileid="2" />
                <SequencePoint vc="0" uspid="304" ordinal="1" offset="1" sl="153" sc="13" el="153" ec="43" bec="0" bev="0" fileid="2" />
                <SequencePoint vc="0" uspid="305" ordinal="2" offset="18" sl="154" sc="13" el="154" ec="45" bec="0" bev="0" fileid="2" />
                <SequencePoint vc="0" uspid="306" ordinal="3" offset="35" sl="155" sc="13" el="155" ec="29" bec="0" bev="0" fileid="2" />
                <SequencePoint vc="0" uspid="307" ordinal="4" offset="56" sl="156" sc="13" el="156" ec="73" bec="0" bev="0" fileid="2" />
                <SequencePoint vc="0" uspid="308" ordinal="5" offset="69" sl="157" sc="13" el="157" ec="72" bec="0" bev="0" fileid="2" />
                <SequencePoint vc="0" uspid="309" ordinal="6" offset="78" sl="158" sc="13" el="158" ec="70" bec="0" bev="0" fileid="2" />
                <SequencePoint vc="0" uspid="310" ordinal="7" offset="97" sl="159" sc="13" el="159" ec="29" bec="0" bev="0" fileid="2" />
                <SequencePoint vc="0" uspid="311" ordinal="8" offset="118" sl="160" sc="13" el="160" ec="43" bec="0" bev="0" fileid="2" />
                <SequencePoint vc="0" uspid="312" ordinal="9" offset="135" sl="161" sc="13" el="161" ec="29" bec="0" bev="0" fileid="2" />
                <SequencePoint vc="0" uspid="313" ordinal="10" offset="156" sl="162" sc="13" el="162" ec="56" bec="0" bev="0" fileid="2" />
                <SequencePoint vc="0" uspid="314" ordinal="11" offset="169" sl="163" sc="13" el="163" ec="58" bec="0" bev="0" fileid="2" />
                <SequencePoint vc="0" uspid="315" ordinal="12" offset="182" sl="164" sc="13" el="164" ec="70" bec="0" bev="0" fileid="2" />
                <SequencePoint vc="0" uspid="316" ordinal="13" offset="201" sl="165" sc="13" el="165" ec="29" bec="0" bev="0" fileid="2" />
                <SequencePoint vc="0" uspid="317" ordinal="14" offset="222" sl="167" sc="13" el="167" ec="55" bec="0" bev="0" fileid="2" />
                <SequencePoint vc="0" uspid="318" ordinal="15" offset="231" sl="168" sc="13" el="168" ec="58" bec="0" bev="0" fileid="2" />
                <SequencePoint vc="0" uspid="319" ordinal="16" offset="249" sl="169" sc="13" el="169" ec="132" bec="0" bev="0" fileid="2" />
                <SequencePoint vc="0" uspid="320" ordinal="17" offset="306" sl="170" sc="13" el="170" ec="54" bec="0" bev="0" fileid="2" />
                <SequencePoint vc="0" uspid="321" ordinal="18" offset="318" sl="171" sc="13" el="171" ec="58" bec="0" bev="0" fileid="2" />
                <SequencePoint vc="0" uspid="322" ordinal="19" offset="336" sl="172" sc="13" el="172" ec="131" bec="0" bev="0" fileid="2" />
                <SequencePoint vc="0" uspid="323" ordinal="20" offset="393" sl="174" sc="13" el="174" ec="40" bec="0" bev="0" fileid="2" />
                <SequencePoint vc="0" uspid="324" ordinal="21" offset="410" sl="176" sc="13" el="176" ec="54" bec="0" bev="0" fileid="2" />
                <SequencePoint vc="0" uspid="325" ordinal="22" offset="422" sl="177" sc="13" el="177" ec="58" bec="0" bev="0" fileid="2" />
                <SequencePoint vc="0" uspid="326" ordinal="23" offset="440" sl="178" sc="13" el="178" ec="64" bec="0" bev="0" fileid="2" />
                <SequencePoint vc="0" uspid="327" ordinal="24" offset="462" sl="180" sc="13" el="180" ec="40" bec="0" bev="0" fileid="2" />
                <SequencePoint vc="0" uspid="328" ordinal="25" offset="479" sl="182" sc="13" el="182" ec="54" bec="0" bev="0" fileid="2" />
                <SequencePoint vc="0" uspid="329" ordinal="26" offset="491" sl="183" sc="13" el="183" ec="58" bec="0" bev="0" fileid="2" />
                <SequencePoint vc="0" uspid="330" ordinal="27" offset="509" sl="184" sc="13" el="184" ec="131" bec="0" bev="0" fileid="2" />
                <SequencePoint vc="0" uspid="331" ordinal="28" offset="566" sl="187" sc="13" el="187" ec="55" bec="0" bev="0" fileid="2" />
                <SequencePoint vc="0" uspid="332" ordinal="29" offset="575" sl="188" sc="13" el="188" ec="58" bec="0" bev="0" fileid="2" />
                <SequencePoint vc="0" uspid="333" ordinal="30" offset="593" sl="189" sc="13" el="189" ec="55" bec="0" bev="0" fileid="2" />
                <SequencePoint vc="0" uspid="334" ordinal="31" offset="602" sl="190" sc="13" el="190" ec="58" bec="0" bev="0" fileid="2" />
                <SequencePoint vc="0" uspid="335" ordinal="32" offset="618" sl="191" sc="13" el="191" ec="70" bec="0" bev="0" fileid="2" />
                <SequencePoint vc="0" uspid="336" ordinal="33" offset="637" sl="192" sc="13" el="192" ec="29" bec="0" bev="0" fileid="2" />
                <SequencePoint vc="0" uspid="337" ordinal="34" offset="658" sl="195" sc="13" el="195" ec="57" bec="0" bev="0" fileid="2" />
                <SequencePoint vc="0" uspid="338" ordinal="35" offset="674" sl="196" sc="13" el="196" ec="58" bec="0" bev="0" fileid="2" />
                <SequencePoint vc="0" uspid="339" ordinal="36" offset="692" sl="197" sc="13" el="197" ec="132" bec="0" bev="0" fileid="2" />
                <SequencePoint vc="0" uspid="340" ordinal="37" offset="749" sl="199" sc="13" el="199" ec="40" bec="0" bev="0" fileid="2" />
                <SequencePoint vc="0" uspid="341" ordinal="38" offset="766" sl="201" sc="13" el="201" ec="55" bec="0" bev="0" fileid="2" />
                <SequencePoint vc="0" uspid="342" ordinal="39" offset="775" sl="202" sc="13" el="202" ec="58" bec="0" bev="0" fileid="2" />
                <SequencePoint vc="0" uspid="343" ordinal="40" offset="793" sl="203" sc="13" el="203" ec="132" bec="0" bev="0" fileid="2" />
                <SequencePoint vc="0" uspid="344" ordinal="41" offset="850" sl="205" sc="13" el="205" ec="40" bec="0" bev="0" fileid="2" />
                <SequencePoint vc="0" uspid="345" ordinal="42" offset="867" sl="207" sc="13" el="207" ec="57" bec="0" bev="0" fileid="2" />
                <SequencePoint vc="0" uspid="346" ordinal="43" offset="883" sl="208" sc="13" el="208" ec="58" bec="0" bev="0" fileid="2" />
                <SequencePoint vc="0" uspid="347" ordinal="44" offset="901" sl="209" sc="13" el="209" ec="132" bec="0" bev="0" fileid="2" />
                <SequencePoint vc="0" uspid="348" ordinal="45" offset="958" sl="210" sc="9" el="210" ec="10" bec="0" bev="0" fileid="2" />
              </SequencePoints>
              <BranchPoints />
              <MethodPoint xsi:type="SequencePoint" vc="0" uspid="303" ordinal="0" offset="0" sl="150" sc="9" el="150" ec="10" bec="0" bev="0" fileid="2" />
            </Method>
            <Method visited="false" cyclomaticComplexity="1" nPathComplexity="0" sequenceCoverage="0" branchCoverage="0" crapScore="2" isConstructor="false" isStatic="false" isGetter="false" isSetter="false">
              <Summary numSequencePoints="130" visitedSequencePoints="0" numBranchPoints="1" visitedBranchPoints="0" sequenceCoverage="0" branchCoverage="0" maxCyclomaticComplexity="1" minCyclomaticComplexity="1" maxCrapScore="2" minCrapScore="2" visitedClasses="0" numClasses="0" visitedMethods="0" numMethods="1" />
              <MetadataToken>100663327</MetadataToken>
              <Name>System.Void MainFormUITest.GUITest.MainFormUITest::RunScriptBuildASnowmanAndWavingHands()</Name>
              <FileRef uid="2" />
              <SequencePoints>
                <SequencePoint vc="0" uspid="349" ordinal="0" offset="0" sl="214" sc="9" el="214" ec="10" bec="0" bev="0" fileid="2" />
                <SequencePoint vc="0" uspid="350" ordinal="1" offset="1" sl="215" sc="13" el="215" ec="43" bec="0" bev="0" fileid="2" />
                <SequencePoint vc="0" uspid="351" ordinal="2" offset="18" sl="217" sc="13" el="217" ec="43" bec="0" bev="0" fileid="2" />
                <SequencePoint vc="0" uspid="352" ordinal="3" offset="35" sl="218" sc="13" el="218" ec="73" bec="0" bev="0" fileid="2" />
                <SequencePoint vc="0" uspid="353" ordinal="4" offset="48" sl="219" sc="13" el="219" ec="74" bec="0" bev="0" fileid="2" />
                <SequencePoint vc="0" uspid="354" ordinal="5" offset="61" sl="220" sc="13" el="220" ec="70" bec="0" bev="0" fileid="2" />
                <SequencePoint vc="0" uspid="355" ordinal="6" offset="80" sl="221" sc="13" el="221" ec="29" bec="0" bev="0" fileid="2" />
                <SequencePoint vc="0" uspid="356" ordinal="7" offset="101" sl="223" sc="13" el="223" ec="43" bec="0" bev="0" fileid="2" />
                <SequencePoint vc="0" uspid="357" ordinal="8" offset="118" sl="224" sc="13" el="224" ec="56" bec="0" bev="0" fileid="2" />
                <SequencePoint vc="0" uspid="358" ordinal="9" offset="131" sl="225" sc="13" el="225" ec="57" bec="0" bev="0" fileid="2" />
                <SequencePoint vc="0" uspid="359" ordinal="10" offset="144" sl="226" sc="13" el="226" ec="70" bec="0" bev="0" fileid="2" />
                <SequencePoint vc="0" uspid="360" ordinal="11" offset="163" sl="227" sc="13" el="227" ec="29" bec="0" bev="0" fileid="2" />
                <SequencePoint vc="0" uspid="361" ordinal="12" offset="184" sl="230" sc="13" el="230" ec="43" bec="0" bev="0" fileid="2" />
                <SequencePoint vc="0" uspid="362" ordinal="13" offset="201" sl="231" sc="13" el="231" ec="57" bec="0" bev="0" fileid="2" />
                <SequencePoint vc="0" uspid="363" ordinal="14" offset="217" sl="232" sc="13" el="232" ec="55" bec="0" bev="0" fileid="2" />
                <SequencePoint vc="0" uspid="364" ordinal="15" offset="229" sl="233" sc="13" el="233" ec="70" bec="0" bev="0" fileid="2" />
                <SequencePoint vc="0" uspid="365" ordinal="16" offset="248" sl="234" sc="13" el="234" ec="29" bec="0" bev="0" fileid="2" />
                <SequencePoint vc="0" uspid="366" ordinal="17" offset="269" sl="236" sc="13" el="236" ec="40" bec="0" bev="0" fileid="2" />
                <SequencePoint vc="0" uspid="367" ordinal="18" offset="286" sl="237" sc="13" el="237" ec="54" bec="0" bev="0" fileid="2" />
                <SequencePoint vc="0" uspid="368" ordinal="19" offset="298" sl="238" sc="13" el="238" ec="58" bec="0" bev="0" fileid="2" />
                <SequencePoint vc="0" uspid="369" ordinal="20" offset="311" sl="239" sc="13" el="239" ec="70" bec="0" bev="0" fileid="2" />
                <SequencePoint vc="0" uspid="370" ordinal="21" offset="330" sl="240" sc="13" el="240" ec="29" bec="0" bev="0" fileid="2" />
                <SequencePoint vc="0" uspid="371" ordinal="22" offset="351" sl="242" sc="13" el="242" ec="40" bec="0" bev="0" fileid="2" />
                <SequencePoint vc="0" uspid="372" ordinal="23" offset="368" sl="243" sc="13" el="243" ec="54" bec="0" bev="0" fileid="2" />
                <SequencePoint vc="0" uspid="373" ordinal="24" offset="380" sl="244" sc="13" el="244" ec="57" bec="0" bev="0" fileid="2" />
                <SequencePoint vc="0" uspid="374" ordinal="25" offset="393" sl="245" sc="13" el="245" ec="70" bec="0" bev="0" fileid="2" />
                <SequencePoint vc="0" uspid="375" ordinal="26" offset="412" sl="246" sc="13" el="246" ec="29" bec="0" bev="0" fileid="2" />
                <SequencePoint vc="0" uspid="376" ordinal="27" offset="433" sl="248" sc="13" el="248" ec="43" bec="0" bev="0" fileid="2" />
                <SequencePoint vc="0" uspid="377" ordinal="28" offset="450" sl="249" sc="13" el="249" ec="56" bec="0" bev="0" fileid="2" />
                <SequencePoint vc="0" uspid="378" ordinal="29" offset="463" sl="250" sc="13" el="250" ec="56" bec="0" bev="0" fileid="2" />
                <SequencePoint vc="0" uspid="379" ordinal="30" offset="476" sl="251" sc="13" el="251" ec="70" bec="0" bev="0" fileid="2" />
                <SequencePoint vc="0" uspid="380" ordinal="31" offset="495" sl="252" sc="13" el="252" ec="29" bec="0" bev="0" fileid="2" />
                <SequencePoint vc="0" uspid="381" ordinal="32" offset="516" sl="254" sc="13" el="254" ec="43" bec="0" bev="0" fileid="2" />
                <SequencePoint vc="0" uspid="382" ordinal="33" offset="533" sl="255" sc="13" el="255" ec="56" bec="0" bev="0" fileid="2" />
                <SequencePoint vc="0" uspid="383" ordinal="34" offset="543" sl="256" sc="13" el="256" ec="55" bec="0" bev="0" fileid="2" />
                <SequencePoint vc="0" uspid="384" ordinal="35" offset="553" sl="257" sc="13" el="257" ec="70" bec="0" bev="0" fileid="2" />
                <SequencePoint vc="0" uspid="385" ordinal="36" offset="572" sl="258" sc="13" el="258" ec="29" bec="0" bev="0" fileid="2" />
                <SequencePoint vc="0" uspid="386" ordinal="37" offset="593" sl="260" sc="13" el="260" ec="43" bec="0" bev="0" fileid="2" />
                <SequencePoint vc="0" uspid="387" ordinal="38" offset="610" sl="261" sc="13" el="261" ec="57" bec="0" bev="0" fileid="2" />
                <SequencePoint vc="0" uspid="388" ordinal="39" offset="620" sl="262" sc="13" el="262" ec="55" bec="0" bev="0" fileid="2" />
                <SequencePoint vc="0" uspid="389" ordinal="40" offset="630" sl="263" sc="13" el="263" ec="70" bec="0" bev="0" fileid="2" />
                <SequencePoint vc="0" uspid="390" ordinal="41" offset="649" sl="264" sc="13" el="264" ec="29" bec="0" bev="0" fileid="2" />
                <SequencePoint vc="0" uspid="391" ordinal="42" offset="670" sl="266" sc="13" el="266" ec="43" bec="0" bev="0" fileid="2" />
                <SequencePoint vc="0" uspid="392" ordinal="43" offset="687" sl="267" sc="13" el="267" ec="56" bec="0" bev="0" fileid="2" />
                <SequencePoint vc="0" uspid="393" ordinal="44" offset="697" sl="268" sc="13" el="268" ec="57" bec="0" bev="0" fileid="2" />
                <SequencePoint vc="0" uspid="394" ordinal="45" offset="707" sl="269" sc="13" el="269" ec="70" bec="0" bev="0" fileid="2" />
                <SequencePoint vc="0" uspid="395" ordinal="46" offset="726" sl="270" sc="13" el="270" ec="29" bec="0" bev="0" fileid="2" />
                <SequencePoint vc="0" uspid="396" ordinal="47" offset="747" sl="272" sc="13" el="272" ec="43" bec="0" bev="0" fileid="2" />
                <SequencePoint vc="0" uspid="397" ordinal="48" offset="764" sl="273" sc="13" el="273" ec="55" bec="0" bev="0" fileid="2" />
                <SequencePoint vc="0" uspid="398" ordinal="49" offset="774" sl="274" sc="13" el="274" ec="56" bec="0" bev="0" fileid="2" />
                <SequencePoint vc="0" uspid="399" ordinal="50" offset="784" sl="275" sc="13" el="275" ec="70" bec="0" bev="0" fileid="2" />
                <SequencePoint vc="0" uspid="400" ordinal="51" offset="803" sl="276" sc="13" el="276" ec="29" bec="0" bev="0" fileid="2" />
                <SequencePoint vc="0" uspid="401" ordinal="52" offset="824" sl="278" sc="13" el="278" ec="45" bec="0" bev="0" fileid="2" />
                <SequencePoint vc="0" uspid="402" ordinal="53" offset="841" sl="279" sc="13" el="279" ec="56" bec="0" bev="0" fileid="2" />
                <SequencePoint vc="0" uspid="403" ordinal="54" offset="851" sl="280" sc="13" el="280" ec="55" bec="0" bev="0" fileid="2" />
                <SequencePoint vc="0" uspid="404" ordinal="55" offset="861" sl="281" sc="13" el="281" ec="70" bec="0" bev="0" fileid="2" />
                <SequencePoint vc="0" uspid="405" ordinal="56" offset="880" sl="282" sc="13" el="282" ec="29" bec="0" bev="0" fileid="2" />
                <SequencePoint vc="0" uspid="406" ordinal="57" offset="901" sl="285" sc="13" el="285" ec="45" bec="0" bev="0" fileid="2" />
                <SequencePoint vc="0" uspid="407" ordinal="58" offset="918" sl="286" sc="13" el="286" ec="58" bec="0" bev="0" fileid="2" />
                <SequencePoint vc="0" uspid="408" ordinal="59" offset="931" sl="287" sc="13" el="287" ec="58" bec="0" bev="0" fileid="2" />
                <SequencePoint vc="0" uspid="409" ordinal="60" offset="941" sl="288" sc="13" el="288" ec="70" bec="0" bev="0" fileid="2" />
                <SequencePoint vc="0" uspid="410" ordinal="61" offset="960" sl="289" sc="13" el="289" ec="29" bec="0" bev="0" fileid="2" />
                <SequencePoint vc="0" uspid="411" ordinal="62" offset="981" sl="291" sc="13" el="291" ec="45" bec="0" bev="0" fileid="2" />
                <SequencePoint vc="0" uspid="412" ordinal="63" offset="998" sl="292" sc="13" el="292" ec="58" bec="0" bev="0" fileid="2" />
                <SequencePoint vc="0" uspid="413" ordinal="64" offset="1011" sl="293" sc="13" el="293" ec="57" bec="0" bev="0" fileid="2" />
                <SequencePoint vc="0" uspid="414" ordinal="65" offset="1024" sl="294" sc="13" el="294" ec="70" bec="0" bev="0" fileid="2" />
                <SequencePoint vc="0" uspid="415" ordinal="66" offset="1043" sl="295" sc="13" el="295" ec="29" bec="0" bev="0" fileid="2" />
                <SequencePoint vc="0" uspid="416" ordinal="67" offset="1064" sl="302" sc="13" el="302" ec="68" bec="0" bev="0" fileid="2" />
                <SequencePoint vc="0" uspid="417" ordinal="68" offset="1077" sl="303" sc="13" el="303" ec="53" bec="0" bev="0" fileid="2" />
                <SequencePoint vc="0" uspid="418" ordinal="69" offset="1095" sl="304" sc="13" el="304" ec="130" bec="0" bev="0" fileid="2" />
                <SequencePoint vc="0" uspid="419" ordinal="70" offset="1152" sl="306" sc="13" el="306" ec="29" bec="0" bev="0" fileid="2" />
                <SequencePoint vc="0" uspid="420" ordinal="71" offset="1173" sl="309" sc="13" el="309" ec="49" bec="0" bev="0" fileid="2" />
                <SequencePoint vc="0" uspid="421" ordinal="72" offset="1182" sl="310" sc="13" el="310" ec="53" bec="0" bev="0" fileid="2" />
                <SequencePoint vc="0" uspid="422" ordinal="73" offset="1200" sl="311" sc="13" el="311" ec="132" bec="0" bev="0" fileid="2" />
                <SequencePoint vc="0" uspid="423" ordinal="74" offset="1257" sl="313" sc="13" el="313" ec="29" bec="0" bev="0" fileid="2" />
                <SequencePoint vc="0" uspid="424" ordinal="75" offset="1278" sl="316" sc="13" el="316" ec="47" bec="0" bev="0" fileid="2" />
                <SequencePoint vc="0" uspid="425" ordinal="76" offset="1286" sl="317" sc="13" el="317" ec="53" bec="0" bev="0" fileid="2" />
                <SequencePoint vc="0" uspid="426" ordinal="77" offset="1304" sl="318" sc="13" el="318" ec="132" bec="0" bev="0" fileid="2" />
                <SequencePoint vc="0" uspid="427" ordinal="78" offset="1361" sl="320" sc="13" el="320" ec="29" bec="0" bev="0" fileid="2" />
                <SequencePoint vc="0" uspid="428" ordinal="79" offset="1382" sl="323" sc="13" el="323" ec="49" bec="0" bev="0" fileid="2" />
                <SequencePoint vc="0" uspid="429" ordinal="80" offset="1394" sl="324" sc="13" el="324" ec="53" bec="0" bev="0" fileid="2" />
                <SequencePoint vc="0" uspid="430" ordinal="81" offset="1412" sl="325" sc="13" el="325" ec="130" bec="0" bev="0" fileid="2" />
                <SequencePoint vc="0" uspid="431" ordinal="82" offset="1469" sl="327" sc="13" el="327" ec="29" bec="0" bev="0" fileid="2" />
                <SequencePoint vc="0" uspid="432" ordinal="83" offset="1490" sl="330" sc="13" el="330" ec="40" bec="0" bev="0" fileid="2" />
                <SequencePoint vc="0" uspid="433" ordinal="84" offset="1507" sl="332" sc="13" el="332" ec="29" bec="0" bev="0" fileid="2" />
                <SequencePoint vc="0" uspid="434" ordinal="85" offset="1528" sl="335" sc="13" el="335" ec="57" bec="0" bev="0" fileid="2" />
                <SequencePoint vc="0" uspid="435" ordinal="86" offset="1541" sl="336" sc="13" el="336" ec="58" bec="0" bev="0" fileid="2" />
                <SequencePoint vc="0" uspid="436" ordinal="87" offset="1559" sl="337" sc="13" el="337" ec="57" bec="0" bev="0" fileid="2" />
                <SequencePoint vc="0" uspid="437" ordinal="88" offset="1572" sl="338" sc="13" el="338" ec="56" bec="0" bev="0" fileid="2" />
                <SequencePoint vc="0" uspid="438" ordinal="89" offset="1585" sl="339" sc="13" el="339" ec="70" bec="0" bev="0" fileid="2" />
                <SequencePoint vc="0" uspid="439" ordinal="90" offset="1604" sl="340" sc="13" el="340" ec="29" bec="0" bev="0" fileid="2" />
                <SequencePoint vc="0" uspid="440" ordinal="91" offset="1625" sl="343" sc="13" el="343" ec="56" bec="0" bev="0" fileid="2" />
                <SequencePoint vc="0" uspid="441" ordinal="92" offset="1638" sl="344" sc="13" el="344" ec="58" bec="0" bev="0" fileid="2" />
                <SequencePoint vc="0" uspid="442" ordinal="93" offset="1656" sl="345" sc="13" el="345" ec="56" bec="0" bev="0" fileid="2" />
                <SequencePoint vc="0" uspid="443" ordinal="94" offset="1669" sl="346" sc="13" el="346" ec="57" bec="0" bev="0" fileid="2" />
                <SequencePoint vc="0" uspid="444" ordinal="95" offset="1682" sl="347" sc="13" el="347" ec="70" bec="0" bev="0" fileid="2" />
                <SequencePoint vc="0" uspid="445" ordinal="96" offset="1701" sl="348" sc="13" el="348" ec="29" bec="0" bev="0" fileid="2" />
                <SequencePoint vc="0" uspid="446" ordinal="97" offset="1722" sl="351" sc="13" el="351" ec="51" bec="0" bev="0" fileid="2" />
                <SequencePoint vc="0" uspid="447" ordinal="98" offset="1735" sl="352" sc="13" el="352" ec="53" bec="0" bev="0" fileid="2" />
                <SequencePoint vc="0" uspid="448" ordinal="99" offset="1753" sl="353" sc="13" el="353" ec="130" bec="0" bev="0" fileid="2" />
                <SequencePoint vc="0" uspid="449" ordinal="100" offset="1810" sl="355" sc="13" el="355" ec="50" bec="0" bev="0" fileid="2" />
                <SequencePoint vc="0" uspid="450" ordinal="101" offset="1823" sl="356" sc="13" el="356" ec="53" bec="0" bev="0" fileid="2" />
                <SequencePoint vc="0" uspid="451" ordinal="102" offset="1841" sl="357" sc="13" el="357" ec="130" bec="0" bev="0" fileid="2" />
                <SequencePoint vc="0" uspid="452" ordinal="103" offset="1898" sl="359" sc="13" el="359" ec="40" bec="0" bev="0" fileid="2" />
                <SequencePoint vc="0" uspid="453" ordinal="104" offset="1915" sl="361" sc="13" el="361" ec="51" bec="0" bev="0" fileid="2" />
                <SequencePoint vc="0" uspid="454" ordinal="105" offset="1928" sl="362" sc="13" el="362" ec="53" bec="0" bev="0" fileid="2" />
                <SequencePoint vc="0" uspid="455" ordinal="106" offset="1946" sl="363" sc="13" el="363" ec="130" bec="0" bev="0" fileid="2" />
                <SequencePoint vc="0" uspid="456" ordinal="107" offset="2003" sl="366" sc="13" el="366" ec="40" bec="0" bev="0" fileid="2" />
                <SequencePoint vc="0" uspid="457" ordinal="108" offset="2020" sl="368" sc="13" el="368" ec="52" bec="0" bev="0" fileid="2" />
                <SequencePoint vc="0" uspid="458" ordinal="109" offset="2033" sl="369" sc="13" el="369" ec="53" bec="0" bev="0" fileid="2" />
                <SequencePoint vc="0" uspid="459" ordinal="110" offset="2051" sl="370" sc="13" el="370" ec="130" bec="0" bev="0" fileid="2" />
                <SequencePoint vc="0" uspid="460" ordinal="111" offset="2108" sl="372" sc="13" el="372" ec="41" bec="0" bev="0" fileid="2" />
                <SequencePoint vc="0" uspid="461" ordinal="112" offset="2125" sl="374" sc="13" el="374" ec="29" bec="0" bev="0" fileid="2" />
                <SequencePoint vc="0" uspid="462" ordinal="113" offset="2146" sl="376" sc="13" el="376" ec="40" bec="0" bev="0" fileid="2" />
                <SequencePoint vc="0" uspid="463" ordinal="114" offset="2163" sl="380" sc="13" el="380" ec="52" bec="0" bev="0" fileid="2" />
                <SequencePoint vc="0" uspid="464" ordinal="115" offset="2176" sl="381" sc="13" el="381" ec="53" bec="0" bev="0" fileid="2" />
                <SequencePoint vc="0" uspid="465" ordinal="116" offset="2194" sl="382" sc="13" el="382" ec="130" bec="0" bev="0" fileid="2" />
                <SequencePoint vc="0" uspid="466" ordinal="117" offset="2251" sl="384" sc="13" el="384" ec="29" bec="0" bev="0" fileid="2" />
                <SequencePoint vc="0" uspid="467" ordinal="118" offset="2272" sl="387" sc="13" el="387" ec="49" bec="0" bev="0" fileid="2" />
                <SequencePoint vc="0" uspid="468" ordinal="119" offset="2281" sl="388" sc="13" el="388" ec="53" bec="0" bev="0" fileid="2" />
                <SequencePoint vc="0" uspid="469" ordinal="120" offset="2299" sl="389" sc="13" el="389" ec="132" bec="0" bev="0" fileid="2" />
                <SequencePoint vc="0" uspid="470" ordinal="121" offset="2356" sl="391" sc="13" el="391" ec="29" bec="0" bev="0" fileid="2" />
                <SequencePoint vc="0" uspid="471" ordinal="122" offset="2377" sl="394" sc="13" el="394" ec="47" bec="0" bev="0" fileid="2" />
                <SequencePoint vc="0" uspid="472" ordinal="123" offset="2385" sl="395" sc="13" el="395" ec="53" bec="0" bev="0" fileid="2" />
                <SequencePoint vc="0" uspid="473" ordinal="124" offset="2403" sl="396" sc="13" el="396" ec="132" bec="0" bev="0" fileid="2" />
                <SequencePoint vc="0" uspid="474" ordinal="125" offset="2460" sl="398" sc="13" el="398" ec="29" bec="0" bev="0" fileid="2" />
                <SequencePoint vc="0" uspid="475" ordinal="126" offset="2481" sl="401" sc="13" el="401" ec="49" bec="0" bev="0" fileid="2" />
                <SequencePoint vc="0" uspid="476" ordinal="127" offset="2493" sl="402" sc="13" el="402" ec="53" bec="0" bev="0" fileid="2" />
                <SequencePoint vc="0" uspid="477" ordinal="128" offset="2511" sl="403" sc="13" el="403" ec="130" bec="0" bev="0" fileid="2" />
                <SequencePoint vc="0" uspid="478" ordinal="129" offset="2568" sl="404" sc="9" el="404" ec="10" bec="0" bev="0" fileid="2" />
              </SequencePoints>
              <BranchPoints />
              <MethodPoint xsi:type="SequencePoint" vc="0" uspid="349" ordinal="0" offset="0" sl="214" sc="9" el="214" ec="10" bec="0" bev="0" fileid="2" />
            </Method>
            <Method visited="false" cyclomaticComplexity="1" nPathComplexity="0" sequenceCoverage="0" branchCoverage="0" crapScore="2" isConstructor="true" isStatic="false" isGetter="false" isSetter="false">
              <Summary numSequencePoints="0" visitedSequencePoints="0" numBranchPoints="0" visitedBranchPoints="0" sequenceCoverage="0" branchCoverage="0" maxCyclomaticComplexity="1" minCyclomaticComplexity="1" maxCrapScore="2" minCrapScore="2" visitedClasses="0" numClasses="0" visitedMethods="0" numMethods="0" />
              <MetadataToken>100663328</MetadataToken>
              <Name>System.Void MainFormUITest.GUITest.MainFormUITest::.ctor()</Name>
              <SequencePoints />
              <BranchPoints />
              <MethodPoint vc="0" uspid="479" ordinal="0" offset="0" />
            </Method>
          </Methods>
        </Class>
      </Classes>
    </Module>
  </Modules>
</CoverageSession>