TpTrace Verbose: 0 : 14308, 1, 2021/12/27, 15:11:00.655, 17155609686, vstest.console.dll, Version: 16.11.0-release-20210730-02
TpTrace Information: 0 : 14308, 1, 2021/12/27, 15:11:00.683, 17155859707, vstest.console.dll, FilePatternParser: The given file C:\Users\Koro\Desktop\Homework\Koro\windowDesign\DrawingProject\DrawingForm\DrawingFormTests\bin\Debug\.netcoreapp,version=v3.1\fine-code-coverage\build-output\DrawingFormTests.dll is a full path.
TpTrace Verbose: 0 : 14308, 1, 2021/12/27, 15:11:00.725, 17156276533, vstest.console.dll, TestPluginCache.DiscoverTestExtensions: finding test extensions in assemblies ends with: RuntimeProvider.dll TPluginInfo: Microsoft.VisualStudio.TestPlatform.Common.ExtensionFramework.Utilities.TestRuntimePluginInformation TExtension: Microsoft.VisualStudio.TestPlatform.ObjectModel.Host.ITestRuntimeProvider
TpTrace Verbose: 0 : 14308, 1, 2021/12/27, 15:11:00.725, 17156281149, vstest.console.dll, TestPluginCache.GetExtensionPaths: Filtered extension paths: 
TpTrace Verbose: 0 : 14308, 1, 2021/12/27, 15:11:00.725, 17156281978, vstest.console.dll, TestPluginCache.GetExtensionPaths: Added default extension paths: C:\Program Files\dotnet\sdk\5.0.401\Extensions\Microsoft.Diagnostics.NETCore.Client.dll
C:\Program Files\dotnet\sdk\5.0.401\Extensions\Microsoft.TestPlatform.Extensions.BlameDataCollector.dll
C:\Program Files\dotnet\sdk\5.0.401\Extensions\Microsoft.TestPlatform.Extensions.EventLogCollector.dll
C:\Program Files\dotnet\sdk\5.0.401\Extensions\Microsoft.TestPlatform.TestHostRuntimeProvider.dll
C:\Program Files\dotnet\sdk\5.0.401\Extensions\Microsoft.VisualStudio.TestPlatform.Extensions.Html.TestLogger.dll
C:\Program Files\dotnet\sdk\5.0.401\Extensions\Microsoft.VisualStudio.TestPlatform.Extensions.Trx.TestLogger.dll
TpTrace Verbose: 0 : 14308, 1, 2021/12/27, 15:11:00.725, 17156282418, vstest.console.dll, TestPluginCache.GetExtensionPaths: Added unfilterableExtensionPaths: 
TpTrace Information: 0 : 14308, 1, 2021/12/27, 15:11:00.726, 17156289062, vstest.console.dll, AssemblyResolver.ctor: Creating AssemblyResolver with searchDirectories C:\Program Files\dotnet\sdk\5.0.401\Extensions,C:\Program Files\dotnet\sdk\5.0.401
TpTrace Verbose: 0 : 14308, 1, 2021/12/27, 15:11:00.728, 17156310242, vstest.console.dll, TestPluginCache.DiscoverTestExtensions: Discovering the extensions using extension path.
TpTrace Verbose: 0 : 14308, 1, 2021/12/27, 15:11:00.728, 17156311418, vstest.console.dll, TestPluginCache.GetExtensionPaths: Filtered extension paths: 
TpTrace Verbose: 0 : 14308, 1, 2021/12/27, 15:11:00.728, 17156311830, vstest.console.dll, TestPluginCache.GetExtensionPaths: Added default extension paths: C:\Program Files\dotnet\sdk\5.0.401\Extensions\Microsoft.Diagnostics.NETCore.Client.dll
C:\Program Files\dotnet\sdk\5.0.401\Extensions\Microsoft.TestPlatform.Extensions.BlameDataCollector.dll
C:\Program Files\dotnet\sdk\5.0.401\Extensions\Microsoft.TestPlatform.Extensions.EventLogCollector.dll
C:\Program Files\dotnet\sdk\5.0.401\Extensions\Microsoft.TestPlatform.TestHostRuntimeProvider.dll
C:\Program Files\dotnet\sdk\5.0.401\Extensions\Microsoft.VisualStudio.TestPlatform.Extensions.Html.TestLogger.dll
C:\Program Files\dotnet\sdk\5.0.401\Extensions\Microsoft.VisualStudio.TestPlatform.Extensions.Trx.TestLogger.dll
TpTrace Verbose: 0 : 14308, 1, 2021/12/27, 15:11:00.728, 17156312218, vstest.console.dll, TestPluginCache.GetExtensionPaths: Added unfilterableExtensionPaths: 
TpTrace Verbose: 0 : 14308, 1, 2021/12/27, 15:11:00.728, 17156312818, vstest.console.dll, TestPluginCache.DiscoverTestExtensions: Discovering the extensions using allExtensionPaths: C:\Program Files\dotnet\sdk\5.0.401\Extensions\Microsoft.Diagnostics.NETCore.Client.dll
C:\Program Files\dotnet\sdk\5.0.401\Extensions\Microsoft.TestPlatform.Extensions.BlameDataCollector.dll
C:\Program Files\dotnet\sdk\5.0.401\Extensions\Microsoft.TestPlatform.Extensions.EventLogCollector.dll
C:\Program Files\dotnet\sdk\5.0.401\Extensions\Microsoft.TestPlatform.TestHostRuntimeProvider.dll
C:\Program Files\dotnet\sdk\5.0.401\Extensions\Microsoft.VisualStudio.TestPlatform.Extensions.Html.TestLogger.dll
C:\Program Files\dotnet\sdk\5.0.401\Extensions\Microsoft.VisualStudio.TestPlatform.Extensions.Trx.TestLogger.dll
TpTrace Information: 0 : 14308, 1, 2021/12/27, 15:11:00.728, 17156314140, vstest.console.dll, AssemblyResolver.AddSearchDirectories: Adding more searchDirectories C:\Program Files\dotnet\sdk\5.0.401\Extensions,C:\Program Files\dotnet\sdk\5.0.401
TpTrace Information: 0 : 14308, 1, 2021/12/27, 15:11:00.728, 17156314736, vstest.console.dll, AssemblyResolver.AddSearchDirectories: Adding more searchDirectories C:\Program Files\dotnet\sdk\5.0.401\Extensions,C:\Program Files\dotnet\sdk\5.0.401
TpTrace Information: 0 : 14308, 1, 2021/12/27, 15:11:00.728, 17156315160, vstest.console.dll, AssemblyResolver.AddSearchDirectories: Adding more searchDirectories C:\Program Files\dotnet\sdk\5.0.401\Extensions,C:\Program Files\dotnet\sdk\5.0.401
TpTrace Information: 0 : 14308, 1, 2021/12/27, 15:11:00.728, 17156315474, vstest.console.dll, AssemblyResolver.AddSearchDirectories: Adding more searchDirectories C:\Program Files\dotnet\sdk\5.0.401\Extensions,C:\Program Files\dotnet\sdk\5.0.401
TpTrace Information: 0 : 14308, 1, 2021/12/27, 15:11:00.728, 17156315770, vstest.console.dll, AssemblyResolver.AddSearchDirectories: Adding more searchDirectories C:\Program Files\dotnet\sdk\5.0.401\Extensions,C:\Program Files\dotnet\sdk\5.0.401
TpTrace Information: 0 : 14308, 1, 2021/12/27, 15:11:00.728, 17156316069, vstest.console.dll, AssemblyResolver.AddSearchDirectories: Adding more searchDirectories C:\Program Files\dotnet\sdk\5.0.401\Extensions,C:\Program Files\dotnet\sdk\5.0.401
TpTrace Information: 0 : 14308, 1, 2021/12/27, 15:11:00.730, 17156330069, vstest.console.dll, AssemblyResolver.OnResolve: Microsoft.Diagnostics.NETCore.Client: Resolving assembly.
TpTrace Information: 0 : 14308, 1, 2021/12/27, 15:11:00.730, 17156331266, vstest.console.dll, AssemblyResolver.OnResolve: Microsoft.Diagnostics.NETCore.Client: Searching in: 'C:\Program Files\dotnet\sdk\5.0.401\Extensions'.
TpTrace Information: 0 : 14308, 1, 2021/12/27, 15:11:00.743, 17156465389, vstest.console.dll, AssemblyResolver.OnResolve: Microsoft.Diagnostics.NETCore.Client: Loading assembly 'C:\Program Files\dotnet\sdk\5.0.401\Extensions\Microsoft.Diagnostics.NETCore.Client.dll'.
TpTrace Information: 0 : 14308, 1, 2021/12/27, 15:11:00.745, 17156478672, vstest.console.dll, AssemblyResolver.OnResolve: Resolved assembly: Microsoft.Diagnostics.NETCore.Client, from path: C:\Program Files\dotnet\sdk\5.0.401\Extensions\Microsoft.Diagnostics.NETCore.Client.dll
TpTrace Information: 0 : 14308, 1, 2021/12/27, 15:11:00.749, 17156521751, vstest.console.dll, AssemblyResolver.OnResolve: Microsoft.Bcl.AsyncInterfaces: Resolving assembly.
TpTrace Information: 0 : 14308, 1, 2021/12/27, 15:11:00.749, 17156522703, vstest.console.dll, AssemblyResolver.OnResolve: Microsoft.Bcl.AsyncInterfaces: Searching in: 'C:\Program Files\dotnet\sdk\5.0.401\Extensions'.
TpTrace Information: 0 : 14308, 1, 2021/12/27, 15:11:00.749, 17156523786, vstest.console.dll, AssemblyResolver.OnResolve: Microsoft.Bcl.AsyncInterfaces: Assembly path does not exist: 'C:\Program Files\dotnet\sdk\5.0.401\Extensions\Microsoft.Bcl.AsyncInterfaces.dll', returning.
TpTrace Information: 0 : 14308, 1, 2021/12/27, 15:11:00.749, 17156524389, vstest.console.dll, AssemblyResolver.OnResolve: Microsoft.Bcl.AsyncInterfaces: Assembly path does not exist: 'C:\Program Files\dotnet\sdk\5.0.401\Extensions\Microsoft.Bcl.AsyncInterfaces.exe', returning.
TpTrace Information: 0 : 14308, 1, 2021/12/27, 15:11:00.749, 17156524918, vstest.console.dll, AssemblyResolver.OnResolve: Microsoft.Bcl.AsyncInterfaces: Searching in: 'C:\Program Files\dotnet\sdk\5.0.401'.
TpTrace Information: 0 : 14308, 1, 2021/12/27, 15:11:00.749, 17156525657, vstest.console.dll, AssemblyResolver.OnResolve: Microsoft.Bcl.AsyncInterfaces: Assembly path does not exist: 'C:\Program Files\dotnet\sdk\5.0.401\Microsoft.Bcl.AsyncInterfaces.dll', returning.
TpTrace Information: 0 : 14308, 1, 2021/12/27, 15:11:00.749, 17156526219, vstest.console.dll, AssemblyResolver.OnResolve: Microsoft.Bcl.AsyncInterfaces: Assembly path does not exist: 'C:\Program Files\dotnet\sdk\5.0.401\Microsoft.Bcl.AsyncInterfaces.exe', returning.
TpTrace Information: 0 : 14308, 1, 2021/12/27, 15:11:00.750, 17156527253, vstest.console.dll, AssemblyResolver.OnResolve: Microsoft.Bcl.AsyncInterfaces: Failed to load assembly.
TpTrace Verbose: 0 : 14308, 1, 2021/12/27, 15:11:00.750, 17156527735, vstest.console.dll, CurrentDomainAssemblyResolve: Resolving assembly 'Microsoft.Bcl.AsyncInterfaces'.
TpTrace Information: 0 : 14308, 1, 2021/12/27, 15:11:00.750, 17156528358, vstest.console.dll, AssemblyResolver.OnResolve: Microsoft.Bcl.AsyncInterfaces: Resolving assembly.
TpTrace Information: 0 : 14308, 1, 2021/12/27, 15:11:00.750, 17156528870, vstest.console.dll, AssemblyResolver.OnResolve: Microsoft.Bcl.AsyncInterfaces: Resolved from cache.
TpTrace Verbose: 0 : 14308, 1, 2021/12/27, 15:11:00.750, 17156529311, vstest.console.dll, CurrentDomainAssemblyResolve: Resolving assembly 'Microsoft.Bcl.AsyncInterfaces'.
TpTrace Verbose: 0 : 14308, 1, 2021/12/27, 15:11:00.750, 17156529659, vstest.console.dll, CurrentDomainAssemblyResolve: Failed to resolve assembly 'Microsoft.Bcl.AsyncInterfaces'.
TpTrace Verbose: 0 : 14308, 1, 2021/12/27, 15:11:00.767, 17156698387, vstest.console.dll, CurrentDomainAssemblyResolve: Failed to resolve assembly 'Microsoft.Bcl.AsyncInterfaces'.
TpTrace Warning: 0 : 14308, 1, 2021/12/27, 15:11:00.858, 17157607123, vstest.console.dll, TestPluginDiscoverer: Failed to get types from assembly 'Microsoft.Diagnostics.NETCore.Client, Version=0.2.2.41902, Culture=neutral, PublicKeyToken=31bf3856ad364e35'.  Skipping test extension scan for this assembly.  Error: System.Reflection.ReflectionTypeLoadException: Unable to load one or more of the requested types.
Could not load file or assembly 'Microsoft.Bcl.AsyncInterfaces, Version=1.0.0.0, Culture=neutral, PublicKeyToken=cc7b13ffcd2ddd51'. 系統找不到指定的檔案。
   at System.Reflection.RuntimeModule.GetTypes(RuntimeModule module)
   at System.Reflection.RuntimeModule.GetTypes()
   at System.Reflection.Assembly.GetTypes()
   at Microsoft.VisualStudio.TestPlatform.Common.ExtensionFramework.TestPluginDiscoverer.GetTestExtensionsFromAssembly[TPluginInfo,TExtension](Assembly assembly, Dictionary`2 pluginInfos)
System.IO.FileNotFoundException: Could not load file or assembly 'Microsoft.Bcl.AsyncInterfaces, Version=1.0.0.0, Culture=neutral, PublicKeyToken=cc7b13ffcd2ddd51'. 系統找不到指定的檔案。
File name: 'Microsoft.Bcl.AsyncInterfaces, Version=1.0.0.0, Culture=neutral, PublicKeyToken=cc7b13ffcd2ddd51'
TpTrace Warning: 0 : 14308, 1, 2021/12/27, 15:11:00.858, 17157609109, vstest.console.dll, LoaderExceptions: System.IO.FileNotFoundException: Could not load file or assembly 'Microsoft.Bcl.AsyncInterfaces, Version=1.0.0.0, Culture=neutral, PublicKeyToken=cc7b13ffcd2ddd51'. 系統找不到指定的檔案。
File name: 'Microsoft.Bcl.AsyncInterfaces, Version=1.0.0.0, Culture=neutral, PublicKeyToken=cc7b13ffcd2ddd51'
TpTrace Information: 0 : 14308, 1, 2021/12/27, 15:11:00.858, 17157610263, vstest.console.dll, AssemblyResolver.OnResolve: Microsoft.TestPlatform.Extensions.BlameDataCollector: Resolving assembly.
TpTrace Information: 0 : 14308, 1, 2021/12/27, 15:11:00.858, 17157610663, vstest.console.dll, AssemblyResolver.OnResolve: Microsoft.TestPlatform.Extensions.BlameDataCollector: Searching in: 'C:\Program Files\dotnet\sdk\5.0.401\Extensions'.
TpTrace Information: 0 : 14308, 1, 2021/12/27, 15:11:00.873, 17157762681, vstest.console.dll, AssemblyResolver.OnResolve: Microsoft.TestPlatform.Extensions.BlameDataCollector: Loading assembly 'C:\Program Files\dotnet\sdk\5.0.401\Extensions\Microsoft.TestPlatform.Extensions.BlameDataCollector.dll'.
TpTrace Information: 0 : 14308, 1, 2021/12/27, 15:11:00.874, 17157773528, vstest.console.dll, AssemblyResolver.OnResolve: Resolved assembly: Microsoft.TestPlatform.Extensions.BlameDataCollector, from path: C:\Program Files\dotnet\sdk\5.0.401\Extensions\Microsoft.TestPlatform.Extensions.BlameDataCollector.dll
TpTrace Information: 0 : 14308, 1, 2021/12/27, 15:11:00.875, 17157779730, vstest.console.dll, AssemblyResolver.OnResolve: Microsoft.TestPlatform.Extensions.EventLogCollector: Resolving assembly.
TpTrace Information: 0 : 14308, 1, 2021/12/27, 15:11:00.875, 17157780329, vstest.console.dll, AssemblyResolver.OnResolve: Microsoft.TestPlatform.Extensions.EventLogCollector: Searching in: 'C:\Program Files\dotnet\sdk\5.0.401\Extensions'.
TpTrace Information: 0 : 14308, 1, 2021/12/27, 15:11:00.883, 17157859592, vstest.console.dll, AssemblyResolver.OnResolve: Microsoft.TestPlatform.Extensions.EventLogCollector: Loading assembly 'C:\Program Files\dotnet\sdk\5.0.401\Extensions\Microsoft.TestPlatform.Extensions.EventLogCollector.dll'.
TpTrace Information: 0 : 14308, 1, 2021/12/27, 15:11:00.884, 17157870649, vstest.console.dll, AssemblyResolver.OnResolve: Resolved assembly: Microsoft.TestPlatform.Extensions.EventLogCollector, from path: C:\Program Files\dotnet\sdk\5.0.401\Extensions\Microsoft.TestPlatform.Extensions.EventLogCollector.dll
TpTrace Information: 0 : 14308, 1, 2021/12/27, 15:11:00.904, 17158075206, vstest.console.dll, AssemblyResolver.OnResolve: Microsoft.TestPlatform.TestHostRuntimeProvider: Resolving assembly.
TpTrace Information: 0 : 14308, 1, 2021/12/27, 15:11:00.904, 17158076040, vstest.console.dll, AssemblyResolver.OnResolve: Microsoft.TestPlatform.TestHostRuntimeProvider: Searching in: 'C:\Program Files\dotnet\sdk\5.0.401\Extensions'.
TpTrace Information: 0 : 14308, 1, 2021/12/27, 15:11:00.917, 17158205706, vstest.console.dll, AssemblyResolver.OnResolve: Microsoft.TestPlatform.TestHostRuntimeProvider: Loading assembly 'C:\Program Files\dotnet\sdk\5.0.401\Extensions\Microsoft.TestPlatform.TestHostRuntimeProvider.dll'.
TpTrace Information: 0 : 14308, 1, 2021/12/27, 15:11:00.919, 17158219181, vstest.console.dll, AssemblyResolver.OnResolve: Resolved assembly: Microsoft.TestPlatform.TestHostRuntimeProvider, from path: C:\Program Files\dotnet\sdk\5.0.401\Extensions\Microsoft.TestPlatform.TestHostRuntimeProvider.dll
TpTrace Information: 0 : 14308, 1, 2021/12/27, 15:11:00.920, 17158232192, vstest.console.dll, AssemblyResolver.OnResolve: Microsoft.VisualStudio.TestPlatform.Extensions.Html.TestLogger: Resolving assembly.
TpTrace Information: 0 : 14308, 1, 2021/12/27, 15:11:00.920, 17158232992, vstest.console.dll, AssemblyResolver.OnResolve: Microsoft.VisualStudio.TestPlatform.Extensions.Html.TestLogger: Searching in: 'C:\Program Files\dotnet\sdk\5.0.401\Extensions'.
TpTrace Information: 0 : 14308, 1, 2021/12/27, 15:11:00.932, 17158347837, vstest.console.dll, AssemblyResolver.OnResolve: Microsoft.VisualStudio.TestPlatform.Extensions.Html.TestLogger: Loading assembly 'C:\Program Files\dotnet\sdk\5.0.401\Extensions\Microsoft.VisualStudio.TestPlatform.Extensions.Html.TestLogger.dll'.
TpTrace Information: 0 : 14308, 1, 2021/12/27, 15:11:00.933, 17158361087, vstest.console.dll, AssemblyResolver.OnResolve: Resolved assembly: Microsoft.VisualStudio.TestPlatform.Extensions.Html.TestLogger, from path: C:\Program Files\dotnet\sdk\5.0.401\Extensions\Microsoft.VisualStudio.TestPlatform.Extensions.Html.TestLogger.dll
TpTrace Information: 0 : 14308, 1, 2021/12/27, 15:11:00.933, 17158365532, vstest.console.dll, AssemblyResolver.OnResolve: Microsoft.VisualStudio.TestPlatform.Extensions.Trx.TestLogger: Resolving assembly.
TpTrace Information: 0 : 14308, 1, 2021/12/27, 15:11:00.933, 17158366028, vstest.console.dll, AssemblyResolver.OnResolve: Microsoft.VisualStudio.TestPlatform.Extensions.Trx.TestLogger: Searching in: 'C:\Program Files\dotnet\sdk\5.0.401\Extensions'.
TpTrace Information: 0 : 14308, 1, 2021/12/27, 15:11:00.951, 17158542873, vstest.console.dll, AssemblyResolver.OnResolve: Microsoft.VisualStudio.TestPlatform.Extensions.Trx.TestLogger: Loading assembly 'C:\Program Files\dotnet\sdk\5.0.401\Extensions\Microsoft.VisualStudio.TestPlatform.Extensions.Trx.TestLogger.dll'.
TpTrace Information: 0 : 14308, 1, 2021/12/27, 15:11:00.952, 17158553455, vstest.console.dll, AssemblyResolver.OnResolve: Resolved assembly: Microsoft.VisualStudio.TestPlatform.Extensions.Trx.TestLogger, from path: C:\Program Files\dotnet\sdk\5.0.401\Extensions\Microsoft.VisualStudio.TestPlatform.Extensions.Trx.TestLogger.dll
TpTrace Verbose: 0 : 14308, 1, 2021/12/27, 15:11:00.953, 17158559992, vstest.console.dll, TestPluginCache: Discovered the extensions using extension path ''.
TpTrace Verbose: 0 : 14308, 1, 2021/12/27, 15:11:00.953, 17158560830, vstest.console.dll, TestPluginCache: Discoverers are ''.
TpTrace Verbose: 0 : 14308, 1, 2021/12/27, 15:11:00.953, 17158561292, vstest.console.dll, TestPluginCache: Executors are ''.
TpTrace Verbose: 0 : 14308, 1, 2021/12/27, 15:11:00.953, 17158561718, vstest.console.dll, TestPluginCache: Executors2 are ''.
TpTrace Verbose: 0 : 14308, 1, 2021/12/27, 15:11:00.953, 17158561973, vstest.console.dll, TestPluginCache: Setting providers are ''.
TpTrace Verbose: 0 : 14308, 1, 2021/12/27, 15:11:00.953, 17158562225, vstest.console.dll, TestPluginCache: Loggers are ''.
TpTrace Information: 0 : 14308, 1, 2021/12/27, 15:11:00.960, 17158627015, vstest.console.dll, RunTestsArgumentProcessor:Execute: Test run is starting.
TpTrace Verbose: 0 : 14308, 1, 2021/12/27, 15:11:00.960, 17158628212, vstest.console.dll, RunTestsArgumentProcessor:Execute: Queuing Test run.
TpTrace Information: 0 : 14308, 1, 2021/12/27, 15:11:00.960, 17158630745, vstest.console.dll, TestRequestManager.RunTests: run tests started.
TpTrace Information: 0 : 14308, 1, 2021/12/27, 15:11:00.964, 17158666698, vstest.console.dll, AssemblyMetadataProvider.GetFrameWork: Determined framework:'.NETCoreApp,Version=v3.1' for source: 'C:\Users\Koro\Desktop\Homework\Koro\windowDesign\DrawingProject\DrawingForm\DrawingFormTests\bin\Debug\.netcoreapp,version=v3.1\fine-code-coverage\build-output\DrawingFormTests.dll'
TpTrace Information: 0 : 14308, 1, 2021/12/27, 15:11:00.964, 17158668820, vstest.console.dll, Determined framework for all sources: .NETCoreApp,Version=v3.1
TpTrace Information: 0 : 14308, 1, 2021/12/27, 15:11:00.965, 17158679338, vstest.console.dll, AssemblyMetadataProvider.GetArchitecture: Determined architecture:AnyCPU info for assembly: C:\Users\Koro\Desktop\Homework\Koro\windowDesign\DrawingProject\DrawingForm\DrawingFormTests\bin\Debug\.netcoreapp,version=v3.1\fine-code-coverage\build-output\DrawingFormTests.dll
TpTrace Information: 0 : 14308, 1, 2021/12/27, 15:11:00.966, 17158695403, vstest.console.dll, Determined platform for all sources: X64
TpTrace Information: 0 : 14308, 1, 2021/12/27, 15:11:00.969, 17158719138, vstest.console.dll, Compatible sources list : 
TpTrace Information: 0 : 14308, 1, 2021/12/27, 15:11:00.969, 17158720048, vstest.console.dll, C:\Users\Koro\Desktop\Homework\Koro\windowDesign\DrawingProject\DrawingForm\DrawingFormTests\bin\Debug\.netcoreapp,version=v3.1\fine-code-coverage\build-output\DrawingFormTests.dll
TpTrace Information: 0 : 14308, 1, 2021/12/27, 15:11:00.974, 17158767302, vstest.console.dll, InferRunSettingsHelper.IsTestSettingsEnabled: Unable to navigate to RunSettings/MSTest. Current node: RunSettings
TpTrace Information: 0 : 14308, 1, 2021/12/27, 15:11:00.974, 17158774697, vstest.console.dll, AssemblyResolver.OnResolve: Microsoft.VisualStudio.TestPlatform.Fakes: Resolving assembly.
TpTrace Information: 0 : 14308, 1, 2021/12/27, 15:11:00.974, 17158775380, vstest.console.dll, AssemblyResolver.OnResolve: Microsoft.VisualStudio.TestPlatform.Fakes: Searching in: 'C:\Program Files\dotnet\sdk\5.0.401\Extensions'.
TpTrace Information: 0 : 14308, 1, 2021/12/27, 15:11:00.974, 17158776232, vstest.console.dll, AssemblyResolver.OnResolve: Microsoft.VisualStudio.TestPlatform.Fakes: Assembly path does not exist: 'C:\Program Files\dotnet\sdk\5.0.401\Extensions\Microsoft.VisualStudio.TestPlatform.Fakes.dll', returning.
TpTrace Information: 0 : 14308, 1, 2021/12/27, 15:11:00.975, 17158777015, vstest.console.dll, AssemblyResolver.OnResolve: Microsoft.VisualStudio.TestPlatform.Fakes: Assembly path does not exist: 'C:\Program Files\dotnet\sdk\5.0.401\Extensions\Microsoft.VisualStudio.TestPlatform.Fakes.exe', returning.
TpTrace Information: 0 : 14308, 1, 2021/12/27, 15:11:00.975, 17158777372, vstest.console.dll, AssemblyResolver.OnResolve: Microsoft.VisualStudio.TestPlatform.Fakes: Searching in: 'C:\Program Files\dotnet\sdk\5.0.401'.
TpTrace Information: 0 : 14308, 1, 2021/12/27, 15:11:00.975, 17158778024, vstest.console.dll, AssemblyResolver.OnResolve: Microsoft.VisualStudio.TestPlatform.Fakes: Assembly path does not exist: 'C:\Program Files\dotnet\sdk\5.0.401\Microsoft.VisualStudio.TestPlatform.Fakes.dll', returning.
TpTrace Information: 0 : 14308, 1, 2021/12/27, 15:11:00.975, 17158778788, vstest.console.dll, AssemblyResolver.OnResolve: Microsoft.VisualStudio.TestPlatform.Fakes: Assembly path does not exist: 'C:\Program Files\dotnet\sdk\5.0.401\Microsoft.VisualStudio.TestPlatform.Fakes.exe', returning.
TpTrace Information: 0 : 14308, 1, 2021/12/27, 15:11:00.975, 17158779299, vstest.console.dll, AssemblyResolver.OnResolve: Microsoft.VisualStudio.TestPlatform.Fakes: Failed to load assembly.
TpTrace Information: 0 : 14308, 1, 2021/12/27, 15:11:00.976, 17158787288, vstest.console.dll, Failed to create newly implemented Fakes Configurator. Reason:System.IO.FileNotFoundException: Could not load file or assembly 'Microsoft.VisualStudio.TestPlatform.Fakes, Version=16.0.0.0, Culture=neutral, PublicKeyToken=null'. 系統找不到指定的檔案。
File name: 'Microsoft.VisualStudio.TestPlatform.Fakes, Version=16.0.0.0, Culture=neutral, PublicKeyToken=null'
   at System.Reflection.RuntimeAssembly.InternalLoad(ObjectHandleOnStack assemblyName, ObjectHandleOnStack requestingAssembly, StackCrawlMarkHandle stackMark, Boolean throwOnFileNotFound, ObjectHandleOnStack assemblyLoadContext, ObjectHandleOnStack retAssembly)
   at System.Reflection.RuntimeAssembly.InternalLoad(AssemblyName assemblyName, RuntimeAssembly requestingAssembly, StackCrawlMark& stackMark, Boolean throwOnFileNotFound, AssemblyLoadContext assemblyLoadContext)
   at System.Reflection.Assembly.Load(AssemblyName assemblyRef)
   at Microsoft.VisualStudio.TestPlatform.Common.Utilities.FakesUtilities.TryGetFakesCrossPlatformDataCollectorConfigurator() 
TpTrace Verbose: 0 : 14308, 1, 2021/12/27, 15:11:00.980, 17158834059, vstest.console.dll, TestPluginCache.DiscoverTestExtensions: finding test extensions in assemblies ends with: TestLogger.dll TPluginInfo: Microsoft.VisualStudio.TestPlatform.Common.ExtensionFramework.Utilities.TestLoggerPluginInformation TExtension: Microsoft.VisualStudio.TestPlatform.ObjectModel.Client.ITestLogger
TpTrace Verbose: 0 : 14308, 1, 2021/12/27, 15:11:00.980, 17158835142, vstest.console.dll, TestPluginCache.GetExtensionPaths: Filtered extension paths: 
TpTrace Verbose: 0 : 14308, 1, 2021/12/27, 15:11:00.980, 17158835514, vstest.console.dll, TestPluginCache.GetExtensionPaths: Added default extension paths: C:\Program Files\dotnet\sdk\5.0.401\Extensions\Microsoft.Diagnostics.NETCore.Client.dll
C:\Program Files\dotnet\sdk\5.0.401\Extensions\Microsoft.TestPlatform.Extensions.BlameDataCollector.dll
C:\Program Files\dotnet\sdk\5.0.401\Extensions\Microsoft.TestPlatform.Extensions.EventLogCollector.dll
C:\Program Files\dotnet\sdk\5.0.401\Extensions\Microsoft.TestPlatform.TestHostRuntimeProvider.dll
C:\Program Files\dotnet\sdk\5.0.401\Extensions\Microsoft.VisualStudio.TestPlatform.Extensions.Html.TestLogger.dll
C:\Program Files\dotnet\sdk\5.0.401\Extensions\Microsoft.VisualStudio.TestPlatform.Extensions.Trx.TestLogger.dll
TpTrace Verbose: 0 : 14308, 1, 2021/12/27, 15:11:00.980, 17158835891, vstest.console.dll, TestPluginCache.GetExtensionPaths: Added unfilterableExtensionPaths: 
TpTrace Information: 0 : 14308, 1, 2021/12/27, 15:11:00.981, 17158837350, vstest.console.dll, AssemblyResolver.AddSearchDirectories: Adding more searchDirectories C:\Program Files\dotnet\sdk\5.0.401\Extensions,C:\Program Files\dotnet\sdk\5.0.401
TpTrace Verbose: 0 : 14308, 1, 2021/12/27, 15:11:00.981, 17158837948, vstest.console.dll, TestPluginCache.DiscoverTestExtensions: Discovering the extensions using extension path.
TpTrace Verbose: 0 : 14308, 1, 2021/12/27, 15:11:00.981, 17158838338, vstest.console.dll, TestPluginCache.GetExtensionPaths: Filtered extension paths: 
TpTrace Verbose: 0 : 14308, 1, 2021/12/27, 15:11:00.981, 17158838664, vstest.console.dll, TestPluginCache.GetExtensionPaths: Added default extension paths: C:\Program Files\dotnet\sdk\5.0.401\Extensions\Microsoft.Diagnostics.NETCore.Client.dll
C:\Program Files\dotnet\sdk\5.0.401\Extensions\Microsoft.TestPlatform.Extensions.BlameDataCollector.dll
C:\Program Files\dotnet\sdk\5.0.401\Extensions\Microsoft.TestPlatform.Extensions.EventLogCollector.dll
C:\Program Files\dotnet\sdk\5.0.401\Extensions\Microsoft.TestPlatform.TestHostRuntimeProvider.dll
C:\Program Files\dotnet\sdk\5.0.401\Extensions\Microsoft.VisualStudio.TestPlatform.Extensions.Html.TestLogger.dll
C:\Program Files\dotnet\sdk\5.0.401\Extensions\Microsoft.VisualStudio.TestPlatform.Extensions.Trx.TestLogger.dll
TpTrace Verbose: 0 : 14308, 1, 2021/12/27, 15:11:00.981, 17158838982, vstest.console.dll, TestPluginCache.GetExtensionPaths: Added unfilterableExtensionPaths: 
TpTrace Verbose: 0 : 14308, 1, 2021/12/27, 15:11:00.981, 17158839353, vstest.console.dll, TestPluginCache.DiscoverTestExtensions: Discovering the extensions using allExtensionPaths: C:\Program Files\dotnet\sdk\5.0.401\Extensions\Microsoft.Diagnostics.NETCore.Client.dll
C:\Program Files\dotnet\sdk\5.0.401\Extensions\Microsoft.TestPlatform.Extensions.BlameDataCollector.dll
C:\Program Files\dotnet\sdk\5.0.401\Extensions\Microsoft.TestPlatform.Extensions.EventLogCollector.dll
C:\Program Files\dotnet\sdk\5.0.401\Extensions\Microsoft.TestPlatform.TestHostRuntimeProvider.dll
C:\Program Files\dotnet\sdk\5.0.401\Extensions\Microsoft.VisualStudio.TestPlatform.Extensions.Html.TestLogger.dll
C:\Program Files\dotnet\sdk\5.0.401\Extensions\Microsoft.VisualStudio.TestPlatform.Extensions.Trx.TestLogger.dll
TpTrace Information: 0 : 14308, 1, 2021/12/27, 15:11:00.981, 17158839824, vstest.console.dll, AssemblyResolver.AddSearchDirectories: Adding more searchDirectories C:\Program Files\dotnet\sdk\5.0.401\Extensions,C:\Program Files\dotnet\sdk\5.0.401
TpTrace Information: 0 : 14308, 1, 2021/12/27, 15:11:00.981, 17158840156, vstest.console.dll, AssemblyResolver.AddSearchDirectories: Adding more searchDirectories C:\Program Files\dotnet\sdk\5.0.401\Extensions,C:\Program Files\dotnet\sdk\5.0.401
TpTrace Information: 0 : 14308, 1, 2021/12/27, 15:11:00.981, 17158840452, vstest.console.dll, AssemblyResolver.AddSearchDirectories: Adding more searchDirectories C:\Program Files\dotnet\sdk\5.0.401\Extensions,C:\Program Files\dotnet\sdk\5.0.401
TpTrace Information: 0 : 14308, 1, 2021/12/27, 15:11:00.981, 17158840745, vstest.console.dll, AssemblyResolver.AddSearchDirectories: Adding more searchDirectories C:\Program Files\dotnet\sdk\5.0.401\Extensions,C:\Program Files\dotnet\sdk\5.0.401
TpTrace Information: 0 : 14308, 1, 2021/12/27, 15:11:00.981, 17158841084, vstest.console.dll, AssemblyResolver.AddSearchDirectories: Adding more searchDirectories C:\Program Files\dotnet\sdk\5.0.401\Extensions,C:\Program Files\dotnet\sdk\5.0.401
TpTrace Information: 0 : 14308, 1, 2021/12/27, 15:11:00.981, 17158841377, vstest.console.dll, AssemblyResolver.AddSearchDirectories: Adding more searchDirectories C:\Program Files\dotnet\sdk\5.0.401\Extensions,C:\Program Files\dotnet\sdk\5.0.401
TpTrace Information: 0 : 14308, 1, 2021/12/27, 15:11:00.981, 17158844044, vstest.console.dll, AssemblyResolver.OnResolve: Microsoft.Bcl.AsyncInterfaces: Resolving assembly.
TpTrace Information: 0 : 14308, 1, 2021/12/27, 15:11:00.981, 17158844523, vstest.console.dll, AssemblyResolver.OnResolve: Microsoft.Bcl.AsyncInterfaces: Resolved from cache.
TpTrace Verbose: 0 : 14308, 1, 2021/12/27, 15:11:00.981, 17158844843, vstest.console.dll, CurrentDomainAssemblyResolve: Resolving assembly 'Microsoft.Bcl.AsyncInterfaces'.
TpTrace Information: 0 : 14308, 1, 2021/12/27, 15:11:00.981, 17158845331, vstest.console.dll, AssemblyResolver.OnResolve: Microsoft.Bcl.AsyncInterfaces: Resolving assembly.
TpTrace Information: 0 : 14308, 1, 2021/12/27, 15:11:00.981, 17158845634, vstest.console.dll, AssemblyResolver.OnResolve: Microsoft.Bcl.AsyncInterfaces: Resolved from cache.
TpTrace Verbose: 0 : 14308, 1, 2021/12/27, 15:11:00.981, 17158845951, vstest.console.dll, CurrentDomainAssemblyResolve: Resolving assembly 'Microsoft.Bcl.AsyncInterfaces'.
TpTrace Verbose: 0 : 14308, 1, 2021/12/27, 15:11:00.981, 17158846247, vstest.console.dll, CurrentDomainAssemblyResolve: Failed to resolve assembly 'Microsoft.Bcl.AsyncInterfaces'.
TpTrace Verbose: 0 : 14308, 1, 2021/12/27, 15:11:00.982, 17158848021, vstest.console.dll, CurrentDomainAssemblyResolve: Failed to resolve assembly 'Microsoft.Bcl.AsyncInterfaces'.
TpTrace Warning: 0 : 14308, 1, 2021/12/27, 15:11:00.982, 17158850313, vstest.console.dll, TestPluginDiscoverer: Failed to get types from assembly 'Microsoft.Diagnostics.NETCore.Client, Version=0.2.2.41902, Culture=neutral, PublicKeyToken=31bf3856ad364e35'.  Skipping test extension scan for this assembly.  Error: System.Reflection.ReflectionTypeLoadException: Unable to load one or more of the requested types.
Could not load file or assembly 'Microsoft.Bcl.AsyncInterfaces, Version=1.0.0.0, Culture=neutral, PublicKeyToken=cc7b13ffcd2ddd51'. 系統找不到指定的檔案。
   at System.Reflection.RuntimeModule.GetTypes(RuntimeModule module)
   at System.Reflection.RuntimeModule.GetTypes()
   at System.Reflection.Assembly.GetTypes()
   at Microsoft.VisualStudio.TestPlatform.Common.ExtensionFramework.TestPluginDiscoverer.GetTestExtensionsFromAssembly[TPluginInfo,TExtension](Assembly assembly, Dictionary`2 pluginInfos)
System.IO.FileNotFoundException: Could not load file or assembly 'Microsoft.Bcl.AsyncInterfaces, Version=1.0.0.0, Culture=neutral, PublicKeyToken=cc7b13ffcd2ddd51'. 系統找不到指定的檔案。
File name: 'Microsoft.Bcl.AsyncInterfaces, Version=1.0.0.0, Culture=neutral, PublicKeyToken=cc7b13ffcd2ddd51'
TpTrace Warning: 0 : 14308, 1, 2021/12/27, 15:11:00.982, 17158850836, vstest.console.dll, LoaderExceptions: System.IO.FileNotFoundException: Could not load file or assembly 'Microsoft.Bcl.AsyncInterfaces, Version=1.0.0.0, Culture=neutral, PublicKeyToken=cc7b13ffcd2ddd51'. 系統找不到指定的檔案。
File name: 'Microsoft.Bcl.AsyncInterfaces, Version=1.0.0.0, Culture=neutral, PublicKeyToken=cc7b13ffcd2ddd51'
TpTrace Verbose: 0 : 14308, 1, 2021/12/27, 15:11:00.982, 17158854380, vstest.console.dll, TestPluginCache: Discovered the extensions using extension path ''.
TpTrace Verbose: 0 : 14308, 1, 2021/12/27, 15:11:00.982, 17158854777, vstest.console.dll, TestPluginCache: Discoverers are ''.
TpTrace Verbose: 0 : 14308, 1, 2021/12/27, 15:11:00.982, 17158855049, vstest.console.dll, TestPluginCache: Executors are ''.
TpTrace Verbose: 0 : 14308, 1, 2021/12/27, 15:11:00.982, 17158855303, vstest.console.dll, TestPluginCache: Executors2 are ''.
TpTrace Verbose: 0 : 14308, 1, 2021/12/27, 15:11:00.982, 17158855559, vstest.console.dll, TestPluginCache: Setting providers are ''.
TpTrace Verbose: 0 : 14308, 1, 2021/12/27, 15:11:00.983, 17158856506, vstest.console.dll, TestPluginCache: Loggers are 'logger://Microsoft/TestPlatform/Extensions/Blame/v1,logger://Microsoft/TestPlatform/HtmlLogger/v1,logger://Microsoft/TestPlatform/TrxLogger/v1'.
TpTrace Information: 0 : 14308, 1, 2021/12/27, 15:11:00.983, 17158862206, vstest.console.dll, TestPluginManager.CreateTestExtension: Attempting to load test extension: Microsoft.TestPlatform.Extensions.BlameDataCollector.BlameLogger
TpTrace Information: 0 : 14308, 1, 2021/12/27, 15:11:00.992, 17158956030, vstest.console.dll, TestPluginManager.CreateTestExtension: Attempting to load test extension: Microsoft.VisualStudio.TestPlatform.CrossPlatEngine.Hosting.DefaultTestHostManager
TpTrace Information: 0 : 14308, 1, 2021/12/27, 15:11:00.993, 17158959275, vstest.console.dll, TestPluginManager.CreateTestExtension: Attempting to load test extension: Microsoft.VisualStudio.TestPlatform.CrossPlatEngine.Hosting.DotnetTestHostManager
TpTrace Verbose: 0 : 14308, 1, 2021/12/27, 15:11:00.993, 17158964699, vstest.console.dll, TestEngine: Initializing Parallel Execution as MaxCpuCount is set to: 1
TpTrace Information: 0 : 14308, 1, 2021/12/27, 15:11:00.994, 17158970525, vstest.console.dll, InferRunSettingsHelper.IsTestSettingsEnabled: Unable to navigate to RunSettings/MSTest. Current node: RunSettings
TpTrace Verbose: 0 : 14308, 1, 2021/12/27, 15:11:01.069, 17159723768, vstest.console.dll, TestRequestSender is acting as server
TpTrace Verbose: 0 : 14308, 4, 2021/12/27, 15:11:01.073, 17159760699, vstest.console.dll, DataCollectionRequestSender.InitializeCommunication : Initialize communication. 
TpTrace Information: 0 : 14308, 4, 2021/12/27, 15:11:01.095, 17159976690, vstest.console.dll, Listening on Endpoint : 127.0.0.1:61625
TpTrace Verbose: 0 : 14308, 4, 2021/12/27, 15:11:01.106, 17160091293, vstest.console.dll, DotnetDataCollectionLauncher: Full path of dotnet.exe is C:\Program Files\dotnet\dotnet.exe
TpTrace Verbose: 0 : 14308, 4, 2021/12/27, 15:11:01.106, 17160093991, vstest.console.dll, DotnetDataCollectionLauncher: Adding  --runtimeconfig "C:\Program Files\dotnet\sdk\5.0.401\datacollector.runtimeconfig.json" in args
TpTrace Verbose: 0 : 14308, 4, 2021/12/27, 15:11:01.106, 17160095371, vstest.console.dll, DotnetDataCollectionLauncher: Adding  --depsfile "C:\Program Files\dotnet\sdk\5.0.401\datacollector.deps.json" in args
TpTrace Information: 0 : 14308, 4, 2021/12/27, 15:11:01.123, 17160262828, vstest.console.dll, ProxyDataCollectionManager.Initialize: Launched datacollector processId: 12600 port: 61625
TpTrace Information: 0 : 14308, 4, 2021/12/27, 15:11:01.123, 17160264607, vstest.console.dll, ProxyDataCollectionManager.Initialize: waiting for connection with timeout: 90 seconds
TpTrace Verbose: 0 : 14308, 4, 2021/12/27, 15:11:01.123, 17160265266, vstest.console.dll, DataCollectionRequestSender.WaitForRequestHandlerConnection : Waiting for connection with timeout: 90000
TpTrace Information: 0 : 14308, 7, 2021/12/27, 15:11:01.357, 17162598496, vstest.console.dll, Using the buffer size of 16384 bytes
TpTrace Verbose: 0 : 14308, 4, 2021/12/27, 15:11:01.357, 17162599189, vstest.console.dll, ProxyDataCollectionManager.InvokeDataCollectionServiceAction: Starting.
TpTrace Information: 0 : 14308, 7, 2021/12/27, 15:11:01.357, 17162599447, vstest.console.dll, Accepted Client request and set the flag
TpTrace Information: 0 : 14308, 4, 2021/12/27, 15:11:01.357, 17162600209, vstest.console.dll, ProxyDataCollectionManager.BeforeTestRunStart: Get environment variable and port for datacollector processId: 12600 port: 61625
TpTrace Verbose: 0 : 14308, 4, 2021/12/27, 15:11:01.357, 17162601391, vstest.console.dll, DataCollectionRequestSender.SendBeforeTestRunStartAndGetResult : Send BeforeTestRunStart message with settingsXml <RunSettings><RunConfiguration><ResultsDirectory>C:\Users\Koro\Desktop\Homework\Koro\windowDesign\DrawingProject\DrawingForm\DrawingFormTests\bin\Debug\.netcoreapp,version=v3.1\fine-code-coverage\coverage-tool-output</ResultsDirectory><TargetPlatform>X64</TargetPlatform><TargetFrameworkVersion>.NETCoreApp,Version=v3.1</TargetFrameworkVersion><DesignMode>False</DesignMode><CollectSourceInformation>False</CollectSourceInformation><TestAdaptersPaths>C:\Program Files\dotnet\sdk\5.0.401\Extensions</TestAdaptersPaths></RunConfiguration><LoggerRunSettings><Loggers><Logger friendlyName="blame" enabled="True" /><Logger friendlyName="Console" uri="logger://microsoft/TestPlatform/ConsoleLogger/v1" assemblyQualifiedName="Microsoft.VisualStudio.TestPlatform.CommandLine.Internal.ConsoleLogger, vstest.console, Version=15.0.0.0, Culture=neutral, PublicKeyToken=b03f5f7f11d50a3a" codeBase="C:\Program Files\dotnet\sdk\5.0.401\vstest.console.dll" enabled="True" /></Loggers></LoggerRunSettings><DataCollectionRunSettings><DataCollectors><DataCollector friendlyName="blame" enabled="True"><Configuration><ResultsDirectory>C:\Users\Koro\Desktop\Homework\Koro\windowDesign\DrawingProject\DrawingForm\DrawingFormTests\bin\Debug\.netcoreapp,version=v3.1\fine-code-coverage\coverage-tool-output</ResultsDirectory></Configuration></DataCollector></DataCollectors></DataCollectionRunSettings></RunSettings> and sources System.Linq.Enumerable+Concat2Iterator`1[System.String]: 
TpTrace Verbose: 0 : 14308, 4, 2021/12/27, 15:11:01.481, 17163837354, vstest.console.dll, DataCollectionRequestSender.SendBeforeTestRunStartAndGetResult : Received message: (DataCollection.SendMessage) -> {
  "FriendlyName": null,
  "Uri": null,
  "TestCaseId": "00000000-0000-0000-0000-000000000000",
  "Message": "Logging DataCollector Diagnostics in file: C:\\Users\\Koro\\Desktop\\Homework\\Koro\\windowDesign\\DrawingProject\\DrawingForm\\DrawingFormTests\\bin\\Debug\\.netcoreapp,version=v3.1\\fine-code-coverage\\coverage-tool-output\\diagnostics.datacollector.21-12-27_15-11-01_10204_4.log",
  "Level": 0
}
TpTrace Information: 0 : 14308, 4, 2021/12/27, 15:11:01.486, 17163895952, vstest.console.dll, AssemblyResolver.OnResolve: Microsoft.VisualStudio.TestPlatform.Common.resources: Resolving assembly.
TpTrace Information: 0 : 14308, 4, 2021/12/27, 15:11:01.487, 17163899215, vstest.console.dll, AssemblyResolver.OnResolve: Microsoft.VisualStudio.TestPlatform.Common.resources: Searching in: 'C:\Program Files\dotnet\sdk\5.0.401\Extensions'.
TpTrace Information: 0 : 14308, 4, 2021/12/27, 15:11:01.487, 17163900298, vstest.console.dll, AssemblyResolver.OnResolve: Microsoft.VisualStudio.TestPlatform.Common.resources: Assembly path does not exist: 'C:\Program Files\dotnet\sdk\5.0.401\Extensions\Microsoft.VisualStudio.TestPlatform.Common.resources.dll', returning.
TpTrace Information: 0 : 14308, 4, 2021/12/27, 15:11:01.487, 17163901179, vstest.console.dll, AssemblyResolver.OnResolve: Microsoft.VisualStudio.TestPlatform.Common.resources: Assembly path does not exist: 'C:\Program Files\dotnet\sdk\5.0.401\Extensions\Microsoft.VisualStudio.TestPlatform.Common.resources.exe', returning.
TpTrace Information: 0 : 14308, 4, 2021/12/27, 15:11:01.487, 17163901585, vstest.console.dll, AssemblyResolver.OnResolve: Microsoft.VisualStudio.TestPlatform.Common.resources: Searching in: 'C:\Program Files\dotnet\sdk\5.0.401'.
TpTrace Information: 0 : 14308, 4, 2021/12/27, 15:11:01.487, 17163902213, vstest.console.dll, AssemblyResolver.OnResolve: Microsoft.VisualStudio.TestPlatform.Common.resources: Assembly path does not exist: 'C:\Program Files\dotnet\sdk\5.0.401\Microsoft.VisualStudio.TestPlatform.Common.resources.dll', returning.
TpTrace Information: 0 : 14308, 4, 2021/12/27, 15:11:01.487, 17163902835, vstest.console.dll, AssemblyResolver.OnResolve: Microsoft.VisualStudio.TestPlatform.Common.resources: Assembly path does not exist: 'C:\Program Files\dotnet\sdk\5.0.401\Microsoft.VisualStudio.TestPlatform.Common.resources.exe', returning.
TpTrace Information: 0 : 14308, 4, 2021/12/27, 15:11:01.487, 17163903169, vstest.console.dll, AssemblyResolver.OnResolve: Microsoft.VisualStudio.TestPlatform.Common.resources: Failed to load assembly.
TpTrace Verbose: 0 : 14308, 4, 2021/12/27, 15:11:01.709, 17166122936, vstest.console.dll, DataCollectionRequestSender.SendBeforeTestRunStartAndGetResult : Received message: (DataCollection.BeforeTestRunStartResult) -> {
  "EnvironmentVariables": {},
  "DataCollectionEventsPort": 61627
}
TpTrace Information: 0 : 14308, 4, 2021/12/27, 15:11:01.712, 17166154292, vstest.console.dll, ProxyDataCollectionManager.BeforeTestRunStart: SendBeforeTestRunStartAndGetResult successful, env variable from datacollector:   and testhost port: 61627
TpTrace Information: 0 : 14308, 4, 2021/12/27, 15:11:01.712, 17166154907, vstest.console.dll, ProxyDataCollectionManager.InvokeDataCollectionServiceAction: Completed.
TpTrace Verbose: 0 : 14308, 1, 2021/12/27, 15:11:01.713, 17166156523, vstest.console.dll, TestRunRequest.ExecuteAsync: Creating test run request.
TpTrace Verbose: 0 : 14308, 1, 2021/12/27, 15:11:01.713, 17166159276, vstest.console.dll, TestRunRequest.ExecuteAsync: Starting.
TpTrace Information: 0 : 14308, 1, 2021/12/27, 15:11:01.713, 17166161595, vstest.console.dll, TestRunRequest.ExecuteAsync: Starting run with settings:TestRunCriteria:
   KeepAlive=False,FrequencyOfRunStatsChangeEvent=10,RunStatsChangeEventTimeout=00:00:01.5000000,TestCaseFilter=,TestExecutorLauncher=
   Settingsxml=<RunSettings>
  <RunConfiguration>
    <ResultsDirectory>C:\Users\Koro\Desktop\Homework\Koro\windowDesign\DrawingProject\DrawingForm\DrawingFormTests\bin\Debug\.netcoreapp,version=v3.1\fine-code-coverage\coverage-tool-output</ResultsDirectory>
    <TargetPlatform>X64</TargetPlatform>
    <TargetFrameworkVersion>.NETCoreApp,Version=v3.1</TargetFrameworkVersion>
    <DesignMode>False</DesignMode>
    <CollectSourceInformation>False</CollectSourceInformation>
  </RunConfiguration>
  <LoggerRunSettings>
    <Loggers>
      <Logger friendlyName="blame" enabled="True" />
      <Logger friendlyName="Console" uri="logger://microsoft/TestPlatform/ConsoleLogger/v1" assemblyQualifiedName="Microsoft.VisualStudio.TestPlatform.CommandLine.Internal.ConsoleLogger, vstest.console, Version=15.0.0.0, Culture=neutral, PublicKeyToken=b03f5f7f11d50a3a" codeBase="C:\Program Files\dotnet\sdk\5.0.401\vstest.console.dll" enabled="True" />
    </Loggers>
  </LoggerRunSettings>
  <DataCollectionRunSettings>
    <DataCollectors>
      <DataCollector friendlyName="blame" enabled="True">
        <Configuration>
          <ResultsDirectory>C:\Users\Koro\Desktop\Homework\Koro\windowDesign\DrawingProject\DrawingForm\DrawingFormTests\bin\Debug\.netcoreapp,version=v3.1\fine-code-coverage\coverage-tool-output</ResultsDirectory>
        </Configuration>
      </DataCollector>
    </DataCollectors>
  </DataCollectionRunSettings>
</RunSettings>

TpTrace Verbose: 0 : 14308, 1, 2021/12/27, 15:11:01.713, 17166162146, vstest.console.dll, TestRunRequest.ExecuteAsync: Wait for the first run request is over.
TpTrace Verbose: 0 : 14308, 1, 2021/12/27, 15:11:01.713, 17166165668, vstest.console.dll, ParallelProxyExecutionManager: Start execution. Total sources: 1
TpTrace Information: 0 : 14308, 1, 2021/12/27, 15:11:01.714, 17166173023, vstest.console.dll, ProxyParallelExecutionManager: Triggering test run for next source: C:\Users\Koro\Desktop\Homework\Koro\windowDesign\DrawingProject\DrawingForm\DrawingFormTests\bin\Debug\.netcoreapp,version=v3.1\fine-code-coverage\build-output\DrawingFormTests.dll
TpTrace Verbose: 0 : 14308, 4, 2021/12/27, 15:11:01.714, 17166174620, vstest.console.dll, ParallelProxyExecutionManager: Execution started. Started clients: 1
TpTrace Verbose: 0 : 14308, 1, 2021/12/27, 15:11:01.714, 17166174799, vstest.console.dll, ProxyParallelExecutionManager: No sources available for execution.
TpTrace Information: 0 : 14308, 1, 2021/12/27, 15:11:01.714, 17166175717, vstest.console.dll, TestRunRequest.ExecuteAsync: Started.
TpTrace Verbose: 0 : 14308, 1, 2021/12/27, 15:11:01.714, 17166176351, vstest.console.dll, TestRunRequest.WaitForCompletion: Waiting with timeout -1.
TpTrace Verbose: 0 : 14308, 4, 2021/12/27, 15:11:01.715, 17166177078, vstest.console.dll, TestRunRequest:SendTestRunMessage: Starting.
TpTrace Information: 0 : 14308, 4, 2021/12/27, 15:11:01.715, 17166178150, vstest.console.dll, TestRunRequest:SendTestRunMessage: Completed.
TpTrace Verbose: 0 : 14308, 4, 2021/12/27, 15:11:01.715, 17166179862, vstest.console.dll, ProxyExecutionManager: Test host is always Lazy initialize.
TpTrace Verbose: 0 : 14308, 4, 2021/12/27, 15:11:01.715, 17166182488, vstest.console.dll, TestRequestSender.InitializeCommunication: initialize communication. 
TpTrace Information: 0 : 14308, 4, 2021/12/27, 15:11:01.716, 17166188935, vstest.console.dll, SocketServer.Start: Listening on endpoint : 127.0.0.1:61628
TpTrace Verbose: 0 : 14308, 4, 2021/12/27, 15:11:01.716, 17166195455, vstest.console.dll, DotnetTestHostmanager: Adding  --runtimeconfig "C:\Users\Koro\Desktop\Homework\Koro\windowDesign\DrawingProject\DrawingForm\DrawingFormTests\bin\Debug\.netcoreapp,version=v3.1\fine-code-coverage\build-output\DrawingFormTests.runtimeconfig.json" in args
TpTrace Verbose: 0 : 14308, 4, 2021/12/27, 15:11:01.716, 17166196431, vstest.console.dll, DotnetTestHostmanager: Adding  --depsfile "C:\Users\Koro\Desktop\Homework\Koro\windowDesign\DrawingProject\DrawingForm\DrawingFormTests\bin\Debug\.netcoreapp,version=v3.1\fine-code-coverage\build-output\DrawingFormTests.deps.json" in args
TpTrace Verbose: 0 : 14308, 4, 2021/12/27, 15:11:01.717, 17166198316, vstest.console.dll, DotnetTestHostManager: Testhost.exe/testhost.x86.exe found at path: C:\Users\Koro\Desktop\Homework\Koro\windowDesign\DrawingProject\DrawingForm\DrawingFormTests\bin\Debug\.netcoreapp,version=v3.1\fine-code-coverage\build-output\testhost.exe
TpTrace Verbose: 0 : 14308, 4, 2021/12/27, 15:11:01.717, 17166198781, vstest.console.dll, DotnetTestHostmanager: Full path of host exe is C:\Users\Koro\Desktop\Homework\Koro\windowDesign\DrawingProject\DrawingForm\DrawingFormTests\bin\Debug\.netcoreapp,version=v3.1\fine-code-coverage\build-output\testhost.exe
TpTrace Verbose: 0 : 14308, 6, 2021/12/27, 15:11:01.718, 17166206635, vstest.console.dll, DotnetTestHostManager: Starting process 'C:\Users\Koro\Desktop\Homework\Koro\windowDesign\DrawingProject\DrawingForm\DrawingFormTests\bin\Debug\.netcoreapp,version=v3.1\fine-code-coverage\build-output\testhost.exe' with command line ' --runtimeconfig "C:\Users\Koro\Desktop\Homework\Koro\windowDesign\DrawingProject\DrawingForm\DrawingFormTests\bin\Debug\.netcoreapp,version=v3.1\fine-code-coverage\build-output\DrawingFormTests.runtimeconfig.json" --depsfile "C:\Users\Koro\Desktop\Homework\Koro\windowDesign\DrawingProject\DrawingForm\DrawingFormTests\bin\Debug\.netcoreapp,version=v3.1\fine-code-coverage\build-output\DrawingFormTests.deps.json" --port 61628 --endpoint 127.0.0.1:061628 --role client --parentprocessid 14308 --diag "C:\Users\Koro\Desktop\Homework\Koro\windowDesign\DrawingProject\DrawingForm\DrawingFormTests\bin\Debug\.netcoreapp,version=v3.1\fine-code-coverage\coverage-tool-output\diagnostics.host.21-12-27_15-11-01_71652_4.log" --tracelevel 4 --datacollectionport 61627 --telemetryoptedin false'
TpTrace Verbose: 0 : 14308, 6, 2021/12/27, 15:11:01.751, 17166540259, vstest.console.dll, Test Runtime launched
TpTrace Verbose: 0 : 14308, 4, 2021/12/27, 15:11:01.751, 17166546176, vstest.console.dll, TestRequestSender.WaitForRequestHandlerConnection: waiting for connection with timeout: 90000
TpTrace Verbose: 0 : 14308, 6, 2021/12/27, 15:11:02.039, 17169418941, vstest.console.dll, SocketServer.OnClientConnected: Client connected for endPoint: 127.0.0.1:61628, starting MessageLoopAsync:
TpTrace Verbose: 0 : 14308, 14, 2021/12/27, 15:11:02.039, 17169421969, vstest.console.dll, TcpClientExtensions.MessageLoopAsync: Polling on remoteEndPoint: 127.0.0.1:61629 localEndPoint: 127.0.0.1:61628
TpTrace Verbose: 0 : 14308, 14, 2021/12/27, 15:11:02.214, 17171167791, vstest.console.dll, TcpClientExtensions.MessageLoopAsync: NotifyDataAvailable remoteEndPoint: 127.0.0.1:61629 localEndPoint: 127.0.0.1:61628
TpTrace Verbose: 0 : 14308, 14, 2021/12/27, 15:11:02.214, 17171170987, vstest.console.dll, TestRequestSender.CheckVersionWithTestHost: onMessageReceived received message: (ProtocolVersion) -> 5
TpTrace Verbose: 0 : 14308, 14, 2021/12/27, 15:11:02.214, 17171174591, vstest.console.dll, TcpClientExtensions.MessageLoopAsync: Polling on remoteEndPoint: 127.0.0.1:61629 localEndPoint: 127.0.0.1:61628
TpTrace Verbose: 0 : 14308, 4, 2021/12/27, 15:11:02.214, 17171175536, vstest.console.dll, TestPluginCache.GetExtensionPaths: Filtered extension paths: 
TpTrace Verbose: 0 : 14308, 4, 2021/12/27, 15:11:02.215, 17171176606, vstest.console.dll, TestPluginCache.GetExtensionPaths: Added default extension paths: C:\Program Files\dotnet\sdk\5.0.401\Extensions\Microsoft.Diagnostics.NETCore.Client.dll
C:\Program Files\dotnet\sdk\5.0.401\Extensions\Microsoft.TestPlatform.Extensions.BlameDataCollector.dll
C:\Program Files\dotnet\sdk\5.0.401\Extensions\Microsoft.TestPlatform.Extensions.EventLogCollector.dll
C:\Program Files\dotnet\sdk\5.0.401\Extensions\Microsoft.TestPlatform.TestHostRuntimeProvider.dll
C:\Program Files\dotnet\sdk\5.0.401\Extensions\Microsoft.VisualStudio.TestPlatform.Extensions.Html.TestLogger.dll
C:\Program Files\dotnet\sdk\5.0.401\Extensions\Microsoft.VisualStudio.TestPlatform.Extensions.Trx.TestLogger.dll
TpTrace Verbose: 0 : 14308, 4, 2021/12/27, 15:11:02.215, 17171176971, vstest.console.dll, TestPluginCache.GetExtensionPaths: Added unfilterableExtensionPaths: 
TpTrace Verbose: 0 : 14308, 4, 2021/12/27, 15:11:02.219, 17171218136, vstest.console.dll, TestRequestSender.InitializeExecution: Sending initializing execution with message: {"Version":5,"MessageType":"TestExecution.Initialize","Payload":["C:\\Users\\Koro\\Desktop\\Homework\\Koro\\windowDesign\\DrawingProject\\DrawingForm\\DrawingFormTests\\bin\\Debug\\.netcoreapp,version=v3.1\\fine-code-coverage\\build-output\\Microsoft.VisualStudio.TestPlatform.MSTest.TestAdapter.dll"]}
TpTrace Verbose: 0 : 14308, 4, 2021/12/27, 15:11:02.226, 17171295155, vstest.console.dll, TestRequestSender.StartTestRun: Sending test run with message: {"Version":5,"MessageType":"TestExecution.StartWithSources","Payload":{"AdapterSourceMap":{"_none_":["C:\\Users\\Koro\\Desktop\\Homework\\Koro\\windowDesign\\DrawingProject\\DrawingForm\\DrawingFormTests\\bin\\Debug\\.netcoreapp,version=v3.1\\fine-code-coverage\\build-output\\DrawingFormTests.dll"]},"RunSettings":"<RunSettings>\r\n  <RunConfiguration>\r\n    <ResultsDirectory>C:\\Users\\Koro\\Desktop\\Homework\\Koro\\windowDesign\\DrawingProject\\DrawingForm\\DrawingFormTests\\bin\\Debug\\.netcoreapp,version=v3.1\\fine-code-coverage\\coverage-tool-output</ResultsDirectory>\r\n    <TargetPlatform>X64</TargetPlatform>\r\n    <TargetFrameworkVersion>.NETCoreApp,Version=v3.1</TargetFrameworkVersion>\r\n    <DesignMode>False</DesignMode>\r\n    <CollectSourceInformation>False</CollectSourceInformation>\r\n  </RunConfiguration>\r\n  <LoggerRunSettings>\r\n    <Loggers>\r\n      <Logger friendlyName=\"blame\" enabled=\"True\" />\r\n      <Logger friendlyName=\"Console\" uri=\"logger://microsoft/TestPlatform/ConsoleLogger/v1\" assemblyQualifiedName=\"Microsoft.VisualStudio.TestPlatform.CommandLine.Internal.ConsoleLogger, vstest.console, Version=15.0.0.0, Culture=neutral, PublicKeyToken=b03f5f7f11d50a3a\" codeBase=\"C:\\Program Files\\dotnet\\sdk\\5.0.401\\vstest.console.dll\" enabled=\"True\" />\r\n    </Loggers>\r\n  </LoggerRunSettings>\r\n  <DataCollectionRunSettings>\r\n    <DataCollectors>\r\n      <DataCollector friendlyName=\"blame\" enabled=\"True\">\r\n        <Configuration>\r\n          <ResultsDirectory>C:\\Users\\Koro\\Desktop\\Homework\\Koro\\windowDesign\\DrawingProject\\DrawingForm\\DrawingFormTests\\bin\\Debug\\.netcoreapp,version=v3.1\\fine-code-coverage\\coverage-tool-output</ResultsDirectory>\r\n        </Configuration>\r\n      </DataCollector>\r\n    </DataCollectors>\r\n  </DataCollectionRunSettings>\r\n</RunSettings>","TestExecutionContext":{"FrequencyOfRunStatsChangeEvent":10,"RunStatsChangeEventTimeout":"00:00:01.5000000","InIsolation":false,"KeepAlive":false,"AreTestCaseLevelEventsRequired":false,"IsDebug":false,"TestCaseFilter":null,"FilterOptions":null},"Package":null}}
TpTrace Verbose: 0 : 14308, 14, 2021/12/27, 15:11:02.237, 17171401828, vstest.console.dll, TcpClientExtensions.MessageLoopAsync: NotifyDataAvailable remoteEndPoint: 127.0.0.1:61629 localEndPoint: 127.0.0.1:61628
TpTrace Verbose: 0 : 14308, 14, 2021/12/27, 15:11:02.237, 17171403699, vstest.console.dll, TestRequestSender.OnExecutionMessageReceived: Received message: {"Version":5,"MessageType":"TestSession.Message","Payload":{"MessageLevel":0,"Message":"在檔案 C:\\Users\\Koro\\Desktop\\Homework\\Koro\\windowDesign\\DrawingProject\\DrawingForm\\DrawingFormTests\\bin\\Debug\\.netcoreapp,version=v3.1\\fine-code-coverage\\coverage-tool-output\\diagnostics.host.21-12-27_15-11-01_71652_4.log 中記錄 TestHost 診斷"}}
TpTrace Verbose: 0 : 14308, 14, 2021/12/27, 15:11:02.243, 17171460418, vstest.console.dll, TestRunRequest:SendTestRunMessage: Starting.
TpTrace Information: 0 : 14308, 14, 2021/12/27, 15:11:02.243, 17171461644, vstest.console.dll, TestRunRequest:SendTestRunMessage: Completed.
TpTrace Verbose: 0 : 14308, 14, 2021/12/27, 15:11:02.243, 17171462017, vstest.console.dll, TcpClientExtensions.MessageLoopAsync: Polling on remoteEndPoint: 127.0.0.1:61629 localEndPoint: 127.0.0.1:61628
TpTrace Verbose: 0 : 14308, 14, 2021/12/27, 15:11:02.705, 17176084076, vstest.console.dll, TcpClientExtensions.MessageLoopAsync: NotifyDataAvailable remoteEndPoint: 127.0.0.1:61629 localEndPoint: 127.0.0.1:61628
TpTrace Verbose: 0 : 14308, 14, 2021/12/27, 15:11:02.706, 17176095861, vstest.console.dll, TestRequestSender.OnExecutionMessageReceived: Received message: {"Version":5,"MessageType":"TestExecution.StatsChange","Payload":{"NewTestResults":[{"TestCase":{"Id":"25701f3b-41b0-5838-6b62-3e20647b5183","FullyQualifiedName":"DrawingModel.Tests.ModelTests.PointerPressedTest","DisplayName":"PointerPressedTest","ExecutorUri":"executor://MSTestAdapter/v2","Source":"C:\\Users\\Koro\\Desktop\\Homework\\Koro\\windowDesign\\DrawingProject\\DrawingForm\\DrawingFormTests\\bin\\Debug\\.netcoreapp,version=v3.1\\fine-code-coverage\\build-output\\DrawingFormTests.dll","CodeFilePath":null,"LineNumber":-1,"Properties":[{"Key":{"Id":"TestCase.ManagedType","Label":"ManagedType","Category":"","Description":"","Attributes":1,"ValueType":"System.String"},"Value":"DrawingModel.Tests.ModelTests"},{"Key":{"Id":"TestCase.ManagedMethod","Label":"ManagedMethod","Category":"","Description":"","Attributes":1,"ValueType":"System.String"},"Value":"PointerPressedTest"},{"Key":{"Id":"MSTestDiscoverer.TestClassName","Label":"ClassName","Category":"","Description":"","Attributes":1,"ValueType":"System.String"},"Value":"DrawingModel.Tests.ModelTests"},{"Key":{"Id":"TestObject.Traits","Label":"Traits","Category":"","Description":"","Attributes":5,"ValueType":"System.Collections.Generic.KeyValuePair`2[[System.String],[System.String]][]"},"Value":[]}]},"Attachments":[],"Outcome":1,"ErrorMessage":null,"ErrorStackTrace":null,"DisplayName":null,"Messages":[],"ComputerName":null,"Duration":"00:00:00.0067867","StartTime":"2021-12-27T15:11:02.5976225+08:00","EndTime":"2021-12-27T15:11:02.635269+08:00","Properties":[{"Key":{"Id":"ExecutionId","Label":"ExecutionId","Category":"","Description":"","Attributes":1,"ValueType":"System.Guid"},"Value":"00000000-0000-0000-0000-000000000000"},{"Key":{"Id":"ParentExecId","Label":"ParentExecId","Category":"","Description":"","Attributes":1,"ValueType":"System.Guid"},"Value":"00000000-0000-0000-0000-000000000000"},{"Key":{"Id":"InnerResultsCount","Label":"InnerResultsCount","Category":"","Description":"","Attributes":1,"ValueType":"System.Int32"},"Value":0}]},{"TestCase":{"Id":"c78db72f-e800-ccca-ddba-43f82b21864b","FullyQualifiedName":"DrawingModel.Tests.ModelTests.PointerMovedTest","DisplayName":"PointerMovedTest","ExecutorUri":"executor://MSTestAdapter/v2","Source":"C:\\Users\\Koro\\Desktop\\Homework\\Koro\\windowDesign\\DrawingProject\\DrawingForm\\DrawingFormTests\\bin\\Debug\\.netcoreapp,version=v3.1\\fine-code-coverage\\build-output\\DrawingFormTests.dll","CodeFilePath":null,"LineNumber":-1,"Properties":[{"Key":{"Id":"TestCase.ManagedType","Label":"ManagedType","Category":"","Description":"","Attributes":1,"ValueType":"System.String"},"Value":"DrawingModel.Tests.ModelTests"},{"Key":{"Id":"TestCase.ManagedMethod","Label":"ManagedMethod","Category":"","Description":"","Attributes":1,"ValueType":"System.String"},"Value":"PointerMovedTest"},{"Key":{"Id":"MSTestDiscoverer.TestClassName","Label":"ClassName","Category":"","Description":"","Attributes":1,"ValueType":"System.String"},"Value":"DrawingModel.Tests.ModelTests"},{"Key":{"Id":"TestObject.Traits","Label":"Traits","Category":"","Description":"","Attributes":5,"ValueType":"System.Collections.Generic.KeyValuePair`2[[System.String],[System.String]][]"},"Value":[]}]},"Attachments":[],"Outcome":1,"ErrorMessage":null,"ErrorStackTrace":null,"DisplayName":null,"Messages":[],"ComputerName":null,"Duration":"00:00:00.0004720","StartTime":"2021-12-27T15:11:02.6573662+08:00","EndTime":"2021-12-27T15:11:02.6581011+08:00","Properties":[{"Key":{"Id":"ExecutionId","Label":"ExecutionId","Category":"","Description":"","Attributes":1,"ValueType":"System.Guid"},"Value":"00000000-0000-0000-0000-000000000000"},{"Key":{"Id":"ParentExecId","Label":"ParentExecId","Category":"","Description":"","Attributes":1,"ValueType":"System.Guid"},"Value":"00000000-0000-0000-0000-000000000000"},{"Key":{"Id":"InnerResultsCount","Label":"InnerResultsCount","Category":"","Description":"","Attributes":1,"ValueType":"System.Int32"},"Value":0}]},{"TestCase":{"Id":"6cdd3a40-cc58-bc74-dc4f-2ea7812e3d25","FullyQualifiedName":"DrawingModel.Tests.ModelTests.PointerReleasedTest","DisplayName":"PointerReleasedTest","ExecutorUri":"executor://MSTestAdapter/v2","Source":"C:\\Users\\Koro\\Desktop\\Homework\\Koro\\windowDesign\\DrawingProject\\DrawingForm\\DrawingFormTests\\bin\\Debug\\.netcoreapp,version=v3.1\\fine-code-coverage\\build-output\\DrawingFormTests.dll","CodeFilePath":null,"LineNumber":-1,"Properties":[{"Key":{"Id":"TestCase.ManagedType","Label":"ManagedType","Category":"","Description":"","Attributes":1,"ValueType":"System.String"},"Value":"DrawingModel.Tests.ModelTests"},{"Key":{"Id":"TestCase.ManagedMethod","Label":"ManagedMethod","Category":"","Description":"","Attributes":1,"ValueType":"System.String"},"Value":"PointerReleasedTest"},{"Key":{"Id":"MSTestDiscoverer.TestClassName","Label":"ClassName","Category":"","Description":"","Attributes":1,"ValueType":"System.String"},"Value":"DrawingModel.Tests.ModelTests"},{"Key":{"Id":"TestObject.Traits","Label":"Traits","Category":"","Description":"","Attributes":5,"ValueType":"System.Collections.Generic.KeyValuePair`2[[System.String],[System.String]][]"},"Value":[]}]},"Attachments":[],"Outcome":1,"ErrorMessage":null,"ErrorStackTrace":null,"DisplayName":null,"Messages":[],"ComputerName":null,"Duration":"00:00:00.0013558","StartTime":"2021-12-27T15:11:02.6609683+08:00","EndTime":"2021-12-27T15:11:02.6625679+08:00","Properties":[{"Key":{"Id":"ExecutionId","Label":"ExecutionId","Category":"","Description":"","Attributes":1,"ValueType":"System.Guid"},"Value":"00000000-0000-0000-0000-000000000000"},{"Key":{"Id":"ParentExecId","Label":"ParentExecId","Category":"","Description":"","Attributes":1,"ValueType":"System.Guid"},"Value":"00000000-0000-0000-0000-000000000000"},{"Key":{"Id":"InnerResultsCount","Label":"InnerResultsCount","Category":"","Description":"","Attributes":1,"ValueType":"System.Int32"},"Value":0}]},{"TestCase":{"Id":"1ce2ac72-fd4c-edb6-5459-a77f8eca3e1e","FullyQualifiedName":"DrawingModel.Tests.ModelTests.ClearTest","DisplayName":"ClearTest","ExecutorUri":"executor://MSTestAdapter/v2","Source":"C:\\Users\\Koro\\Desktop\\Homework\\Koro\\windowDesign\\DrawingProject\\DrawingForm\\DrawingFormTests\\bin\\Debug\\.netcoreapp,version=v3.1\\fine-code-coverage\\build-output\\DrawingFormTests.dll","CodeFilePath":null,"LineNumber":-1,"Properties":[{"Key":{"Id":"TestCase.ManagedType","Label":"ManagedType","Category":"","Description":"","Attributes":1,"ValueType":"System.String"},"Value":"DrawingModel.Tests.ModelTests"},{"Key":{"Id":"TestCase.ManagedMethod","Label":"ManagedMethod","Category":"","Description":"","Attributes":1,"ValueType":"System.String"},"Value":"ClearTest"},{"Key":{"Id":"MSTestDiscoverer.TestClassName","Label":"ClassName","Category":"","Description":"","Attributes":1,"ValueType":"System.String"},"Value":"DrawingModel.Tests.ModelTests"},{"Key":{"Id":"TestObject.Traits","Label":"Traits","Category":"","Description":"","Attributes":5,"ValueType":"System.Collections.Generic.KeyValuePair`2[[System.String],[System.String]][]"},"Value":[]}]},"Attachments":[],"Outcome":1,"ErrorMessage":null,"ErrorStackTrace":null,"DisplayName":null,"Messages":[],"ComputerName":null,"Duration":"00:00:00.0007440","StartTime":"2021-12-27T15:11:02.6654107+08:00","EndTime":"2021-12-27T15:11:02.6663687+08:00","Properties":[{"Key":{"Id":"ExecutionId","Label":"ExecutionId","Category":"","Description":"","Attributes":1,"ValueType":"System.Guid"},"Value":"00000000-0000-0000-0000-000000000000"},{"Key":{"Id":"ParentExecId","Label":"ParentExecId","Category":"","Description":"","Attributes":1,"ValueType":"System.Guid"},"Value":"00000000-0000-0000-0000-000000000000"},{"Key":{"Id":"InnerResultsCount","Label":"InnerResultsCount","Category":"","Description":"","Attributes":1,"ValueType":"System.Int32"},"Value":0}]},{"TestCase":{"Id":"03964231-c0d4-5a1b-7e19-f39f748b3663","FullyQualifiedName":"DrawingModel.Tests.ModelTests.DrawTest","DisplayName":"DrawTest","ExecutorUri":"executor://MSTestAdapter/v2","Source":"C:\\Users\\Koro\\Desktop\\Homework\\Koro\\windowDesign\\DrawingProject\\DrawingForm\\DrawingFormTests\\bin\\Debug\\.netcoreapp,version=v3.1\\fine-code-coverage\\build-output\\DrawingFormTests.dll","CodeFilePath":null,"LineNumber":-1,"Properties":[{"Key":{"Id":"TestCase.ManagedType","Label":"ManagedType","Category":"","Description":"","Attributes":1,"ValueType":"System.String"},"Value":"DrawingModel.Tests.ModelTests"},{"Key":{"Id":"TestCase.ManagedMethod","Label":"ManagedMethod","Category":"","Description":"","Attributes":1,"ValueType":"System.String"},"Value":"DrawTest"},{"Key":{"Id":"MSTestDiscoverer.TestClassName","Label":"ClassName","Category":"","Description":"","Attributes":1,"ValueType":"System.String"},"Value":"DrawingModel.Tests.ModelTests"},{"Key":{"Id":"TestObject.Traits","Label":"Traits","Category":"","Description":"","Attributes":5,"ValueType":"System.Collections.Generic.KeyValuePair`2[[System.String],[System.String]][]"},"Value":[]}]},"Attachments":[],"Outcome":1,"ErrorMessage":null,"ErrorStackTrace":null,"DisplayName":null,"Messages":[],"ComputerName":null,"Duration":"00:00:00.0000714","StartTime":"2021-12-27T15:11:02.6685735+08:00","EndTime":"2021-12-27T15:11:02.6688686+08:00","Properties":[{"Key":{"Id":"ExecutionId","Label":"ExecutionId","Category":"","Description":"","Attributes":1,"ValueType":"System.Guid"},"Value":"00000000-0000-0000-0000-000000000000"},{"Key":{"Id":"ParentExecId","Label":"ParentExecId","Category":"","Description":"","Attributes":1,"ValueType":"System.Guid"},"Value":"00000000-0000-0000-0000-000000000000"},{"Key":{"Id":"InnerResultsCount","Label":"InnerResultsCount","Category":"","Description":"","Attributes":1,"ValueType":"System.Int32"},"Value":0}]},{"TestCase":{"Id":"5b5da9e1-5ba8-0823-6c44-ce7e7be73c5c","FullyQualifiedName":"DrawingModel.Tests.ModelTests.AddNewShapeTest","DisplayName":"AddNewShapeTest","ExecutorUri":"executor://MSTestAdapter/v2","Source":"C:\\Users\\Koro\\Desktop\\Homework\\Koro\\windowDesign\\DrawingProject\\DrawingForm\\DrawingFormTests\\bin\\Debug\\.netcoreapp,version=v3.1\\fine-code-coverage\\build-output\\DrawingFormTests.dll","CodeFilePath":null,"LineNumber":-1,"Properties":[{"Key":{"Id":"TestCase.ManagedType","Label":"ManagedType","Category":"","Description":"","Attributes":1,"ValueType":"System.String"},"Value":"DrawingModel.Tests.ModelTests"},{"Key":{"Id":"TestCase.ManagedMethod","Label":"ManagedMethod","Category":"","Description":"","Attributes":1,"ValueType":"System.String"},"Value":"AddNewShapeTest"},{"Key":{"Id":"MSTestDiscoverer.TestClassName","Label":"ClassName","Category":"","Description":"","Attributes":1,"ValueType":"System.String"},"Value":"DrawingModel.Tests.ModelTests"},{"Key":{"Id":"TestObject.Traits","Label":"Traits","Category":"","Description":"","Attributes":5,"ValueType":"System.Collections.Generic.KeyValuePair`2[[System.String],[System.String]][]"},"Value":[]}]},"Attachments":[],"Outcome":1,"ErrorMessage":null,"ErrorStackTrace":null,"DisplayName":null,"Messages":[],"ComputerName":null,"Duration":"00:00:00.0002032","StartTime":"2021-12-27T15:11:02.6708525+08:00","EndTime":"2021-12-27T15:11:02.671224+08:00","Properties":[{"Key":{"Id":"ExecutionId","Label":"ExecutionId","Category":"","Description":"","Attributes":1,"ValueType":"System.Guid"},"Value":"00000000-0000-0000-0000-000000000000"},{"Key":{"Id":"ParentExecId","Label":"ParentExecId","Category":"","Description":"","Attributes":1,"ValueType":"System.Guid"},"Value":"00000000-0000-0000-0000-000000000000"},{"Key":{"Id":"InnerResultsCount","Label":"InnerResultsCount","Category":"","Description":"","Attributes":1,"ValueType":"System.Int32"},"Value":0}]},{"TestCase":{"Id":"ac1fe6c7-c266-9ab0-1ae8-4b36975f9483","FullyQualifiedName":"DrawingModel.Tests.ModelTests.MarkShapeTest","DisplayName":"MarkShapeTest","ExecutorUri":"executor://MSTestAdapter/v2","Source":"C:\\Users\\Koro\\Desktop\\Homework\\Koro\\windowDesign\\DrawingProject\\DrawingForm\\DrawingFormTests\\bin\\Debug\\.netcoreapp,version=v3.1\\fine-code-coverage\\build-output\\DrawingFormTests.dll","CodeFilePath":null,"LineNumber":-1,"Properties":[{"Key":{"Id":"TestCase.ManagedType","Label":"ManagedType","Category":"","Description":"","Attributes":1,"ValueType":"System.String"},"Value":"DrawingModel.Tests.ModelTests"},{"Key":{"Id":"TestCase.ManagedMethod","Label":"ManagedMethod","Category":"","Description":"","Attributes":1,"ValueType":"System.String"},"Value":"MarkShapeTest"},{"Key":{"Id":"MSTestDiscoverer.TestClassName","Label":"ClassName","Category":"","Description":"","Attributes":1,"ValueType":"System.String"},"Value":"DrawingModel.Tests.ModelTests"},{"Key":{"Id":"TestObject.Traits","Label":"Traits","Category":"","Description":"","Attributes":5,"ValueType":"System.Collections.Generic.KeyValuePair`2[[System.String],[System.String]][]"},"Value":[]}]},"Attachments":[],"Outcome":1,"ErrorMessage":null,"ErrorStackTrace":null,"DisplayName":null,"Messages":[],"ComputerName":null,"Duration":"00:00:00.0008201","StartTime":"2021-12-27T15:11:02.6732812+08:00","EndTime":"2021-12-27T15:11:02.6743187+08:00","Properties":[{"Key":{"Id":"ExecutionId","Label":"ExecutionId","Category":"","Description":"","Attributes":1,"ValueType":"System.Guid"},"Value":"00000000-0000-0000-0000-000000000000"},{"Key":{"Id":"ParentExecId","Label":"ParentExecId","Category":"","Description":"","Attributes":1,"ValueType":"System.Guid"},"Value":"00000000-0000-0000-0000-000000000000"},{"Key":{"Id":"InnerResultsCount","Label":"InnerResultsCount","Category":"","Description":"","Attributes":1,"ValueType":"System.Int32"},"Value":0}]},{"TestCase":{"Id":"8d063872-8c1f-c5a8-be96-9295f1bfae14","FullyQualifiedName":"DrawingModel.Tests.ModelTests.DeleteShapeTest","DisplayName":"DeleteShapeTest","ExecutorUri":"executor://MSTestAdapter/v2","Source":"C:\\Users\\Koro\\Desktop\\Homework\\Koro\\windowDesign\\DrawingProject\\DrawingForm\\DrawingFormTests\\bin\\Debug\\.netcoreapp,version=v3.1\\fine-code-coverage\\build-output\\DrawingFormTests.dll","CodeFilePath":null,"LineNumber":-1,"Properties":[{"Key":{"Id":"TestCase.ManagedType","Label":"ManagedType","Category":"","Description":"","Attributes":1,"ValueType":"System.String"},"Value":"DrawingModel.Tests.ModelTests"},{"Key":{"Id":"TestCase.ManagedMethod","Label":"ManagedMethod","Category":"","Description":"","Attributes":1,"ValueType":"System.String"},"Value":"DeleteShapeTest"},{"Key":{"Id":"MSTestDiscoverer.TestClassName","Label":"ClassName","Category":"","Description":"","Attributes":1,"ValueType":"System.String"},"Value":"DrawingModel.Tests.ModelTests"},{"Key":{"Id":"TestObject.Traits","Label":"Traits","Category":"","Description":"","Attributes":5,"ValueType":"System.Collections.Generic.KeyValuePair`2[[System.String],[System.String]][]"},"Value":[]}]},"Attachments":[],"Outcome":1,"ErrorMessage":null,"ErrorStackTrace":null,"DisplayName":null,"Messages":[],"ComputerName":null,"Duration":"00:00:00.0002519","StartTime":"2021-12-27T15:11:02.6765269+08:00","EndTime":"2021-12-27T15:11:02.6769633+08:00","Properties":[{"Key":{"Id":"ExecutionId","Label":"ExecutionId","Category":"","Description":"","Attributes":1,"ValueType":"System.Guid"},"Value":"00000000-0000-0000-0000-000000000000"},{"Key":{"Id":"ParentExecId","Label":"ParentExecId","Category":"","Description":"","Attributes":1,"ValueType":"System.Guid"},"Value":"00000000-0000-0000-0000-000000000000"},{"Key":{"Id":"InnerResultsCount","Label":"InnerResultsCount","Category":"","Description":"","Attributes":1,"ValueType":"System.Int32"},"Value":0}]},{"TestCase":{"Id":"6b215691-85b2-1a55-a280-0bb6ea2b38ce","FullyQualifiedName":"DrawingModel.Tests.ModelTests.UndoAndRedoTest","DisplayName":"UndoAndRedoTest","ExecutorUri":"executor://MSTestAdapter/v2","Source":"C:\\Users\\Koro\\Desktop\\Homework\\Koro\\windowDesign\\DrawingProject\\DrawingForm\\DrawingFormTests\\bin\\Debug\\.netcoreapp,version=v3.1\\fine-code-coverage\\build-output\\DrawingFormTests.dll","CodeFilePath":null,"LineNumber":-1,"Properties":[{"Key":{"Id":"TestCase.ManagedType","Label":"ManagedType","Category":"","Description":"","Attributes":1,"ValueType":"System.String"},"Value":"DrawingModel.Tests.ModelTests"},{"Key":{"Id":"TestCase.ManagedMethod","Label":"ManagedMethod","Category":"","Description":"","Attributes":1,"ValueType":"System.String"},"Value":"UndoAndRedoTest"},{"Key":{"Id":"MSTestDiscoverer.TestClassName","Label":"ClassName","Category":"","Description":"","Attributes":1,"ValueType":"System.String"},"Value":"DrawingModel.Tests.ModelTests"},{"Key":{"Id":"TestObject.Traits","Label":"Traits","Category":"","Description":"","Attributes":5,"ValueType":"System.Collections.Generic.KeyValuePair`2[[System.String],[System.String]][]"},"Value":[]}]},"Attachments":[],"Outcome":1,"ErrorMessage":null,"ErrorStackTrace":null,"DisplayName":null,"Messages":[],"ComputerName":null,"Duration":"00:00:00.0005346","StartTime":"2021-12-27T15:11:02.6807959+08:00","EndTime":"2021-12-27T15:11:02.6815882+08:00","Properties":[{"Key":{"Id":"ExecutionId","Label":"ExecutionId","Category":"","Description":"","Attributes":1,"ValueType":"System.Guid"},"Value":"00000000-0000-0000-0000-000000000000"},{"Key":{"Id":"ParentExecId","Label":"ParentExecId","Category":"","Description":"","Attributes":1,"ValueType":"System.Guid"},"Value":"00000000-0000-0000-0000-000000000000"},{"Key":{"Id":"InnerResultsCount","Label":"InnerResultsCount","Category":"","Description":"","Attributes":1,"ValueType":"System.Int32"},"Value":0}]}],"TestRunStatistics":{"ExecutedTests":9,"Stats":{"Passed":9}},"ActiveTests":[{"Id":"add26420-b4b4-fbd0-c23d-24b965dc327f","FullyQualifiedName":"DrawingModel.Tests.ModelTests.GetOnShapeTest","DisplayName":"GetOnShapeTest","ExecutorUri":"executor://MSTestAdapter/v2","Source":"C:\\Users\\Koro\\Desktop\\Homework\\Koro\\windowDesign\\DrawingProject\\DrawingForm\\DrawingFormTests\\bin\\Debug\\.netcoreapp,version=v3.1\\fine-code-coverage\\build-output\\DrawingFormTests.dll","CodeFilePath":null,"LineNumber":-1,"Properties":[{"Key":{"Id":"TestCase.ManagedType","Label":"ManagedType","Category":"","Description":"","Attributes":1,"ValueType":"System.String"},"Value":"DrawingModel.Tests.ModelTests"},{"Key":{"Id":"TestCase.ManagedMethod","Label":"ManagedMethod","Category":"","Description":"","Attributes":1,"ValueType":"System.String"},"Value":"GetOnShapeTest"},{"Key":{"Id":"MSTestDiscoverer.TestClassName","Label":"ClassName","Category":"","Description":"","Attributes":1,"ValueType":"System.String"},"Value":"DrawingModel.Tests.ModelTests"},{"Key":{"Id":"TestObject.Traits","Label":"Traits","Category":"","Description":"","Attributes":5,"ValueType":"System.Collections.Generic.KeyValuePair`2[[System.String],[System.String]][]"},"Value":[]}]}]}}
TpTrace Verbose: 0 : 14308, 14, 2021/12/27, 15:11:02.766, 17176693354, vstest.console.dll, TestRunRequest:SendTestRunStatsChange: Starting.
TpTrace Verbose: 0 : 14308, 14, 2021/12/27, 15:11:02.766, 17176694674, vstest.console.dll, InProgress is GetOnShapeTest
TpTrace Information: 0 : 14308, 14, 2021/12/27, 15:11:02.767, 17176696755, vstest.console.dll, TestRunRequest:SendTestRunStatsChange: Completed.
TpTrace Verbose: 0 : 14308, 14, 2021/12/27, 15:11:02.767, 17176697194, vstest.console.dll, TcpClientExtensions.MessageLoopAsync: Polling on remoteEndPoint: 127.0.0.1:61629 localEndPoint: 127.0.0.1:61628
TpTrace Verbose: 0 : 14308, 14, 2021/12/27, 15:11:02.767, 17176697879, vstest.console.dll, TcpClientExtensions.MessageLoopAsync: NotifyDataAvailable remoteEndPoint: 127.0.0.1:61629 localEndPoint: 127.0.0.1:61628
TpTrace Verbose: 0 : 14308, 14, 2021/12/27, 15:11:02.768, 17176709664, vstest.console.dll, TestRequestSender.OnExecutionMessageReceived: Received message: {"Version":5,"MessageType":"TestExecution.StatsChange","Payload":{"NewTestResults":[{"TestCase":{"Id":"add26420-b4b4-fbd0-c23d-24b965dc327f","FullyQualifiedName":"DrawingModel.Tests.ModelTests.GetOnShapeTest","DisplayName":"GetOnShapeTest","ExecutorUri":"executor://MSTestAdapter/v2","Source":"C:\\Users\\Koro\\Desktop\\Homework\\Koro\\windowDesign\\DrawingProject\\DrawingForm\\DrawingFormTests\\bin\\Debug\\.netcoreapp,version=v3.1\\fine-code-coverage\\build-output\\DrawingFormTests.dll","CodeFilePath":null,"LineNumber":-1,"Properties":[{"Key":{"Id":"TestCase.ManagedType","Label":"ManagedType","Category":"","Description":"","Attributes":1,"ValueType":"System.String"},"Value":"DrawingModel.Tests.ModelTests"},{"Key":{"Id":"TestCase.ManagedMethod","Label":"ManagedMethod","Category":"","Description":"","Attributes":1,"ValueType":"System.String"},"Value":"GetOnShapeTest"},{"Key":{"Id":"MSTestDiscoverer.TestClassName","Label":"ClassName","Category":"","Description":"","Attributes":1,"ValueType":"System.String"},"Value":"DrawingModel.Tests.ModelTests"},{"Key":{"Id":"TestObject.Traits","Label":"Traits","Category":"","Description":"","Attributes":5,"ValueType":"System.Collections.Generic.KeyValuePair`2[[System.String],[System.String]][]"},"Value":[]}]},"Attachments":[],"Outcome":1,"ErrorMessage":null,"ErrorStackTrace":null,"DisplayName":null,"Messages":[],"ComputerName":null,"Duration":"00:00:00.0007336","StartTime":"2021-12-27T15:11:02.7069608+08:00","EndTime":"2021-12-27T15:11:02.7079894+08:00","Properties":[{"Key":{"Id":"ExecutionId","Label":"ExecutionId","Category":"","Description":"","Attributes":1,"ValueType":"System.Guid"},"Value":"00000000-0000-0000-0000-000000000000"},{"Key":{"Id":"ParentExecId","Label":"ParentExecId","Category":"","Description":"","Attributes":1,"ValueType":"System.Guid"},"Value":"00000000-0000-0000-0000-000000000000"},{"Key":{"Id":"InnerResultsCount","Label":"InnerResultsCount","Category":"","Description":"","Attributes":1,"ValueType":"System.Int32"},"Value":0}]},{"TestCase":{"Id":"2819e393-1079-efb7-16ba-8d6f3e598b19","FullyQualifiedName":"DrawingModel.Tests.ModelTests.ClearAllTest","DisplayName":"ClearAllTest","ExecutorUri":"executor://MSTestAdapter/v2","Source":"C:\\Users\\Koro\\Desktop\\Homework\\Koro\\windowDesign\\DrawingProject\\DrawingForm\\DrawingFormTests\\bin\\Debug\\.netcoreapp,version=v3.1\\fine-code-coverage\\build-output\\DrawingFormTests.dll","CodeFilePath":null,"LineNumber":-1,"Properties":[{"Key":{"Id":"TestCase.ManagedType","Label":"ManagedType","Category":"","Description":"","Attributes":1,"ValueType":"System.String"},"Value":"DrawingModel.Tests.ModelTests"},{"Key":{"Id":"TestCase.ManagedMethod","Label":"ManagedMethod","Category":"","Description":"","Attributes":1,"ValueType":"System.String"},"Value":"ClearAllTest"},{"Key":{"Id":"MSTestDiscoverer.TestClassName","Label":"ClassName","Category":"","Description":"","Attributes":1,"ValueType":"System.String"},"Value":"DrawingModel.Tests.ModelTests"},{"Key":{"Id":"TestObject.Traits","Label":"Traits","Category":"","Description":"","Attributes":5,"ValueType":"System.Collections.Generic.KeyValuePair`2[[System.String],[System.String]][]"},"Value":[]}]},"Attachments":[],"Outcome":1,"ErrorMessage":null,"ErrorStackTrace":null,"DisplayName":null,"Messages":[],"ComputerName":null,"Duration":"00:00:00.0002180","StartTime":"2021-12-27T15:11:02.7108464+08:00","EndTime":"2021-12-27T15:11:02.7113369+08:00","Properties":[{"Key":{"Id":"ExecutionId","Label":"ExecutionId","Category":"","Description":"","Attributes":1,"ValueType":"System.Guid"},"Value":"00000000-0000-0000-0000-000000000000"},{"Key":{"Id":"ParentExecId","Label":"ParentExecId","Category":"","Description":"","Attributes":1,"ValueType":"System.Guid"},"Value":"00000000-0000-0000-0000-000000000000"},{"Key":{"Id":"InnerResultsCount","Label":"InnerResultsCount","Category":"","Description":"","Attributes":1,"ValueType":"System.Int32"},"Value":0}]},{"TestCase":{"Id":"fdfa77e3-d708-336a-d3fa-0c8ce9ef3b4e","FullyQualifiedName":"DrawingModel.Tests.ModelTests.IsPressedTest","DisplayName":"IsPressedTest","ExecutorUri":"executor://MSTestAdapter/v2","Source":"C:\\Users\\Koro\\Desktop\\Homework\\Koro\\windowDesign\\DrawingProject\\DrawingForm\\DrawingFormTests\\bin\\Debug\\.netcoreapp,version=v3.1\\fine-code-coverage\\build-output\\DrawingFormTests.dll","CodeFilePath":null,"LineNumber":-1,"Properties":[{"Key":{"Id":"TestCase.ManagedType","Label":"ManagedType","Category":"","Description":"","Attributes":1,"ValueType":"System.String"},"Value":"DrawingModel.Tests.ModelTests"},{"Key":{"Id":"TestCase.ManagedMethod","Label":"ManagedMethod","Category":"","Description":"","Attributes":1,"ValueType":"System.String"},"Value":"IsPressedTest"},{"Key":{"Id":"MSTestDiscoverer.TestClassName","Label":"ClassName","Category":"","Description":"","Attributes":1,"ValueType":"System.String"},"Value":"DrawingModel.Tests.ModelTests"},{"Key":{"Id":"TestObject.Traits","Label":"Traits","Category":"","Description":"","Attributes":5,"ValueType":"System.Collections.Generic.KeyValuePair`2[[System.String],[System.String]][]"},"Value":[]}]},"Attachments":[],"Outcome":1,"ErrorMessage":null,"ErrorStackTrace":null,"DisplayName":null,"Messages":[],"ComputerName":null,"Duration":"00:00:00.0001303","StartTime":"2021-12-27T15:11:02.7137521+08:00","EndTime":"2021-12-27T15:11:02.7141128+08:00","Properties":[{"Key":{"Id":"ExecutionId","Label":"ExecutionId","Category":"","Description":"","Attributes":1,"ValueType":"System.Guid"},"Value":"00000000-0000-0000-0000-000000000000"},{"Key":{"Id":"ParentExecId","Label":"ParentExecId","Category":"","Description":"","Attributes":1,"ValueType":"System.Guid"},"Value":"00000000-0000-0000-0000-000000000000"},{"Key":{"Id":"InnerResultsCount","Label":"InnerResultsCount","Category":"","Description":"","Attributes":1,"ValueType":"System.Int32"},"Value":0}]},{"TestCase":{"Id":"6a9cc402-0997-dd84-a8aa-c5170272d470","FullyQualifiedName":"DrawingModel.Tests.ModelTests.NotifyModelChangedTest","DisplayName":"NotifyModelChangedTest","ExecutorUri":"executor://MSTestAdapter/v2","Source":"C:\\Users\\Koro\\Desktop\\Homework\\Koro\\windowDesign\\DrawingProject\\DrawingForm\\DrawingFormTests\\bin\\Debug\\.netcoreapp,version=v3.1\\fine-code-coverage\\build-output\\DrawingFormTests.dll","CodeFilePath":null,"LineNumber":-1,"Properties":[{"Key":{"Id":"TestCase.ManagedType","Label":"ManagedType","Category":"","Description":"","Attributes":1,"ValueType":"System.String"},"Value":"DrawingModel.Tests.ModelTests"},{"Key":{"Id":"TestCase.ManagedMethod","Label":"ManagedMethod","Category":"","Description":"","Attributes":1,"ValueType":"System.String"},"Value":"NotifyModelChangedTest"},{"Key":{"Id":"MSTestDiscoverer.TestClassName","Label":"ClassName","Category":"","Description":"","Attributes":1,"ValueType":"System.String"},"Value":"DrawingModel.Tests.ModelTests"},{"Key":{"Id":"TestObject.Traits","Label":"Traits","Category":"","Description":"","Attributes":5,"ValueType":"System.Collections.Generic.KeyValuePair`2[[System.String],[System.String]][]"},"Value":[]}]},"Attachments":[],"Outcome":1,"ErrorMessage":null,"ErrorStackTrace":null,"DisplayName":null,"Messages":[],"ComputerName":null,"Duration":"00:00:00.0002243","StartTime":"2021-12-27T15:11:02.7166865+08:00","EndTime":"2021-12-27T15:11:02.7171573+08:00","Properties":[{"Key":{"Id":"ExecutionId","Label":"ExecutionId","Category":"","Description":"","Attributes":1,"ValueType":"System.Guid"},"Value":"00000000-0000-0000-0000-000000000000"},{"Key":{"Id":"ParentExecId","Label":"ParentExecId","Category":"","Description":"","Attributes":1,"ValueType":"System.Guid"},"Value":"00000000-0000-0000-0000-000000000000"},{"Key":{"Id":"InnerResultsCount","Label":"InnerResultsCount","Category":"","Description":"","Attributes":1,"ValueType":"System.Int32"},"Value":0}]},{"TestCase":{"Id":"d42d20bf-f2f1-1a5b-53f1-a08731ee8660","FullyQualifiedName":"DrawingModel.Tests.ModelTests.DrawingModeGetterAndSetterTest","DisplayName":"DrawingModeGetterAndSetterTest","ExecutorUri":"executor://MSTestAdapter/v2","Source":"C:\\Users\\Koro\\Desktop\\Homework\\Koro\\windowDesign\\DrawingProject\\DrawingForm\\DrawingFormTests\\bin\\Debug\\.netcoreapp,version=v3.1\\fine-code-coverage\\build-output\\DrawingFormTests.dll","CodeFilePath":null,"LineNumber":-1,"Properties":[{"Key":{"Id":"TestCase.ManagedType","Label":"ManagedType","Category":"","Description":"","Attributes":1,"ValueType":"System.String"},"Value":"DrawingModel.Tests.ModelTests"},{"Key":{"Id":"TestCase.ManagedMethod","Label":"ManagedMethod","Category":"","Description":"","Attributes":1,"ValueType":"System.String"},"Value":"DrawingModeGetterAndSetterTest"},{"Key":{"Id":"MSTestDiscoverer.TestClassName","Label":"ClassName","Category":"","Description":"","Attributes":1,"ValueType":"System.String"},"Value":"DrawingModel.Tests.ModelTests"},{"Key":{"Id":"TestObject.Traits","Label":"Traits","Category":"","Description":"","Attributes":5,"ValueType":"System.Collections.Generic.KeyValuePair`2[[System.String],[System.String]][]"},"Value":[]}]},"Attachments":[],"Outcome":1,"ErrorMessage":null,"ErrorStackTrace":null,"DisplayName":null,"Messages":[],"ComputerName":null,"Duration":"00:00:00.0002170","StartTime":"2021-12-27T15:11:02.7193254+08:00","EndTime":"2021-12-27T15:11:02.719751+08:00","Properties":[{"Key":{"Id":"ExecutionId","Label":"ExecutionId","Category":"","Description":"","Attributes":1,"ValueType":"System.Guid"},"Value":"00000000-0000-0000-0000-000000000000"},{"Key":{"Id":"ParentExecId","Label":"ParentExecId","Category":"","Description":"","Attributes":1,"ValueType":"System.Guid"},"Value":"00000000-0000-0000-0000-000000000000"},{"Key":{"Id":"InnerResultsCount","Label":"InnerResultsCount","Category":"","Description":"","Attributes":1,"ValueType":"System.Int32"},"Value":0}]},{"TestCase":{"Id":"538ae22e-e26e-bc0f-b5ea-0929fa0bde69","FullyQualifiedName":"DrawingModel.Tests.PresentationModelTests.DrawTest","DisplayName":"DrawTest","ExecutorUri":"executor://MSTestAdapter/v2","Source":"C:\\Users\\Koro\\Desktop\\Homework\\Koro\\windowDesign\\DrawingProject\\DrawingForm\\DrawingFormTests\\bin\\Debug\\.netcoreapp,version=v3.1\\fine-code-coverage\\build-output\\DrawingFormTests.dll","CodeFilePath":null,"LineNumber":-1,"Properties":[{"Key":{"Id":"TestCase.ManagedType","Label":"ManagedType","Category":"","Description":"","Attributes":1,"ValueType":"System.String"},"Value":"DrawingModel.Tests.PresentationModelTests"},{"Key":{"Id":"TestCase.ManagedMethod","Label":"ManagedMethod","Category":"","Description":"","Attributes":1,"ValueType":"System.String"},"Value":"DrawTest"},{"Key":{"Id":"MSTestDiscoverer.TestClassName","Label":"ClassName","Category":"","Description":"","Attributes":1,"ValueType":"System.String"},"Value":"DrawingModel.Tests.PresentationModelTests"},{"Key":{"Id":"TestObject.Traits","Label":"Traits","Category":"","Description":"","Attributes":5,"ValueType":"System.Collections.Generic.KeyValuePair`2[[System.String],[System.String]][]"},"Value":[]}]},"Attachments":[],"Outcome":1,"ErrorMessage":null,"ErrorStackTrace":null,"DisplayName":null,"Messages":[],"ComputerName":null,"Duration":"00:00:00.0004917","StartTime":"2021-12-27T15:11:02.7229391+08:00","EndTime":"2021-12-27T15:11:02.7242331+08:00","Properties":[{"Key":{"Id":"ExecutionId","Label":"ExecutionId","Category":"","Description":"","Attributes":1,"ValueType":"System.Guid"},"Value":"00000000-0000-0000-0000-000000000000"},{"Key":{"Id":"ParentExecId","Label":"ParentExecId","Category":"","Description":"","Attributes":1,"ValueType":"System.Guid"},"Value":"00000000-0000-0000-0000-000000000000"},{"Key":{"Id":"InnerResultsCount","Label":"InnerResultsCount","Category":"","Description":"","Attributes":1,"ValueType":"System.Int32"},"Value":0}]},{"TestCase":{"Id":"13e0fac2-5442-77de-678c-39bdb9f543f8","FullyQualifiedName":"DrawingModel.Tests.PresentationModelTests.NotifyModelChangedTest","DisplayName":"NotifyModelChangedTest","ExecutorUri":"executor://MSTestAdapter/v2","Source":"C:\\Users\\Koro\\Desktop\\Homework\\Koro\\windowDesign\\DrawingProject\\DrawingForm\\DrawingFormTests\\bin\\Debug\\.netcoreapp,version=v3.1\\fine-code-coverage\\build-output\\DrawingFormTests.dll","CodeFilePath":null,"LineNumber":-1,"Properties":[{"Key":{"Id":"TestCase.ManagedType","Label":"ManagedType","Category":"","Description":"","Attributes":1,"ValueType":"System.String"},"Value":"DrawingModel.Tests.PresentationModelTests"},{"Key":{"Id":"TestCase.ManagedMethod","Label":"ManagedMethod","Category":"","Description":"","Attributes":1,"ValueType":"System.String"},"Value":"NotifyModelChangedTest"},{"Key":{"Id":"MSTestDiscoverer.TestClassName","Label":"ClassName","Category":"","Description":"","Attributes":1,"ValueType":"System.String"},"Value":"DrawingModel.Tests.PresentationModelTests"},{"Key":{"Id":"TestObject.Traits","Label":"Traits","Category":"","Description":"","Attributes":5,"ValueType":"System.Collections.Generic.KeyValuePair`2[[System.String],[System.String]][]"},"Value":[]}]},"Attachments":[],"Outcome":1,"ErrorMessage":null,"ErrorStackTrace":null,"DisplayName":null,"Messages":[],"ComputerName":null,"Duration":"00:00:00.0004576","StartTime":"2021-12-27T15:11:02.7266927+08:00","EndTime":"2021-12-27T15:11:02.7273841+08:00","Properties":[{"Key":{"Id":"ExecutionId","Label":"ExecutionId","Category":"","Description":"","Attributes":1,"ValueType":"System.Guid"},"Value":"00000000-0000-0000-0000-000000000000"},{"Key":{"Id":"ParentExecId","Label":"ParentExecId","Category":"","Description":"","Attributes":1,"ValueType":"System.Guid"},"Value":"00000000-0000-0000-0000-000000000000"},{"Key":{"Id":"InnerResultsCount","Label":"InnerResultsCount","Category":"","Description":"","Attributes":1,"ValueType":"System.Int32"},"Value":0}]},{"TestCase":{"Id":"8b3e2cda-7218-fa09-02d0-e46244ec1f3c","FullyQualifiedName":"DrawingModel.Tests.PresentationModelTests.SetDrawingModeTest","DisplayName":"SetDrawingModeTest","ExecutorUri":"executor://MSTestAdapter/v2","Source":"C:\\Users\\Koro\\Desktop\\Homework\\Koro\\windowDesign\\DrawingProject\\DrawingForm\\DrawingFormTests\\bin\\Debug\\.netcoreapp,version=v3.1\\fine-code-coverage\\build-output\\DrawingFormTests.dll","CodeFilePath":null,"LineNumber":-1,"Properties":[{"Key":{"Id":"TestCase.ManagedType","Label":"ManagedType","Category":"","Description":"","Attributes":1,"ValueType":"System.String"},"Value":"DrawingModel.Tests.PresentationModelTests"},{"Key":{"Id":"TestCase.ManagedMethod","Label":"ManagedMethod","Category":"","Description":"","Attributes":1,"ValueType":"System.String"},"Value":"SetDrawingModeTest"},{"Key":{"Id":"MSTestDiscoverer.TestClassName","Label":"ClassName","Category":"","Description":"","Attributes":1,"ValueType":"System.String"},"Value":"DrawingModel.Tests.PresentationModelTests"},{"Key":{"Id":"TestObject.Traits","Label":"Traits","Category":"","Description":"","Attributes":5,"ValueType":"System.Collections.Generic.KeyValuePair`2[[System.String],[System.String]][]"},"Value":[]}]},"Attachments":[],"Outcome":1,"ErrorMessage":null,"ErrorStackTrace":null,"DisplayName":null,"Messages":[],"ComputerName":null,"Duration":"00:00:00.0003065","StartTime":"2021-12-27T15:11:02.7294778+08:00","EndTime":"2021-12-27T15:11:02.7299968+08:00","Properties":[{"Key":{"Id":"ExecutionId","Label":"ExecutionId","Category":"","Description":"","Attributes":1,"ValueType":"System.Guid"},"Value":"00000000-0000-0000-0000-000000000000"},{"Key":{"Id":"ParentExecId","Label":"ParentExecId","Category":"","Description":"","Attributes":1,"ValueType":"System.Guid"},"Value":"00000000-0000-0000-0000-000000000000"},{"Key":{"Id":"InnerResultsCount","Label":"InnerResultsCount","Category":"","Description":"","Attributes":1,"ValueType":"System.Int32"},"Value":0}]},{"TestCase":{"Id":"2650b324-f222-0892-806e-f52b7a1e521e","FullyQualifiedName":"DrawingModel.Tests.PresentationModelTests.SetButtonStatusAndGetterTest","DisplayName":"SetButtonStatusAndGetterTest","ExecutorUri":"executor://MSTestAdapter/v2","Source":"C:\\Users\\Koro\\Desktop\\Homework\\Koro\\windowDesign\\DrawingProject\\DrawingForm\\DrawingFormTests\\bin\\Debug\\.netcoreapp,version=v3.1\\fine-code-coverage\\build-output\\DrawingFormTests.dll","CodeFilePath":null,"LineNumber":-1,"Properties":[{"Key":{"Id":"TestCase.ManagedType","Label":"ManagedType","Category":"","Description":"","Attributes":1,"ValueType":"System.String"},"Value":"DrawingModel.Tests.PresentationModelTests"},{"Key":{"Id":"TestCase.ManagedMethod","Label":"ManagedMethod","Category":"","Description":"","Attributes":1,"ValueType":"System.String"},"Value":"SetButtonStatusAndGetterTest"},{"Key":{"Id":"MSTestDiscoverer.TestClassName","Label":"ClassName","Category":"","Description":"","Attributes":1,"ValueType":"System.String"},"Value":"DrawingModel.Tests.PresentationModelTests"},{"Key":{"Id":"TestObject.Traits","Label":"Traits","Category":"","Description":"","Attributes":5,"ValueType":"System.Collections.Generic.KeyValuePair`2[[System.String],[System.String]][]"},"Value":[]}]},"Attachments":[],"Outcome":1,"ErrorMessage":null,"ErrorStackTrace":null,"DisplayName":null,"Messages":[],"ComputerName":null,"Duration":"00:00:00.0004719","StartTime":"2021-12-27T15:11:02.7326481+08:00","EndTime":"2021-12-27T15:11:02.7334166+08:00","Properties":[{"Key":{"Id":"ExecutionId","Label":"ExecutionId","Category":"","Description":"","Attributes":1,"ValueType":"System.Guid"},"Value":"00000000-0000-0000-0000-000000000000"},{"Key":{"Id":"ParentExecId","Label":"ParentExecId","Category":"","Description":"","Attributes":1,"ValueType":"System.Guid"},"Value":"00000000-0000-0000-0000-000000000000"},{"Key":{"Id":"InnerResultsCount","Label":"InnerResultsCount","Category":"","Description":"","Attributes":1,"ValueType":"System.Int32"},"Value":0}]}],"TestRunStatistics":{"ExecutedTests":18,"Stats":{"Passed":18}},"ActiveTests":[{"Id":"0650c0c6-e0d5-9074-e2ee-6bca5bc66cf9","FullyQualifiedName":"DrawingModel.Tests.PresentationModelTests.GetShapeDataTest","DisplayName":"GetShapeDataTest","ExecutorUri":"executor://MSTestAdapter/v2","Source":"C:\\Users\\Koro\\Desktop\\Homework\\Koro\\windowDesign\\DrawingProject\\DrawingForm\\DrawingFormTests\\bin\\Debug\\.netcoreapp,version=v3.1\\fine-code-coverage\\build-output\\DrawingFormTests.dll","CodeFilePath":null,"LineNumber":-1,"Properties":[{"Key":{"Id":"TestCase.ManagedType","Label":"ManagedType","Category":"","Description":"","Attributes":1,"ValueType":"System.String"},"Value":"DrawingModel.Tests.PresentationModelTests"},{"Key":{"Id":"TestCase.ManagedMethod","Label":"ManagedMethod","Category":"","Description":"","Attributes":1,"ValueType":"System.String"},"Value":"GetShapeDataTest"},{"Key":{"Id":"MSTestDiscoverer.TestClassName","Label":"ClassName","Category":"","Description":"","Attributes":1,"ValueType":"System.String"},"Value":"DrawingModel.Tests.PresentationModelTests"},{"Key":{"Id":"TestObject.Traits","Label":"Traits","Category":"","Description":"","Attributes":5,"ValueType":"System.Collections.Generic.KeyValuePair`2[[System.String],[System.String]][]"},"Value":[]}]}]}}
TpTrace Verbose: 0 : 14308, 14, 2021/12/27, 15:11:02.773, 17176766388, vstest.console.dll, TestRunRequest:SendTestRunStatsChange: Starting.
TpTrace Verbose: 0 : 14308, 14, 2021/12/27, 15:11:02.774, 17176766984, vstest.console.dll, InProgress is GetShapeDataTest
TpTrace Information: 0 : 14308, 14, 2021/12/27, 15:11:02.774, 17176767493, vstest.console.dll, TestRunRequest:SendTestRunStatsChange: Completed.
TpTrace Verbose: 0 : 14308, 14, 2021/12/27, 15:11:02.774, 17176767898, vstest.console.dll, TcpClientExtensions.MessageLoopAsync: Polling on remoteEndPoint: 127.0.0.1:61629 localEndPoint: 127.0.0.1:61628
TpTrace Verbose: 0 : 14308, 14, 2021/12/27, 15:11:02.774, 17176768441, vstest.console.dll, TcpClientExtensions.MessageLoopAsync: NotifyDataAvailable remoteEndPoint: 127.0.0.1:61629 localEndPoint: 127.0.0.1:61628
TpTrace Verbose: 0 : 14308, 14, 2021/12/27, 15:11:02.774, 17176770492, vstest.console.dll, TestRequestSender.OnExecutionMessageReceived: Received message: {"Version":5,"MessageType":"TestExecution.Completed","Payload":{"TestRunCompleteArgs":{"TestRunStatistics":{"ExecutedTests":19,"Stats":{"Passed":19}},"IsCanceled":false,"IsAborted":false,"Error":null,"AttachmentSets":[],"ElapsedTimeInRunningTests":"00:00:00.3673289","Metrics":{}},"LastRunTests":{"NewTestResults":[{"TestCase":{"Id":"0650c0c6-e0d5-9074-e2ee-6bca5bc66cf9","FullyQualifiedName":"DrawingModel.Tests.PresentationModelTests.GetShapeDataTest","DisplayName":"GetShapeDataTest","ExecutorUri":"executor://MSTestAdapter/v2","Source":"C:\\Users\\Koro\\Desktop\\Homework\\Koro\\windowDesign\\DrawingProject\\DrawingForm\\DrawingFormTests\\bin\\Debug\\.netcoreapp,version=v3.1\\fine-code-coverage\\build-output\\DrawingFormTests.dll","CodeFilePath":null,"LineNumber":-1,"Properties":[{"Key":{"Id":"TestCase.ManagedType","Label":"ManagedType","Category":"","Description":"","Attributes":1,"ValueType":"System.String"},"Value":"DrawingModel.Tests.PresentationModelTests"},{"Key":{"Id":"TestCase.ManagedMethod","Label":"ManagedMethod","Category":"","Description":"","Attributes":1,"ValueType":"System.String"},"Value":"GetShapeDataTest"},{"Key":{"Id":"MSTestDiscoverer.TestClassName","Label":"ClassName","Category":"","Description":"","Attributes":1,"ValueType":"System.String"},"Value":"DrawingModel.Tests.PresentationModelTests"},{"Key":{"Id":"TestObject.Traits","Label":"Traits","Category":"","Description":"","Attributes":5,"ValueType":"System.Collections.Generic.KeyValuePair`2[[System.String],[System.String]][]"},"Value":[]}]},"Attachments":[],"Outcome":1,"ErrorMessage":null,"ErrorStackTrace":null,"DisplayName":null,"Messages":[],"ComputerName":null,"Duration":"00:00:00.0007400","StartTime":"2021-12-27T15:11:02.7386454+08:00","EndTime":"2021-12-27T15:11:02.7396378+08:00","Properties":[{"Key":{"Id":"ExecutionId","Label":"ExecutionId","Category":"","Description":"","Attributes":1,"ValueType":"System.Guid"},"Value":"00000000-0000-0000-0000-000000000000"},{"Key":{"Id":"ParentExecId","Label":"ParentExecId","Category":"","Description":"","Attributes":1,"ValueType":"System.Guid"},"Value":"00000000-0000-0000-0000-000000000000"},{"Key":{"Id":"InnerResultsCount","Label":"InnerResultsCount","Category":"","Description":"","Attributes":1,"ValueType":"System.Int32"},"Value":0}]}],"TestRunStatistics":{"ExecutedTests":19,"Stats":{"Passed":19}},"ActiveTests":[]},"RunAttachments":[],"ExecutorUris":["executor://mstestadapter/v2"]}}
TpTrace Verbose: 0 : 14308, 14, 2021/12/27, 15:11:02.774, 17176772469, vstest.console.dll, TestRequestSender.EndSession: Sending end session.
TpTrace Verbose: 0 : 14308, 14, 2021/12/27, 15:11:02.774, 17176773677, vstest.console.dll, ProxyOperationManager.Close: waiting for test host to exit for 100 ms
TpTrace Warning: 0 : 14308, 10, 2021/12/27, 15:11:02.802, 17177047705, vstest.console.dll, TestHostManagerCallbacks.ErrorReceivedCallback Test host standard error line: 
TpTrace Verbose: 0 : 14308, 7, 2021/12/27, 15:11:02.806, 17177093176, vstest.console.dll, TestHostProvider.ExitCallBack: Host exited starting callback.
TpTrace Information: 0 : 14308, 7, 2021/12/27, 15:11:02.807, 17177097023, vstest.console.dll, TestHostManagerCallbacks.ExitCallBack: Testhost processId: 13332 exited with exitcode: 0 error: ''
TpTrace Verbose: 0 : 14308, 7, 2021/12/27, 15:11:02.807, 17177097468, vstest.console.dll, DotnetTestHostManager.OnHostExited: invoking OnHostExited callback
TpTrace Verbose: 0 : 14308, 7, 2021/12/27, 15:11:02.807, 17177097934, vstest.console.dll, CrossPlatEngine.TestHostManagerHostExited: calling on client process exit callback.
TpTrace Information: 0 : 14308, 7, 2021/12/27, 15:11:02.807, 17177098392, vstest.console.dll, TestRequestSender.OnClientProcessExit: Test host process exited. Standard error: 
TpTrace Warning: 0 : 14308, 14, 2021/12/27, 15:11:02.807, 17177098433, vstest.console.dll, ProxyOperationManager: Timed out waiting for test host to exit. Will terminate process.
TpTrace Information: 0 : 14308, 7, 2021/12/27, 15:11:02.807, 17177098937, vstest.console.dll, SocketServer.Stop: Stop server endPoint: 127.0.0.1:61628
TpTrace Information: 0 : 14308, 7, 2021/12/27, 15:11:02.807, 17177099947, vstest.console.dll, SocketServer.Stop: Cancellation requested. Stopping message loop.
TpTrace Verbose: 0 : 14308, 14, 2021/12/27, 15:11:02.807, 17177104335, vstest.console.dll, ProxyDataCollectionManager.InvokeDataCollectionServiceAction: Starting.
TpTrace Information: 0 : 14308, 14, 2021/12/27, 15:11:02.807, 17177104813, vstest.console.dll, ProxyDataCollectionManager.AfterTestRunEnd: Get attachment set for datacollector processId: 12600 port: 61625
TpTrace Verbose: 0 : 14308, 14, 2021/12/27, 15:11:02.807, 17177105236, vstest.console.dll, DataCollectionRequestSender.SendAfterTestRunStartAndGetResult : Send AfterTestRunEnd message with isCancelled: False
TpTrace Verbose: 0 : 14308, 14, 2021/12/27, 15:11:02.810, 17177135655, vstest.console.dll, DataCollectionRequestSender.SendAfterTestRunStartAndGetResult : Received message: (DataCollection.AfterTestRunEndResult) -> {
  "AttachmentSets": [],
  "Metrics": {}
}
TpTrace Information: 0 : 14308, 14, 2021/12/27, 15:11:02.812, 17177154228, vstest.console.dll, ProxyDataCollectionManager.InvokeDataCollectionServiceAction: Completed.
TpTrace Warning: 0 : 14308, 9, 2021/12/27, 15:11:02.819, 17177216746, vstest.console.dll, DataCollectionLauncher.ErrorReceivedCallback datacollector standard error line: 
TpTrace Information: 0 : 14308, 7, 2021/12/27, 15:11:02.820, 17177232113, vstest.console.dll, DataCollectionLauncher.ExitCallBack: Data collector exited with exitcode: 0 error: ''
TpTrace Verbose: 0 : 14308, 14, 2021/12/27, 15:11:02.834, 17177373514, vstest.console.dll, TestRunRequest:SendTestRunStatsChange: Starting.
TpTrace Information: 0 : 14308, 14, 2021/12/27, 15:11:02.834, 17177374298, vstest.console.dll, TestRunRequest:SendTestRunStatsChange: Completed.
TpTrace Verbose: 0 : 14308, 14, 2021/12/27, 15:11:02.834, 17177375519, vstest.console.dll, ParallelProxyExecutionManager: HandlePartialRunComplete: Total completed clients = 1, Run complete = True, Run canceled: False.
TpTrace Verbose: 0 : 14308, 14, 2021/12/27, 15:11:02.852, 17177550738, vstest.console.dll, TestRunRequest:TestRunComplete: Starting. IsAborted:False IsCanceled:False.
TpTrace Verbose: 0 : 14308, 14, 2021/12/27, 15:11:02.852, 17177552483, vstest.console.dll, TestLoggerManager.HandleTestRunComplete: Ignoring as the object is disposed.
TpTrace Information: 0 : 14308, 14, 2021/12/27, 15:11:02.852, 17177554528, vstest.console.dll, TestRunRequest:TestRunComplete: Completed.
TpTrace Verbose: 0 : 14308, 1, 2021/12/27, 15:11:02.852, 17177554789, vstest.console.dll, TestRunRequest.Dispose: Starting.
TpTrace Information: 0 : 14308, 1, 2021/12/27, 15:11:02.852, 17177555661, vstest.console.dll, TestRunRequest.Dispose: Completed.
TpTrace Verbose: 0 : 14308, 14, 2021/12/27, 15:11:02.852, 17177554953, vstest.console.dll, TestRequestSender.SetOperationComplete: Setting operation complete.
TpTrace Information: 0 : 14308, 14, 2021/12/27, 15:11:02.853, 17177556607, vstest.console.dll, SocketServer.Stop: Stop server endPoint: 127.0.0.1:61628
TpTrace Information: 0 : 14308, 1, 2021/12/27, 15:11:02.852, 17177556208, vstest.console.dll, TestRequestManager.RunTests: run tests completed.
TpTrace Information: 0 : 14308, 14, 2021/12/27, 15:11:02.853, 17177556930, vstest.console.dll, SocketServer.Stop: Cancellation requested. Stopping message loop.
TpTrace Information: 0 : 14308, 1, 2021/12/27, 15:11:02.853, 17177557938, vstest.console.dll, RunTestsArgumentProcessor:Execute: Test run is completed.
TpTrace Information: 0 : 14308, 14, 2021/12/27, 15:11:02.853, 17177558087, vstest.console.dll, SocketServer.PrivateStop: Stop server endPoint: 127.0.0.1:61628 error: 
TpTrace Verbose: 0 : 14308, 1, 2021/12/27, 15:11:02.853, 17177559266, vstest.console.dll, Executor.Execute: Exiting with exit code of 0
TpTrace Verbose: 0 : 14308, 14, 2021/12/27, 15:11:02.853, 17177563580, vstest.console.dll, LengthPrefixCommunicationChannel.Dispose: Dispose reader and writer.
