TpTrace Verbose: 0 : 15992, 1, 2022/01/12, 12:23:55.973, 12178489775865, testhost.dll, Version: 16.9.4
TpTrace Information: 0 : 15992, 1, 2022/01/12, 12:23:55.983, 12178489826556, testhost.dll, DefaultEngineInvoker.Invoke: Testhost process started with args :[--port, 64918],[--endpoint, 127.0.0.1:064918],[--role, client],[--parentprocessid, 20356],[--diag, C:\Users\Koro\Desktop\Homework\Koro\windowDesign\DrawingProject\DrawingForm\DrawingFormTests\bin\Debug\.netcoreapp,version=v3.1\fine-code-coverage\coverage-tool-output\diagnostics.host.22-01-12_12-23-55_72719_4.log],[--tracelevel, 4],[--datacollectionport, 64917],[--telemetryoptedin, false]
TpTrace Information: 0 : 15992, 1, 2022/01/12, 12:23:55.984, 12178489841623, testhost.dll, Setting up debug trace listener.
TpTrace Verbose: 0 : 15992, 1, 2022/01/12, 12:23:55.984, 12178489843667, testhost.dll, TestPlatformTraceListener.Setup: Replacing listener 0 with TestHostTraceListener.
TpTrace Verbose: 0 : 15992, 1, 2022/01/12, 12:23:55.985, 12178489844136, testhost.dll, TestPlatformTraceListener.Setup: Added test platform trace listener.
TpTrace Information: 0 : 15992, 1, 2022/01/12, 12:23:55.985, 12178489846993, testhost.dll, DefaultEngineInvoker.SetParentProcessExitCallback: Monitoring parent process with id: '20356'
TpTrace Information: 0 : 15992, 1, 2022/01/12, 12:23:55.999, 12178489988199, testhost.dll, DefaultEngineInvoker.GetConnectionInfo: Initialize communication on endpoint address: '127.0.0.1:064918'
TpTrace Information: 0 : 15992, 1, 2022/01/12, 12:23:56.034, 12178490337490, testhost.dll, SocketClient.Start: connecting to server endpoint: 127.0.0.1:064918
TpTrace Information: 0 : 15992, 1, 2022/01/12, 12:23:56.044, 12178490434530, testhost.dll, DefaultEngineInvoker.ConnectToDatacollector: Connecting to datacollector, port: 64917
TpTrace Information: 0 : 15992, 5, 2022/01/12, 12:23:56.046, 12178490461336, testhost.dll, SocketClient.OnServerConnected: connected to server endpoint: 127.0.0.1:064918
TpTrace Verbose: 0 : 15992, 5, 2022/01/12, 12:23:56.048, 12178490480717, testhost.dll, Connected to server, and starting MessageLoopAsync
TpTrace Information: 0 : 15992, 1, 2022/01/12, 12:23:56.048, 12178490483037, testhost.dll, Trying to connect to server on socket : 127.0.0.1:64917 
TpTrace Verbose: 0 : 15992, 1, 2022/01/12, 12:23:56.049, 12178490488808, testhost.dll, SocketCommunicationManager : SetupClientAsync : Attempting to connect to the server.
TpTrace Information: 0 : 15992, 10, 2022/01/12, 12:23:56.051, 12178490510354, testhost.dll, Connected to the server successfully 
TpTrace Information: 0 : 15992, 10, 2022/01/12, 12:23:56.051, 12178490511561, testhost.dll, Using the buffer size of 16384 bytes
TpTrace Information: 0 : 15992, 1, 2022/01/12, 12:23:56.052, 12178490520295, testhost.dll, DefaultEngineInvoker.Invoke: Start Request Processing.
TpTrace Verbose: 0 : 15992, 9, 2022/01/12, 12:23:56.053, 12178490524769, testhost.dll, TcpClientExtensions.MessageLoopAsync: Polling on remoteEndPoint: [::ffff:127.0.0.1]:64918 localEndPoint: [::ffff:127.0.0.1]:64919
TpTrace Information: 0 : 15992, 11, 2022/01/12, 12:23:56.053, 12178490528233, testhost.dll, DefaultEngineInvoker.StartProcessingAsync: Connected to vstest.console, Starting process requests.
TpTrace Verbose: 0 : 15992, 9, 2022/01/12, 12:23:56.057, 12178490565515, testhost.dll, TcpClientExtensions.MessageLoopAsync: NotifyDataAvailable remoteEndPoint: [::ffff:127.0.0.1]:64918 localEndPoint: [::ffff:127.0.0.1]:64919
TpTrace Information: 0 : 15992, 9, 2022/01/12, 12:23:56.191, 12178491908987, testhost.dll, TestRequestHandler.ProcessRequests: received message: (ProtocolVersion) -> 5
TpTrace Verbose: 0 : 15992, 9, 2022/01/12, 12:23:56.226, 12178492254384, testhost.dll, TestRequestHandler.SendData:  sending data from testhost: {"Version":5,"MessageType":"TestSession.Message","Payload":{"MessageLevel":0,"Message":"在檔案 C:\\Users\\Koro\\Desktop\\Homework\\Koro\\windowDesign\\DrawingProject\\DrawingForm\\DrawingFormTests\\bin\\Debug\\.netcoreapp,version=v3.1\\fine-code-coverage\\coverage-tool-output\\diagnostics.host.22-01-12_12-23-55_72719_4.log 中記錄 TestHost 診斷"}}
TpTrace Verbose: 0 : 15992, 9, 2022/01/12, 12:23:56.226, 12178492262969, testhost.dll, TcpClientExtensions.MessageLoopAsync: Polling on remoteEndPoint: [::ffff:127.0.0.1]:64918 localEndPoint: [::ffff:127.0.0.1]:64919
TpTrace Verbose: 0 : 15992, 9, 2022/01/12, 12:23:56.227, 12178492264127, testhost.dll, TcpClientExtensions.MessageLoopAsync: NotifyDataAvailable remoteEndPoint: [::ffff:127.0.0.1]:64918 localEndPoint: [::ffff:127.0.0.1]:64919
TpTrace Information: 0 : 15992, 9, 2022/01/12, 12:23:56.232, 12178492318927, testhost.dll, TestRequestHandler.ProcessRequests: received message: (TestExecution.Initialize) -> [
  "C:\\Users\\Koro\\Desktop\\Homework\\Koro\\windowDesign\\DrawingProject\\DrawingForm\\DrawingFormTests\\bin\\Debug\\.netcoreapp,version=v3.1\\fine-code-coverage\\build-output\\Microsoft.VisualStudio.TestPlatform.MSTest.TestAdapter.dll"
]
TpTrace Information: 0 : 15992, 9, 2022/01/12, 12:23:56.232, 12178492320378, testhost.dll, Execution Session Initialize.
TpTrace Verbose: 0 : 15992, 9, 2022/01/12, 12:23:56.239, 12178492387755, testhost.dll, TcpClientExtensions.MessageLoopAsync: Polling on remoteEndPoint: [::ffff:127.0.0.1]:64918 localEndPoint: [::ffff:127.0.0.1]:64919
TpTrace Verbose: 0 : 15992, 9, 2022/01/12, 12:23:56.239, 12178492388930, testhost.dll, TcpClientExtensions.MessageLoopAsync: NotifyDataAvailable remoteEndPoint: [::ffff:127.0.0.1]:64918 localEndPoint: [::ffff:127.0.0.1]:64919
TpTrace Verbose: 0 : 15992, 4, 2022/01/12, 12:23:56.242, 12178492418273, testhost.dll, TestExecutorService: Loading the extensions
TpTrace Information: 0 : 15992, 9, 2022/01/12, 12:23:56.243, 12178492432537, testhost.dll, TestRequestHandler.ProcessRequests: received message: (TestExecution.StartWithSources) -> {
  "AdapterSourceMap": {
    "_none_": [
      "C:\\Users\\Koro\\Desktop\\Homework\\Koro\\windowDesign\\DrawingProject\\DrawingForm\\DrawingFormTests\\bin\\Debug\\.netcoreapp,version=v3.1\\fine-code-coverage\\build-output\\DrawingFormTests.dll"
    ]
  },
  "RunSettings": "<RunSettings>\r\n  <RunConfiguration>\r\n    <ResultsDirectory>C:\\Users\\Koro\\Desktop\\Homework\\Koro\\windowDesign\\DrawingProject\\DrawingForm\\DrawingFormTests\\bin\\Debug\\.netcoreapp,version=v3.1\\fine-code-coverage\\coverage-tool-output</ResultsDirectory>\r\n    <TargetPlatform>X64</TargetPlatform>\r\n    <TargetFrameworkVersion>.NETCoreApp,Version=v3.1</TargetFrameworkVersion>\r\n    <DesignMode>False</DesignMode>\r\n    <CollectSourceInformation>False</CollectSourceInformation>\r\n  </RunConfiguration>\r\n  <LoggerRunSettings>\r\n    <Loggers>\r\n      <Logger friendlyName=\"blame\" enabled=\"True\" />\r\n      <Logger friendlyName=\"Console\" uri=\"logger://microsoft/TestPlatform/ConsoleLogger/v1\" assemblyQualifiedName=\"Microsoft.VisualStudio.TestPlatform.CommandLine.Internal.ConsoleLogger, vstest.console, Version=15.0.0.0, Culture=neutral, PublicKeyToken=b03f5f7f11d50a3a\" codeBase=\"C:\\Program Files\\dotnet\\sdk\\5.0.401\\vstest.console.dll\" enabled=\"True\" />\r\n    </Loggers>\r\n  </LoggerRunSettings>\r\n  <DataCollectionRunSettings>\r\n    <DataCollectors>\r\n      <DataCollector friendlyName=\"blame\" enabled=\"True\">\r\n        <Configuration>\r\n          <ResultsDirectory>C:\\Users\\Koro\\Desktop\\Homework\\Koro\\windowDesign\\DrawingProject\\DrawingForm\\DrawingFormTests\\bin\\Debug\\.netcoreapp,version=v3.1\\fine-code-coverage\\coverage-tool-output</ResultsDirectory>\r\n        </Configuration>\r\n      </DataCollector>\r\n    </DataCollectors>\r\n  </DataCollectionRunSettings>\r\n</RunSettings>",
  "TestExecutionContext": {
    "FrequencyOfRunStatsChangeEvent": 10,
    "RunStatsChangeEventTimeout": "00:00:01.5000000",
    "InIsolation": false,
    "KeepAlive": false,
    "AreTestCaseLevelEventsRequired": false,
    "IsDebug": false,
    "TestCaseFilter": null,
    "FilterOptions": null
  },
  "Package": null
}
TpTrace Information: 0 : 15992, 9, 2022/01/12, 12:23:56.244, 12178492434308, testhost.dll, Execution started.
TpTrace Verbose: 0 : 15992, 4, 2022/01/12, 12:23:56.244, 12178492439197, testhost.dll, TestPluginCache.DiscoverTestExtensions: finding test extensions in assemblies ends with: TestAdapter.dll TPluginInfo: Microsoft.VisualStudio.TestPlatform.Common.ExtensionFramework.Utilities.TestExecutorPluginInformation TExtension: Microsoft.VisualStudio.TestPlatform.ObjectModel.Adapter.ITestExecutor
TpTrace Verbose: 0 : 15992, 4, 2022/01/12, 12:23:56.245, 12178492448455, testhost.dll, TestPluginCache.GetExtensionPaths: Filtered extension paths: 
TpTrace Verbose: 0 : 15992, 4, 2022/01/12, 12:23:56.245, 12178492452236, testhost.dll, TestPluginCache.GetExtensionPaths: Added default extension paths: C:\Users\Koro\Desktop\Homework\Koro\windowDesign\DrawingProject\DrawingForm\DrawingFormTests\bin\Debug\.netcoreapp,version=v3.1\fine-code-coverage\build-output\Microsoft.VisualStudio.TestPlatform.MSTest.TestAdapter.dll
TpTrace Verbose: 0 : 15992, 4, 2022/01/12, 12:23:56.245, 12178492452788, testhost.dll, TestPluginCache.GetExtensionPaths: Added unfilterableExtensionPaths: 
TpTrace Information: 0 : 15992, 4, 2022/01/12, 12:23:56.248, 12178492480011, testhost.dll, AssemblyResolver.ctor: Creating AssemblyResolver with searchDirectories C:\Users\Koro\Desktop\Homework\Koro\windowDesign\DrawingProject\DrawingForm\DrawingFormTests\bin\Debug\.netcoreapp,version=v3.1\fine-code-coverage\build-output
TpTrace Verbose: 0 : 15992, 4, 2022/01/12, 12:23:56.251, 12178492510484, testhost.dll, TestPluginCache.DiscoverTestExtensions: Discovering the extensions using extension path.
TpTrace Verbose: 0 : 15992, 4, 2022/01/12, 12:23:56.251, 12178492512077, testhost.dll, TestPluginCache.GetExtensionPaths: Filtered extension paths: 
TpTrace Verbose: 0 : 15992, 4, 2022/01/12, 12:23:56.251, 12178492512610, testhost.dll, TestPluginCache.GetExtensionPaths: Added default extension paths: C:\Users\Koro\Desktop\Homework\Koro\windowDesign\DrawingProject\DrawingForm\DrawingFormTests\bin\Debug\.netcoreapp,version=v3.1\fine-code-coverage\build-output\Microsoft.VisualStudio.TestPlatform.MSTest.TestAdapter.dll
TpTrace Verbose: 0 : 15992, 4, 2022/01/12, 12:23:56.251, 12178492512916, testhost.dll, TestPluginCache.GetExtensionPaths: Added unfilterableExtensionPaths: 
TpTrace Verbose: 0 : 15992, 4, 2022/01/12, 12:23:56.251, 12178492513702, testhost.dll, TestPluginCache.DiscoverTestExtensions: Discovering the extensions using allExtensionPaths: C:\Users\Koro\Desktop\Homework\Koro\windowDesign\DrawingProject\DrawingForm\DrawingFormTests\bin\Debug\.netcoreapp,version=v3.1\fine-code-coverage\build-output\Microsoft.VisualStudio.TestPlatform.MSTest.TestAdapter.dll
TpTrace Information: 0 : 15992, 4, 2022/01/12, 12:23:56.252, 12178492523160, testhost.dll, AssemblyResolver.AddSearchDirectories: Adding more searchDirectories C:\Users\Koro\Desktop\Homework\Koro\windowDesign\DrawingProject\DrawingForm\DrawingFormTests\bin\Debug\.netcoreapp,version=v3.1\fine-code-coverage\build-output
TpTrace Information: 0 : 15992, 4, 2022/01/12, 12:23:56.257, 12178492567205, testhost.dll, AssemblyResolver.OnResolve: Microsoft.VisualStudio.TestPlatform.MSTest.TestAdapter: Resolving assembly.
TpTrace Information: 0 : 15992, 4, 2022/01/12, 12:23:56.259, 12178492593964, testhost.dll, AssemblyResolver.OnResolve: Resolved assembly: Microsoft.VisualStudio.TestPlatform.MSTest.TestAdapter, from path: C:\Users\Koro\Desktop\Homework\Koro\windowDesign\DrawingProject\DrawingForm\DrawingFormTests\bin\Debug\.netcoreapp,version=v3.1\fine-code-coverage\build-output\Microsoft.VisualStudio.TestPlatform.MSTest.TestAdapter.dll
TpTrace Verbose: 0 : 15992, 4, 2022/01/12, 12:23:56.267, 12178492667378, testhost.dll, TestPluginCache: Discovered the extensions using extension path ''.
TpTrace Verbose: 0 : 15992, 4, 2022/01/12, 12:23:56.267, 12178492672104, testhost.dll, TestPluginCache: Discoverers are ''.
TpTrace Verbose: 0 : 15992, 4, 2022/01/12, 12:23:56.268, 12178492674812, testhost.dll, TestPluginCache: Executors are 'executor://MSTestAdapter/v2'.
TpTrace Verbose: 0 : 15992, 4, 2022/01/12, 12:23:56.268, 12178492675650, testhost.dll, TestPluginCache: Executors2 are ''.
TpTrace Verbose: 0 : 15992, 4, 2022/01/12, 12:23:56.268, 12178492676466, testhost.dll, TestPluginCache: Setting providers are ''.
TpTrace Verbose: 0 : 15992, 4, 2022/01/12, 12:23:56.268, 12178492677333, testhost.dll, TestPluginCache: Loggers are ''.
TpTrace Verbose: 0 : 15992, 9, 2022/01/12, 12:23:56.271, 12178492706562, testhost.dll, TcpClientExtensions.MessageLoopAsync: Polling on remoteEndPoint: [::ffff:127.0.0.1]:64918 localEndPoint: [::ffff:127.0.0.1]:64919
TpTrace Verbose: 0 : 15992, 4, 2022/01/12, 12:23:56.271, 12178492706689, testhost.dll, TestPluginCache.DiscoverTestExtensions: finding test extensions in assemblies ends with: TestAdapter.dll TPluginInfo: Microsoft.VisualStudio.TestPlatform.Common.ExtensionFramework.Utilities.TestExecutorPluginInformation2 TExtension: Microsoft.VisualStudio.TestPlatform.ObjectModel.Adapter.ITestExecutor2
TpTrace Verbose: 0 : 15992, 4, 2022/01/12, 12:23:56.271, 12178492710363, testhost.dll, TestPluginCache.GetExtensionPaths: Filtered extension paths: 
TpTrace Verbose: 0 : 15992, 4, 2022/01/12, 12:23:56.271, 12178492710880, testhost.dll, TestPluginCache.GetExtensionPaths: Added default extension paths: C:\Users\Koro\Desktop\Homework\Koro\windowDesign\DrawingProject\DrawingForm\DrawingFormTests\bin\Debug\.netcoreapp,version=v3.1\fine-code-coverage\build-output\Microsoft.VisualStudio.TestPlatform.MSTest.TestAdapter.dll
TpTrace Verbose: 0 : 15992, 4, 2022/01/12, 12:23:56.271, 12178492711206, testhost.dll, TestPluginCache.GetExtensionPaths: Added unfilterableExtensionPaths: 
TpTrace Information: 0 : 15992, 4, 2022/01/12, 12:23:56.271, 12178492713202, testhost.dll, AssemblyResolver.AddSearchDirectories: Adding more searchDirectories C:\Users\Koro\Desktop\Homework\Koro\windowDesign\DrawingProject\DrawingForm\DrawingFormTests\bin\Debug\.netcoreapp,version=v3.1\fine-code-coverage\build-output
TpTrace Verbose: 0 : 15992, 4, 2022/01/12, 12:23:56.271, 12178492713888, testhost.dll, TestPluginCache.DiscoverTestExtensions: Discovering the extensions using extension path.
TpTrace Verbose: 0 : 15992, 4, 2022/01/12, 12:23:56.272, 12178492714578, testhost.dll, TestPluginCache.GetExtensionPaths: Filtered extension paths: 
TpTrace Verbose: 0 : 15992, 4, 2022/01/12, 12:23:56.272, 12178492714891, testhost.dll, TestPluginCache.GetExtensionPaths: Added default extension paths: C:\Users\Koro\Desktop\Homework\Koro\windowDesign\DrawingProject\DrawingForm\DrawingFormTests\bin\Debug\.netcoreapp,version=v3.1\fine-code-coverage\build-output\Microsoft.VisualStudio.TestPlatform.MSTest.TestAdapter.dll
TpTrace Verbose: 0 : 15992, 4, 2022/01/12, 12:23:56.272, 12178492715171, testhost.dll, TestPluginCache.GetExtensionPaths: Added unfilterableExtensionPaths: 
TpTrace Verbose: 0 : 15992, 4, 2022/01/12, 12:23:56.272, 12178492715523, testhost.dll, TestPluginCache.DiscoverTestExtensions: Discovering the extensions using allExtensionPaths: C:\Users\Koro\Desktop\Homework\Koro\windowDesign\DrawingProject\DrawingForm\DrawingFormTests\bin\Debug\.netcoreapp,version=v3.1\fine-code-coverage\build-output\Microsoft.VisualStudio.TestPlatform.MSTest.TestAdapter.dll
TpTrace Information: 0 : 15992, 4, 2022/01/12, 12:23:56.272, 12178492716067, testhost.dll, AssemblyResolver.AddSearchDirectories: Adding more searchDirectories C:\Users\Koro\Desktop\Homework\Koro\windowDesign\DrawingProject\DrawingForm\DrawingFormTests\bin\Debug\.netcoreapp,version=v3.1\fine-code-coverage\build-output
TpTrace Verbose: 0 : 15992, 4, 2022/01/12, 12:23:56.272, 12178492718386, testhost.dll, TestPluginCache: Discovered the extensions using extension path ''.
TpTrace Verbose: 0 : 15992, 4, 2022/01/12, 12:23:56.272, 12178492718766, testhost.dll, TestPluginCache: Discoverers are ''.
TpTrace Verbose: 0 : 15992, 4, 2022/01/12, 12:23:56.272, 12178492719117, testhost.dll, TestPluginCache: Executors are 'executor://MSTestAdapter/v2'.
TpTrace Verbose: 0 : 15992, 4, 2022/01/12, 12:23:56.272, 12178492719855, testhost.dll, TestPluginCache: Executors2 are ''.
TpTrace Verbose: 0 : 15992, 4, 2022/01/12, 12:23:56.272, 12178492720308, testhost.dll, TestPluginCache: Setting providers are ''.
TpTrace Verbose: 0 : 15992, 4, 2022/01/12, 12:23:56.272, 12178492721208, testhost.dll, TestPluginCache: Loggers are ''.
TpTrace Information: 0 : 15992, 4, 2022/01/12, 12:23:56.277, 12178492768919, testhost.dll, TestPluginManager.CreateTestExtension: Attempting to load test extension: Microsoft.VisualStudio.TestPlatform.MSTest.TestAdapter.MSTestExecutor
TpTrace Verbose: 0 : 15992, 4, 2022/01/12, 12:23:56.281, 12178492808501, testhost.dll, TestExecutorExtensionManager: Loading executor Microsoft.VisualStudio.TestPlatform.MSTest.TestAdapter.MSTestExecutor
TpTrace Verbose: 0 : 15992, 4, 2022/01/12, 12:23:56.281, 12178492809411, testhost.dll, TestExecutorService: Loaded the executors
TpTrace Verbose: 0 : 15992, 4, 2022/01/12, 12:23:56.282, 12178492821046, testhost.dll, TestPluginCache.DiscoverTestExtensions: finding test extensions in assemblies ends with: TestAdapter.dll TPluginInfo: Microsoft.VisualStudio.TestPlatform.Common.ExtensionFramework.Utilities.TestSettingsProviderPluginInformation TExtension: Microsoft.VisualStudio.TestPlatform.ObjectModel.Adapter.ISettingsProvider
TpTrace Verbose: 0 : 15992, 4, 2022/01/12, 12:23:56.282, 12178492822223, testhost.dll, TestPluginCache.GetExtensionPaths: Filtered extension paths: 
TpTrace Verbose: 0 : 15992, 4, 2022/01/12, 12:23:56.282, 12178492822805, testhost.dll, TestPluginCache.GetExtensionPaths: Added default extension paths: C:\Users\Koro\Desktop\Homework\Koro\windowDesign\DrawingProject\DrawingForm\DrawingFormTests\bin\Debug\.netcoreapp,version=v3.1\fine-code-coverage\build-output\Microsoft.VisualStudio.TestPlatform.MSTest.TestAdapter.dll
TpTrace Verbose: 0 : 15992, 4, 2022/01/12, 12:23:56.282, 12178492823139, testhost.dll, TestPluginCache.GetExtensionPaths: Added unfilterableExtensionPaths: 
TpTrace Information: 0 : 15992, 4, 2022/01/12, 12:23:56.283, 12178492824462, testhost.dll, AssemblyResolver.AddSearchDirectories: Adding more searchDirectories C:\Users\Koro\Desktop\Homework\Koro\windowDesign\DrawingProject\DrawingForm\DrawingFormTests\bin\Debug\.netcoreapp,version=v3.1\fine-code-coverage\build-output
TpTrace Verbose: 0 : 15992, 4, 2022/01/12, 12:23:56.283, 12178492824901, testhost.dll, TestPluginCache.DiscoverTestExtensions: Discovering the extensions using extension path.
TpTrace Verbose: 0 : 15992, 4, 2022/01/12, 12:23:56.283, 12178492825209, testhost.dll, TestPluginCache.GetExtensionPaths: Filtered extension paths: 
TpTrace Verbose: 0 : 15992, 4, 2022/01/12, 12:23:56.283, 12178492825553, testhost.dll, TestPluginCache.GetExtensionPaths: Added default extension paths: C:\Users\Koro\Desktop\Homework\Koro\windowDesign\DrawingProject\DrawingForm\DrawingFormTests\bin\Debug\.netcoreapp,version=v3.1\fine-code-coverage\build-output\Microsoft.VisualStudio.TestPlatform.MSTest.TestAdapter.dll
TpTrace Verbose: 0 : 15992, 4, 2022/01/12, 12:23:56.283, 12178492825839, testhost.dll, TestPluginCache.GetExtensionPaths: Added unfilterableExtensionPaths: 
TpTrace Verbose: 0 : 15992, 4, 2022/01/12, 12:23:56.283, 12178492826278, testhost.dll, TestPluginCache.DiscoverTestExtensions: Discovering the extensions using allExtensionPaths: C:\Users\Koro\Desktop\Homework\Koro\windowDesign\DrawingProject\DrawingForm\DrawingFormTests\bin\Debug\.netcoreapp,version=v3.1\fine-code-coverage\build-output\Microsoft.VisualStudio.TestPlatform.MSTest.TestAdapter.dll
TpTrace Information: 0 : 15992, 4, 2022/01/12, 12:23:56.283, 12178492826751, testhost.dll, AssemblyResolver.AddSearchDirectories: Adding more searchDirectories C:\Users\Koro\Desktop\Homework\Koro\windowDesign\DrawingProject\DrawingForm\DrawingFormTests\bin\Debug\.netcoreapp,version=v3.1\fine-code-coverage\build-output
TpTrace Verbose: 0 : 15992, 4, 2022/01/12, 12:23:56.283, 12178492828577, testhost.dll, TestPluginCache: Discovered the extensions using extension path ''.
TpTrace Verbose: 0 : 15992, 4, 2022/01/12, 12:23:56.283, 12178492829113, testhost.dll, TestPluginCache: Discoverers are ''.
TpTrace Verbose: 0 : 15992, 4, 2022/01/12, 12:23:56.283, 12178492829420, testhost.dll, TestPluginCache: Executors are 'executor://MSTestAdapter/v2'.
TpTrace Verbose: 0 : 15992, 4, 2022/01/12, 12:23:56.283, 12178492830152, testhost.dll, TestPluginCache: Executors2 are ''.
TpTrace Verbose: 0 : 15992, 4, 2022/01/12, 12:23:56.283, 12178492830598, testhost.dll, TestPluginCache: Setting providers are ''.
TpTrace Verbose: 0 : 15992, 4, 2022/01/12, 12:23:56.283, 12178492830896, testhost.dll, TestPluginCache: Loggers are ''.
TpTrace Verbose: 0 : 15992, 4, 2022/01/12, 12:23:56.284, 12178492839267, testhost.dll, TestExecutorService: Loaded the settings providers
TpTrace Information: 0 : 15992, 4, 2022/01/12, 12:23:56.284, 12178492840050, testhost.dll, TestExecutorService: Loaded the extensions
TpTrace Information: 0 : 15992, 4, 2022/01/12, 12:23:56.313, 12178493125408, testhost.dll, AssemblyResolver.OnResolve: Microsoft.VisualStudio.TestPlatform.Common.resources: Resolving assembly.
TpTrace Information: 0 : 15992, 4, 2022/01/12, 12:23:56.313, 12178493127099, testhost.dll, AssemblyResolver.OnResolve: Microsoft.VisualStudio.TestPlatform.Common.resources: Failed to load assembly.
TpTrace Information: 0 : 15992, 4, 2022/01/12, 12:23:56.361, 12178493612871, testhost.dll, TestDiscoveryManager: Discovering tests from sources C:\Users\Koro\Desktop\Homework\Koro\windowDesign\DrawingProject\DrawingForm\DrawingFormTests\bin\Debug\.netcoreapp,version=v3.1\fine-code-coverage\build-output\DrawingFormTests.dll
TpTrace Verbose: 0 : 15992, 4, 2022/01/12, 12:23:56.363, 12178493629069, testhost.dll, TestPluginCache.DiscoverTestExtensions: finding test extensions in assemblies ends with: TestAdapter.dll TPluginInfo: Microsoft.VisualStudio.TestPlatform.Common.ExtensionFramework.Utilities.TestDiscovererPluginInformation TExtension: Microsoft.VisualStudio.TestPlatform.ObjectModel.Adapter.ITestDiscoverer
TpTrace Verbose: 0 : 15992, 4, 2022/01/12, 12:23:56.363, 12178493629841, testhost.dll, TestPluginCache.GetExtensionPaths: Filtered extension paths: 
TpTrace Verbose: 0 : 15992, 4, 2022/01/12, 12:23:56.363, 12178493630288, testhost.dll, TestPluginCache.GetExtensionPaths: Added default extension paths: C:\Users\Koro\Desktop\Homework\Koro\windowDesign\DrawingProject\DrawingForm\DrawingFormTests\bin\Debug\.netcoreapp,version=v3.1\fine-code-coverage\build-output\Microsoft.VisualStudio.TestPlatform.MSTest.TestAdapter.dll
TpTrace Verbose: 0 : 15992, 4, 2022/01/12, 12:23:56.363, 12178493630582, testhost.dll, TestPluginCache.GetExtensionPaths: Added unfilterableExtensionPaths: 
TpTrace Information: 0 : 15992, 4, 2022/01/12, 12:23:56.363, 12178493631649, testhost.dll, AssemblyResolver.AddSearchDirectories: Adding more searchDirectories C:\Users\Koro\Desktop\Homework\Koro\windowDesign\DrawingProject\DrawingForm\DrawingFormTests\bin\Debug\.netcoreapp,version=v3.1\fine-code-coverage\build-output
TpTrace Verbose: 0 : 15992, 4, 2022/01/12, 12:23:56.363, 12178493632228, testhost.dll, TestPluginCache.DiscoverTestExtensions: Discovering the extensions using extension path.
TpTrace Verbose: 0 : 15992, 4, 2022/01/12, 12:23:56.363, 12178493632530, testhost.dll, TestPluginCache.GetExtensionPaths: Filtered extension paths: 
TpTrace Verbose: 0 : 15992, 4, 2022/01/12, 12:23:56.363, 12178493632795, testhost.dll, TestPluginCache.GetExtensionPaths: Added default extension paths: C:\Users\Koro\Desktop\Homework\Koro\windowDesign\DrawingProject\DrawingForm\DrawingFormTests\bin\Debug\.netcoreapp,version=v3.1\fine-code-coverage\build-output\Microsoft.VisualStudio.TestPlatform.MSTest.TestAdapter.dll
TpTrace Verbose: 0 : 15992, 4, 2022/01/12, 12:23:56.363, 12178493633065, testhost.dll, TestPluginCache.GetExtensionPaths: Added unfilterableExtensionPaths: 
TpTrace Verbose: 0 : 15992, 4, 2022/01/12, 12:23:56.363, 12178493633407, testhost.dll, TestPluginCache.DiscoverTestExtensions: Discovering the extensions using allExtensionPaths: C:\Users\Koro\Desktop\Homework\Koro\windowDesign\DrawingProject\DrawingForm\DrawingFormTests\bin\Debug\.netcoreapp,version=v3.1\fine-code-coverage\build-output\Microsoft.VisualStudio.TestPlatform.MSTest.TestAdapter.dll
TpTrace Information: 0 : 15992, 4, 2022/01/12, 12:23:56.364, 12178493634272, testhost.dll, AssemblyResolver.AddSearchDirectories: Adding more searchDirectories C:\Users\Koro\Desktop\Homework\Koro\windowDesign\DrawingProject\DrawingForm\DrawingFormTests\bin\Debug\.netcoreapp,version=v3.1\fine-code-coverage\build-output
TpTrace Verbose: 0 : 15992, 4, 2022/01/12, 12:23:56.365, 12178493651142, testhost.dll, TestPluginCache: Discovered the extensions using extension path ''.
TpTrace Verbose: 0 : 15992, 4, 2022/01/12, 12:23:56.365, 12178493651695, testhost.dll, TestPluginCache: Discoverers are 'Microsoft.VisualStudio.TestPlatform.MSTest.TestAdapter.MSTestDiscoverer, Microsoft.VisualStudio.TestPlatform.MSTest.TestAdapter, Version=14.0.0.0, Culture=neutral, PublicKeyToken=b03f5f7f11d50a3a'.
TpTrace Verbose: 0 : 15992, 4, 2022/01/12, 12:23:56.365, 12178493652037, testhost.dll, TestPluginCache: Executors are 'executor://MSTestAdapter/v2'.
TpTrace Verbose: 0 : 15992, 4, 2022/01/12, 12:23:56.365, 12178493652316, testhost.dll, TestPluginCache: Executors2 are ''.
TpTrace Verbose: 0 : 15992, 4, 2022/01/12, 12:23:56.365, 12178493652646, testhost.dll, TestPluginCache: Setting providers are ''.
TpTrace Verbose: 0 : 15992, 4, 2022/01/12, 12:23:56.365, 12178493652901, testhost.dll, TestPluginCache: Loggers are ''.
TpTrace Verbose: 0 : 15992, 4, 2022/01/12, 12:23:56.370, 12178493697094, testhost.dll, BaseRunTests.RunTestInternalWithExecutors: Running tests for executor://MSTestAdapter/v2
TpTrace Information: 0 : 15992, 4, 2022/01/12, 12:23:56.370, 12178493701080, testhost.dll, AssemblyResolver.OnResolve: Microsoft.VisualStudio.TestPlatform.MSTestAdapter.PlatformServices.Interface: Resolving assembly.
TpTrace Information: 0 : 15992, 4, 2022/01/12, 12:23:56.372, 12178493719176, testhost.dll, AssemblyResolver.OnResolve: Resolved assembly: Microsoft.VisualStudio.TestPlatform.MSTestAdapter.PlatformServices.Interface, from path: C:\Users\Koro\Desktop\Homework\Koro\windowDesign\DrawingProject\DrawingForm\DrawingFormTests\bin\Debug\.netcoreapp,version=v3.1\fine-code-coverage\build-output\Microsoft.VisualStudio.TestPlatform.MSTestAdapter.PlatformServices.Interface.dll
TpTrace Information: 0 : 15992, 4, 2022/01/12, 12:23:56.374, 12178493739647, testhost.dll, AssemblyResolver.OnResolve: Microsoft.VisualStudio.TestPlatform.MSTestAdapter.PlatformServices: Resolving assembly.
TpTrace Information: 0 : 15992, 4, 2022/01/12, 12:23:56.376, 12178493758751, testhost.dll, AssemblyResolver.OnResolve: Resolved assembly: Microsoft.VisualStudio.TestPlatform.MSTestAdapter.PlatformServices, from path: C:\Users\Koro\Desktop\Homework\Koro\windowDesign\DrawingProject\DrawingForm\DrawingFormTests\bin\Debug\.netcoreapp,version=v3.1\fine-code-coverage\build-output\Microsoft.VisualStudio.TestPlatform.MSTestAdapter.PlatformServices.dll
TpTrace Information: 0 : 15992, 4, 2022/01/12, 12:23:56.376, 12178493762451, testhost.dll, MSTest - MSTestExecutor.RunTests: Running tests from sources.
TpTrace Information: 0 : 15992, 4, 2022/01/12, 12:23:56.383, 12178493830183, testhost.dll, MSTest - CollectSourceInformation value Found : False 
TpTrace Information: 0 : 15992, 4, 2022/01/12, 12:23:56.407, 12178494073205, testhost.dll, AssemblyResolver.OnResolve: Microsoft.TestPlatform.AdapterUtilities: Resolving assembly.
TpTrace Information: 0 : 15992, 4, 2022/01/12, 12:23:56.410, 12178494094155, testhost.dll, AssemblyResolver.OnResolve: Resolved assembly: Microsoft.TestPlatform.AdapterUtilities, from path: C:\Users\Koro\Desktop\Homework\Koro\windowDesign\DrawingProject\DrawingForm\DrawingFormTests\bin\Debug\.netcoreapp,version=v3.1\fine-code-coverage\build-output\Microsoft.TestPlatform.AdapterUtilities.dll
TpTrace Information: 0 : 15992, 4, 2022/01/12, 12:23:56.421, 12178494208056, testhost.dll, MSTest - MSTestDiscoverer: Found 19 tests from source C:\Users\Koro\Desktop\Homework\Koro\windowDesign\DrawingProject\DrawingForm\DrawingFormTests\bin\Debug\.netcoreapp,version=v3.1\fine-code-coverage\build-output\DrawingFormTests.dll
TpTrace Information: 0 : 15992, 4, 2022/01/12, 12:23:56.434, 12178494336944, testhost.dll, AssemblyResolver.OnResolve: Microsoft.VisualStudio.TestPlatform.MSTestAdapter.PlatformServices.resources: Resolving assembly.
TpTrace Information: 0 : 15992, 4, 2022/01/12, 12:23:56.434, 12178494338776, testhost.dll, AssemblyResolver.OnResolve: Microsoft.VisualStudio.TestPlatform.MSTestAdapter.PlatformServices.resources: Failed to load assembly.
TpTrace Information: 0 : 15992, 4, 2022/01/12, 12:23:56.435, 12178494351381, testhost.dll, AssemblyResolver.OnResolve: Microsoft.VisualStudio.TestPlatform.MSTestAdapter.PlatformServices.resources: Resolving assembly.
TpTrace Information: 0 : 15992, 4, 2022/01/12, 12:23:56.435, 12178494352116, testhost.dll, AssemblyResolver.OnResolve: Microsoft.VisualStudio.TestPlatform.MSTestAdapter.PlatformServices.resources: Resolved from cache.
TpTrace Information: 0 : 15992, 4, 2022/01/12, 12:23:56.436, 12178494363833, testhost.dll, AssemblyResolver.OnResolve: Microsoft.VisualStudio.TestPlatform.MSTestAdapter.PlatformServices.resources: Resolving assembly.
TpTrace Information: 0 : 15992, 4, 2022/01/12, 12:23:56.437, 12178494364324, testhost.dll, AssemblyResolver.OnResolve: Microsoft.VisualStudio.TestPlatform.MSTestAdapter.PlatformServices.resources: Resolved from cache.
TpTrace Information: 0 : 15992, 4, 2022/01/12, 12:23:56.447, 12178494467806, testhost.dll, MSTest - Created unit-test runner C:\Users\Koro\Desktop\Homework\Koro\windowDesign\DrawingProject\DrawingForm\DrawingFormTests\bin\Debug\.netcoreapp,version=v3.1\fine-code-coverage\build-output\DrawingFormTests.dll
TpTrace Verbose: 0 : 15992, 4, 2022/01/12, 12:23:56.451, 12178494504715, testhost.dll, TestExecutionRecorder.RecordStart: Starting test: DrawingModel.Tests.ModelTests.PointerEventTest.
TpTrace Information: 0 : 15992, 4, 2022/01/12, 12:23:56.520, 12178495200184, testhost.dll, MSTest - Executing test PointerEventTest
TpTrace Information: 0 : 15992, 4, 2022/01/12, 12:23:56.554, 12178495541198, testhost.dll, MSTest - Executed test PointerEventTest
TpTrace Verbose: 0 : 15992, 4, 2022/01/12, 12:23:56.558, 12178495574935, testhost.dll, TestExecutionRecorder.RecordEnd: test: DrawingModel.Tests.ModelTests.PointerEventTest execution completed.
TpTrace Verbose: 0 : 15992, 4, 2022/01/12, 12:23:56.569, 12178495689233, testhost.dll, TestExecutionRecorder.RecordResult: Received result for test: DrawingModel.Tests.ModelTests.PointerEventTest.
TpTrace Warning: 0 : 15992, 4, 2022/01/12, 12:23:56.572, 12178495715409, testhost.dll, TestRunCache: InProgressTests is null
TpTrace Warning: 0 : 15992, 4, 2022/01/12, 12:23:56.572, 12178495716577, testhost.dll, TestRunCache: No test found corresponding to testResult '' in inProgress list.
TpTrace Verbose: 0 : 15992, 4, 2022/01/12, 12:23:56.572, 12178495717267, testhost.dll, TestExecutionRecorder.RecordStart: Starting test: DrawingModel.Tests.ModelTests.ClearTest.
TpTrace Information: 0 : 15992, 4, 2022/01/12, 12:23:56.573, 12178495728897, testhost.dll, MSTest - Executing test ClearTest
TpTrace Information: 0 : 15992, 4, 2022/01/12, 12:23:56.575, 12178495750156, testhost.dll, MSTest - Executed test ClearTest
TpTrace Verbose: 0 : 15992, 4, 2022/01/12, 12:23:56.575, 12178495751044, testhost.dll, TestExecutionRecorder.RecordEnd: test: DrawingModel.Tests.ModelTests.ClearTest execution completed.
TpTrace Verbose: 0 : 15992, 4, 2022/01/12, 12:23:56.576, 12178495763505, testhost.dll, TestExecutionRecorder.RecordResult: Received result for test: DrawingModel.Tests.ModelTests.ClearTest.
TpTrace Warning: 0 : 15992, 4, 2022/01/12, 12:23:56.577, 12178495764149, testhost.dll, TestRunCache: InProgressTests is null
TpTrace Warning: 0 : 15992, 4, 2022/01/12, 12:23:56.577, 12178495764543, testhost.dll, TestRunCache: No test found corresponding to testResult '' in inProgress list.
TpTrace Verbose: 0 : 15992, 4, 2022/01/12, 12:23:56.577, 12178495764997, testhost.dll, TestExecutionRecorder.RecordStart: Starting test: DrawingModel.Tests.ModelTests.DrawTest.
TpTrace Information: 0 : 15992, 4, 2022/01/12, 12:23:56.578, 12178495774397, testhost.dll, MSTest - Executing test DrawTest
TpTrace Information: 0 : 15992, 4, 2022/01/12, 12:23:56.578, 12178495777265, testhost.dll, MSTest - Executed test DrawTest
TpTrace Verbose: 0 : 15992, 4, 2022/01/12, 12:23:56.578, 12178495777735, testhost.dll, TestExecutionRecorder.RecordEnd: test: DrawingModel.Tests.ModelTests.DrawTest execution completed.
TpTrace Verbose: 0 : 15992, 4, 2022/01/12, 12:23:56.579, 12178495787035, testhost.dll, TestExecutionRecorder.RecordResult: Received result for test: DrawingModel.Tests.ModelTests.DrawTest.
TpTrace Warning: 0 : 15992, 4, 2022/01/12, 12:23:56.579, 12178495787554, testhost.dll, TestRunCache: InProgressTests is null
TpTrace Warning: 0 : 15992, 4, 2022/01/12, 12:23:56.579, 12178495787858, testhost.dll, TestRunCache: No test found corresponding to testResult '' in inProgress list.
TpTrace Verbose: 0 : 15992, 4, 2022/01/12, 12:23:56.579, 12178495788268, testhost.dll, TestExecutionRecorder.RecordStart: Starting test: DrawingModel.Tests.ModelTests.AddNewShapeTest.
TpTrace Information: 0 : 15992, 4, 2022/01/12, 12:23:56.581, 12178495806849, testhost.dll, MSTest - Executing test AddNewShapeTest
TpTrace Information: 0 : 15992, 4, 2022/01/12, 12:23:56.581, 12178495811513, testhost.dll, MSTest - Executed test AddNewShapeTest
TpTrace Verbose: 0 : 15992, 4, 2022/01/12, 12:23:56.581, 12178495812122, testhost.dll, TestExecutionRecorder.RecordEnd: test: DrawingModel.Tests.ModelTests.AddNewShapeTest execution completed.
TpTrace Verbose: 0 : 15992, 4, 2022/01/12, 12:23:56.583, 12178495824450, testhost.dll, TestExecutionRecorder.RecordResult: Received result for test: DrawingModel.Tests.ModelTests.AddNewShapeTest.
TpTrace Warning: 0 : 15992, 4, 2022/01/12, 12:23:56.583, 12178495825585, testhost.dll, TestRunCache: InProgressTests is null
TpTrace Warning: 0 : 15992, 4, 2022/01/12, 12:23:56.583, 12178495826035, testhost.dll, TestRunCache: No test found corresponding to testResult '' in inProgress list.
TpTrace Verbose: 0 : 15992, 4, 2022/01/12, 12:23:56.583, 12178495826485, testhost.dll, TestExecutionRecorder.RecordStart: Starting test: DrawingModel.Tests.ModelTests.MarkShapeTest.
TpTrace Information: 0 : 15992, 4, 2022/01/12, 12:23:56.584, 12178495836519, testhost.dll, MSTest - Executing test MarkShapeTest
TpTrace Information: 0 : 15992, 4, 2022/01/12, 12:23:56.585, 12178495845766, testhost.dll, MSTest - Executed test MarkShapeTest
TpTrace Verbose: 0 : 15992, 4, 2022/01/12, 12:23:56.585, 12178495846272, testhost.dll, TestExecutionRecorder.RecordEnd: test: DrawingModel.Tests.ModelTests.MarkShapeTest execution completed.
TpTrace Verbose: 0 : 15992, 4, 2022/01/12, 12:23:56.586, 12178495856440, testhost.dll, TestExecutionRecorder.RecordResult: Received result for test: DrawingModel.Tests.ModelTests.MarkShapeTest.
TpTrace Warning: 0 : 15992, 4, 2022/01/12, 12:23:56.586, 12178495857126, testhost.dll, TestRunCache: InProgressTests is null
TpTrace Warning: 0 : 15992, 4, 2022/01/12, 12:23:56.586, 12178495857432, testhost.dll, TestRunCache: No test found corresponding to testResult '' in inProgress list.
TpTrace Verbose: 0 : 15992, 4, 2022/01/12, 12:23:56.586, 12178495857832, testhost.dll, TestExecutionRecorder.RecordStart: Starting test: DrawingModel.Tests.ModelTests.DeleteShapeTest.
TpTrace Information: 0 : 15992, 4, 2022/01/12, 12:23:56.587, 12178495867008, testhost.dll, MSTest - Executing test DeleteShapeTest
TpTrace Information: 0 : 15992, 4, 2022/01/12, 12:23:56.587, 12178495870929, testhost.dll, MSTest - Executed test DeleteShapeTest
TpTrace Verbose: 0 : 15992, 4, 2022/01/12, 12:23:56.587, 12178495871409, testhost.dll, TestExecutionRecorder.RecordEnd: test: DrawingModel.Tests.ModelTests.DeleteShapeTest execution completed.
TpTrace Verbose: 0 : 15992, 4, 2022/01/12, 12:23:56.588, 12178495880576, testhost.dll, TestExecutionRecorder.RecordResult: Received result for test: DrawingModel.Tests.ModelTests.DeleteShapeTest.
TpTrace Warning: 0 : 15992, 4, 2022/01/12, 12:23:56.588, 12178495881291, testhost.dll, TestRunCache: InProgressTests is null
TpTrace Warning: 0 : 15992, 4, 2022/01/12, 12:23:56.588, 12178495881599, testhost.dll, TestRunCache: No test found corresponding to testResult '' in inProgress list.
TpTrace Verbose: 0 : 15992, 4, 2022/01/12, 12:23:56.591, 12178495911111, testhost.dll, TestExecutionRecorder.RecordStart: Starting test: DrawingModel.Tests.ModelTests.UndoAndRedoTest.
TpTrace Information: 0 : 15992, 4, 2022/01/12, 12:23:56.593, 12178495924802, testhost.dll, MSTest - Executing test UndoAndRedoTest
TpTrace Information: 0 : 15992, 4, 2022/01/12, 12:23:56.593, 12178495931910, testhost.dll, MSTest - Executed test UndoAndRedoTest
TpTrace Verbose: 0 : 15992, 4, 2022/01/12, 12:23:56.593, 12178495932415, testhost.dll, TestExecutionRecorder.RecordEnd: test: DrawingModel.Tests.ModelTests.UndoAndRedoTest execution completed.
TpTrace Verbose: 0 : 15992, 4, 2022/01/12, 12:23:56.594, 12178495942101, testhost.dll, TestExecutionRecorder.RecordResult: Received result for test: DrawingModel.Tests.ModelTests.UndoAndRedoTest.
TpTrace Warning: 0 : 15992, 4, 2022/01/12, 12:23:56.594, 12178495942859, testhost.dll, TestRunCache: InProgressTests is null
TpTrace Warning: 0 : 15992, 4, 2022/01/12, 12:23:56.594, 12178495943180, testhost.dll, TestRunCache: No test found corresponding to testResult '' in inProgress list.
TpTrace Verbose: 0 : 15992, 4, 2022/01/12, 12:23:56.594, 12178495943620, testhost.dll, TestExecutionRecorder.RecordStart: Starting test: DrawingModel.Tests.ModelTests.GetOnShapeTest.
TpTrace Information: 0 : 15992, 4, 2022/01/12, 12:23:56.595, 12178495953517, testhost.dll, MSTest - Executing test GetOnShapeTest
TpTrace Information: 0 : 15992, 4, 2022/01/12, 12:23:56.596, 12178495961095, testhost.dll, MSTest - Executed test GetOnShapeTest
TpTrace Verbose: 0 : 15992, 4, 2022/01/12, 12:23:56.596, 12178495962033, testhost.dll, TestExecutionRecorder.RecordEnd: test: DrawingModel.Tests.ModelTests.GetOnShapeTest execution completed.
TpTrace Verbose: 0 : 15992, 4, 2022/01/12, 12:23:56.600, 12178496001628, testhost.dll, TestExecutionRecorder.RecordResult: Received result for test: DrawingModel.Tests.ModelTests.GetOnShapeTest.
TpTrace Warning: 0 : 15992, 4, 2022/01/12, 12:23:56.600, 12178496002617, testhost.dll, TestRunCache: InProgressTests is null
TpTrace Warning: 0 : 15992, 4, 2022/01/12, 12:23:56.600, 12178496002967, testhost.dll, TestRunCache: No test found corresponding to testResult '' in inProgress list.
TpTrace Verbose: 0 : 15992, 4, 2022/01/12, 12:23:56.600, 12178496003468, testhost.dll, TestExecutionRecorder.RecordStart: Starting test: DrawingModel.Tests.ModelTests.ClearAllTest.
TpTrace Information: 0 : 15992, 4, 2022/01/12, 12:23:56.601, 12178496013830, testhost.dll, MSTest - Executing test ClearAllTest
TpTrace Information: 0 : 15992, 4, 2022/01/12, 12:23:56.602, 12178496017110, testhost.dll, MSTest - Executed test ClearAllTest
TpTrace Verbose: 0 : 15992, 4, 2022/01/12, 12:23:56.602, 12178496017577, testhost.dll, TestExecutionRecorder.RecordEnd: test: DrawingModel.Tests.ModelTests.ClearAllTest execution completed.
TpTrace Verbose: 0 : 15992, 4, 2022/01/12, 12:23:56.603, 12178496026706, testhost.dll, TestExecutionRecorder.RecordResult: Received result for test: DrawingModel.Tests.ModelTests.ClearAllTest.
TpTrace Warning: 0 : 15992, 4, 2022/01/12, 12:23:56.603, 12178496027417, testhost.dll, TestRunCache: InProgressTests is null
TpTrace Warning: 0 : 15992, 4, 2022/01/12, 12:23:56.603, 12178496027731, testhost.dll, TestRunCache: No test found corresponding to testResult '' in inProgress list.
TpTrace Verbose: 0 : 15992, 4, 2022/01/12, 12:23:56.603, 12178496028141, testhost.dll, TestExecutionRecorder.RecordStart: Starting test: DrawingModel.Tests.ModelTests.NotifyModelChangedTest.
TpTrace Information: 0 : 15992, 4, 2022/01/12, 12:23:56.604, 12178496041357, testhost.dll, Sending test run statistics
TpTrace Verbose: 0 : 15992, 4, 2022/01/12, 12:23:56.627, 12178496266684, testhost.dll, TestRequestHandler.SendData:  sending data from testhost: {"Version":5,"MessageType":"TestExecution.StatsChange","Payload":{"NewTestResults":[{"TestCase":{"Id":"bce39e33-6513-44b3-4f57-54f35ae163ae","FullyQualifiedName":"DrawingModel.Tests.ModelTests.PointerEventTest","DisplayName":"PointerEventTest","ExecutorUri":"executor://MSTestAdapter/v2","Source":"C:\\Users\\Koro\\Desktop\\Homework\\Koro\\windowDesign\\DrawingProject\\DrawingForm\\DrawingFormTests\\bin\\Debug\\.netcoreapp,version=v3.1\\fine-code-coverage\\build-output\\DrawingFormTests.dll","CodeFilePath":null,"LineNumber":-1,"Properties":[{"Key":{"Id":"TestCase.ManagedType","Label":"ManagedType","Category":"","Description":"","Attributes":1,"ValueType":"System.String"},"Value":"DrawingModel.Tests.ModelTests"},{"Key":{"Id":"TestCase.ManagedMethod","Label":"ManagedMethod","Category":"","Description":"","Attributes":1,"ValueType":"System.String"},"Value":"PointerEventTest"},{"Key":{"Id":"MSTestDiscoverer.TestClassName","Label":"ClassName","Category":"","Description":"","Attributes":1,"ValueType":"System.String"},"Value":"DrawingModel.Tests.ModelTests"},{"Key":{"Id":"TestObject.Traits","Label":"Traits","Category":"","Description":"","Attributes":5,"ValueType":"System.Collections.Generic.KeyValuePair`2[[System.String],[System.String]][]"},"Value":[]}]},"Attachments":[],"Outcome":1,"ErrorMessage":null,"ErrorStackTrace":null,"DisplayName":null,"Messages":[],"ComputerName":null,"Duration":"00:00:00.0092873","StartTime":"2022-01-12T12:23:56.5157646+08:00","EndTime":"2022-01-12T12:23:56.5547973+08:00","Properties":[{"Key":{"Id":"ExecutionId","Label":"ExecutionId","Category":"","Description":"","Attributes":1,"ValueType":"System.Guid"},"Value":"00000000-0000-0000-0000-000000000000"},{"Key":{"Id":"ParentExecId","Label":"ParentExecId","Category":"","Description":"","Attributes":1,"ValueType":"System.Guid"},"Value":"00000000-0000-0000-0000-000000000000"},{"Key":{"Id":"InnerResultsCount","Label":"InnerResultsCount","Category":"","Description":"","Attributes":1,"ValueType":"System.Int32"},"Value":0}]},{"TestCase":{"Id":"1ce2ac72-fd4c-edb6-5459-a77f8eca3e1e","FullyQualifiedName":"DrawingModel.Tests.ModelTests.ClearTest","DisplayName":"ClearTest","ExecutorUri":"executor://MSTestAdapter/v2","Source":"C:\\Users\\Koro\\Desktop\\Homework\\Koro\\windowDesign\\DrawingProject\\DrawingForm\\DrawingFormTests\\bin\\Debug\\.netcoreapp,version=v3.1\\fine-code-coverage\\build-output\\DrawingFormTests.dll","CodeFilePath":null,"LineNumber":-1,"Properties":[{"Key":{"Id":"TestCase.ManagedType","Label":"ManagedType","Category":"","Description":"","Attributes":1,"ValueType":"System.String"},"Value":"DrawingModel.Tests.ModelTests"},{"Key":{"Id":"TestCase.ManagedMethod","Label":"ManagedMethod","Category":"","Description":"","Attributes":1,"ValueType":"System.String"},"Value":"ClearTest"},{"Key":{"Id":"MSTestDiscoverer.TestClassName","Label":"ClassName","Category":"","Description":"","Attributes":1,"ValueType":"System.String"},"Value":"DrawingModel.Tests.ModelTests"},{"Key":{"Id":"TestObject.Traits","Label":"Traits","Category":"","Description":"","Attributes":5,"ValueType":"System.Collections.Generic.KeyValuePair`2[[System.String],[System.String]][]"},"Value":[]}]},"Attachments":[],"Outcome":1,"ErrorMessage":null,"ErrorStackTrace":null,"DisplayName":null,"Messages":[],"ComputerName":null,"Duration":"00:00:00.0018825","StartTime":"2022-01-12T12:23:56.5734846+08:00","EndTime":"2022-01-12T12:23:56.5756856+08:00","Properties":[{"Key":{"Id":"ExecutionId","Label":"ExecutionId","Category":"","Description":"","Attributes":1,"ValueType":"System.Guid"},"Value":"00000000-0000-0000-0000-000000000000"},{"Key":{"Id":"ParentExecId","Label":"ParentExecId","Category":"","Description":"","Attributes":1,"ValueType":"System.Guid"},"Value":"00000000-0000-0000-0000-000000000000"},{"Key":{"Id":"InnerResultsCount","Label":"InnerResultsCount","Category":"","Description":"","Attributes":1,"ValueType":"System.Int32"},"Value":0}]},{"TestCase":{"Id":"03964231-c0d4-5a1b-7e19-f39f748b3663","FullyQualifiedName":"DrawingModel.Tests.ModelTests.DrawTest","DisplayName":"DrawTest","ExecutorUri":"executor://MSTestAdapter/v2","Source":"C:\\Users\\Koro\\Desktop\\Homework\\Koro\\windowDesign\\DrawingProject\\DrawingForm\\DrawingFormTests\\bin\\Debug\\.netcoreapp,version=v3.1\\fine-code-coverage\\build-output\\DrawingFormTests.dll","CodeFilePath":null,"LineNumber":-1,"Properties":[{"Key":{"Id":"TestCase.ManagedType","Label":"ManagedType","Category":"","Description":"","Attributes":1,"ValueType":"System.String"},"Value":"DrawingModel.Tests.ModelTests"},{"Key":{"Id":"TestCase.ManagedMethod","Label":"ManagedMethod","Category":"","Description":"","Attributes":1,"ValueType":"System.String"},"Value":"DrawTest"},{"Key":{"Id":"MSTestDiscoverer.TestClassName","Label":"ClassName","Category":"","Description":"","Attributes":1,"ValueType":"System.String"},"Value":"DrawingModel.Tests.ModelTests"},{"Key":{"Id":"TestObject.Traits","Label":"Traits","Category":"","Description":"","Attributes":5,"ValueType":"System.Collections.Generic.KeyValuePair`2[[System.String],[System.String]][]"},"Value":[]}]},"Attachments":[],"Outcome":1,"ErrorMessage":null,"ErrorStackTrace":null,"DisplayName":null,"Messages":[],"ComputerName":null,"Duration":"00:00:00.0001299","StartTime":"2022-01-12T12:23:56.5780352+08:00","EndTime":"2022-01-12T12:23:56.5783664+08:00","Properties":[{"Key":{"Id":"ExecutionId","Label":"ExecutionId","Category":"","Description":"","Attributes":1,"ValueType":"System.Guid"},"Value":"00000000-0000-0000-0000-000000000000"},{"Key":{"Id":"ParentExecId","Label":"ParentExecId","Category":"","Description":"","Attributes":1,"ValueType":"System.Guid"},"Value":"00000000-0000-0000-0000-000000000000"},{"Key":{"Id":"InnerResultsCount","Label":"InnerResultsCount","Category":"","Description":"","Attributes":1,"ValueType":"System.Int32"},"Value":0}]},{"TestCase":{"Id":"5b5da9e1-5ba8-0823-6c44-ce7e7be73c5c","FullyQualifiedName":"DrawingModel.Tests.ModelTests.AddNewShapeTest","DisplayName":"AddNewShapeTest","ExecutorUri":"executor://MSTestAdapter/v2","Source":"C:\\Users\\Koro\\Desktop\\Homework\\Koro\\windowDesign\\DrawingProject\\DrawingForm\\DrawingFormTests\\bin\\Debug\\.netcoreapp,version=v3.1\\fine-code-coverage\\build-output\\DrawingFormTests.dll","CodeFilePath":null,"LineNumber":-1,"Properties":[{"Key":{"Id":"TestCase.ManagedType","Label":"ManagedType","Category":"","Description":"","Attributes":1,"ValueType":"System.String"},"Value":"DrawingModel.Tests.ModelTests"},{"Key":{"Id":"TestCase.ManagedMethod","Label":"ManagedMethod","Category":"","Description":"","Attributes":1,"ValueType":"System.String"},"Value":"AddNewShapeTest"},{"Key":{"Id":"MSTestDiscoverer.TestClassName","Label":"ClassName","Category":"","Description":"","Attributes":1,"ValueType":"System.String"},"Value":"DrawingModel.Tests.ModelTests"},{"Key":{"Id":"TestObject.Traits","Label":"Traits","Category":"","Description":"","Attributes":5,"ValueType":"System.Collections.Generic.KeyValuePair`2[[System.String],[System.String]][]"},"Value":[]}]},"Attachments":[],"Outcome":1,"ErrorMessage":null,"ErrorStackTrace":null,"DisplayName":null,"Messages":[],"ComputerName":null,"Duration":"00:00:00.0002445","StartTime":"2022-01-12T12:23:56.5812637+08:00","EndTime":"2022-01-12T12:23:56.5818022+08:00","Properties":[{"Key":{"Id":"ExecutionId","Label":"ExecutionId","Category":"","Description":"","Attributes":1,"ValueType":"System.Guid"},"Value":"00000000-0000-0000-0000-000000000000"},{"Key":{"Id":"ParentExecId","Label":"ParentExecId","Category":"","Description":"","Attributes":1,"ValueType":"System.Guid"},"Value":"00000000-0000-0000-0000-000000000000"},{"Key":{"Id":"InnerResultsCount","Label":"InnerResultsCount","Category":"","Description":"","Attributes":1,"ValueType":"System.Int32"},"Value":0}]},{"TestCase":{"Id":"ac1fe6c7-c266-9ab0-1ae8-4b36975f9483","FullyQualifiedName":"DrawingModel.Tests.ModelTests.MarkShapeTest","DisplayName":"MarkShapeTest","ExecutorUri":"executor://MSTestAdapter/v2","Source":"C:\\Users\\Koro\\Desktop\\Homework\\Koro\\windowDesign\\DrawingProject\\DrawingForm\\DrawingFormTests\\bin\\Debug\\.netcoreapp,version=v3.1\\fine-code-coverage\\build-output\\DrawingFormTests.dll","CodeFilePath":null,"LineNumber":-1,"Properties":[{"Key":{"Id":"TestCase.ManagedType","Label":"ManagedType","Category":"","Description":"","Attributes":1,"ValueType":"System.String"},"Value":"DrawingModel.Tests.ModelTests"},{"Key":{"Id":"TestCase.ManagedMethod","Label":"ManagedMethod","Category":"","Description":"","Attributes":1,"ValueType":"System.String"},"Value":"MarkShapeTest"},{"Key":{"Id":"MSTestDiscoverer.TestClassName","Label":"ClassName","Category":"","Description":"","Attributes":1,"ValueType":"System.String"},"Value":"DrawingModel.Tests.ModelTests"},{"Key":{"Id":"TestObject.Traits","Label":"Traits","Category":"","Description":"","Attributes":5,"ValueType":"System.Collections.Generic.KeyValuePair`2[[System.String],[System.String]][]"},"Value":[]}]},"Attachments":[],"Outcome":1,"ErrorMessage":null,"ErrorStackTrace":null,"DisplayName":null,"Messages":[],"ComputerName":null,"Duration":"00:00:00.0007549","StartTime":"2022-01-12T12:23:56.5842282+08:00","EndTime":"2022-01-12T12:23:56.5852184+08:00","Properties":[{"Key":{"Id":"ExecutionId","Label":"ExecutionId","Category":"","Description":"","Attributes":1,"ValueType":"System.Guid"},"Value":"00000000-0000-0000-0000-000000000000"},{"Key":{"Id":"ParentExecId","Label":"ParentExecId","Category":"","Description":"","Attributes":1,"ValueType":"System.Guid"},"Value":"00000000-0000-0000-0000-000000000000"},{"Key":{"Id":"InnerResultsCount","Label":"InnerResultsCount","Category":"","Description":"","Attributes":1,"ValueType":"System.Int32"},"Value":0}]},{"TestCase":{"Id":"8d063872-8c1f-c5a8-be96-9295f1bfae14","FullyQualifiedName":"DrawingModel.Tests.ModelTests.DeleteShapeTest","DisplayName":"DeleteShapeTest","ExecutorUri":"executor://MSTestAdapter/v2","Source":"C:\\Users\\Koro\\Desktop\\Homework\\Koro\\windowDesign\\DrawingProject\\DrawingForm\\DrawingFormTests\\bin\\Debug\\.netcoreapp,version=v3.1\\fine-code-coverage\\build-output\\DrawingFormTests.dll","CodeFilePath":null,"LineNumber":-1,"Properties":[{"Key":{"Id":"TestCase.ManagedType","Label":"ManagedType","Category":"","Description":"","Attributes":1,"ValueType":"System.String"},"Value":"DrawingModel.Tests.ModelTests"},{"Key":{"Id":"TestCase.ManagedMethod","Label":"ManagedMethod","Category":"","Description":"","Attributes":1,"ValueType":"System.String"},"Value":"DeleteShapeTest"},{"Key":{"Id":"MSTestDiscoverer.TestClassName","Label":"ClassName","Category":"","Description":"","Attributes":1,"ValueType":"System.String"},"Value":"DrawingModel.Tests.ModelTests"},{"Key":{"Id":"TestObject.Traits","Label":"Traits","Category":"","Description":"","Attributes":5,"ValueType":"System.Collections.Generic.KeyValuePair`2[[System.String],[System.String]][]"},"Value":[]}]},"Attachments":[],"Outcome":1,"ErrorMessage":null,"ErrorStackTrace":null,"DisplayName":null,"Messages":[],"ComputerName":null,"Duration":"00:00:00.0002249","StartTime":"2022-01-12T12:23:56.5872963+08:00","EndTime":"2022-01-12T12:23:56.587733+08:00","Properties":[{"Key":{"Id":"ExecutionId","Label":"ExecutionId","Category":"","Description":"","Attributes":1,"ValueType":"System.Guid"},"Value":"00000000-0000-0000-0000-000000000000"},{"Key":{"Id":"ParentExecId","Label":"ParentExecId","Category":"","Description":"","Attributes":1,"ValueType":"System.Guid"},"Value":"00000000-0000-0000-0000-000000000000"},{"Key":{"Id":"InnerResultsCount","Label":"InnerResultsCount","Category":"","Description":"","Attributes":1,"ValueType":"System.Int32"},"Value":0}]},{"TestCase":{"Id":"6b215691-85b2-1a55-a280-0bb6ea2b38ce","FullyQualifiedName":"DrawingModel.Tests.ModelTests.UndoAndRedoTest","DisplayName":"UndoAndRedoTest","ExecutorUri":"executor://MSTestAdapter/v2","Source":"C:\\Users\\Koro\\Desktop\\Homework\\Koro\\windowDesign\\DrawingProject\\DrawingForm\\DrawingFormTests\\bin\\Debug\\.netcoreapp,version=v3.1\\fine-code-coverage\\build-output\\DrawingFormTests.dll","CodeFilePath":null,"LineNumber":-1,"Properties":[{"Key":{"Id":"TestCase.ManagedType","Label":"ManagedType","Category":"","Description":"","Attributes":1,"ValueType":"System.String"},"Value":"DrawingModel.Tests.ModelTests"},{"Key":{"Id":"TestCase.ManagedMethod","Label":"ManagedMethod","Category":"","Description":"","Attributes":1,"ValueType":"System.String"},"Value":"UndoAndRedoTest"},{"Key":{"Id":"MSTestDiscoverer.TestClassName","Label":"ClassName","Category":"","Description":"","Attributes":1,"ValueType":"System.String"},"Value":"DrawingModel.Tests.ModelTests"},{"Key":{"Id":"TestObject.Traits","Label":"Traits","Category":"","Description":"","Attributes":5,"ValueType":"System.Collections.Generic.KeyValuePair`2[[System.String],[System.String]][]"},"Value":[]}]},"Attachments":[],"Outcome":1,"ErrorMessage":null,"ErrorStackTrace":null,"DisplayName":null,"Messages":[],"ComputerName":null,"Duration":"00:00:00.0005135","StartTime":"2022-01-12T12:23:56.5930724+08:00","EndTime":"2022-01-12T12:23:56.5938323+08:00","Properties":[{"Key":{"Id":"ExecutionId","Label":"ExecutionId","Category":"","Description":"","Attributes":1,"ValueType":"System.Guid"},"Value":"00000000-0000-0000-0000-000000000000"},{"Key":{"Id":"ParentExecId","Label":"ParentExecId","Category":"","Description":"","Attributes":1,"ValueType":"System.Guid"},"Value":"00000000-0000-0000-0000-000000000000"},{"Key":{"Id":"InnerResultsCount","Label":"InnerResultsCount","Category":"","Description":"","Attributes":1,"ValueType":"System.Int32"},"Value":0}]},{"TestCase":{"Id":"add26420-b4b4-fbd0-c23d-24b965dc327f","FullyQualifiedName":"DrawingModel.Tests.ModelTests.GetOnShapeTest","DisplayName":"GetOnShapeTest","ExecutorUri":"executor://MSTestAdapter/v2","Source":"C:\\Users\\Koro\\Desktop\\Homework\\Koro\\windowDesign\\DrawingProject\\DrawingForm\\DrawingFormTests\\bin\\Debug\\.netcoreapp,version=v3.1\\fine-code-coverage\\build-output\\DrawingFormTests.dll","CodeFilePath":null,"LineNumber":-1,"Properties":[{"Key":{"Id":"TestCase.ManagedType","Label":"ManagedType","Category":"","Description":"","Attributes":1,"ValueType":"System.String"},"Value":"DrawingModel.Tests.ModelTests"},{"Key":{"Id":"TestCase.ManagedMethod","Label":"ManagedMethod","Category":"","Description":"","Attributes":1,"ValueType":"System.String"},"Value":"GetOnShapeTest"},{"Key":{"Id":"MSTestDiscoverer.TestClassName","Label":"ClassName","Category":"","Description":"","Attributes":1,"ValueType":"System.String"},"Value":"DrawingModel.Tests.ModelTests"},{"Key":{"Id":"TestObject.Traits","Label":"Traits","Category":"","Description":"","Attributes":5,"ValueType":"System.Collections.Generic.KeyValuePair`2[[System.String],[System.String]][]"},"Value":[]}]},"Attachments":[],"Outcome":1,"ErrorMessage":null,"ErrorStackTrace":null,"DisplayName":null,"Messages":[],"ComputerName":null,"Duration":"00:00:00.0005849","StartTime":"2022-01-12T12:23:56.595946+08:00","EndTime":"2022-01-12T12:23:56.5967851+08:00","Properties":[{"Key":{"Id":"ExecutionId","Label":"ExecutionId","Category":"","Description":"","Attributes":1,"ValueType":"System.Guid"},"Value":"00000000-0000-0000-0000-000000000000"},{"Key":{"Id":"ParentExecId","Label":"ParentExecId","Category":"","Description":"","Attributes":1,"ValueType":"System.Guid"},"Value":"00000000-0000-0000-0000-000000000000"},{"Key":{"Id":"InnerResultsCount","Label":"InnerResultsCount","Category":"","Description":"","Attributes":1,"ValueType":"System.Int32"},"Value":0}]},{"TestCase":{"Id":"2819e393-1079-efb7-16ba-8d6f3e598b19","FullyQualifiedName":"DrawingModel.Tests.ModelTests.ClearAllTest","DisplayName":"ClearAllTest","ExecutorUri":"executor://MSTestAdapter/v2","Source":"C:\\Users\\Koro\\Desktop\\Homework\\Koro\\windowDesign\\DrawingProject\\DrawingForm\\DrawingFormTests\\bin\\Debug\\.netcoreapp,version=v3.1\\fine-code-coverage\\build-output\\DrawingFormTests.dll","CodeFilePath":null,"LineNumber":-1,"Properties":[{"Key":{"Id":"TestCase.ManagedType","Label":"ManagedType","Category":"","Description":"","Attributes":1,"ValueType":"System.String"},"Value":"DrawingModel.Tests.ModelTests"},{"Key":{"Id":"TestCase.ManagedMethod","Label":"ManagedMethod","Category":"","Description":"","Attributes":1,"ValueType":"System.String"},"Value":"ClearAllTest"},{"Key":{"Id":"MSTestDiscoverer.TestClassName","Label":"ClassName","Category":"","Description":"","Attributes":1,"ValueType":"System.String"},"Value":"DrawingModel.Tests.ModelTests"},{"Key":{"Id":"TestObject.Traits","Label":"Traits","Category":"","Description":"","Attributes":5,"ValueType":"System.Collections.Generic.KeyValuePair`2[[System.String],[System.String]][]"},"Value":[]}]},"Attachments":[],"Outcome":1,"ErrorMessage":null,"ErrorStackTrace":null,"DisplayName":null,"Messages":[],"ComputerName":null,"Duration":"00:00:00.0001473","StartTime":"2022-01-12T12:23:56.6019763+08:00","EndTime":"2022-01-12T12:23:56.6023486+08:00","Properties":[{"Key":{"Id":"ExecutionId","Label":"ExecutionId","Category":"","Description":"","Attributes":1,"ValueType":"System.Guid"},"Value":"00000000-0000-0000-0000-000000000000"},{"Key":{"Id":"ParentExecId","Label":"ParentExecId","Category":"","Description":"","Attributes":1,"ValueType":"System.Guid"},"Value":"00000000-0000-0000-0000-000000000000"},{"Key":{"Id":"InnerResultsCount","Label":"InnerResultsCount","Category":"","Description":"","Attributes":1,"ValueType":"System.Int32"},"Value":0}]}],"TestRunStatistics":{"ExecutedTests":9,"Stats":{"Passed":9}},"ActiveTests":[{"Id":"6a9cc402-0997-dd84-a8aa-c5170272d470","FullyQualifiedName":"DrawingModel.Tests.ModelTests.NotifyModelChangedTest","DisplayName":"NotifyModelChangedTest","ExecutorUri":"executor://MSTestAdapter/v2","Source":"C:\\Users\\Koro\\Desktop\\Homework\\Koro\\windowDesign\\DrawingProject\\DrawingForm\\DrawingFormTests\\bin\\Debug\\.netcoreapp,version=v3.1\\fine-code-coverage\\build-output\\DrawingFormTests.dll","CodeFilePath":null,"LineNumber":-1,"Properties":[{"Key":{"Id":"TestCase.ManagedType","Label":"ManagedType","Category":"","Description":"","Attributes":1,"ValueType":"System.String"},"Value":"DrawingModel.Tests.ModelTests"},{"Key":{"Id":"TestCase.ManagedMethod","Label":"ManagedMethod","Category":"","Description":"","Attributes":1,"ValueType":"System.String"},"Value":"NotifyModelChangedTest"},{"Key":{"Id":"MSTestDiscoverer.TestClassName","Label":"ClassName","Category":"","Description":"","Attributes":1,"ValueType":"System.String"},"Value":"DrawingModel.Tests.ModelTests"},{"Key":{"Id":"TestObject.Traits","Label":"Traits","Category":"","Description":"","Attributes":5,"ValueType":"System.Collections.Generic.KeyValuePair`2[[System.String],[System.String]][]"},"Value":[]}]}]}}
TpTrace Verbose: 0 : 15992, 4, 2022/01/12, 12:23:56.627, 12178496271036, testhost.dll, TestRunCache: OnNewTestResult: Notified the onCacheHit callback.
TpTrace Information: 0 : 15992, 4, 2022/01/12, 12:23:56.629, 12178496288229, testhost.dll, MSTest - Executing test NotifyModelChangedTest
TpTrace Information: 0 : 15992, 4, 2022/01/12, 12:23:56.630, 12178496296707, testhost.dll, MSTest - Executed test NotifyModelChangedTest
TpTrace Verbose: 0 : 15992, 4, 2022/01/12, 12:23:56.630, 12178496297647, testhost.dll, TestExecutionRecorder.RecordEnd: test: DrawingModel.Tests.ModelTests.NotifyModelChangedTest execution completed.
TpTrace Warning: 0 : 15992, 4, 2022/01/12, 12:23:56.630, 12178496298314, testhost.dll, TestRunCache: InProgressTests is null
TpTrace Verbose: 0 : 15992, 4, 2022/01/12, 12:23:56.632, 12178496316648, testhost.dll, TestExecutionRecorder.RecordResult: Received result for test: DrawingModel.Tests.ModelTests.NotifyModelChangedTest.
TpTrace Warning: 0 : 15992, 4, 2022/01/12, 12:23:56.632, 12178496317489, testhost.dll, TestRunCache: InProgressTests is null
TpTrace Warning: 0 : 15992, 4, 2022/01/12, 12:23:56.632, 12178496317971, testhost.dll, TestRunCache: No test found corresponding to testResult '' in inProgress list.
TpTrace Verbose: 0 : 15992, 4, 2022/01/12, 12:23:56.632, 12178496319042, testhost.dll, TestExecutionRecorder.RecordStart: Starting test: DrawingModel.Tests.ModelTests.DrawingModeGetterAndSetterTest.
TpTrace Information: 0 : 15992, 4, 2022/01/12, 12:23:56.633, 12178496329667, testhost.dll, MSTest - Executing test DrawingModeGetterAndSetterTest
TpTrace Information: 0 : 15992, 4, 2022/01/12, 12:23:56.634, 12178496335057, testhost.dll, MSTest - Executed test DrawingModeGetterAndSetterTest
TpTrace Verbose: 0 : 15992, 4, 2022/01/12, 12:23:56.634, 12178496335589, testhost.dll, TestExecutionRecorder.RecordEnd: test: DrawingModel.Tests.ModelTests.DrawingModeGetterAndSetterTest execution completed.
TpTrace Verbose: 0 : 15992, 4, 2022/01/12, 12:23:56.635, 12178496348686, testhost.dll, TestExecutionRecorder.RecordResult: Received result for test: DrawingModel.Tests.ModelTests.DrawingModeGetterAndSetterTest.
TpTrace Warning: 0 : 15992, 4, 2022/01/12, 12:23:56.635, 12178496349486, testhost.dll, TestRunCache: InProgressTests is null
TpTrace Warning: 0 : 15992, 4, 2022/01/12, 12:23:56.635, 12178496349810, testhost.dll, TestRunCache: No test found corresponding to testResult '' in inProgress list.
TpTrace Verbose: 0 : 15992, 4, 2022/01/12, 12:23:56.635, 12178496350310, testhost.dll, TestExecutionRecorder.RecordStart: Starting test: DrawingModel.Tests.ModelTests.DeleteMarkShapeTest.
TpTrace Information: 0 : 15992, 4, 2022/01/12, 12:23:56.636, 12178496360615, testhost.dll, MSTest - Executing test DeleteMarkShapeTest
TpTrace Information: 0 : 15992, 4, 2022/01/12, 12:23:56.637, 12178496364963, testhost.dll, MSTest - Executed test DeleteMarkShapeTest
TpTrace Verbose: 0 : 15992, 4, 2022/01/12, 12:23:56.637, 12178496365459, testhost.dll, TestExecutionRecorder.RecordEnd: test: DrawingModel.Tests.ModelTests.DeleteMarkShapeTest execution completed.
TpTrace Verbose: 0 : 15992, 4, 2022/01/12, 12:23:56.637, 12178496373913, testhost.dll, TestExecutionRecorder.RecordResult: Received result for test: DrawingModel.Tests.ModelTests.DeleteMarkShapeTest.
TpTrace Warning: 0 : 15992, 4, 2022/01/12, 12:23:56.638, 12178496374586, testhost.dll, TestRunCache: InProgressTests is null
TpTrace Warning: 0 : 15992, 4, 2022/01/12, 12:23:56.638, 12178496374895, testhost.dll, TestRunCache: No test found corresponding to testResult '' in inProgress list.
TpTrace Verbose: 0 : 15992, 4, 2022/01/12, 12:23:56.638, 12178496375304, testhost.dll, TestExecutionRecorder.RecordStart: Starting test: DrawingModel.Tests.ModelTests.MoveShapeAndDisableTest.
TpTrace Information: 0 : 15992, 4, 2022/01/12, 12:23:56.639, 12178496384275, testhost.dll, MSTest - Executing test MoveShapeAndDisableTest
TpTrace Information: 0 : 15992, 4, 2022/01/12, 12:23:56.640, 12178496394649, testhost.dll, MSTest - Executed test MoveShapeAndDisableTest
TpTrace Verbose: 0 : 15992, 4, 2022/01/12, 12:23:56.640, 12178496395267, testhost.dll, TestExecutionRecorder.RecordEnd: test: DrawingModel.Tests.ModelTests.MoveShapeAndDisableTest execution completed.
TpTrace Verbose: 0 : 15992, 4, 2022/01/12, 12:23:56.641, 12178496407157, testhost.dll, TestExecutionRecorder.RecordResult: Received result for test: DrawingModel.Tests.ModelTests.MoveShapeAndDisableTest.
TpTrace Warning: 0 : 15992, 4, 2022/01/12, 12:23:56.641, 12178496408151, testhost.dll, TestRunCache: InProgressTests is null
TpTrace Warning: 0 : 15992, 4, 2022/01/12, 12:23:56.641, 12178496408484, testhost.dll, TestRunCache: No test found corresponding to testResult '' in inProgress list.
TpTrace Verbose: 0 : 15992, 4, 2022/01/12, 12:23:56.641, 12178496408988, testhost.dll, TestExecutionRecorder.RecordStart: Starting test: DrawingModel.Tests.ModelTests.SaveAndLoadTest.
TpTrace Information: 0 : 15992, 4, 2022/01/12, 12:23:56.642, 12178496420253, testhost.dll, MSTest - Executing test SaveAndLoadTest
TpTrace Information: 0 : 15992, 4, 2022/01/12, 12:23:56.660, 12178496602459, testhost.dll, AssemblyResolver.OnResolve: Microsoft.VisualStudio.TestPlatform.MSTest.TestAdapter.resources: Resolving assembly.
TpTrace Information: 0 : 15992, 4, 2022/01/12, 12:23:56.661, 12178496604187, testhost.dll, AssemblyResolver.OnResolve: Microsoft.VisualStudio.TestPlatform.MSTest.TestAdapter.resources: Failed to load assembly.
TpTrace Information: 0 : 15992, 4, 2022/01/12, 12:23:56.662, 12178496617131, testhost.dll, AssemblyResolver.OnResolve: Microsoft.VisualStudio.TestPlatform.MSTest.TestAdapter.resources: Resolving assembly.
TpTrace Information: 0 : 15992, 4, 2022/01/12, 12:23:56.662, 12178496617895, testhost.dll, AssemblyResolver.OnResolve: Microsoft.VisualStudio.TestPlatform.MSTest.TestAdapter.resources: Resolved from cache.
TpTrace Information: 0 : 15992, 4, 2022/01/12, 12:23:56.663, 12178496630657, testhost.dll, AssemblyResolver.OnResolve: Microsoft.VisualStudio.TestPlatform.MSTest.TestAdapter.resources: Resolving assembly.
TpTrace Information: 0 : 15992, 4, 2022/01/12, 12:23:56.663, 12178496631329, testhost.dll, AssemblyResolver.OnResolve: Microsoft.VisualStudio.TestPlatform.MSTest.TestAdapter.resources: Resolved from cache.
TpTrace Information: 0 : 15992, 4, 2022/01/12, 12:23:56.697, 12178496966668, testhost.dll, MSTest - Executed test SaveAndLoadTest
TpTrace Verbose: 0 : 15992, 4, 2022/01/12, 12:23:56.697, 12178496967604, testhost.dll, TestExecutionRecorder.RecordEnd: test: DrawingModel.Tests.ModelTests.SaveAndLoadTest execution completed.
TpTrace Information: 0 : 15992, 4, 2022/01/12, 12:23:56.698, 12178496978889, testhost.dll, MSTest - MSTestExecutor:Test DrawingModel.Tests.ModelTests.SaveAndLoadTest failed. ErrorMessage:Test method DrawingModel.Tests.ModelTests.SaveAndLoadTest threw exception: 
System.IO.FileNotFoundException: Could not find file 'C:\Users\Koro\Desktop\Homework\Koro\windowDesign\DrawingProject\DrawingForm\DrawingFormTests\bin\Debug\clientSecret.json'., ErrorStackTrace:    at System.IO.FileStream.ValidateFileHandle(SafeFileHandle fileHandle)
   at System.IO.FileStream.CreateFileOpenHandle(FileMode mode, FileShare share, FileOptions options)
   at System.IO.FileStream..ctor(String path, FileMode mode, FileAccess access, FileShare share, Int32 bufferSize, FileOptions options)
   at System.IO.FileStream..ctor(String path, FileMode mode, FileAccess access)
   at DrawingModel.GoogleDriveService.CreateNewService(String applicationName, String clientSecretFileName) in C:\Users\Koro\Desktop\Homework\Koro\windowDesign\DrawingProject\DrawingForm\DrawingModel\GoogleDriveService.cs:line 51
   at DrawingModel.GoogleDriveService..ctor(String applicationName, String clientSecretFileName) in C:\Users\Koro\Desktop\Homework\Koro\windowDesign\DrawingProject\DrawingForm\DrawingModel\GoogleDriveService.cs:line 41
   at DrawingModel.FileProducer.InitialService() in C:\Users\Koro\Desktop\Homework\Koro\windowDesign\DrawingProject\DrawingForm\DrawingModel\FileProducer.cs:line 37
   at DrawingModel.FileProducer.UploadFile() in C:\Users\Koro\Desktop\Homework\Koro\windowDesign\DrawingProject\DrawingForm\DrawingModel\FileProducer.cs:line 77
   at DrawingModel.FileProducer.UploadShapes() in C:\Users\Koro\Desktop\Homework\Koro\windowDesign\DrawingProject\DrawingForm\DrawingModel\FileProducer.cs:line 44
   at DrawingModel.Model.SaveAllShapes() in C:\Users\Koro\Desktop\Homework\Koro\windowDesign\DrawingProject\DrawingForm\DrawingModel\Model.cs:line 244
   at DrawingModel.Tests.ModelTests.SaveAndLoadTest() in C:\Users\Koro\Desktop\Homework\Koro\windowDesign\DrawingProject\DrawingForm\DrawingFormTests\Model\ModelTests.cs:line 217
.
TpTrace Verbose: 0 : 15992, 4, 2022/01/12, 12:23:56.698, 12178496979516, testhost.dll, TestExecutionRecorder.RecordResult: Received result for test: DrawingModel.Tests.ModelTests.SaveAndLoadTest.
TpTrace Warning: 0 : 15992, 4, 2022/01/12, 12:23:56.698, 12178496979938, testhost.dll, TestRunCache: InProgressTests is null
TpTrace Warning: 0 : 15992, 4, 2022/01/12, 12:23:56.698, 12178496980252, testhost.dll, TestRunCache: No test found corresponding to testResult '' in inProgress list.
TpTrace Verbose: 0 : 15992, 4, 2022/01/12, 12:23:56.698, 12178496980703, testhost.dll, TestExecutionRecorder.RecordStart: Starting test: DrawingModel.Tests.PresentationModelTests.DrawTest.
TpTrace Information: 0 : 15992, 4, 2022/01/12, 12:23:56.699, 12178496989548, testhost.dll, MSTest - Executing test DrawTest
TpTrace Information: 0 : 15992, 4, 2022/01/12, 12:23:56.700, 12178496994967, testhost.dll, MSTest - Executed test DrawTest
TpTrace Verbose: 0 : 15992, 4, 2022/01/12, 12:23:56.700, 12178496995450, testhost.dll, TestExecutionRecorder.RecordEnd: test: DrawingModel.Tests.PresentationModelTests.DrawTest execution completed.
TpTrace Verbose: 0 : 15992, 4, 2022/01/12, 12:23:56.701, 12178497004824, testhost.dll, TestExecutionRecorder.RecordResult: Received result for test: DrawingModel.Tests.PresentationModelTests.DrawTest.
TpTrace Warning: 0 : 15992, 4, 2022/01/12, 12:23:56.701, 12178497005395, testhost.dll, TestRunCache: InProgressTests is null
TpTrace Warning: 0 : 15992, 4, 2022/01/12, 12:23:56.701, 12178497005752, testhost.dll, TestRunCache: No test found corresponding to testResult '' in inProgress list.
TpTrace Verbose: 0 : 15992, 4, 2022/01/12, 12:23:56.701, 12178497006157, testhost.dll, TestExecutionRecorder.RecordStart: Starting test: DrawingModel.Tests.PresentationModelTests.NotifyModelChangedTest.
TpTrace Information: 0 : 15992, 4, 2022/01/12, 12:23:56.702, 12178497014493, testhost.dll, MSTest - Executing test NotifyModelChangedTest
TpTrace Information: 0 : 15992, 4, 2022/01/12, 12:23:56.702, 12178497019901, testhost.dll, MSTest - Executed test NotifyModelChangedTest
TpTrace Verbose: 0 : 15992, 4, 2022/01/12, 12:23:56.702, 12178497020429, testhost.dll, TestExecutionRecorder.RecordEnd: test: DrawingModel.Tests.PresentationModelTests.NotifyModelChangedTest execution completed.
TpTrace Verbose: 0 : 15992, 4, 2022/01/12, 12:23:56.703, 12178497029924, testhost.dll, TestExecutionRecorder.RecordResult: Received result for test: DrawingModel.Tests.PresentationModelTests.NotifyModelChangedTest.
TpTrace Warning: 0 : 15992, 4, 2022/01/12, 12:23:56.703, 12178497030476, testhost.dll, TestRunCache: InProgressTests is null
TpTrace Warning: 0 : 15992, 4, 2022/01/12, 12:23:56.703, 12178497030798, testhost.dll, TestRunCache: No test found corresponding to testResult '' in inProgress list.
TpTrace Verbose: 0 : 15992, 4, 2022/01/12, 12:23:56.703, 12178497031217, testhost.dll, TestExecutionRecorder.RecordStart: Starting test: DrawingModel.Tests.PresentationModelTests.SetDrawingModeTest.
TpTrace Information: 0 : 15992, 4, 2022/01/12, 12:23:56.704, 12178497039984, testhost.dll, MSTest - Executing test SetDrawingModeTest
TpTrace Information: 0 : 15992, 4, 2022/01/12, 12:23:56.704, 12178497043685, testhost.dll, MSTest - Executed test SetDrawingModeTest
TpTrace Verbose: 0 : 15992, 4, 2022/01/12, 12:23:56.705, 12178497044146, testhost.dll, TestExecutionRecorder.RecordEnd: test: DrawingModel.Tests.PresentationModelTests.SetDrawingModeTest execution completed.
TpTrace Verbose: 0 : 15992, 4, 2022/01/12, 12:23:56.705, 12178497053108, testhost.dll, TestExecutionRecorder.RecordResult: Received result for test: DrawingModel.Tests.PresentationModelTests.SetDrawingModeTest.
TpTrace Warning: 0 : 15992, 4, 2022/01/12, 12:23:56.705, 12178497053634, testhost.dll, TestRunCache: InProgressTests is null
TpTrace Warning: 0 : 15992, 4, 2022/01/12, 12:23:56.705, 12178497053939, testhost.dll, TestRunCache: No test found corresponding to testResult '' in inProgress list.
TpTrace Verbose: 0 : 15992, 4, 2022/01/12, 12:23:56.706, 12178497054306, testhost.dll, TestExecutionRecorder.RecordStart: Starting test: DrawingModel.Tests.PresentationModelTests.SetButtonStatusAndGetterTest.
TpTrace Information: 0 : 15992, 4, 2022/01/12, 12:23:56.707, 12178497065407, testhost.dll, MSTest - Executing test SetButtonStatusAndGetterTest
TpTrace Information: 0 : 15992, 4, 2022/01/12, 12:23:56.707, 12178497072162, testhost.dll, MSTest - Executed test SetButtonStatusAndGetterTest
TpTrace Verbose: 0 : 15992, 4, 2022/01/12, 12:23:56.707, 12178497072820, testhost.dll, TestExecutionRecorder.RecordEnd: test: DrawingModel.Tests.PresentationModelTests.SetButtonStatusAndGetterTest execution completed.
TpTrace Verbose: 0 : 15992, 4, 2022/01/12, 12:23:56.708, 12178497082715, testhost.dll, TestExecutionRecorder.RecordResult: Received result for test: DrawingModel.Tests.PresentationModelTests.SetButtonStatusAndGetterTest.
TpTrace Warning: 0 : 15992, 4, 2022/01/12, 12:23:56.708, 12178497083353, testhost.dll, TestRunCache: InProgressTests is null
TpTrace Warning: 0 : 15992, 4, 2022/01/12, 12:23:56.708, 12178497083669, testhost.dll, TestRunCache: No test found corresponding to testResult '' in inProgress list.
TpTrace Verbose: 0 : 15992, 4, 2022/01/12, 12:23:56.709, 12178497084089, testhost.dll, TestExecutionRecorder.RecordStart: Starting test: DrawingModel.Tests.PresentationModelTests.GetShapeDataTest.
TpTrace Information: 0 : 15992, 4, 2022/01/12, 12:23:56.709, 12178497084599, testhost.dll, Sending test run statistics
TpTrace Verbose: 0 : 15992, 4, 2022/01/12, 12:23:56.710, 12178497101488, testhost.dll, TestRequestHandler.SendData:  sending data from testhost: {"Version":5,"MessageType":"TestExecution.StatsChange","Payload":{"NewTestResults":[{"TestCase":{"Id":"6a9cc402-0997-dd84-a8aa-c5170272d470","FullyQualifiedName":"DrawingModel.Tests.ModelTests.NotifyModelChangedTest","DisplayName":"NotifyModelChangedTest","ExecutorUri":"executor://MSTestAdapter/v2","Source":"C:\\Users\\Koro\\Desktop\\Homework\\Koro\\windowDesign\\DrawingProject\\DrawingForm\\DrawingFormTests\\bin\\Debug\\.netcoreapp,version=v3.1\\fine-code-coverage\\build-output\\DrawingFormTests.dll","CodeFilePath":null,"LineNumber":-1,"Properties":[{"Key":{"Id":"TestCase.ManagedType","Label":"ManagedType","Category":"","Description":"","Attributes":1,"ValueType":"System.String"},"Value":"DrawingModel.Tests.ModelTests"},{"Key":{"Id":"TestCase.ManagedMethod","Label":"ManagedMethod","Category":"","Description":"","Attributes":1,"ValueType":"System.String"},"Value":"NotifyModelChangedTest"},{"Key":{"Id":"MSTestDiscoverer.TestClassName","Label":"ClassName","Category":"","Description":"","Attributes":1,"ValueType":"System.String"},"Value":"DrawingModel.Tests.ModelTests"},{"Key":{"Id":"TestObject.Traits","Label":"Traits","Category":"","Description":"","Attributes":5,"ValueType":"System.Collections.Generic.KeyValuePair`2[[System.String],[System.String]][]"},"Value":[]}]},"Attachments":[],"Outcome":1,"ErrorMessage":null,"ErrorStackTrace":null,"DisplayName":null,"Messages":[],"ComputerName":null,"Duration":"00:00:00.0005251","StartTime":"2022-01-12T12:23:56.6294063+08:00","EndTime":"2022-01-12T12:23:56.6303502+08:00","Properties":[{"Key":{"Id":"ExecutionId","Label":"ExecutionId","Category":"","Description":"","Attributes":1,"ValueType":"System.Guid"},"Value":"00000000-0000-0000-0000-000000000000"},{"Key":{"Id":"ParentExecId","Label":"ParentExecId","Category":"","Description":"","Attributes":1,"ValueType":"System.Guid"},"Value":"00000000-0000-0000-0000-000000000000"},{"Key":{"Id":"InnerResultsCount","Label":"InnerResultsCount","Category":"","Description":"","Attributes":1,"ValueType":"System.Int32"},"Value":0}]},{"TestCase":{"Id":"d42d20bf-f2f1-1a5b-53f1-a08731ee8660","FullyQualifiedName":"DrawingModel.Tests.ModelTests.DrawingModeGetterAndSetterTest","DisplayName":"DrawingModeGetterAndSetterTest","ExecutorUri":"executor://MSTestAdapter/v2","Source":"C:\\Users\\Koro\\Desktop\\Homework\\Koro\\windowDesign\\DrawingProject\\DrawingForm\\DrawingFormTests\\bin\\Debug\\.netcoreapp,version=v3.1\\fine-code-coverage\\build-output\\DrawingFormTests.dll","CodeFilePath":null,"LineNumber":-1,"Properties":[{"Key":{"Id":"TestCase.ManagedType","Label":"ManagedType","Category":"","Description":"","Attributes":1,"ValueType":"System.String"},"Value":"DrawingModel.Tests.ModelTests"},{"Key":{"Id":"TestCase.ManagedMethod","Label":"ManagedMethod","Category":"","Description":"","Attributes":1,"ValueType":"System.String"},"Value":"DrawingModeGetterAndSetterTest"},{"Key":{"Id":"MSTestDiscoverer.TestClassName","Label":"ClassName","Category":"","Description":"","Attributes":1,"ValueType":"System.String"},"Value":"DrawingModel.Tests.ModelTests"},{"Key":{"Id":"TestObject.Traits","Label":"Traits","Category":"","Description":"","Attributes":5,"ValueType":"System.Collections.Generic.KeyValuePair`2[[System.String],[System.String]][]"},"Value":[]}]},"Attachments":[],"Outcome":1,"ErrorMessage":null,"ErrorStackTrace":null,"DisplayName":null,"Messages":[],"ComputerName":null,"Duration":"00:00:00.0003328","StartTime":"2022-01-12T12:23:56.6335587+08:00","EndTime":"2022-01-12T12:23:56.6341489+08:00","Properties":[{"Key":{"Id":"ExecutionId","Label":"ExecutionId","Category":"","Description":"","Attributes":1,"ValueType":"System.Guid"},"Value":"00000000-0000-0000-0000-000000000000"},{"Key":{"Id":"ParentExecId","Label":"ParentExecId","Category":"","Description":"","Attributes":1,"ValueType":"System.Guid"},"Value":"00000000-0000-0000-0000-000000000000"},{"Key":{"Id":"InnerResultsCount","Label":"InnerResultsCount","Category":"","Description":"","Attributes":1,"ValueType":"System.Int32"},"Value":0}]},{"TestCase":{"Id":"e5898a09-d81c-5477-36fd-4c313c1353b2","FullyQualifiedName":"DrawingModel.Tests.ModelTests.DeleteMarkShapeTest","DisplayName":"DeleteMarkShapeTest","ExecutorUri":"executor://MSTestAdapter/v2","Source":"C:\\Users\\Koro\\Desktop\\Homework\\Koro\\windowDesign\\DrawingProject\\DrawingForm\\DrawingFormTests\\bin\\Debug\\.netcoreapp,version=v3.1\\fine-code-coverage\\build-output\\DrawingFormTests.dll","CodeFilePath":null,"LineNumber":-1,"Properties":[{"Key":{"Id":"TestCase.ManagedType","Label":"ManagedType","Category":"","Description":"","Attributes":1,"ValueType":"System.String"},"Value":"DrawingModel.Tests.ModelTests"},{"Key":{"Id":"TestCase.ManagedMethod","Label":"ManagedMethod","Category":"","Description":"","Attributes":1,"ValueType":"System.String"},"Value":"DeleteMarkShapeTest"},{"Key":{"Id":"MSTestDiscoverer.TestClassName","Label":"ClassName","Category":"","Description":"","Attributes":1,"ValueType":"System.String"},"Value":"DrawingModel.Tests.ModelTests"},{"Key":{"Id":"TestObject.Traits","Label":"Traits","Category":"","Description":"","Attributes":5,"ValueType":"System.Collections.Generic.KeyValuePair`2[[System.String],[System.String]][]"},"Value":[]}]},"Attachments":[],"Outcome":1,"ErrorMessage":null,"ErrorStackTrace":null,"DisplayName":null,"Messages":[],"ComputerName":null,"Duration":"00:00:00.0002610","StartTime":"2022-01-12T12:23:56.6366556+08:00","EndTime":"2022-01-12T12:23:56.6371374+08:00","Properties":[{"Key":{"Id":"ExecutionId","Label":"ExecutionId","Category":"","Description":"","Attributes":1,"ValueType":"System.Guid"},"Value":"00000000-0000-0000-0000-000000000000"},{"Key":{"Id":"ParentExecId","Label":"ParentExecId","Category":"","Description":"","Attributes":1,"ValueType":"System.Guid"},"Value":"00000000-0000-0000-0000-000000000000"},{"Key":{"Id":"InnerResultsCount","Label":"InnerResultsCount","Category":"","Description":"","Attributes":1,"ValueType":"System.Int32"},"Value":0}]},{"TestCase":{"Id":"99e13bb6-3f9f-a294-6d06-3e611e6066dc","FullyQualifiedName":"DrawingModel.Tests.ModelTests.MoveShapeAndDisableTest","DisplayName":"MoveShapeAndDisableTest","ExecutorUri":"executor://MSTestAdapter/v2","Source":"C:\\Users\\Koro\\Desktop\\Homework\\Koro\\windowDesign\\DrawingProject\\DrawingForm\\DrawingFormTests\\bin\\Debug\\.netcoreapp,version=v3.1\\fine-code-coverage\\build-output\\DrawingFormTests.dll","CodeFilePath":null,"LineNumber":-1,"Properties":[{"Key":{"Id":"TestCase.ManagedType","Label":"ManagedType","Category":"","Description":"","Attributes":1,"ValueType":"System.String"},"Value":"DrawingModel.Tests.ModelTests"},{"Key":{"Id":"TestCase.ManagedMethod","Label":"ManagedMethod","Category":"","Description":"","Attributes":1,"ValueType":"System.String"},"Value":"MoveShapeAndDisableTest"},{"Key":{"Id":"MSTestDiscoverer.TestClassName","Label":"ClassName","Category":"","Description":"","Attributes":1,"ValueType":"System.String"},"Value":"DrawingModel.Tests.ModelTests"},{"Key":{"Id":"TestObject.Traits","Label":"Traits","Category":"","Description":"","Attributes":5,"ValueType":"System.Collections.Generic.KeyValuePair`2[[System.String],[System.String]][]"},"Value":[]}]},"Attachments":[],"Outcome":1,"ErrorMessage":null,"ErrorStackTrace":null,"DisplayName":null,"Messages":[],"ComputerName":null,"Duration":"00:00:00.0008639","StartTime":"2022-01-12T12:23:56.6390215+08:00","EndTime":"2022-01-12T12:23:56.6401168+08:00","Properties":[{"Key":{"Id":"ExecutionId","Label":"ExecutionId","Category":"","Description":"","Attributes":1,"ValueType":"System.Guid"},"Value":"00000000-0000-0000-0000-000000000000"},{"Key":{"Id":"ParentExecId","Label":"ParentExecId","Category":"","Description":"","Attributes":1,"ValueType":"System.Guid"},"Value":"00000000-0000-0000-0000-000000000000"},{"Key":{"Id":"InnerResultsCount","Label":"InnerResultsCount","Category":"","Description":"","Attributes":1,"ValueType":"System.Int32"},"Value":0}]},{"TestCase":{"Id":"66228f89-1a38-bcc0-7a07-590893d45af0","FullyQualifiedName":"DrawingModel.Tests.ModelTests.SaveAndLoadTest","DisplayName":"SaveAndLoadTest","ExecutorUri":"executor://MSTestAdapter/v2","Source":"C:\\Users\\Koro\\Desktop\\Homework\\Koro\\windowDesign\\DrawingProject\\DrawingForm\\DrawingFormTests\\bin\\Debug\\.netcoreapp,version=v3.1\\fine-code-coverage\\build-output\\DrawingFormTests.dll","CodeFilePath":null,"LineNumber":-1,"Properties":[{"Key":{"Id":"TestCase.ManagedType","Label":"ManagedType","Category":"","Description":"","Attributes":1,"ValueType":"System.String"},"Value":"DrawingModel.Tests.ModelTests"},{"Key":{"Id":"TestCase.ManagedMethod","Label":"ManagedMethod","Category":"","Description":"","Attributes":1,"ValueType":"System.String"},"Value":"SaveAndLoadTest"},{"Key":{"Id":"MSTestDiscoverer.TestClassName","Label":"ClassName","Category":"","Description":"","Attributes":1,"ValueType":"System.String"},"Value":"DrawingModel.Tests.ModelTests"},{"Key":{"Id":"TestObject.Traits","Label":"Traits","Category":"","Description":"","Attributes":5,"ValueType":"System.Collections.Generic.KeyValuePair`2[[System.String],[System.String]][]"},"Value":[]}]},"Attachments":[],"Outcome":2,"ErrorMessage":"Test method DrawingModel.Tests.ModelTests.SaveAndLoadTest threw exception: \r\nSystem.IO.FileNotFoundException: Could not find file 'C:\\Users\\Koro\\Desktop\\Homework\\Koro\\windowDesign\\DrawingProject\\DrawingForm\\DrawingFormTests\\bin\\Debug\\clientSecret.json'.","ErrorStackTrace":"    at System.IO.FileStream.ValidateFileHandle(SafeFileHandle fileHandle)\r\n   at System.IO.FileStream.CreateFileOpenHandle(FileMode mode, FileShare share, FileOptions options)\r\n   at System.IO.FileStream..ctor(String path, FileMode mode, FileAccess access, FileShare share, Int32 bufferSize, FileOptions options)\r\n   at System.IO.FileStream..ctor(String path, FileMode mode, FileAccess access)\r\n   at DrawingModel.GoogleDriveService.CreateNewService(String applicationName, String clientSecretFileName) in C:\\Users\\Koro\\Desktop\\Homework\\Koro\\windowDesign\\DrawingProject\\DrawingForm\\DrawingModel\\GoogleDriveService.cs:line 51\r\n   at DrawingModel.GoogleDriveService..ctor(String applicationName, String clientSecretFileName) in C:\\Users\\Koro\\Desktop\\Homework\\Koro\\windowDesign\\DrawingProject\\DrawingForm\\DrawingModel\\GoogleDriveService.cs:line 41\r\n   at DrawingModel.FileProducer.InitialService() in C:\\Users\\Koro\\Desktop\\Homework\\Koro\\windowDesign\\DrawingProject\\DrawingForm\\DrawingModel\\FileProducer.cs:line 37\r\n   at DrawingModel.FileProducer.UploadFile() in C:\\Users\\Koro\\Desktop\\Homework\\Koro\\windowDesign\\DrawingProject\\DrawingForm\\DrawingModel\\FileProducer.cs:line 77\r\n   at DrawingModel.FileProducer.UploadShapes() in C:\\Users\\Koro\\Desktop\\Homework\\Koro\\windowDesign\\DrawingProject\\DrawingForm\\DrawingModel\\FileProducer.cs:line 44\r\n   at DrawingModel.Model.SaveAllShapes() in C:\\Users\\Koro\\Desktop\\Homework\\Koro\\windowDesign\\DrawingProject\\DrawingForm\\DrawingModel\\Model.cs:line 244\r\n   at DrawingModel.Tests.ModelTests.SaveAndLoadTest() in C:\\Users\\Koro\\Desktop\\Homework\\Koro\\windowDesign\\DrawingProject\\DrawingForm\\DrawingFormTests\\Model\\ModelTests.cs:line 217\r\n","DisplayName":null,"Messages":[],"ComputerName":null,"Duration":"00:00:00.0541199","StartTime":"2022-01-12T12:23:56.6426175+08:00","EndTime":"2022-01-12T12:23:56.6973465+08:00","Properties":[{"Key":{"Id":"ExecutionId","Label":"ExecutionId","Category":"","Description":"","Attributes":1,"ValueType":"System.Guid"},"Value":"00000000-0000-0000-0000-000000000000"},{"Key":{"Id":"ParentExecId","Label":"ParentExecId","Category":"","Description":"","Attributes":1,"ValueType":"System.Guid"},"Value":"00000000-0000-0000-0000-000000000000"},{"Key":{"Id":"InnerResultsCount","Label":"InnerResultsCount","Category":"","Description":"","Attributes":1,"ValueType":"System.Int32"},"Value":0}]},{"TestCase":{"Id":"538ae22e-e26e-bc0f-b5ea-0929fa0bde69","FullyQualifiedName":"DrawingModel.Tests.PresentationModelTests.DrawTest","DisplayName":"DrawTest","ExecutorUri":"executor://MSTestAdapter/v2","Source":"C:\\Users\\Koro\\Desktop\\Homework\\Koro\\windowDesign\\DrawingProject\\DrawingForm\\DrawingFormTests\\bin\\Debug\\.netcoreapp,version=v3.1\\fine-code-coverage\\build-output\\DrawingFormTests.dll","CodeFilePath":null,"LineNumber":-1,"Properties":[{"Key":{"Id":"TestCase.ManagedType","Label":"ManagedType","Category":"","Description":"","Attributes":1,"ValueType":"System.String"},"Value":"DrawingModel.Tests.PresentationModelTests"},{"Key":{"Id":"TestCase.ManagedMethod","Label":"ManagedMethod","Category":"","Description":"","Attributes":1,"ValueType":"System.String"},"Value":"DrawTest"},{"Key":{"Id":"MSTestDiscoverer.TestClassName","Label":"ClassName","Category":"","Description":"","Attributes":1,"ValueType":"System.String"},"Value":"DrawingModel.Tests.PresentationModelTests"},{"Key":{"Id":"TestObject.Traits","Label":"Traits","Category":"","Description":"","Attributes":5,"ValueType":"System.Collections.Generic.KeyValuePair`2[[System.String],[System.String]][]"},"Value":[]}]},"Attachments":[],"Outcome":1,"ErrorMessage":null,"ErrorStackTrace":null,"DisplayName":null,"Messages":[],"ComputerName":null,"Duration":"00:00:00.0002661","StartTime":"2022-01-12T12:23:56.6995502+08:00","EndTime":"2022-01-12T12:23:56.7001373+08:00","Properties":[{"Key":{"Id":"ExecutionId","Label":"ExecutionId","Category":"","Description":"","Attributes":1,"ValueType":"System.Guid"},"Value":"00000000-0000-0000-0000-000000000000"},{"Key":{"Id":"ParentExecId","Label":"ParentExecId","Category":"","Description":"","Attributes":1,"ValueType":"System.Guid"},"Value":"00000000-0000-0000-0000-000000000000"},{"Key":{"Id":"InnerResultsCount","Label":"InnerResultsCount","Category":"","Description":"","Attributes":1,"ValueType":"System.Int32"},"Value":0}]},{"TestCase":{"Id":"13e0fac2-5442-77de-678c-39bdb9f543f8","FullyQualifiedName":"DrawingModel.Tests.PresentationModelTests.NotifyModelChangedTest","DisplayName":"NotifyModelChangedTest","ExecutorUri":"executor://MSTestAdapter/v2","Source":"C:\\Users\\Koro\\Desktop\\Homework\\Koro\\windowDesign\\DrawingProject\\DrawingForm\\DrawingFormTests\\bin\\Debug\\.netcoreapp,version=v3.1\\fine-code-coverage\\build-output\\DrawingFormTests.dll","CodeFilePath":null,"LineNumber":-1,"Properties":[{"Key":{"Id":"TestCase.ManagedType","Label":"ManagedType","Category":"","Description":"","Attributes":1,"ValueType":"System.String"},"Value":"DrawingModel.Tests.PresentationModelTests"},{"Key":{"Id":"TestCase.ManagedMethod","Label":"ManagedMethod","Category":"","Description":"","Attributes":1,"ValueType":"System.String"},"Value":"NotifyModelChangedTest"},{"Key":{"Id":"MSTestDiscoverer.TestClassName","Label":"ClassName","Category":"","Description":"","Attributes":1,"ValueType":"System.String"},"Value":"DrawingModel.Tests.PresentationModelTests"},{"Key":{"Id":"TestObject.Traits","Label":"Traits","Category":"","Description":"","Attributes":5,"ValueType":"System.Collections.Generic.KeyValuePair`2[[System.String],[System.String]][]"},"Value":[]}]},"Attachments":[],"Outcome":1,"ErrorMessage":null,"ErrorStackTrace":null,"DisplayName":null,"Messages":[],"ComputerName":null,"Duration":"00:00:00.0004233","StartTime":"2022-01-12T12:23:56.7020449+08:00","EndTime":"2022-01-12T12:23:56.7026349+08:00","Properties":[{"Key":{"Id":"ExecutionId","Label":"ExecutionId","Category":"","Description":"","Attributes":1,"ValueType":"System.Guid"},"Value":"00000000-0000-0000-0000-000000000000"},{"Key":{"Id":"ParentExecId","Label":"ParentExecId","Category":"","Description":"","Attributes":1,"ValueType":"System.Guid"},"Value":"00000000-0000-0000-0000-000000000000"},{"Key":{"Id":"InnerResultsCount","Label":"InnerResultsCount","Category":"","Description":"","Attributes":1,"ValueType":"System.Int32"},"Value":0}]},{"TestCase":{"Id":"8b3e2cda-7218-fa09-02d0-e46244ec1f3c","FullyQualifiedName":"DrawingModel.Tests.PresentationModelTests.SetDrawingModeTest","DisplayName":"SetDrawingModeTest","ExecutorUri":"executor://MSTestAdapter/v2","Source":"C:\\Users\\Koro\\Desktop\\Homework\\Koro\\windowDesign\\DrawingProject\\DrawingForm\\DrawingFormTests\\bin\\Debug\\.netcoreapp,version=v3.1\\fine-code-coverage\\build-output\\DrawingFormTests.dll","CodeFilePath":null,"LineNumber":-1,"Properties":[{"Key":{"Id":"TestCase.ManagedType","Label":"ManagedType","Category":"","Description":"","Attributes":1,"ValueType":"System.String"},"Value":"DrawingModel.Tests.PresentationModelTests"},{"Key":{"Id":"TestCase.ManagedMethod","Label":"ManagedMethod","Category":"","Description":"","Attributes":1,"ValueType":"System.String"},"Value":"SetDrawingModeTest"},{"Key":{"Id":"MSTestDiscoverer.TestClassName","Label":"ClassName","Category":"","Description":"","Attributes":1,"ValueType":"System.String"},"Value":"DrawingModel.Tests.PresentationModelTests"},{"Key":{"Id":"TestObject.Traits","Label":"Traits","Category":"","Description":"","Attributes":5,"ValueType":"System.Collections.Generic.KeyValuePair`2[[System.String],[System.String]][]"},"Value":[]}]},"Attachments":[],"Outcome":1,"ErrorMessage":null,"ErrorStackTrace":null,"DisplayName":null,"Messages":[],"ComputerName":null,"Duration":"00:00:00.0002305","StartTime":"2022-01-12T12:23:56.7045938+08:00","EndTime":"2022-01-12T12:23:56.7050071+08:00","Properties":[{"Key":{"Id":"ExecutionId","Label":"ExecutionId","Category":"","Description":"","Attributes":1,"ValueType":"System.Guid"},"Value":"00000000-0000-0000-0000-000000000000"},{"Key":{"Id":"ParentExecId","Label":"ParentExecId","Category":"","Description":"","Attributes":1,"ValueType":"System.Guid"},"Value":"00000000-0000-0000-0000-000000000000"},{"Key":{"Id":"InnerResultsCount","Label":"InnerResultsCount","Category":"","Description":"","Attributes":1,"ValueType":"System.Int32"},"Value":0}]},{"TestCase":{"Id":"2650b324-f222-0892-806e-f52b7a1e521e","FullyQualifiedName":"DrawingModel.Tests.PresentationModelTests.SetButtonStatusAndGetterTest","DisplayName":"SetButtonStatusAndGetterTest","ExecutorUri":"executor://MSTestAdapter/v2","Source":"C:\\Users\\Koro\\Desktop\\Homework\\Koro\\windowDesign\\DrawingProject\\DrawingForm\\DrawingFormTests\\bin\\Debug\\.netcoreapp,version=v3.1\\fine-code-coverage\\build-output\\DrawingFormTests.dll","CodeFilePath":null,"LineNumber":-1,"Properties":[{"Key":{"Id":"TestCase.ManagedType","Label":"ManagedType","Category":"","Description":"","Attributes":1,"ValueType":"System.String"},"Value":"DrawingModel.Tests.PresentationModelTests"},{"Key":{"Id":"TestCase.ManagedMethod","Label":"ManagedMethod","Category":"","Description":"","Attributes":1,"ValueType":"System.String"},"Value":"SetButtonStatusAndGetterTest"},{"Key":{"Id":"MSTestDiscoverer.TestClassName","Label":"ClassName","Category":"","Description":"","Attributes":1,"ValueType":"System.String"},"Value":"DrawingModel.Tests.PresentationModelTests"},{"Key":{"Id":"TestObject.Traits","Label":"Traits","Category":"","Description":"","Attributes":5,"ValueType":"System.Collections.Generic.KeyValuePair`2[[System.String],[System.String]][]"},"Value":[]}]},"Attachments":[],"Outcome":1,"ErrorMessage":null,"ErrorStackTrace":null,"DisplayName":null,"Messages":[],"ComputerName":null,"Duration":"00:00:00.0004837","StartTime":"2022-01-12T12:23:56.7071331+08:00","EndTime":"2022-01-12T12:23:56.7078728+08:00","Properties":[{"Key":{"Id":"ExecutionId","Label":"ExecutionId","Category":"","Description":"","Attributes":1,"ValueType":"System.Guid"},"Value":"00000000-0000-0000-0000-000000000000"},{"Key":{"Id":"ParentExecId","Label":"ParentExecId","Category":"","Description":"","Attributes":1,"ValueType":"System.Guid"},"Value":"00000000-0000-0000-0000-000000000000"},{"Key":{"Id":"InnerResultsCount","Label":"InnerResultsCount","Category":"","Description":"","Attributes":1,"ValueType":"System.Int32"},"Value":0}]}],"TestRunStatistics":{"ExecutedTests":18,"Stats":{"Passed":17,"Failed":1}},"ActiveTests":[{"Id":"0650c0c6-e0d5-9074-e2ee-6bca5bc66cf9","FullyQualifiedName":"DrawingModel.Tests.PresentationModelTests.GetShapeDataTest","DisplayName":"GetShapeDataTest","ExecutorUri":"executor://MSTestAdapter/v2","Source":"C:\\Users\\Koro\\Desktop\\Homework\\Koro\\windowDesign\\DrawingProject\\DrawingForm\\DrawingFormTests\\bin\\Debug\\.netcoreapp,version=v3.1\\fine-code-coverage\\build-output\\DrawingFormTests.dll","CodeFilePath":null,"LineNumber":-1,"Properties":[{"Key":{"Id":"TestCase.ManagedType","Label":"ManagedType","Category":"","Description":"","Attributes":1,"ValueType":"System.String"},"Value":"DrawingModel.Tests.PresentationModelTests"},{"Key":{"Id":"TestCase.ManagedMethod","Label":"ManagedMethod","Category":"","Description":"","Attributes":1,"ValueType":"System.String"},"Value":"GetShapeDataTest"},{"Key":{"Id":"MSTestDiscoverer.TestClassName","Label":"ClassName","Category":"","Description":"","Attributes":1,"ValueType":"System.String"},"Value":"DrawingModel.Tests.PresentationModelTests"},{"Key":{"Id":"TestObject.Traits","Label":"Traits","Category":"","Description":"","Attributes":5,"ValueType":"System.Collections.Generic.KeyValuePair`2[[System.String],[System.String]][]"},"Value":[]}]}]}}
TpTrace Verbose: 0 : 15992, 4, 2022/01/12, 12:23:56.711, 12178497106499, testhost.dll, TestRunCache: OnNewTestResult: Notified the onCacheHit callback.
TpTrace Information: 0 : 15992, 4, 2022/01/12, 12:23:56.712, 12178497117223, testhost.dll, MSTest - Executing test GetShapeDataTest
TpTrace Information: 0 : 15992, 4, 2022/01/12, 12:23:56.713, 12178497125624, testhost.dll, MSTest - Executed test GetShapeDataTest
TpTrace Verbose: 0 : 15992, 4, 2022/01/12, 12:23:56.713, 12178497126470, testhost.dll, TestExecutionRecorder.RecordEnd: test: DrawingModel.Tests.PresentationModelTests.GetShapeDataTest execution completed.
TpTrace Warning: 0 : 15992, 4, 2022/01/12, 12:23:56.713, 12178497126945, testhost.dll, TestRunCache: InProgressTests is null
TpTrace Verbose: 0 : 15992, 4, 2022/01/12, 12:23:56.714, 12178497136048, testhost.dll, TestExecutionRecorder.RecordResult: Received result for test: DrawingModel.Tests.PresentationModelTests.GetShapeDataTest.
TpTrace Warning: 0 : 15992, 4, 2022/01/12, 12:23:56.714, 12178497136941, testhost.dll, TestRunCache: InProgressTests is null
TpTrace Warning: 0 : 15992, 4, 2022/01/12, 12:23:56.714, 12178497137390, testhost.dll, TestRunCache: No test found corresponding to testResult '' in inProgress list.
TpTrace Information: 0 : 15992, 4, 2022/01/12, 12:23:56.714, 12178497138804, testhost.dll, MSTest - Executing cleanup methods.
TpTrace Information: 0 : 15992, 4, 2022/01/12, 12:23:56.715, 12178497151673, testhost.dll, MSTest - Executed cleanup methods.
TpTrace Information: 0 : 15992, 4, 2022/01/12, 12:23:56.715, 12178497152310, testhost.dll, MSTest - Executed tests belonging to source C:\Users\Koro\Desktop\Homework\Koro\windowDesign\DrawingProject\DrawingForm\DrawingFormTests\bin\Debug\.netcoreapp,version=v3.1\fine-code-coverage\build-output\DrawingFormTests.dll
TpTrace Verbose: 0 : 15992, 4, 2022/01/12, 12:23:56.716, 12178497155605, testhost.dll, BaseRunTests.RunTestInternalWithExecutors: Completed running tests for executor://MSTestAdapter/v2
TpTrace Information: 0 : 15992, 4, 2022/01/12, 12:23:56.718, 12178497174219, testhost.dll, Sending test run complete
TpTrace Verbose: 0 : 15992, 4, 2022/01/12, 12:23:56.726, 12178497259669, testhost.dll, TestRequestHandler.SendData:  sending data from testhost: {"Version":5,"MessageType":"TestExecution.Completed","Payload":{"TestRunCompleteArgs":{"TestRunStatistics":{"ExecutedTests":19,"Stats":{"Passed":18,"Failed":1}},"IsCanceled":false,"IsAborted":false,"Error":null,"AttachmentSets":[],"ElapsedTimeInRunningTests":"00:00:00.3493013","Metrics":{}},"LastRunTests":{"NewTestResults":[{"TestCase":{"Id":"0650c0c6-e0d5-9074-e2ee-6bca5bc66cf9","FullyQualifiedName":"DrawingModel.Tests.PresentationModelTests.GetShapeDataTest","DisplayName":"GetShapeDataTest","ExecutorUri":"executor://MSTestAdapter/v2","Source":"C:\\Users\\Koro\\Desktop\\Homework\\Koro\\windowDesign\\DrawingProject\\DrawingForm\\DrawingFormTests\\bin\\Debug\\.netcoreapp,version=v3.1\\fine-code-coverage\\build-output\\DrawingFormTests.dll","CodeFilePath":null,"LineNumber":-1,"Properties":[{"Key":{"Id":"TestCase.ManagedType","Label":"ManagedType","Category":"","Description":"","Attributes":1,"ValueType":"System.String"},"Value":"DrawingModel.Tests.PresentationModelTests"},{"Key":{"Id":"TestCase.ManagedMethod","Label":"ManagedMethod","Category":"","Description":"","Attributes":1,"ValueType":"System.String"},"Value":"GetShapeDataTest"},{"Key":{"Id":"MSTestDiscoverer.TestClassName","Label":"ClassName","Category":"","Description":"","Attributes":1,"ValueType":"System.String"},"Value":"DrawingModel.Tests.PresentationModelTests"},{"Key":{"Id":"TestObject.Traits","Label":"Traits","Category":"","Description":"","Attributes":5,"ValueType":"System.Collections.Generic.KeyValuePair`2[[System.String],[System.String]][]"},"Value":[]}]},"Attachments":[],"Outcome":1,"ErrorMessage":null,"ErrorStackTrace":null,"DisplayName":null,"Messages":[],"ComputerName":null,"Duration":"00:00:00.0006575","StartTime":"2022-01-12T12:23:56.7123169+08:00","EndTime":"2022-01-12T12:23:56.7132041+08:00","Properties":[{"Key":{"Id":"ExecutionId","Label":"ExecutionId","Category":"","Description":"","Attributes":1,"ValueType":"System.Guid"},"Value":"00000000-0000-0000-0000-000000000000"},{"Key":{"Id":"ParentExecId","Label":"ParentExecId","Category":"","Description":"","Attributes":1,"ValueType":"System.Guid"},"Value":"00000000-0000-0000-0000-000000000000"},{"Key":{"Id":"InnerResultsCount","Label":"InnerResultsCount","Category":"","Description":"","Attributes":1,"ValueType":"System.Int32"},"Value":0}]}],"TestRunStatistics":{"ExecutedTests":19,"Stats":{"Passed":18,"Failed":1}},"ActiveTests":[]},"RunAttachments":[],"ExecutorUris":["executor://mstestadapter/v2"]}}
TpTrace Verbose: 0 : 15992, 4, 2022/01/12, 12:23:56.726, 12178497263060, testhost.dll, BaseRunTests.RunTests: Run is complete.
TpTrace Verbose: 0 : 15992, 9, 2022/01/12, 12:23:56.727, 12178497269599, testhost.dll, TcpClientExtensions.MessageLoopAsync: NotifyDataAvailable remoteEndPoint: [::ffff:127.0.0.1]:64918 localEndPoint: [::ffff:127.0.0.1]:64919
TpTrace Information: 0 : 15992, 9, 2022/01/12, 12:23:56.727, 12178497270645, testhost.dll, TestRequestHandler.ProcessRequests: received message: (TestSession.Terminate) -> null
TpTrace Information: 0 : 15992, 9, 2022/01/12, 12:23:56.727, 12178497270999, testhost.dll, Session End message received from server. Closing the connection.
TpTrace Information: 0 : 15992, 9, 2022/01/12, 12:23:56.727, 12178497273553, testhost.dll, SocketClient.Stop: Stop communication from server endpoint: 127.0.0.1:064918
TpTrace Information: 0 : 15992, 9, 2022/01/12, 12:23:56.728, 12178497274399, testhost.dll, SocketClient: Stop: Cancellation requested. Stopping message loop.
TpTrace Verbose: 0 : 15992, 9, 2022/01/12, 12:23:56.728, 12178497276378, testhost.dll, LengthPrefixCommunicationChannel.Dispose: Dispose reader and writer.
TpTrace Information: 0 : 15992, 9, 2022/01/12, 12:23:56.728, 12178497276818, testhost.dll, Closing the connection !
TpTrace Information: 0 : 15992, 9, 2022/01/12, 12:23:56.728, 12178497278689, testhost.dll, SocketClient.PrivateStop: Stop communication from server endpoint: 127.0.0.1:064918, error:
TpTrace Information: 0 : 15992, 1, 2022/01/12, 12:23:56.728, 12178497280382, testhost.dll, Closing the connection !
TpTrace Information: 0 : 15992, 1, 2022/01/12, 12:23:56.728, 12178497280965, testhost.dll, SocketClient.Stop: Stop communication from server endpoint: 127.0.0.1:064918
TpTrace Verbose: 0 : 15992, 9, 2022/01/12, 12:23:56.728, 12178497280397, testhost.dll, LengthPrefixCommunicationChannel.Dispose: Dispose reader and writer.
TpTrace Verbose: 0 : 15992, 9, 2022/01/12, 12:23:56.728, 12178497281852, testhost.dll, TcpClientExtensions.MessageLoopAsync: exiting MessageLoopAsync remoteEndPoint: [::ffff:127.0.0.1]:64918 localEndPoint: [::ffff:127.0.0.1]:64919
TpTrace Verbose: 0 : 15992, 1, 2022/01/12, 12:23:56.728, 12178497281289, testhost.dll, LengthPrefixCommunicationChannel.Dispose: Dispose reader and writer.
TpTrace Information: 0 : 15992, 1, 2022/01/12, 12:23:56.728, 12178497283566, testhost.dll, Testhost process exiting.
